[1.514s] Invoking command in '/root/ros2_frws/src/basic_comms': PYTHONPATH=/root/ros2_frws/src/build/basic_comms/prefix_override:/root/ros2_frws/src/install/basic_comms/lib/python3.10/site-packages:${PYTHONPATH} /usr/bin/python3 setup.py egg_info --egg-base ../build/basic_comms build --build-base /root/ros2_frws/src/build/basic_comms/build install --record /root/ros2_frws/src/build/basic_comms/install.log --single-version-externally-managed
[1.740s] running egg_info
[1.753s] writing ../build/basic_comms/basic_comms.egg-info/PKG-INFO
[1.753s] writing dependency_links to ../build/basic_comms/basic_comms.egg-info/dependency_links.txt
[1.754s] writing entry points to ../build/basic_comms/basic_comms.egg-info/entry_points.txt
[1.754s] writing requirements to ../build/basic_comms/basic_comms.egg-info/requires.txt
[1.754s] writing top-level names to ../build/basic_comms/basic_comms.egg-info/top_level.txt
[1.779s] reading manifest file '../build/basic_comms/basic_comms.egg-info/SOURCES.txt'
[1.780s] writing manifest file '../build/basic_comms/basic_comms.egg-info/SOURCES.txt'
[1.780s] running build
[1.781s] running build_py
[1.781s] running install
[1.782s] /root/.local/lib/python3.10/site-packages/setuptools/_distutils/cmd.py:66: SetuptoolsDeprecationWarning: setup.py install is deprecated.
[1.782s] !!
[1.782s] 
[1.782s]         ********************************************************************************
[1.782s]         Please avoid running ``setup.py`` directly.
[1.782s]         Instead, use pypa/build, pypa/installer or other
[1.782s]         standards-based tools.
[1.782s] 
[1.783s]         See https://blog.ganssle.io/articles/2021/10/setup-py-deprecated.html for details.
[1.783s]         ********************************************************************************
[1.783s] 
[1.783s] !!
[1.783s]   self.initialize_options()
[1.787s] running install_lib
[1.801s] running install_data
[1.813s] running install_egg_info
[1.828s] removing '/root/ros2_frws/src/install/basic_comms/lib/python3.10/site-packages/basic_comms-0.0.0-py3.10.egg-info' (and everything under it)
[1.829s] Copying ../build/basic_comms/basic_comms.egg-info to /root/ros2_frws/src/install/basic_comms/lib/python3.10/site-packages/basic_comms-0.0.0-py3.10.egg-info
[1.830s] running install_scripts
[1.953s] Installing subscriber script to /root/ros2_frws/src/install/basic_comms/lib/basic_comms
[1.954s] Installing talker script to /root/ros2_frws/src/install/basic_comms/lib/basic_comms
[1.954s] writing list of installed files to '/root/ros2_frws/src/build/basic_comms/install.log'
[2.049s] Invoked command in '/root/ros2_frws/src/basic_comms' returned '0': PYTHONPATH=/root/ros2_frws/src/build/basic_comms/prefix_override:/root/ros2_frws/src/install/basic_comms/lib/python3.10/site-packages:${PYTHONPATH} /usr/bin/python3 setup.py egg_info --egg-base ../build/basic_comms build --build-base /root/ros2_frws/src/build/basic_comms/build install --record /root/ros2_frws/src/build/basic_comms/install.log --single-version-externally-managed
