[1.149s] Invoking command in '/root/ros2_frws/src/course_works': PYTHONPATH=/root/ros2_frws/src/build/course_works/prefix_override:/root/ros2_frws/src/install/course_works/lib/python3.10/site-packages:${PYTHONPATH} /usr/bin/python3 setup.py egg_info --egg-base ../build/course_works build --build-base /root/ros2_frws/src/build/course_works/build install --record /root/ros2_frws/src/build/course_works/install.log --single-version-externally-managed
[1.355s] running egg_info
[1.368s] writing ../build/course_works/course_works.egg-info/PKG-INFO
[1.368s] writing dependency_links to ../build/course_works/course_works.egg-info/dependency_links.txt
[1.369s] writing entry points to ../build/course_works/course_works.egg-info/entry_points.txt
[1.369s] writing requirements to ../build/course_works/course_works.egg-info/requires.txt
[1.370s] writing top-level names to ../build/course_works/course_works.egg-info/top_level.txt
[1.393s] reading manifest file '../build/course_works/course_works.egg-info/SOURCES.txt'
[1.393s] adding license file 'LICENSE'
[1.394s] writing manifest file '../build/course_works/course_works.egg-info/SOURCES.txt'
[1.394s] running build
[1.394s] running build_py
[1.395s] copying course_works/signal_generator.py -> /root/ros2_frws/src/build/course_works/build/lib/course_works
[1.396s] running install
[1.397s] /root/.local/lib/python3.10/site-packages/setuptools/_distutils/cmd.py:66: SetuptoolsDeprecationWarning: setup.py install is deprecated.
[1.397s] !!
[1.397s] 
[1.397s]         ********************************************************************************
[1.398s]         Please avoid running ``setup.py`` directly.
[1.398s]         Instead, use pypa/build, pypa/installer or other
[1.398s]         standards-based tools.
[1.398s] 
[1.398s]         See https://blog.ganssle.io/articles/2021/10/setup-py-deprecated.html for details.
[1.398s]         ********************************************************************************
[1.398s] 
[1.398s] !!
[1.398s]   self.initialize_options()
[1.402s] running install_lib
[1.415s] copying /root/ros2_frws/src/build/course_works/build/lib/course_works/signal_generator.py -> /root/ros2_frws/src/install/course_works/lib/python3.10/site-packages/course_works
[1.416s] byte-compiling /root/ros2_frws/src/install/course_works/lib/python3.10/site-packages/course_works/signal_generator.py to signal_generator.cpython-310.pyc
[1.417s] running install_data
[1.434s] running install_egg_info
[1.451s] removing '/root/ros2_frws/src/install/course_works/lib/python3.10/site-packages/course_works-0.0.0-py3.10.egg-info' (and everything under it)
[1.451s] Copying ../build/course_works/course_works.egg-info to /root/ros2_frws/src/install/course_works/lib/python3.10/site-packages/course_works-0.0.0-py3.10.egg-info
[1.453s] running install_scripts
[1.584s] Installing processed_signal script to /root/ros2_frws/src/install/course_works/lib/course_works
[1.585s] Installing signal_generator script to /root/ros2_frws/src/install/course_works/lib/course_works
[1.585s] writing list of installed files to '/root/ros2_frws/src/build/course_works/install.log'
[1.661s] Invoked command in '/root/ros2_frws/src/course_works' returned '0': PYTHONPATH=/root/ros2_frws/src/build/course_works/prefix_override:/root/ros2_frws/src/install/course_works/lib/python3.10/site-packages:${PYTHONPATH} /usr/bin/python3 setup.py egg_info --egg-base ../build/course_works build --build-base /root/ros2_frws/src/build/course_works/build install --record /root/ros2_frws/src/build/course_works/install.log --single-version-externally-managed
