[0.079s] Invoking command in '/root/ros2_frws/src/build/xarm_controller': AMENT_PREFIX_PATH=/root/ros2_frws/src/install/xarm_api:/root/ros2_frws/src/install/xarm_sdk:/root/ros2_frws/src/install/xarm_msgs:/root/ros2_frws/src/install/xarm_description:${AMENT_PREFIX_PATH} CMAKE_PREFIX_PATH=/root/ros2_frws/src/install/xarm_api:/root/ros2_frws/src/install/xarm_sdk:/root/ros2_frws/src/install/xarm_msgs:/root/ros2_frws/src/install/xarm_description:/root/ros2_frws/install/xarm_planner:/root/ros2_frws/install/xarm_moveit_servo:/root/ros2_frws/install/xarm_moveit_config:/root/ros2_frws/install/xarm_gazebo:/root/ros2_frws/install/xarm_controller:/root/ros2_frws/install/xarm_api:/root/ros2_frws/install/xarm_sdk:/root/ros2_frws/install/xarm_msgs:/root/ros2_frws/install/xarm_description:/root/ros2_frws/install/tutorial_interfaces:/root/ros2_frws/install/realsense_gazebo_plugin:/root/ros2_frws/install/my_msg_interfaces:/root/ros2_frws/install/moveit_resources_prbt_support:/root/ros2_frws/install/moveit_resources:/root/ros2_frws/install/moveit_resources_pr2_description:/root/ros2_frws/install/moveit_resources_panda_moveit_config:/root/ros2_frws/install/moveit_resources_panda_description:/root/ros2_frws/install/moveit_resources_fanuc_moveit_config:/root/ros2_frws/install/moveit_resources_fanuc_description:/root/ros2_frws/install/moveit_common:/root/ros2_frws/install/challenge_2:/root/ros2_frws/install/moveit_configs_utils:/root/ros2_frws/install/course_works:/root/ros2_frws/install/basic_comms_params:/root/ros2_frws/install/basic_comms_param:/root/ros2_frws/install/basic_comms:/opt/ros/humble LD_LIBRARY_PATH=/root/ros2_frws/src/install/xarm_api/lib:/root/ros2_frws/src/install/xarm_sdk/lib:/root/ros2_frws/src/install/xarm_msgs/lib:${LD_LIBRARY_PATH} PYTHONPATH=/root/ros2_frws/src/install/xarm_msgs/local/lib/python3.10/dist-packages:${PYTHONPATH} /usr/bin/cmake --build /root/ros2_frws/src/build/xarm_controller -- -j16 -l16
[0.121s] -- Found ament_cmake: 1.3.8 (/opt/ros/humble/share/ament_cmake/cmake)
[0.282s] -- Found ament_lint_auto: 0.12.10 (/opt/ros/humble/share/ament_lint_auto/cmake)
[0.349s] -- Found hardware_interface: 2.39.1 (/opt/ros/humble/share/hardware_interface/cmake)
[0.402s] -- Found rosidl_generator_c: 3.1.5 (/opt/ros/humble/share/rosidl_generator_c/cmake)
[0.404s] -- Found rosidl_adapter: 3.1.5 (/opt/ros/humble/share/rosidl_adapter/cmake)
[0.409s] -- Found rosidl_generator_cpp: 3.1.5 (/opt/ros/humble/share/rosidl_generator_cpp/cmake)
[0.421s] -- Using all available rosidl_typesupport_c: rosidl_typesupport_fastrtps_c;rosidl_typesupport_introspection_c
[0.436s] -- Using all available rosidl_typesupport_cpp: rosidl_typesupport_fastrtps_cpp;rosidl_typesupport_introspection_cpp
[0.971s] -- Found rmw_implementation_cmake: 6.1.1 (/opt/ros/humble/share/rmw_implementation_cmake/cmake)
[0.974s] -- Found rmw_fastrtps_cpp: 6.2.6 (/opt/ros/humble/share/rmw_fastrtps_cpp/cmake)
[1.008s] -- Found TinyXML2 via Config file: TinyXML2_DIR-NOTFOUND
[1.018s] -- Found TinyXML2 via Config file: TinyXML2_DIR-NOTFOUND
[1.036s] -- Found TinyXML2 via Config file: TinyXML2_DIR-NOTFOUND
[1.043s] -- Found TinyXML2 via Config file: TinyXML2_DIR-NOTFOUND
[1.052s] -- Using RMW implementation 'rmw_fastrtps_cpp' as default
[1.178s] -- Found rclcpp_action: 16.0.8 (/opt/ros/humble/share/rclcpp_action/cmake)
[1.204s] -- Found controller_manager_msgs: 2.39.1 (/opt/ros/humble/share/controller_manager_msgs/cmake)
[1.242s] -- Found xarm_msgs: 0.0.0 (/root/ros2_frws/src/install/xarm_msgs/share/xarm_msgs/cmake)
[1.289s] -- Found xarm_api: 0.0.0 (/root/ros2_frws/src/install/xarm_api/share/xarm_api/cmake)
[1.291s] -- Found xarm_sdk: 0.0.0 (/root/ros2_frws/src/install/xarm_sdk/share/xarm_sdk/cmake)
[1.342s] -- Added test 'copyright' to check source files copyright and LICENSE
[1.344s] -- Added test 'cppcheck' to perform static code analysis on C / C++ code
[1.344s] -- Configured cppcheck include dirs: /root/ros2_frws/src/xarm_ros2/xarm_controller/include
[1.344s] -- Configured cppcheck exclude dirs and/or files: 
[1.345s] -- Added test 'cpplint' to check C / C++ code against the Google style
[1.345s] -- Configured cpplint exclude dirs and/or files: 
[1.345s] -- Added test 'flake8' to check Python code syntax and style conventions
[1.346s] -- Added test 'lint_cmake' to check CMake code style
[1.346s] -- Added test 'pep257' to check Python code against some of the docstring style conventions in PEP 257
[1.347s] -- Added test 'uncrustify' to check C / C++ code style
[1.347s] -- Configured uncrustify additional arguments: 
[1.347s] -- Added test 'xmllint' to check XML markup files
[1.351s] -- Configuring done
[1.389s] -- Generating done
[1.391s] -- Build files have been written to: /root/ros2_frws/src/build/xarm_controller
[1.420s] [35m[1mConsolidate compiler generated dependencies of target uf_robot_hardware[0m
[1.450s] [ 66%] [32mBuilding CXX object CMakeFiles/uf_robot_hardware.dir/src/hardware/uf_robot_fake_system_hardware.cpp.o[0m
[1.450s] [ 66%] [32mBuilding CXX object CMakeFiles/uf_robot_hardware.dir/src/hardware/uf_robot_system_hardware.cpp.o[0m
[7.687s] [100%] [32m[1mLinking CXX shared library libuf_robot_hardware.so[0m
[8.572s] [100%] Built target uf_robot_hardware
[8.584s] Invoked command in '/root/ros2_frws/src/build/xarm_controller' returned '0': AMENT_PREFIX_PATH=/root/ros2_frws/src/install/xarm_api:/root/ros2_frws/src/install/xarm_sdk:/root/ros2_frws/src/install/xarm_msgs:/root/ros2_frws/src/install/xarm_description:${AMENT_PREFIX_PATH} CMAKE_PREFIX_PATH=/root/ros2_frws/src/install/xarm_api:/root/ros2_frws/src/install/xarm_sdk:/root/ros2_frws/src/install/xarm_msgs:/root/ros2_frws/src/install/xarm_description:/root/ros2_frws/install/xarm_planner:/root/ros2_frws/install/xarm_moveit_servo:/root/ros2_frws/install/xarm_moveit_config:/root/ros2_frws/install/xarm_gazebo:/root/ros2_frws/install/xarm_controller:/root/ros2_frws/install/xarm_api:/root/ros2_frws/install/xarm_sdk:/root/ros2_frws/install/xarm_msgs:/root/ros2_frws/install/xarm_description:/root/ros2_frws/install/tutorial_interfaces:/root/ros2_frws/install/realsense_gazebo_plugin:/root/ros2_frws/install/my_msg_interfaces:/root/ros2_frws/install/moveit_resources_prbt_support:/root/ros2_frws/install/moveit_resources:/root/ros2_frws/install/moveit_resources_pr2_description:/root/ros2_frws/install/moveit_resources_panda_moveit_config:/root/ros2_frws/install/moveit_resources_panda_description:/root/ros2_frws/install/moveit_resources_fanuc_moveit_config:/root/ros2_frws/install/moveit_resources_fanuc_description:/root/ros2_frws/install/moveit_common:/root/ros2_frws/install/challenge_2:/root/ros2_frws/install/moveit_configs_utils:/root/ros2_frws/install/course_works:/root/ros2_frws/install/basic_comms_params:/root/ros2_frws/install/basic_comms_param:/root/ros2_frws/install/basic_comms:/opt/ros/humble LD_LIBRARY_PATH=/root/ros2_frws/src/install/xarm_api/lib:/root/ros2_frws/src/install/xarm_sdk/lib:/root/ros2_frws/src/install/xarm_msgs/lib:${LD_LIBRARY_PATH} PYTHONPATH=/root/ros2_frws/src/install/xarm_msgs/local/lib/python3.10/dist-packages:${PYTHONPATH} /usr/bin/cmake --build /root/ros2_frws/src/build/xarm_controller -- -j16 -l16
[8.608s] Invoking command in '/root/ros2_frws/src/build/xarm_controller': AMENT_PREFIX_PATH=/root/ros2_frws/src/install/xarm_api:/root/ros2_frws/src/install/xarm_sdk:/root/ros2_frws/src/install/xarm_msgs:/root/ros2_frws/src/install/xarm_description:${AMENT_PREFIX_PATH} CMAKE_PREFIX_PATH=/root/ros2_frws/src/install/xarm_api:/root/ros2_frws/src/install/xarm_sdk:/root/ros2_frws/src/install/xarm_msgs:/root/ros2_frws/src/install/xarm_description:/root/ros2_frws/install/xarm_planner:/root/ros2_frws/install/xarm_moveit_servo:/root/ros2_frws/install/xarm_moveit_config:/root/ros2_frws/install/xarm_gazebo:/root/ros2_frws/install/xarm_controller:/root/ros2_frws/install/xarm_api:/root/ros2_frws/install/xarm_sdk:/root/ros2_frws/install/xarm_msgs:/root/ros2_frws/install/xarm_description:/root/ros2_frws/install/tutorial_interfaces:/root/ros2_frws/install/realsense_gazebo_plugin:/root/ros2_frws/install/my_msg_interfaces:/root/ros2_frws/install/moveit_resources_prbt_support:/root/ros2_frws/install/moveit_resources:/root/ros2_frws/install/moveit_resources_pr2_description:/root/ros2_frws/install/moveit_resources_panda_moveit_config:/root/ros2_frws/install/moveit_resources_panda_description:/root/ros2_frws/install/moveit_resources_fanuc_moveit_config:/root/ros2_frws/install/moveit_resources_fanuc_description:/root/ros2_frws/install/moveit_common:/root/ros2_frws/install/challenge_2:/root/ros2_frws/install/moveit_configs_utils:/root/ros2_frws/install/course_works:/root/ros2_frws/install/basic_comms_params:/root/ros2_frws/install/basic_comms_param:/root/ros2_frws/install/basic_comms:/opt/ros/humble LD_LIBRARY_PATH=/root/ros2_frws/src/install/xarm_api/lib:/root/ros2_frws/src/install/xarm_sdk/lib:/root/ros2_frws/src/install/xarm_msgs/lib:${LD_LIBRARY_PATH} PYTHONPATH=/root/ros2_frws/src/install/xarm_msgs/local/lib/python3.10/dist-packages:${PYTHONPATH} /usr/bin/cmake --install /root/ros2_frws/src/build/xarm_controller
[8.613s] -- Install configuration: ""
[8.613s] -- Installing: /root/ros2_frws/src/install/xarm_controller/share/xarm_controller/uf_hardware_interface_plugins.xml
[8.614s] -- Up-to-date: /root/ros2_frws/src/install/xarm_controller/include
[8.614s] -- Up-to-date: /root/ros2_frws/src/install/xarm_controller/include/xarm_controller
[8.615s] -- Up-to-date: /root/ros2_frws/src/install/xarm_controller/include/xarm_controller/hardware
[8.615s] -- Installing: /root/ros2_frws/src/install/xarm_controller/include/xarm_controller/hardware/uf_robot_system_hardware.h
[8.615s] -- Installing: /root/ros2_frws/src/install/xarm_controller/include/xarm_controller/hardware/uf_robot_fake_system_hardware.h
[8.616s] -- Installing: /root/ros2_frws/src/install/xarm_controller/lib/libuf_robot_hardware.so
[8.620s] -- Set runtime path of "/root/ros2_frws/src/install/xarm_controller/lib/libuf_robot_hardware.so" to ""
[8.620s] -- Up-to-date: /root/ros2_frws/src/install/xarm_controller/share/xarm_controller//launch
[8.620s] -- Installing: /root/ros2_frws/src/install/xarm_controller/share/xarm_controller//launch/_ros2_control.launch.py
[8.620s] -- Installing: /root/ros2_frws/src/install/xarm_controller/share/xarm_controller//launch/uf850_control_rviz_display.launch.py
[8.620s] -- Installing: /root/ros2_frws/src/install/xarm_controller/share/xarm_controller//launch/_robot_ros2_control.launch.py
[8.620s] -- Up-to-date: /root/ros2_frws/src/install/xarm_controller/share/xarm_controller//launch/lib
[8.620s] -- Installing: /root/ros2_frws/src/install/xarm_controller/share/xarm_controller//launch/lib/robot_controller_lib.py
[8.621s] -- Installing: /root/ros2_frws/src/install/xarm_controller/share/xarm_controller//launch/xarm7_mirror_control_rviz_display.launch.py
[8.621s] -- Installing: /root/ros2_frws/src/install/xarm_controller/share/xarm_controller//launch/_dual_ros2_control.launch.py
[8.621s] -- Installing: /root/ros2_frws/src/install/xarm_controller/share/xarm_controller//launch/xarm7_control_rviz_display.launch.py
[8.621s] -- Installing: /root/ros2_frws/src/install/xarm_controller/share/xarm_controller//launch/xarm6_control_rviz_display.launch.py
[8.621s] -- Installing: /root/ros2_frws/src/install/xarm_controller/share/xarm_controller//launch/lite6_control_rviz_display.launch.py
[8.621s] -- Installing: /root/ros2_frws/src/install/xarm_controller/share/xarm_controller//launch/xarm5_control_rviz_display.launch.py
[8.621s] -- Up-to-date: /root/ros2_frws/src/install/xarm_controller/share/xarm_controller//config
[8.622s] -- Installing: /root/ros2_frws/src/install/xarm_controller/share/xarm_controller//config/uf850_gripper_controllers.yaml
[8.622s] -- Installing: /root/ros2_frws/src/install/xarm_controller/share/xarm_controller//config/xarm7_controllers.yaml
[8.622s] -- Installing: /root/ros2_frws/src/install/xarm_controller/share/xarm_controller//config/xarm6_controllers.yaml
[8.622s] -- Installing: /root/ros2_frws/src/install/xarm_controller/share/xarm_controller//config/xarm7_mirror_gripper_controllers.yaml
[8.623s] -- Installing: /root/ros2_frws/src/install/xarm_controller/share/xarm_controller//config/bio_gripper_controllers.yaml
[8.623s] -- Installing: /root/ros2_frws/src/install/xarm_controller/share/xarm_controller//config/uf850_controllers.yaml
[8.624s] -- Installing: /root/ros2_frws/src/install/xarm_controller/share/xarm_controller//config/lite6_controllers.yaml
[8.624s] -- Installing: /root/ros2_frws/src/install/xarm_controller/share/xarm_controller//config/xarm7_mirror_controllers.yaml
[8.625s] -- Installing: /root/ros2_frws/src/install/xarm_controller/share/xarm_controller//config/xarm5_controllers.yaml
[8.625s] -- Installing: /root/ros2_frws/src/install/xarm_controller/share/xarm_controller//config/xarm_gripper_controllers.yaml
[8.626s] -- Up-to-date: /root/ros2_frws/src/install/xarm_controller/share/xarm_controller/environment/library_path.sh
[8.626s] -- Installing: /root/ros2_frws/src/install/xarm_controller/share/xarm_controller/environment/library_path.dsv
[8.626s] -- Up-to-date: /root/ros2_frws/src/install/xarm_controller/share/ament_index/resource_index/package_run_dependencies/xarm_controller
[8.626s] -- Installing: /root/ros2_frws/src/install/xarm_controller/share/ament_index/resource_index/parent_prefix_path/xarm_controller
[8.626s] -- Up-to-date: /root/ros2_frws/src/install/xarm_controller/share/xarm_controller/environment/ament_prefix_path.sh
[8.626s] -- Installing: /root/ros2_frws/src/install/xarm_controller/share/xarm_controller/environment/ament_prefix_path.dsv
[8.626s] -- Up-to-date: /root/ros2_frws/src/install/xarm_controller/share/xarm_controller/environment/path.sh
[8.627s] -- Installing: /root/ros2_frws/src/install/xarm_controller/share/xarm_controller/environment/path.dsv
[8.627s] -- Up-to-date: /root/ros2_frws/src/install/xarm_controller/share/xarm_controller/local_setup.bash
[8.627s] -- Up-to-date: /root/ros2_frws/src/install/xarm_controller/share/xarm_controller/local_setup.sh
[8.627s] -- Up-to-date: /root/ros2_frws/src/install/xarm_controller/share/xarm_controller/local_setup.zsh
[8.627s] -- Installing: /root/ros2_frws/src/install/xarm_controller/share/xarm_controller/local_setup.dsv
[8.627s] -- Installing: /root/ros2_frws/src/install/xarm_controller/share/xarm_controller/package.dsv
[8.627s] -- Up-to-date: /root/ros2_frws/src/install/xarm_controller/share/ament_index/resource_index/packages/xarm_controller
[8.627s] -- Up-to-date: /root/ros2_frws/src/install/xarm_controller/share/ament_index/resource_index/hardware_interface__pluginlib__plugin/xarm_controller
[8.627s] -- Up-to-date: /root/ros2_frws/src/install/xarm_controller/share/xarm_controller/cmake/ament_cmake_export_include_directories-extras.cmake
[8.627s] -- Up-to-date: /root/ros2_frws/src/install/xarm_controller/share/xarm_controller/cmake/ament_cmake_export_libraries-extras.cmake
[8.627s] -- Up-to-date: /root/ros2_frws/src/install/xarm_controller/share/xarm_controller/cmake/ament_cmake_export_dependencies-extras.cmake
[8.628s] -- Up-to-date: /root/ros2_frws/src/install/xarm_controller/share/xarm_controller/cmake/xarm_controllerConfig.cmake
[8.628s] -- Up-to-date: /root/ros2_frws/src/install/xarm_controller/share/xarm_controller/cmake/xarm_controllerConfig-version.cmake
[8.628s] -- Installing: /root/ros2_frws/src/install/xarm_controller/share/xarm_controller/package.xml
[8.631s] Invoked command in '/root/ros2_frws/src/build/xarm_controller' returned '0': AMENT_PREFIX_PATH=/root/ros2_frws/src/install/xarm_api:/root/ros2_frws/src/install/xarm_sdk:/root/ros2_frws/src/install/xarm_msgs:/root/ros2_frws/src/install/xarm_description:${AMENT_PREFIX_PATH} CMAKE_PREFIX_PATH=/root/ros2_frws/src/install/xarm_api:/root/ros2_frws/src/install/xarm_sdk:/root/ros2_frws/src/install/xarm_msgs:/root/ros2_frws/src/install/xarm_description:/root/ros2_frws/install/xarm_planner:/root/ros2_frws/install/xarm_moveit_servo:/root/ros2_frws/install/xarm_moveit_config:/root/ros2_frws/install/xarm_gazebo:/root/ros2_frws/install/xarm_controller:/root/ros2_frws/install/xarm_api:/root/ros2_frws/install/xarm_sdk:/root/ros2_frws/install/xarm_msgs:/root/ros2_frws/install/xarm_description:/root/ros2_frws/install/tutorial_interfaces:/root/ros2_frws/install/realsense_gazebo_plugin:/root/ros2_frws/install/my_msg_interfaces:/root/ros2_frws/install/moveit_resources_prbt_support:/root/ros2_frws/install/moveit_resources:/root/ros2_frws/install/moveit_resources_pr2_description:/root/ros2_frws/install/moveit_resources_panda_moveit_config:/root/ros2_frws/install/moveit_resources_panda_description:/root/ros2_frws/install/moveit_resources_fanuc_moveit_config:/root/ros2_frws/install/moveit_resources_fanuc_description:/root/ros2_frws/install/moveit_common:/root/ros2_frws/install/challenge_2:/root/ros2_frws/install/moveit_configs_utils:/root/ros2_frws/install/course_works:/root/ros2_frws/install/basic_comms_params:/root/ros2_frws/install/basic_comms_param:/root/ros2_frws/install/basic_comms:/opt/ros/humble LD_LIBRARY_PATH=/root/ros2_frws/src/install/xarm_api/lib:/root/ros2_frws/src/install/xarm_sdk/lib:/root/ros2_frws/src/install/xarm_msgs/lib:${LD_LIBRARY_PATH} PYTHONPATH=/root/ros2_frws/src/install/xarm_msgs/local/lib/python3.10/dist-packages:${PYTHONPATH} /usr/bin/cmake --install /root/ros2_frws/src/build/xarm_controller
