[1.352s] Invoking command in '/root/ros2_frws/src/build/realsense_gazebo_plugin': CMAKE_PREFIX_PATH=${CMAKE_PREFIX_PATH}:/root/ros2_frws/install/challenge_2:/root/ros2_frws/install/moveit_configs_utils:/root/ros2_frws/install/course_works:/root/ros2_frws/install/basic_comms_params:/root/ros2_frws/install/basic_comms_param:/root/ros2_frws/install/basic_comms:/opt/ros/humble /usr/bin/cmake --build /root/ros2_frws/src/build/realsense_gazebo_plugin -- -j16 -l16
[1.476s] -- Found ament_cmake: 1.3.8 (/opt/ros/humble/share/ament_cmake/cmake)
[1.942s] -- Found rclcpp: 16.0.8 (/opt/ros/humble/share/rclcpp/cmake)
[2.031s] -- Found rosidl_generator_c: 3.1.5 (/opt/ros/humble/share/rosidl_generator_c/cmake)
[2.034s] -- Found rosidl_adapter: 3.1.5 (/opt/ros/humble/share/rosidl_adapter/cmake)
[2.052s] -- Found rosidl_generator_cpp: 3.1.5 (/opt/ros/humble/share/rosidl_generator_cpp/cmake)
[2.094s] -- Using all available rosidl_typesupport_c: rosidl_typesupport_fastrtps_c;rosidl_typesupport_introspection_c
[2.179s] -- Using all available rosidl_typesupport_cpp: rosidl_typesupport_fastrtps_cpp;rosidl_typesupport_introspection_cpp
[2.459s] -- Found rmw_implementation_cmake: 6.1.1 (/opt/ros/humble/share/rmw_implementation_cmake/cmake)
[2.474s] -- Found rmw_fastrtps_cpp: 6.2.6 (/opt/ros/humble/share/rmw_fastrtps_cpp/cmake)
[2.773s] -- Using RMW implementation 'rmw_fastrtps_cpp' as default
[2.942s] -- Found gazebo_ros: 3.7.0 (/opt/ros/humble/share/gazebo_ros/cmake)
[2.982s] -- Found DART: /usr/include (Required is at least version "6.6") found components: dart 
[3.028s] -- Found Protobuf: /usr/lib/x86_64-linux-gnu/libprotobuf.so (found version "3.12.4") 
[3.032s] -- Looking for ignition-math6 -- found version 6.15.1
[3.042s] -- Searching for dependencies of ignition-math6
[3.044s] -- Looking for OGRE...
[3.049s] -- Found Ogre Ghadamon (1.9.0)
[3.050s] -- Found OGRE: optimized;/usr/lib/x86_64-linux-gnu/libOgreMain.so;debug;/usr/lib/x86_64-linux-gnu/libOgreMain.so
[3.057s] -- Looking for OGRE_Paging...
[3.057s] -- Found OGRE_Paging: optimized;/usr/lib/x86_64-linux-gnu/libOgrePaging.so;debug;/usr/lib/x86_64-linux-gnu/libOgrePaging.so
[3.058s] -- Looking for OGRE_Terrain...
[3.058s] -- Found OGRE_Terrain: optimized;/usr/lib/x86_64-linux-gnu/libOgreTerrain.so;debug;/usr/lib/x86_64-linux-gnu/libOgreTerrain.so
[3.058s] -- Looking for OGRE_Property...
[3.058s] -- Found OGRE_Property: optimized;/usr/lib/x86_64-linux-gnu/libOgreProperty.so;debug;/usr/lib/x86_64-linux-gnu/libOgreProperty.so
[3.058s] -- Looking for OGRE_RTShaderSystem...
[3.058s] -- Found OGRE_RTShaderSystem: optimized;/usr/lib/x86_64-linux-gnu/libOgreRTShaderSystem.so;debug;/usr/lib/x86_64-linux-gnu/libOgreRTShaderSystem.so
[3.058s] -- Looking for OGRE_Volume...
[3.058s] -- Found OGRE_Volume: optimized;/usr/lib/x86_64-linux-gnu/libOgreVolume.so;debug;/usr/lib/x86_64-linux-gnu/libOgreVolume.so
[3.058s] -- Looking for OGRE_Overlay...
[3.058s] -- Found OGRE_Overlay: optimized;/usr/lib/x86_64-linux-gnu/libOgreOverlay.so;debug;/usr/lib/x86_64-linux-gnu/libOgreOverlay.so
[3.218s] -- Looking for ignition-math6 -- found version 6.15.1
[3.219s] -- Looking for ignition-transport8 -- found version 8.2.1
[3.219s] -- Searching for dependencies of ignition-transport8
[3.244s] -- Found Protobuf: /usr/lib/x86_64-linux-gnu/libprotobuf.so (found suitable version "3.12.4", minimum required is "3") 
[3.261s] -- Config-file not installed for ZeroMQ -- checking for pkg-config
[3.265s] -- Checking for module 'libzmq >= 4'
[3.281s] --   Found libzmq , version 4.3.4
[3.319s] -- Checking for module 'uuid'
[3.332s] --   Found uuid, version 2.37.2
[3.359s] -- Looking for ignition-msgs5 -- found version 5.8.1
[3.359s] -- Searching for dependencies of ignition-msgs5
[3.382s] -- Looking for ignition-math6 -- found version 6.15.1
[3.388s] -- Checking for module 'tinyxml2'
[3.403s] --   Found tinyxml2, version 9.0.0
[3.434s] -- Looking for ignition-msgs5 -- found version 5.8.1
[3.435s] -- Looking for ignition-common3 -- found version 3.14.0
[3.436s] -- Searching for dependencies of ignition-common3
[3.436s] -- Looking for dlfcn.h - found
[3.436s] -- Looking for libdl - found
[3.449s] -- Searching for <ignition-common3> component [graphics]
[3.450s] -- Looking for ignition-common3-graphics -- found version 3.14.0
[3.451s] -- Searching for dependencies of ignition-common3-graphics
[3.451s] -- Looking for ignition-math6 -- found version 6.15.1
[3.453s] -- Looking for ignition-fuel_tools4 -- found version 4.4.0
[3.453s] -- Searching for dependencies of ignition-fuel_tools4
[3.503s] -- Checking for module 'jsoncpp'
[3.516s] --   Found jsoncpp, version 1.9.5
[3.545s] -- Checking for module 'libzip'
[3.559s] --   Found libzip, version 1.7.3
[3.582s] -- Looking for ignition-common3 -- found version 3.14.0
[3.582s] -- Looking for ignition-math6 -- found version 6.15.1
[3.582s] -- Looking for ignition-msgs5 -- found version 5.8.1
[3.585s] -- Gazebo version: 11.10
[3.589s] -- Found image_transport: 3.1.8 (/opt/ros/humble/share/image_transport/cmake)
[3.738s] -- Found camera_info_manager: 3.1.8 (/opt/ros/humble/share/camera_info_manager/cmake)
[3.795s] -- Found ament_lint_auto: 0.12.10 (/opt/ros/humble/share/ament_lint_auto/cmake)
[3.863s] -- Configuring done
[3.888s] -- Generating done
[3.891s] -- Build files have been written to: /root/ros2_frws/src/build/realsense_gazebo_plugin
[3.927s] [35m[1mConsolidate compiler generated dependencies of target realsense_gazebo_plugin[0m
[3.976s] [ 33%] [32mBuilding CXX object CMakeFiles/realsense_gazebo_plugin.dir/src/RealSensePlugin.cpp.o[0m
[3.977s] [ 66%] [32mBuilding CXX object CMakeFiles/realsense_gazebo_plugin.dir/src/gazebo_ros_realsense.cpp.o[0m
[29.203s] [100%] [32m[1mLinking CXX shared library librealsense_gazebo_plugin.so[0m
[29.920s] [100%] Built target realsense_gazebo_plugin
