[1.261s] Invoking command in '/root/ros2_frws/src/course_works': PYTHONPATH=/root/ros2_frws/src/build/course_works/prefix_override:/root/ros2_frws/src/install/course_works/lib/python3.10/site-packages:${PYTHONPATH} /usr/bin/python3 setup.py egg_info --egg-base ../build/course_works build --build-base /root/ros2_frws/src/build/course_works/build install --record /root/ros2_frws/src/build/course_works/install.log --single-version-externally-managed
[1.491s] running egg_info
[1.508s] writing ../build/course_works/course_works.egg-info/PKG-INFO
[1.509s] writing dependency_links to ../build/course_works/course_works.egg-info/dependency_links.txt
[1.509s] writing entry points to ../build/course_works/course_works.egg-info/entry_points.txt
[1.509s] writing requirements to ../build/course_works/course_works.egg-info/requires.txt
[1.509s] writing top-level names to ../build/course_works/course_works.egg-info/top_level.txt
[1.540s] reading manifest file '../build/course_works/course_works.egg-info/SOURCES.txt'
[1.540s] adding license file 'LICENSE'
[1.541s] writing manifest file '../build/course_works/course_works.egg-info/SOURCES.txt'
[1.541s] running build
[1.541s] running build_py
[1.542s] copying course_works/process.py -> /root/ros2_frws/src/build/course_works/build/lib/course_works
[1.542s] running install
[1.543s] /root/.local/lib/python3.10/site-packages/setuptools/_distutils/cmd.py:66: SetuptoolsDeprecationWarning: setup.py install is deprecated.
[1.543s] !!
[1.543s] 
[1.543s]         ********************************************************************************
[1.543s]         Please avoid running ``setup.py`` directly.
[1.543s]         Instead, use pypa/build, pypa/installer or other
[1.543s]         standards-based tools.
[1.543s] 
[1.543s]         See https://blog.ganssle.io/articles/2021/10/setup-py-deprecated.html for details.
[1.543s]         ********************************************************************************
[1.543s] 
[1.543s] !!
[1.543s]   self.initialize_options()
[1.550s] running install_lib
[1.565s] copying /root/ros2_frws/src/build/course_works/build/lib/course_works/process.py -> /root/ros2_frws/src/install/course_works/lib/python3.10/site-packages/course_works
[1.566s] byte-compiling /root/ros2_frws/src/install/course_works/lib/python3.10/site-packages/course_works/process.py to process.cpython-310.pyc
[1.567s] running install_data
[1.583s] running install_egg_info
[1.599s] removing '/root/ros2_frws/src/install/course_works/lib/python3.10/site-packages/course_works-0.0.0-py3.10.egg-info' (and everything under it)
[1.600s] Copying ../build/course_works/course_works.egg-info to /root/ros2_frws/src/install/course_works/lib/python3.10/site-packages/course_works-0.0.0-py3.10.egg-info
[1.601s] running install_scripts
[1.753s] Installing processed_signal script to /root/ros2_frws/src/install/course_works/lib/course_works
[1.753s] Installing signal_generator script to /root/ros2_frws/src/install/course_works/lib/course_works
[1.753s] writing list of installed files to '/root/ros2_frws/src/build/course_works/install.log'
[1.825s] Invoked command in '/root/ros2_frws/src/course_works' returned '0': PYTHONPATH=/root/ros2_frws/src/build/course_works/prefix_override:/root/ros2_frws/src/install/course_works/lib/python3.10/site-packages:${PYTHONPATH} /usr/bin/python3 setup.py egg_info --egg-base ../build/course_works build --build-base /root/ros2_frws/src/build/course_works/build install --record /root/ros2_frws/src/build/course_works/install.log --single-version-externally-managed
