[0.775s] Invoking command in '/root/ros2_frws/src/basic_comms': PYTHONPATH=/root/ros2_frws/src/build/basic_comms/prefix_override:/root/ros2_frws/src/install/basic_comms/lib/python3.10/site-packages:${PYTHONPATH} /usr/bin/python3 setup.py egg_info --egg-base ../build/basic_comms build --build-base /root/ros2_frws/src/build/basic_comms/build install --record /root/ros2_frws/src/build/basic_comms/install.log --single-version-externally-managed
[0.962s] running egg_info
[0.974s] writing ../build/basic_comms/basic_comms.egg-info/PKG-INFO
[0.974s] writing dependency_links to ../build/basic_comms/basic_comms.egg-info/dependency_links.txt
[0.974s] writing entry points to ../build/basic_comms/basic_comms.egg-info/entry_points.txt
[0.974s] writing requirements to ../build/basic_comms/basic_comms.egg-info/requires.txt
[0.975s] writing top-level names to ../build/basic_comms/basic_comms.egg-info/top_level.txt
[0.998s] reading manifest file '../build/basic_comms/basic_comms.egg-info/SOURCES.txt'
[0.998s] writing manifest file '../build/basic_comms/basic_comms.egg-info/SOURCES.txt'
[0.999s] running build
[0.999s] running build_py
[0.999s] running install
[0.999s] /root/.local/lib/python3.10/site-packages/setuptools/_distutils/cmd.py:66: SetuptoolsDeprecationWarning: setup.py install is deprecated.
[1.000s] !!
[1.000s] 
[1.000s]         ********************************************************************************
[1.000s]         Please avoid running ``setup.py`` directly.
[1.000s]         Instead, use pypa/build, pypa/installer or other
[1.000s]         standards-based tools.
[1.000s] 
[1.000s]         See https://blog.ganssle.io/articles/2021/10/setup-py-deprecated.html for details.
[1.000s]         ********************************************************************************
[1.000s] 
[1.000s] !!
[1.000s]   self.initialize_options()
[1.005s] running install_lib
[1.022s] running install_data
[1.036s] running install_egg_info
[1.051s] removing '/root/ros2_frws/src/install/basic_comms/lib/python3.10/site-packages/basic_comms-0.0.0-py3.10.egg-info' (and everything under it)
[1.052s] Copying ../build/basic_comms/basic_comms.egg-info to /root/ros2_frws/src/install/basic_comms/lib/python3.10/site-packages/basic_comms-0.0.0-py3.10.egg-info
[1.054s] running install_scripts
[1.177s] Installing publisher script to /root/ros2_frws/src/install/basic_comms/lib/basic_comms
[1.177s] Installing talker script to /root/ros2_frws/src/install/basic_comms/lib/basic_comms
[1.177s] writing list of installed files to '/root/ros2_frws/src/build/basic_comms/install.log'
[1.203s] Invoked command in '/root/ros2_frws/src/basic_comms' returned '0': PYTHONPATH=/root/ros2_frws/src/build/basic_comms/prefix_override:/root/ros2_frws/src/install/basic_comms/lib/python3.10/site-packages:${PYTHONPATH} /usr/bin/python3 setup.py egg_info --egg-base ../build/basic_comms build --build-base /root/ros2_frws/src/build/basic_comms/build install --record /root/ros2_frws/src/build/basic_comms/install.log --single-version-externally-managed
