[1.512s] DEBUG:colcon:Command line arguments: ['/usr/bin/colcon', 'build']
[1.512s] DEBUG:colcon:Parsed command line arguments: Namespace(log_base=None, log_level=None, verb_name='build', build_base='build', install_base='install', merge_install=False, symlink_install=False, test_result_base=None, continue_on_error=False, executor='parallel', parallel_workers=16, event_handlers=None, ignore_user_meta=False, metas=['./colcon.meta'], base_paths=['.'], packages_ignore=None, packages_ignore_regex=None, paths=None, packages_up_to=None, packages_up_to_regex=None, packages_above=None, packages_above_and_dependencies=None, packages_above_depth=None, packages_select_by_dep=None, packages_skip_by_dep=None, packages_skip_up_to=None, packages_select_build_failed=False, packages_skip_build_finished=False, packages_select_test_failures=False, packages_skip_test_passed=False, packages_select=None, packages_skip=None, packages_select_regex=None, packages_skip_regex=None, packages_start=None, packages_end=None, cmake_args=None, cmake_target=None, cmake_target_skip_unavailable=False, cmake_clean_cache=False, cmake_clean_first=False, cmake_force_configure=False, ament_cmake_args=None, catkin_cmake_args=None, catkin_skip_building_tests=False, mixin_files=None, mixin=None, verb_parser=<colcon_mixin.mixin.mixin_argument.MixinArgumentDecorator object at 0x7f4ed748afe0>, verb_extension=<colcon_core.verb.build.BuildVerb object at 0x7f4ed77e3130>, main=<bound method BuildVerb.main of <colcon_core.verb.build.BuildVerb object at 0x7f4ed77e3130>>, mixin_verb=('build',))
[1.568s] Level 1:colcon.colcon_core.package_discovery:discover_packages(colcon_meta) check parameters
[1.570s] INFO:colcon.colcon_metadata.package_discovery.colcon_meta:Using configuration from '/root/.colcon/metadata/default/Gazebo.meta'
[1.571s] INFO:colcon.colcon_metadata.package_discovery.colcon_meta:Using configuration from '/root/.colcon/metadata/default/fastrtps.meta'
[1.571s] Level 1:colcon.colcon_core.package_discovery:discover_packages(recursive) check parameters
[1.571s] Level 1:colcon.colcon_core.package_discovery:discover_packages(ignore) check parameters
[1.571s] Level 1:colcon.colcon_core.package_discovery:discover_packages(path) check parameters
[1.571s] Level 1:colcon.colcon_core.package_discovery:discover_packages(colcon_meta) discover
[1.572s] Level 1:colcon.colcon_core.package_discovery:discover_packages(recursive) discover
[1.572s] INFO:colcon.colcon_core.package_discovery:Crawling recursively for packages in '/root/ros2_frws/src'
[1.572s] Level 1:colcon.colcon_core.package_identification:_identify(.) by extensions ['ignore', 'ignore_ament_install']
[1.572s] Level 1:colcon.colcon_core.package_identification:_identify(.) by extension 'ignore'
[1.572s] Level 1:colcon.colcon_core.package_identification:_identify(.) by extension 'ignore_ament_install'
[1.572s] Level 1:colcon.colcon_core.package_identification:_identify(.) by extensions ['colcon_pkg']
[1.572s] Level 1:colcon.colcon_core.package_identification:_identify(.) by extension 'colcon_pkg'
[1.572s] Level 1:colcon.colcon_core.package_identification:_identify(.) by extensions ['colcon_meta']
[1.572s] Level 1:colcon.colcon_core.package_identification:_identify(.) by extension 'colcon_meta'
[1.572s] Level 1:colcon.colcon_core.package_identification:_identify(.) by extensions ['ros']
[1.572s] Level 1:colcon.colcon_core.package_identification:_identify(.) by extension 'ros'
[1.588s] Level 1:colcon.colcon_core.package_identification:_identify(.) by extensions ['cmake', 'python']
[1.588s] Level 1:colcon.colcon_core.package_identification:_identify(.) by extension 'cmake'
[1.588s] Level 1:colcon.colcon_core.package_identification:_identify(.) by extension 'python'
[1.589s] Level 1:colcon.colcon_core.package_identification:_identify(.) by extensions ['python_setup_py']
[1.589s] Level 1:colcon.colcon_core.package_identification:_identify(.) by extension 'python_setup_py'
[1.589s] Level 1:colcon.colcon_core.package_identification:_identify(basic_comms) by extensions ['ignore', 'ignore_ament_install']
[1.589s] Level 1:colcon.colcon_core.package_identification:_identify(basic_comms) by extension 'ignore'
[1.589s] Level 1:colcon.colcon_core.package_identification:_identify(basic_comms) by extension 'ignore_ament_install'
[1.589s] Level 1:colcon.colcon_core.package_identification:_identify(basic_comms) by extensions ['colcon_pkg']
[1.589s] Level 1:colcon.colcon_core.package_identification:_identify(basic_comms) by extension 'colcon_pkg'
[1.589s] Level 1:colcon.colcon_core.package_identification:_identify(basic_comms) by extensions ['colcon_meta']
[1.589s] Level 1:colcon.colcon_core.package_identification:_identify(basic_comms) by extension 'colcon_meta'
[1.589s] Level 1:colcon.colcon_core.package_identification:_identify(basic_comms) by extensions ['ros']
[1.589s] Level 1:colcon.colcon_core.package_identification:_identify(basic_comms) by extension 'ros'
[1.592s] DEBUG:colcon.colcon_core.package_identification:Package 'basic_comms' with type 'ros.ament_python' and name 'basic_comms'
[1.592s] Level 1:colcon.colcon_core.package_identification:_identify(build) by extensions ['ignore', 'ignore_ament_install']
[1.592s] Level 1:colcon.colcon_core.package_identification:_identify(build) by extension 'ignore'
[1.592s] Level 1:colcon.colcon_core.package_identification:_identify(build) ignored
[1.592s] Level 1:colcon.colcon_core.package_identification:_identify(course_works) by extensions ['ignore', 'ignore_ament_install']
[1.592s] Level 1:colcon.colcon_core.package_identification:_identify(course_works) by extension 'ignore'
[1.592s] Level 1:colcon.colcon_core.package_identification:_identify(course_works) by extension 'ignore_ament_install'
[1.592s] Level 1:colcon.colcon_core.package_identification:_identify(course_works) by extensions ['colcon_pkg']
[1.592s] Level 1:colcon.colcon_core.package_identification:_identify(course_works) by extension 'colcon_pkg'
[1.592s] Level 1:colcon.colcon_core.package_identification:_identify(course_works) by extensions ['colcon_meta']
[1.592s] Level 1:colcon.colcon_core.package_identification:_identify(course_works) by extension 'colcon_meta'
[1.592s] Level 1:colcon.colcon_core.package_identification:_identify(course_works) by extensions ['ros']
[1.592s] Level 1:colcon.colcon_core.package_identification:_identify(course_works) by extension 'ros'
[1.593s] DEBUG:colcon.colcon_core.package_identification:Package 'course_works' with type 'ros.ament_python' and name 'course_works'
[1.593s] Level 1:colcon.colcon_core.package_identification:_identify(install) by extensions ['ignore', 'ignore_ament_install']
[1.593s] Level 1:colcon.colcon_core.package_identification:_identify(install) by extension 'ignore'
[1.593s] Level 1:colcon.colcon_core.package_identification:_identify(install) ignored
[1.594s] Level 1:colcon.colcon_core.package_identification:_identify(log) by extensions ['ignore', 'ignore_ament_install']
[1.594s] Level 1:colcon.colcon_core.package_identification:_identify(log) by extension 'ignore'
[1.594s] Level 1:colcon.colcon_core.package_identification:_identify(log) ignored
[1.594s] Level 1:colcon.colcon_core.package_discovery:discover_packages(recursive) using defaults
[1.594s] Level 1:colcon.colcon_core.package_discovery:discover_packages(ignore) discover
[1.594s] Level 1:colcon.colcon_core.package_discovery:discover_packages(ignore) using defaults
[1.594s] Level 1:colcon.colcon_core.package_discovery:discover_packages(path) discover
[1.594s] Level 1:colcon.colcon_core.package_discovery:discover_packages(path) using defaults
[1.679s] Level 5:colcon.colcon_core.verb:set package 'basic_comms' build argument 'cmake_args' from command line to 'None'
[1.679s] Level 5:colcon.colcon_core.verb:set package 'basic_comms' build argument 'cmake_target' from command line to 'None'
[1.679s] Level 5:colcon.colcon_core.verb:set package 'basic_comms' build argument 'cmake_target_skip_unavailable' from command line to 'False'
[1.679s] Level 5:colcon.colcon_core.verb:set package 'basic_comms' build argument 'cmake_clean_cache' from command line to 'False'
[1.679s] Level 5:colcon.colcon_core.verb:set package 'basic_comms' build argument 'cmake_clean_first' from command line to 'False'
[1.679s] Level 5:colcon.colcon_core.verb:set package 'basic_comms' build argument 'cmake_force_configure' from command line to 'False'
[1.679s] Level 5:colcon.colcon_core.verb:set package 'basic_comms' build argument 'ament_cmake_args' from command line to 'None'
[1.679s] Level 5:colcon.colcon_core.verb:set package 'basic_comms' build argument 'catkin_cmake_args' from command line to 'None'
[1.679s] Level 5:colcon.colcon_core.verb:set package 'basic_comms' build argument 'catkin_skip_building_tests' from command line to 'False'
[1.679s] DEBUG:colcon.colcon_core.verb:Building package 'basic_comms' with the following arguments: {'ament_cmake_args': None, 'build_base': '/root/ros2_frws/src/build/basic_comms', 'catkin_cmake_args': None, 'catkin_skip_building_tests': False, 'cmake_args': None, 'cmake_clean_cache': False, 'cmake_clean_first': False, 'cmake_force_configure': False, 'cmake_target': None, 'cmake_target_skip_unavailable': False, 'install_base': '/root/ros2_frws/src/install/basic_comms', 'merge_install': False, 'path': '/root/ros2_frws/src/basic_comms', 'symlink_install': False, 'test_result_base': None}
[1.693s] Level 5:colcon.colcon_core.verb:set package 'course_works' build argument 'cmake_args' from command line to 'None'
[1.693s] Level 5:colcon.colcon_core.verb:set package 'course_works' build argument 'cmake_target' from command line to 'None'
[1.693s] Level 5:colcon.colcon_core.verb:set package 'course_works' build argument 'cmake_target_skip_unavailable' from command line to 'False'
[1.693s] Level 5:colcon.colcon_core.verb:set package 'course_works' build argument 'cmake_clean_cache' from command line to 'False'
[1.693s] Level 5:colcon.colcon_core.verb:set package 'course_works' build argument 'cmake_clean_first' from command line to 'False'
[1.693s] Level 5:colcon.colcon_core.verb:set package 'course_works' build argument 'cmake_force_configure' from command line to 'False'
[1.693s] Level 5:colcon.colcon_core.verb:set package 'course_works' build argument 'ament_cmake_args' from command line to 'None'
[1.693s] Level 5:colcon.colcon_core.verb:set package 'course_works' build argument 'catkin_cmake_args' from command line to 'None'
[1.693s] Level 5:colcon.colcon_core.verb:set package 'course_works' build argument 'catkin_skip_building_tests' from command line to 'False'
[1.693s] DEBUG:colcon.colcon_core.verb:Building package 'course_works' with the following arguments: {'ament_cmake_args': None, 'build_base': '/root/ros2_frws/src/build/course_works', 'catkin_cmake_args': None, 'catkin_skip_building_tests': False, 'cmake_args': None, 'cmake_clean_cache': False, 'cmake_clean_first': False, 'cmake_force_configure': False, 'cmake_target': None, 'cmake_target_skip_unavailable': False, 'install_base': '/root/ros2_frws/src/install/course_works', 'merge_install': False, 'path': '/root/ros2_frws/src/course_works', 'symlink_install': False, 'test_result_base': None}
[1.705s] INFO:colcon.colcon_core.executor:Executing jobs using 'parallel' executor
[1.728s] DEBUG:colcon.colcon_parallel_executor.executor.parallel:run_until_complete
[1.728s] INFO:colcon.colcon_ros.task.ament_python.build:Building ROS package in '/root/ros2_frws/src/basic_comms' with build type 'ament_python'
[1.729s] Level 1:colcon.colcon_core.shell:create_environment_hook('basic_comms', 'ament_prefix_path')
[1.772s] INFO:colcon.colcon_core.plugin_system:Skipping extension 'colcon_core.shell.bat': Not used on non-Windows systems
[1.778s] INFO:colcon.colcon_core.shell:Creating environment hook '/root/ros2_frws/src/install/basic_comms/share/basic_comms/hook/ament_prefix_path.ps1'
[1.779s] INFO:colcon.colcon_core.shell:Creating environment descriptor '/root/ros2_frws/src/install/basic_comms/share/basic_comms/hook/ament_prefix_path.dsv'
[1.779s] INFO:colcon.colcon_core.shell:Creating environment hook '/root/ros2_frws/src/install/basic_comms/share/basic_comms/hook/ament_prefix_path.sh'
[1.799s] INFO:colcon.colcon_core.shell:Skip shell extension 'powershell' for command environment: Not usable outside of PowerShell
[1.799s] DEBUG:colcon.colcon_core.shell:Skip shell extension 'dsv' for command environment
[1.861s] INFO:colcon.colcon_ros.task.ament_python.build:Building ROS package in '/root/ros2_frws/src/course_works' with build type 'ament_python'
[1.861s] Level 1:colcon.colcon_core.shell:create_environment_hook('course_works', 'ament_prefix_path')
[1.877s] INFO:colcon.colcon_core.shell:Creating environment hook '/root/ros2_frws/src/install/course_works/share/course_works/hook/ament_prefix_path.ps1'
[1.878s] INFO:colcon.colcon_core.shell:Creating environment descriptor '/root/ros2_frws/src/install/course_works/share/course_works/hook/ament_prefix_path.dsv'
[1.879s] INFO:colcon.colcon_core.shell:Creating environment hook '/root/ros2_frws/src/install/course_works/share/course_works/hook/ament_prefix_path.sh'
[1.893s] INFO:colcon.colcon_core.shell:Skip shell extension 'powershell' for command environment: Not usable outside of PowerShell
[1.893s] DEBUG:colcon.colcon_core.shell:Skip shell extension 'dsv' for command environment
[2.195s] INFO:colcon.colcon_core.task.python.build:Building Python package in '/root/ros2_frws/src/basic_comms'
[2.212s] INFO:colcon.colcon_core.shell:Skip shell extension 'powershell' for command environment: Not usable outside of PowerShell
[2.213s] DEBUG:colcon.colcon_core.shell:Skip shell extension 'dsv' for command environment
[2.533s] INFO:colcon.colcon_core.task.python.build:Building Python package in '/root/ros2_frws/src/course_works'
[2.549s] INFO:colcon.colcon_core.shell:Skip shell extension 'powershell' for command environment: Not usable outside of PowerShell
[2.549s] DEBUG:colcon.colcon_core.shell:Skip shell extension 'dsv' for command environment
[3.123s] DEBUG:colcon.colcon_core.event_handler.log_command:Invoking command in '/root/ros2_frws/src/course_works': PYTHONPATH=/root/ros2_frws/src/build/course_works/prefix_override:/root/ros2_frws/src/install/course_works/lib/python3.10/site-packages:${PYTHONPATH} /usr/bin/python3 setup.py egg_info --egg-base ../build/course_works build --build-base /root/ros2_frws/src/build/course_works/build install --record /root/ros2_frws/src/build/course_works/install.log --single-version-externally-managed
[3.130s] DEBUG:colcon.colcon_core.event_handler.log_command:Invoking command in '/root/ros2_frws/src/basic_comms': PYTHONPATH=/root/ros2_frws/src/build/basic_comms/prefix_override:/root/ros2_frws/src/install/basic_comms/lib/python3.10/site-packages:${PYTHONPATH} /usr/bin/python3 setup.py egg_info --egg-base ../build/basic_comms build --build-base /root/ros2_frws/src/build/basic_comms/build install --record /root/ros2_frws/src/build/basic_comms/install.log --single-version-externally-managed
[3.588s] DEBUG:colcon.colcon_core.event_handler.log_command:Invoked command in '/root/ros2_frws/src/course_works' returned '0': PYTHONPATH=/root/ros2_frws/src/build/course_works/prefix_override:/root/ros2_frws/src/install/course_works/lib/python3.10/site-packages:${PYTHONPATH} /usr/bin/python3 setup.py egg_info --egg-base ../build/course_works build --build-base /root/ros2_frws/src/build/course_works/build install --record /root/ros2_frws/src/build/course_works/install.log --single-version-externally-managed
[3.603s] Level 1:colcon.colcon_core.environment:checking '/root/ros2_frws/src/install/course_works' for CMake module files
[3.603s] Level 1:colcon.colcon_core.environment:checking '/root/ros2_frws/src/install/course_works' for CMake config files
[3.604s] Level 1:colcon.colcon_core.environment:checking '/root/ros2_frws/src/install/course_works/lib'
[3.604s] Level 1:colcon.colcon_core.environment:checking '/root/ros2_frws/src/install/course_works/bin'
[3.604s] Level 1:colcon.colcon_core.environment:checking '/root/ros2_frws/src/install/course_works/lib/pkgconfig/course_works.pc'
[3.604s] Level 1:colcon.colcon_core.environment:checking '/root/ros2_frws/src/install/course_works/lib/python3.10/site-packages'
[3.604s] Level 1:colcon.colcon_core.shell:create_environment_hook('course_works', 'pythonpath')
[3.616s] INFO:colcon.colcon_core.shell:Creating environment hook '/root/ros2_frws/src/install/course_works/share/course_works/hook/pythonpath.ps1'
[3.616s] INFO:colcon.colcon_core.shell:Creating environment descriptor '/root/ros2_frws/src/install/course_works/share/course_works/hook/pythonpath.dsv'
[3.616s] INFO:colcon.colcon_core.shell:Creating environment hook '/root/ros2_frws/src/install/course_works/share/course_works/hook/pythonpath.sh'
[3.617s] Level 1:colcon.colcon_core.environment:checking '/root/ros2_frws/src/install/course_works/bin'
[3.617s] Level 1:colcon.colcon_core.environment:create_environment_scripts_only(course_works)
[3.629s] INFO:colcon.colcon_core.shell:Creating package script '/root/ros2_frws/src/install/course_works/share/course_works/package.ps1'
[3.630s] INFO:colcon.colcon_core.shell:Creating package descriptor '/root/ros2_frws/src/install/course_works/share/course_works/package.dsv'
[3.630s] INFO:colcon.colcon_core.shell:Creating package script '/root/ros2_frws/src/install/course_works/share/course_works/package.sh'
[3.631s] INFO:colcon.colcon_core.shell:Creating package script '/root/ros2_frws/src/install/course_works/share/course_works/package.bash'
[3.632s] INFO:colcon.colcon_core.shell:Creating package script '/root/ros2_frws/src/install/course_works/share/course_works/package.zsh'
[3.632s] Level 1:colcon.colcon_core.environment:create_file_with_runtime_dependencies(/root/ros2_frws/src/install/course_works/share/colcon-core/packages/course_works)
[3.635s] DEBUG:colcon.colcon_core.event_handler.log_command:Invoked command in '/root/ros2_frws/src/basic_comms' returned '0': PYTHONPATH=/root/ros2_frws/src/build/basic_comms/prefix_override:/root/ros2_frws/src/install/basic_comms/lib/python3.10/site-packages:${PYTHONPATH} /usr/bin/python3 setup.py egg_info --egg-base ../build/basic_comms build --build-base /root/ros2_frws/src/build/basic_comms/build install --record /root/ros2_frws/src/build/basic_comms/install.log --single-version-externally-managed
[3.648s] Level 1:colcon.colcon_core.environment:checking '/root/ros2_frws/src/install/basic_comms' for CMake module files
[3.649s] Level 1:colcon.colcon_core.environment:checking '/root/ros2_frws/src/install/basic_comms' for CMake config files
[3.650s] Level 1:colcon.colcon_core.environment:checking '/root/ros2_frws/src/install/basic_comms/lib'
[3.650s] Level 1:colcon.colcon_core.environment:checking '/root/ros2_frws/src/install/basic_comms/bin'
[3.650s] Level 1:colcon.colcon_core.environment:checking '/root/ros2_frws/src/install/basic_comms/lib/pkgconfig/basic_comms.pc'
[3.651s] Level 1:colcon.colcon_core.environment:checking '/root/ros2_frws/src/install/basic_comms/lib/python3.10/site-packages'
[3.651s] Level 1:colcon.colcon_core.shell:create_environment_hook('basic_comms', 'pythonpath')
[3.664s] INFO:colcon.colcon_core.shell:Creating environment hook '/root/ros2_frws/src/install/basic_comms/share/basic_comms/hook/pythonpath.ps1'
[3.665s] INFO:colcon.colcon_core.shell:Creating environment descriptor '/root/ros2_frws/src/install/basic_comms/share/basic_comms/hook/pythonpath.dsv'
[3.665s] INFO:colcon.colcon_core.shell:Creating environment hook '/root/ros2_frws/src/install/basic_comms/share/basic_comms/hook/pythonpath.sh'
[3.666s] Level 1:colcon.colcon_core.environment:checking '/root/ros2_frws/src/install/basic_comms/bin'
[3.666s] Level 1:colcon.colcon_core.environment:create_environment_scripts_only(basic_comms)
[3.679s] INFO:colcon.colcon_core.shell:Creating package script '/root/ros2_frws/src/install/basic_comms/share/basic_comms/package.ps1'
[3.679s] INFO:colcon.colcon_core.shell:Creating package descriptor '/root/ros2_frws/src/install/basic_comms/share/basic_comms/package.dsv'
[3.680s] INFO:colcon.colcon_core.shell:Creating package script '/root/ros2_frws/src/install/basic_comms/share/basic_comms/package.sh'
[3.680s] INFO:colcon.colcon_core.shell:Creating package script '/root/ros2_frws/src/install/basic_comms/share/basic_comms/package.bash'
[3.681s] INFO:colcon.colcon_core.shell:Creating package script '/root/ros2_frws/src/install/basic_comms/share/basic_comms/package.zsh'
[3.681s] Level 1:colcon.colcon_core.environment:create_file_with_runtime_dependencies(/root/ros2_frws/src/install/basic_comms/share/colcon-core/packages/basic_comms)
[3.681s] DEBUG:colcon.colcon_parallel_executor.executor.parallel:closing loop
[3.681s] DEBUG:colcon.colcon_parallel_executor.executor.parallel:loop closed
[3.681s] DEBUG:colcon.colcon_parallel_executor.executor.parallel:run_until_complete finished with '0'
[3.681s] DEBUG:colcon.colcon_core.event_reactor:joining thread
[3.700s] INFO:colcon.colcon_core.plugin_system:Skipping extension 'colcon_notification.desktop_notification.notify_send': Could not find 'notify-send'
[3.701s] INFO:colcon.colcon_core.plugin_system:Skipping extension 'colcon_notification.desktop_notification.terminal_notifier': Not used on non-Darwin systems
[3.701s] INFO:colcon.colcon_core.plugin_system:Skipping extension 'colcon_notification.desktop_notification.win32': Not used on non-Windows systems
[3.701s] INFO:colcon.colcon_notification.desktop_notification:Sending desktop notification using 'notify2'
[3.703s] DEBUG:colcon.colcon_notification.desktop_notification.notify2:Failed to initialize notify2: org.freedesktop.DBus.Error.Spawn.ExecFailed: /usr/bin/dbus-launch terminated abnormally without any error message
[3.703s] DEBUG:colcon.colcon_core.event_reactor:joined thread
[3.718s] INFO:colcon.colcon_core.shell:Creating prefix script '/root/ros2_frws/src/install/local_setup.ps1'
[3.719s] INFO:colcon.colcon_core.shell:Creating prefix util module '/root/ros2_frws/src/install/_local_setup_util_ps1.py'
[3.721s] INFO:colcon.colcon_core.shell:Creating prefix chain script '/root/ros2_frws/src/install/setup.ps1'
[3.734s] INFO:colcon.colcon_core.shell:Creating prefix script '/root/ros2_frws/src/install/local_setup.sh'
[3.734s] INFO:colcon.colcon_core.shell:Creating prefix util module '/root/ros2_frws/src/install/_local_setup_util_sh.py'
[3.735s] INFO:colcon.colcon_core.shell:Creating prefix chain script '/root/ros2_frws/src/install/setup.sh'
[3.747s] INFO:colcon.colcon_core.shell:Creating prefix script '/root/ros2_frws/src/install/local_setup.bash'
[3.748s] INFO:colcon.colcon_core.shell:Creating prefix chain script '/root/ros2_frws/src/install/setup.bash'
[3.760s] INFO:colcon.colcon_core.shell:Creating prefix script '/root/ros2_frws/src/install/local_setup.zsh'
[3.761s] INFO:colcon.colcon_core.shell:Creating prefix chain script '/root/ros2_frws/src/install/setup.zsh'
