[0.486s] Invoking command in '/root/ros2_frws/src/build/my_msg_interfaces': CMAKE_PREFIX_PATH=${CMAKE_PREFIX_PATH}:/root/ros2_frws/src/install/challenge_2:/root/ros2_frws/src/install/moveit_configs_utils:/root/ros2_frws/src/install/course_works:/root/ros2_frws/src/install/basic_comms_param:/root/ros2_frws/src/install/basic_comms:/root/ros2_frws/install/challenge_2:/root/ros2_frws/install/moveit_configs_utils:/root/ros2_frws/install/course_works:/root/ros2_frws/install/basic_comms_params:/root/ros2_frws/install/basic_comms_param:/root/ros2_frws/install/basic_comms:/opt/ros/humble /usr/bin/cmake --build /root/ros2_frws/src/build/my_msg_interfaces -- -j16 -l16
[1.417s] [35m[1mConsolidate compiler generated dependencies of target my_msg_interfaces__rosidl_generator_c[0m
[1.418s] [  3%] Built target my_msg_interfaces__cpp
[1.418s] [ 12%] Built target my_msg_interfaces__rosidl_generator_c
[1.418s] [ 12%] Built target ament_cmake_python_copy_my_msg_interfaces
[1.418s] [35m[1mConsolidate compiler generated dependencies of target my_msg_interfaces__rosidl_typesupport_fastrtps_cpp[0m
[1.418s] [35m[1mConsolidate compiler generated dependencies of target my_msg_interfaces__rosidl_typesupport_introspection_cpp[0m
[1.418s] [35m[1mConsolidate compiler generated dependencies of target my_msg_interfaces__rosidl_typesupport_introspection_c[0m
[1.419s] [35m[1mConsolidate compiler generated dependencies of target my_msg_interfaces__rosidl_typesupport_fastrtps_c[0m
[1.419s] [35m[1mConsolidate compiler generated dependencies of target my_msg_interfaces__rosidl_typesupport_cpp[0m
[1.419s] [ 41%] Built target my_msg_interfaces__rosidl_typesupport_introspection_cpp
[1.419s] [ 41%] Built target my_msg_interfaces__rosidl_typesupport_introspection_c
[1.419s] [ 41%] Built target my_msg_interfaces__rosidl_typesupport_fastrtps_c
[1.419s] [ 51%] Built target my_msg_interfaces__rosidl_typesupport_fastrtps_cpp
[1.419s] [35m[1mConsolidate compiler generated dependencies of target my_msg_interfaces__rosidl_typesupport_c[0m
[1.420s] [ 61%] Built target my_msg_interfaces__rosidl_typesupport_cpp
[1.420s] [ 70%] Built target my_msg_interfaces__rosidl_typesupport_c
[1.420s] [ 70%] Built target my_msg_interfaces
[1.420s] [ 74%] Built target my_msg_interfaces__py
[1.420s] [35m[1mConsolidate compiler generated dependencies of target my_msg_interfaces__rosidl_generator_py[0m
[1.420s] [ 80%] Built target my_msg_interfaces__rosidl_generator_py
[1.420s] [35m[1mConsolidate compiler generated dependencies of target my_msg_interfaces__rosidl_typesupport_c__pyext[0m
[1.420s] [35m[1mConsolidate compiler generated dependencies of target my_msg_interfaces__rosidl_typesupport_introspection_c__pyext[0m
[1.420s] [35m[1mConsolidate compiler generated dependencies of target my_msg_interfaces__rosidl_typesupport_fastrtps_c__pyext[0m
[1.420s] [100%] Built target my_msg_interfaces__rosidl_typesupport_introspection_c__pyext
[1.421s] [100%] Built target my_msg_interfaces__rosidl_typesupport_fastrtps_c__pyext
[1.421s] [100%] Built target my_msg_interfaces__rosidl_typesupport_c__pyext
[1.421s] running egg_info
[1.421s] writing my_msg_interfaces.egg-info/PKG-INFO
[1.422s] writing dependency_links to my_msg_interfaces.egg-info/dependency_links.txt
[1.422s] writing top-level names to my_msg_interfaces.egg-info/top_level.txt
[1.422s] reading manifest file 'my_msg_interfaces.egg-info/SOURCES.txt'
[1.422s] writing manifest file 'my_msg_interfaces.egg-info/SOURCES.txt'
[1.422s] [100%] Built target ament_cmake_python_build_my_msg_interfaces_egg
[1.425s] Invoked command in '/root/ros2_frws/src/build/my_msg_interfaces' returned '0': CMAKE_PREFIX_PATH=${CMAKE_PREFIX_PATH}:/root/ros2_frws/src/install/challenge_2:/root/ros2_frws/src/install/moveit_configs_utils:/root/ros2_frws/src/install/course_works:/root/ros2_frws/src/install/basic_comms_param:/root/ros2_frws/src/install/basic_comms:/root/ros2_frws/install/challenge_2:/root/ros2_frws/install/moveit_configs_utils:/root/ros2_frws/install/course_works:/root/ros2_frws/install/basic_comms_params:/root/ros2_frws/install/basic_comms_param:/root/ros2_frws/install/basic_comms:/opt/ros/humble /usr/bin/cmake --build /root/ros2_frws/src/build/my_msg_interfaces -- -j16 -l16
[1.599s] Invoking command in '/root/ros2_frws/src/build/my_msg_interfaces': CMAKE_PREFIX_PATH=${CMAKE_PREFIX_PATH}:/root/ros2_frws/src/install/challenge_2:/root/ros2_frws/src/install/moveit_configs_utils:/root/ros2_frws/src/install/course_works:/root/ros2_frws/src/install/basic_comms_param:/root/ros2_frws/src/install/basic_comms:/root/ros2_frws/install/challenge_2:/root/ros2_frws/install/moveit_configs_utils:/root/ros2_frws/install/course_works:/root/ros2_frws/install/basic_comms_params:/root/ros2_frws/install/basic_comms_param:/root/ros2_frws/install/basic_comms:/opt/ros/humble /usr/bin/cmake --install /root/ros2_frws/src/build/my_msg_interfaces
[1.609s] -- Install configuration: ""
[1.609s] -- Up-to-date: /root/ros2_frws/src/install/my_msg_interfaces/share/ament_index/resource_index/rosidl_interfaces/my_msg_interfaces
[1.609s] -- Up-to-date: /root/ros2_frws/src/install/my_msg_interfaces/include/my_msg_interfaces/my_msg_interfaces
[1.610s] -- Up-to-date: /root/ros2_frws/src/install/my_msg_interfaces/include/my_msg_interfaces/my_msg_interfaces/msg
[1.610s] -- Up-to-date: /root/ros2_frws/src/install/my_msg_interfaces/include/my_msg_interfaces/my_msg_interfaces/msg/rosidl_generator_c__visibility_control.h
[1.610s] -- Up-to-date: /root/ros2_frws/src/install/my_msg_interfaces/include/my_msg_interfaces/my_msg_interfaces/msg/detail
[1.610s] -- Up-to-date: /root/ros2_frws/src/install/my_msg_interfaces/include/my_msg_interfaces/my_msg_interfaces/msg/detail/my_parameter__struct.h
[1.610s] -- Up-to-date: /root/ros2_frws/src/install/my_msg_interfaces/include/my_msg_interfaces/my_msg_interfaces/msg/detail/my_parameter__type_support.h
[1.611s] -- Up-to-date: /root/ros2_frws/src/install/my_msg_interfaces/include/my_msg_interfaces/my_msg_interfaces/msg/detail/my_parameter__functions.h
[1.611s] -- Up-to-date: /root/ros2_frws/src/install/my_msg_interfaces/include/my_msg_interfaces/my_msg_interfaces/msg/detail/my_parameter__functions.c
[1.611s] -- Up-to-date: /root/ros2_frws/src/install/my_msg_interfaces/include/my_msg_interfaces/my_msg_interfaces/msg/my_parameter.h
[1.611s] -- Up-to-date: /root/ros2_frws/src/install/my_msg_interfaces/share/my_msg_interfaces/environment/library_path.sh
[1.611s] -- Up-to-date: /root/ros2_frws/src/install/my_msg_interfaces/share/my_msg_interfaces/environment/library_path.dsv
[1.611s] -- Up-to-date: /root/ros2_frws/src/install/my_msg_interfaces/lib/libmy_msg_interfaces__rosidl_generator_c.so
[1.612s] -- Up-to-date: /root/ros2_frws/src/install/my_msg_interfaces/include/my_msg_interfaces/my_msg_interfaces
[1.612s] -- Up-to-date: /root/ros2_frws/src/install/my_msg_interfaces/include/my_msg_interfaces/my_msg_interfaces/msg
[1.612s] -- Up-to-date: /root/ros2_frws/src/install/my_msg_interfaces/include/my_msg_interfaces/my_msg_interfaces/msg/rosidl_typesupport_fastrtps_c__visibility_control.h
[1.612s] -- Up-to-date: /root/ros2_frws/src/install/my_msg_interfaces/include/my_msg_interfaces/my_msg_interfaces/msg/detail
[1.612s] -- Up-to-date: /root/ros2_frws/src/install/my_msg_interfaces/include/my_msg_interfaces/my_msg_interfaces/msg/detail/my_parameter__rosidl_typesupport_fastrtps_c.h
[1.612s] -- Up-to-date: /root/ros2_frws/src/install/my_msg_interfaces/lib/libmy_msg_interfaces__rosidl_typesupport_fastrtps_c.so
[1.612s] -- Up-to-date: /root/ros2_frws/src/install/my_msg_interfaces/include/my_msg_interfaces/my_msg_interfaces
[1.612s] -- Up-to-date: /root/ros2_frws/src/install/my_msg_interfaces/include/my_msg_interfaces/my_msg_interfaces/msg
[1.613s] -- Up-to-date: /root/ros2_frws/src/install/my_msg_interfaces/include/my_msg_interfaces/my_msg_interfaces/msg/detail
[1.613s] -- Up-to-date: /root/ros2_frws/src/install/my_msg_interfaces/include/my_msg_interfaces/my_msg_interfaces/msg/detail/my_parameter__traits.hpp
[1.613s] -- Up-to-date: /root/ros2_frws/src/install/my_msg_interfaces/include/my_msg_interfaces/my_msg_interfaces/msg/detail/my_parameter__builder.hpp
[1.613s] -- Up-to-date: /root/ros2_frws/src/install/my_msg_interfaces/include/my_msg_interfaces/my_msg_interfaces/msg/detail/my_parameter__struct.hpp
[1.614s] -- Up-to-date: /root/ros2_frws/src/install/my_msg_interfaces/include/my_msg_interfaces/my_msg_interfaces/msg/my_parameter.hpp
[1.614s] -- Up-to-date: /root/ros2_frws/src/install/my_msg_interfaces/include/my_msg_interfaces/my_msg_interfaces
[1.614s] -- Up-to-date: /root/ros2_frws/src/install/my_msg_interfaces/include/my_msg_interfaces/my_msg_interfaces/msg
[1.614s] -- Up-to-date: /root/ros2_frws/src/install/my_msg_interfaces/include/my_msg_interfaces/my_msg_interfaces/msg/detail
[1.615s] -- Up-to-date: /root/ros2_frws/src/install/my_msg_interfaces/include/my_msg_interfaces/my_msg_interfaces/msg/detail/dds_fastrtps
[1.615s] -- Up-to-date: /root/ros2_frws/src/install/my_msg_interfaces/include/my_msg_interfaces/my_msg_interfaces/msg/detail/my_parameter__rosidl_typesupport_fastrtps_cpp.hpp
[1.615s] -- Up-to-date: /root/ros2_frws/src/install/my_msg_interfaces/include/my_msg_interfaces/my_msg_interfaces/msg/rosidl_typesupport_fastrtps_cpp__visibility_control.h
[1.615s] -- Up-to-date: /root/ros2_frws/src/install/my_msg_interfaces/lib/libmy_msg_interfaces__rosidl_typesupport_fastrtps_cpp.so
[1.616s] -- Up-to-date: /root/ros2_frws/src/install/my_msg_interfaces/include/my_msg_interfaces/my_msg_interfaces
[1.616s] -- Up-to-date: /root/ros2_frws/src/install/my_msg_interfaces/include/my_msg_interfaces/my_msg_interfaces/msg
[1.616s] -- Up-to-date: /root/ros2_frws/src/install/my_msg_interfaces/include/my_msg_interfaces/my_msg_interfaces/msg/rosidl_typesupport_introspection_c__visibility_control.h
[1.616s] -- Up-to-date: /root/ros2_frws/src/install/my_msg_interfaces/include/my_msg_interfaces/my_msg_interfaces/msg/detail
[1.616s] -- Up-to-date: /root/ros2_frws/src/install/my_msg_interfaces/include/my_msg_interfaces/my_msg_interfaces/msg/detail/my_parameter__rosidl_typesupport_introspection_c.h
[1.617s] -- Up-to-date: /root/ros2_frws/src/install/my_msg_interfaces/include/my_msg_interfaces/my_msg_interfaces/msg/detail/my_parameter__type_support.c
[1.617s] -- Up-to-date: /root/ros2_frws/src/install/my_msg_interfaces/lib/libmy_msg_interfaces__rosidl_typesupport_introspection_c.so
[1.617s] -- Up-to-date: /root/ros2_frws/src/install/my_msg_interfaces/lib/libmy_msg_interfaces__rosidl_typesupport_c.so
[1.617s] -- Up-to-date: /root/ros2_frws/src/install/my_msg_interfaces/include/my_msg_interfaces/my_msg_interfaces
[1.617s] -- Up-to-date: /root/ros2_frws/src/install/my_msg_interfaces/include/my_msg_interfaces/my_msg_interfaces/msg
[1.617s] -- Up-to-date: /root/ros2_frws/src/install/my_msg_interfaces/include/my_msg_interfaces/my_msg_interfaces/msg/detail
[1.617s] -- Up-to-date: /root/ros2_frws/src/install/my_msg_interfaces/include/my_msg_interfaces/my_msg_interfaces/msg/detail/my_parameter__type_support.cpp
[1.618s] -- Up-to-date: /root/ros2_frws/src/install/my_msg_interfaces/include/my_msg_interfaces/my_msg_interfaces/msg/detail/my_parameter__rosidl_typesupport_introspection_cpp.hpp
[1.618s] -- Up-to-date: /root/ros2_frws/src/install/my_msg_interfaces/lib/libmy_msg_interfaces__rosidl_typesupport_introspection_cpp.so
[1.618s] -- Up-to-date: /root/ros2_frws/src/install/my_msg_interfaces/lib/libmy_msg_interfaces__rosidl_typesupport_cpp.so
[1.618s] -- Up-to-date: /root/ros2_frws/src/install/my_msg_interfaces/share/my_msg_interfaces/environment/pythonpath.sh
[1.619s] -- Up-to-date: /root/ros2_frws/src/install/my_msg_interfaces/share/my_msg_interfaces/environment/pythonpath.dsv
[1.619s] -- Up-to-date: /root/ros2_frws/src/install/my_msg_interfaces/local/lib/python3.10/dist-packages/my_msg_interfaces-0.0.0-py3.10.egg-info
[1.619s] -- Installing: /root/ros2_frws/src/install/my_msg_interfaces/local/lib/python3.10/dist-packages/my_msg_interfaces-0.0.0-py3.10.egg-info/PKG-INFO
[1.619s] -- Installing: /root/ros2_frws/src/install/my_msg_interfaces/local/lib/python3.10/dist-packages/my_msg_interfaces-0.0.0-py3.10.egg-info/dependency_links.txt
[1.619s] -- Installing: /root/ros2_frws/src/install/my_msg_interfaces/local/lib/python3.10/dist-packages/my_msg_interfaces-0.0.0-py3.10.egg-info/SOURCES.txt
[1.619s] -- Installing: /root/ros2_frws/src/install/my_msg_interfaces/local/lib/python3.10/dist-packages/my_msg_interfaces-0.0.0-py3.10.egg-info/top_level.txt
[1.619s] -- Up-to-date: /root/ros2_frws/src/install/my_msg_interfaces/local/lib/python3.10/dist-packages/my_msg_interfaces
[1.619s] -- Up-to-date: /root/ros2_frws/src/install/my_msg_interfaces/local/lib/python3.10/dist-packages/my_msg_interfaces/my_msg_interfaces_s__rosidl_typesupport_introspection_c.cpython-310-x86_64-linux-gnu.so
[1.620s] -- Up-to-date: /root/ros2_frws/src/install/my_msg_interfaces/local/lib/python3.10/dist-packages/my_msg_interfaces/my_msg_interfaces_s__rosidl_typesupport_c.cpython-310-x86_64-linux-gnu.so
[1.621s] -- Up-to-date: /root/ros2_frws/src/install/my_msg_interfaces/local/lib/python3.10/dist-packages/my_msg_interfaces/_my_msg_interfaces_s.ep.rosidl_typesupport_c.c
[1.621s] -- Up-to-date: /root/ros2_frws/src/install/my_msg_interfaces/local/lib/python3.10/dist-packages/my_msg_interfaces/my_msg_interfaces_s__rosidl_typesupport_fastrtps_c.cpython-310-x86_64-linux-gnu.so
[1.621s] -- Up-to-date: /root/ros2_frws/src/install/my_msg_interfaces/local/lib/python3.10/dist-packages/my_msg_interfaces/_my_msg_interfaces_s.ep.rosidl_typesupport_fastrtps_c.c
[1.621s] -- Up-to-date: /root/ros2_frws/src/install/my_msg_interfaces/local/lib/python3.10/dist-packages/my_msg_interfaces/libmy_msg_interfaces__rosidl_generator_py.so
[1.622s] -- Up-to-date: /root/ros2_frws/src/install/my_msg_interfaces/local/lib/python3.10/dist-packages/my_msg_interfaces/_my_msg_interfaces_s.ep.rosidl_typesupport_introspection_c.c
[1.622s] -- Up-to-date: /root/ros2_frws/src/install/my_msg_interfaces/local/lib/python3.10/dist-packages/my_msg_interfaces/__init__.py
[1.622s] -- Up-to-date: /root/ros2_frws/src/install/my_msg_interfaces/local/lib/python3.10/dist-packages/my_msg_interfaces/msg
[1.622s] -- Up-to-date: /root/ros2_frws/src/install/my_msg_interfaces/local/lib/python3.10/dist-packages/my_msg_interfaces/msg/_my_parameter_s.c
[1.622s] -- Up-to-date: /root/ros2_frws/src/install/my_msg_interfaces/local/lib/python3.10/dist-packages/my_msg_interfaces/msg/__init__.py
[1.622s] -- Up-to-date: /root/ros2_frws/src/install/my_msg_interfaces/local/lib/python3.10/dist-packages/my_msg_interfaces/msg/_my_parameter.py
[1.677s] Listing '/root/ros2_frws/src/install/my_msg_interfaces/local/lib/python3.10/dist-packages/my_msg_interfaces'...
[1.677s] Listing '/root/ros2_frws/src/install/my_msg_interfaces/local/lib/python3.10/dist-packages/my_msg_interfaces/msg'...
[1.684s] -- Up-to-date: /root/ros2_frws/src/install/my_msg_interfaces/local/lib/python3.10/dist-packages/my_msg_interfaces/my_msg_interfaces_s__rosidl_typesupport_fastrtps_c.cpython-310-x86_64-linux-gnu.so
[1.684s] -- Up-to-date: /root/ros2_frws/src/install/my_msg_interfaces/local/lib/python3.10/dist-packages/my_msg_interfaces/my_msg_interfaces_s__rosidl_typesupport_introspection_c.cpython-310-x86_64-linux-gnu.so
[1.684s] -- Up-to-date: /root/ros2_frws/src/install/my_msg_interfaces/local/lib/python3.10/dist-packages/my_msg_interfaces/my_msg_interfaces_s__rosidl_typesupport_c.cpython-310-x86_64-linux-gnu.so
[1.685s] -- Up-to-date: /root/ros2_frws/src/install/my_msg_interfaces/lib/libmy_msg_interfaces__rosidl_generator_py.so
[1.686s] -- Up-to-date: /root/ros2_frws/src/install/my_msg_interfaces/share/my_msg_interfaces/msg/MyParameter.idl
[1.686s] -- Up-to-date: /root/ros2_frws/src/install/my_msg_interfaces/share/my_msg_interfaces/msg/MyParameter.msg
[1.686s] -- Up-to-date: /root/ros2_frws/src/install/my_msg_interfaces/share/ament_index/resource_index/package_run_dependencies/my_msg_interfaces
[1.687s] -- Up-to-date: /root/ros2_frws/src/install/my_msg_interfaces/share/ament_index/resource_index/parent_prefix_path/my_msg_interfaces
[1.687s] -- Up-to-date: /root/ros2_frws/src/install/my_msg_interfaces/share/my_msg_interfaces/environment/ament_prefix_path.sh
[1.687s] -- Up-to-date: /root/ros2_frws/src/install/my_msg_interfaces/share/my_msg_interfaces/environment/ament_prefix_path.dsv
[1.687s] -- Up-to-date: /root/ros2_frws/src/install/my_msg_interfaces/share/my_msg_interfaces/environment/path.sh
[1.688s] -- Up-to-date: /root/ros2_frws/src/install/my_msg_interfaces/share/my_msg_interfaces/environment/path.dsv
[1.688s] -- Up-to-date: /root/ros2_frws/src/install/my_msg_interfaces/share/my_msg_interfaces/local_setup.bash
[1.688s] -- Up-to-date: /root/ros2_frws/src/install/my_msg_interfaces/share/my_msg_interfaces/local_setup.sh
[1.688s] -- Up-to-date: /root/ros2_frws/src/install/my_msg_interfaces/share/my_msg_interfaces/local_setup.zsh
[1.688s] -- Up-to-date: /root/ros2_frws/src/install/my_msg_interfaces/share/my_msg_interfaces/local_setup.dsv
[1.689s] -- Installing: /root/ros2_frws/src/install/my_msg_interfaces/share/my_msg_interfaces/package.dsv
[1.689s] -- Up-to-date: /root/ros2_frws/src/install/my_msg_interfaces/share/ament_index/resource_index/packages/my_msg_interfaces
[1.689s] -- Up-to-date: /root/ros2_frws/src/install/my_msg_interfaces/share/my_msg_interfaces/cmake/export_my_msg_interfaces__rosidl_generator_cExport.cmake
[1.689s] -- Up-to-date: /root/ros2_frws/src/install/my_msg_interfaces/share/my_msg_interfaces/cmake/export_my_msg_interfaces__rosidl_generator_cExport-noconfig.cmake
[1.689s] -- Up-to-date: /root/ros2_frws/src/install/my_msg_interfaces/share/my_msg_interfaces/cmake/export_my_msg_interfaces__rosidl_typesupport_fastrtps_cExport.cmake
[1.690s] -- Up-to-date: /root/ros2_frws/src/install/my_msg_interfaces/share/my_msg_interfaces/cmake/export_my_msg_interfaces__rosidl_typesupport_fastrtps_cExport-noconfig.cmake
[1.690s] -- Up-to-date: /root/ros2_frws/src/install/my_msg_interfaces/share/my_msg_interfaces/cmake/export_my_msg_interfaces__rosidl_generator_cppExport.cmake
[1.690s] -- Up-to-date: /root/ros2_frws/src/install/my_msg_interfaces/share/my_msg_interfaces/cmake/export_my_msg_interfaces__rosidl_typesupport_fastrtps_cppExport.cmake
[1.690s] -- Up-to-date: /root/ros2_frws/src/install/my_msg_interfaces/share/my_msg_interfaces/cmake/export_my_msg_interfaces__rosidl_typesupport_fastrtps_cppExport-noconfig.cmake
[1.690s] -- Up-to-date: /root/ros2_frws/src/install/my_msg_interfaces/share/my_msg_interfaces/cmake/my_msg_interfaces__rosidl_typesupport_introspection_cExport.cmake
[1.691s] -- Up-to-date: /root/ros2_frws/src/install/my_msg_interfaces/share/my_msg_interfaces/cmake/my_msg_interfaces__rosidl_typesupport_introspection_cExport-noconfig.cmake
[1.691s] -- Up-to-date: /root/ros2_frws/src/install/my_msg_interfaces/share/my_msg_interfaces/cmake/my_msg_interfaces__rosidl_typesupport_cExport.cmake
[1.691s] -- Up-to-date: /root/ros2_frws/src/install/my_msg_interfaces/share/my_msg_interfaces/cmake/my_msg_interfaces__rosidl_typesupport_cExport-noconfig.cmake
[1.692s] -- Up-to-date: /root/ros2_frws/src/install/my_msg_interfaces/share/my_msg_interfaces/cmake/my_msg_interfaces__rosidl_typesupport_introspection_cppExport.cmake
[1.692s] -- Up-to-date: /root/ros2_frws/src/install/my_msg_interfaces/share/my_msg_interfaces/cmake/my_msg_interfaces__rosidl_typesupport_introspection_cppExport-noconfig.cmake
[1.692s] -- Up-to-date: /root/ros2_frws/src/install/my_msg_interfaces/share/my_msg_interfaces/cmake/my_msg_interfaces__rosidl_typesupport_cppExport.cmake
[1.693s] -- Up-to-date: /root/ros2_frws/src/install/my_msg_interfaces/share/my_msg_interfaces/cmake/my_msg_interfaces__rosidl_typesupport_cppExport-noconfig.cmake
[1.693s] -- Up-to-date: /root/ros2_frws/src/install/my_msg_interfaces/share/my_msg_interfaces/cmake/export_my_msg_interfaces__rosidl_generator_pyExport.cmake
[1.693s] -- Up-to-date: /root/ros2_frws/src/install/my_msg_interfaces/share/my_msg_interfaces/cmake/export_my_msg_interfaces__rosidl_generator_pyExport-noconfig.cmake
[1.693s] -- Up-to-date: /root/ros2_frws/src/install/my_msg_interfaces/share/my_msg_interfaces/cmake/rosidl_cmake-extras.cmake
[1.693s] -- Up-to-date: /root/ros2_frws/src/install/my_msg_interfaces/share/my_msg_interfaces/cmake/ament_cmake_export_dependencies-extras.cmake
[1.693s] -- Up-to-date: /root/ros2_frws/src/install/my_msg_interfaces/share/my_msg_interfaces/cmake/ament_cmake_export_include_directories-extras.cmake
[1.693s] -- Up-to-date: /root/ros2_frws/src/install/my_msg_interfaces/share/my_msg_interfaces/cmake/ament_cmake_export_libraries-extras.cmake
[1.694s] -- Up-to-date: /root/ros2_frws/src/install/my_msg_interfaces/share/my_msg_interfaces/cmake/ament_cmake_export_targets-extras.cmake
[1.694s] -- Up-to-date: /root/ros2_frws/src/install/my_msg_interfaces/share/my_msg_interfaces/cmake/rosidl_cmake_export_typesupport_targets-extras.cmake
[1.694s] -- Up-to-date: /root/ros2_frws/src/install/my_msg_interfaces/share/my_msg_interfaces/cmake/rosidl_cmake_export_typesupport_libraries-extras.cmake
[1.694s] -- Up-to-date: /root/ros2_frws/src/install/my_msg_interfaces/share/my_msg_interfaces/cmake/my_msg_interfacesConfig.cmake
[1.694s] -- Up-to-date: /root/ros2_frws/src/install/my_msg_interfaces/share/my_msg_interfaces/cmake/my_msg_interfacesConfig-version.cmake
[1.695s] -- Up-to-date: /root/ros2_frws/src/install/my_msg_interfaces/share/my_msg_interfaces/package.xml
[1.808s] Invoked command in '/root/ros2_frws/src/build/my_msg_interfaces' returned '0': CMAKE_PREFIX_PATH=${CMAKE_PREFIX_PATH}:/root/ros2_frws/src/install/challenge_2:/root/ros2_frws/src/install/moveit_configs_utils:/root/ros2_frws/src/install/course_works:/root/ros2_frws/src/install/basic_comms_param:/root/ros2_frws/src/install/basic_comms:/root/ros2_frws/install/challenge_2:/root/ros2_frws/install/moveit_configs_utils:/root/ros2_frws/install/course_works:/root/ros2_frws/install/basic_comms_params:/root/ros2_frws/install/basic_comms_param:/root/ros2_frws/install/basic_comms:/opt/ros/humble /usr/bin/cmake --install /root/ros2_frws/src/build/my_msg_interfaces
