[1.578s] DEBUG:colcon:Command line arguments: ['/usr/bin/colcon', 'build', '--packages-select', 'xarm_api']
[1.579s] DEBUG:colcon:Parsed command line arguments: Namespace(log_base=None, log_level=None, verb_name='build', build_base='build', install_base='install', merge_install=False, symlink_install=False, test_result_base=None, continue_on_error=False, executor='parallel', parallel_workers=16, event_handlers=None, ignore_user_meta=False, metas=['./colcon.meta'], base_paths=['.'], packages_ignore=None, packages_ignore_regex=None, paths=None, packages_up_to=None, packages_up_to_regex=None, packages_above=None, packages_above_and_dependencies=None, packages_above_depth=None, packages_select_by_dep=None, packages_skip_by_dep=None, packages_skip_up_to=None, packages_select_build_failed=False, packages_skip_build_finished=False, packages_select_test_failures=False, packages_skip_test_passed=False, packages_select=['xarm_api'], packages_skip=None, packages_select_regex=None, packages_skip_regex=None, packages_start=None, packages_end=None, cmake_args=None, cmake_target=None, cmake_target_skip_unavailable=False, cmake_clean_cache=False, cmake_clean_first=False, cmake_force_configure=False, ament_cmake_args=None, catkin_cmake_args=None, catkin_skip_building_tests=False, mixin_files=None, mixin=None, verb_parser=<colcon_mixin.mixin.mixin_argument.MixinArgumentDecorator object at 0x7fd5b2da2380>, verb_extension=<colcon_core.verb.build.BuildVerb object at 0x7fd5b32b3df0>, main=<bound method BuildVerb.main of <colcon_core.verb.build.BuildVerb object at 0x7fd5b32b3df0>>, mixin_verb=('build',))
[1.635s] Level 1:colcon.colcon_core.package_discovery:discover_packages(colcon_meta) check parameters
[1.636s] INFO:colcon.colcon_metadata.package_discovery.colcon_meta:Using configuration from '/root/.colcon/metadata/default/Gazebo.meta'
[1.636s] INFO:colcon.colcon_metadata.package_discovery.colcon_meta:Using configuration from '/root/.colcon/metadata/default/fastrtps.meta'
[1.636s] Level 1:colcon.colcon_core.package_discovery:discover_packages(recursive) check parameters
[1.636s] Level 1:colcon.colcon_core.package_discovery:discover_packages(ignore) check parameters
[1.636s] Level 1:colcon.colcon_core.package_discovery:discover_packages(path) check parameters
[1.636s] Level 1:colcon.colcon_core.package_discovery:discover_packages(colcon_meta) discover
[1.636s] Level 1:colcon.colcon_core.package_discovery:discover_packages(recursive) discover
[1.636s] INFO:colcon.colcon_core.package_discovery:Crawling recursively for packages in '/root/ros2_frws/src'
[1.636s] Level 1:colcon.colcon_core.package_identification:_identify(.) by extensions ['ignore', 'ignore_ament_install']
[1.637s] Level 1:colcon.colcon_core.package_identification:_identify(.) by extension 'ignore'
[1.637s] Level 1:colcon.colcon_core.package_identification:_identify(.) by extension 'ignore_ament_install'
[1.637s] Level 1:colcon.colcon_core.package_identification:_identify(.) by extensions ['colcon_pkg']
[1.637s] Level 1:colcon.colcon_core.package_identification:_identify(.) by extension 'colcon_pkg'
[1.637s] Level 1:colcon.colcon_core.package_identification:_identify(.) by extensions ['colcon_meta']
[1.637s] Level 1:colcon.colcon_core.package_identification:_identify(.) by extension 'colcon_meta'
[1.637s] Level 1:colcon.colcon_core.package_identification:_identify(.) by extensions ['ros']
[1.637s] Level 1:colcon.colcon_core.package_identification:_identify(.) by extension 'ros'
[1.651s] Level 1:colcon.colcon_core.package_identification:_identify(.) by extensions ['cmake', 'python']
[1.652s] Level 1:colcon.colcon_core.package_identification:_identify(.) by extension 'cmake'
[1.652s] Level 1:colcon.colcon_core.package_identification:_identify(.) by extension 'python'
[1.652s] Level 1:colcon.colcon_core.package_identification:_identify(.) by extensions ['python_setup_py']
[1.652s] Level 1:colcon.colcon_core.package_identification:_identify(.) by extension 'python_setup_py'
[1.652s] Level 1:colcon.colcon_core.package_identification:_identify(basic_comms) by extensions ['ignore', 'ignore_ament_install']
[1.652s] Level 1:colcon.colcon_core.package_identification:_identify(basic_comms) by extension 'ignore'
[1.652s] Level 1:colcon.colcon_core.package_identification:_identify(basic_comms) by extension 'ignore_ament_install'
[1.652s] Level 1:colcon.colcon_core.package_identification:_identify(basic_comms) by extensions ['colcon_pkg']
[1.652s] Level 1:colcon.colcon_core.package_identification:_identify(basic_comms) by extension 'colcon_pkg'
[1.652s] Level 1:colcon.colcon_core.package_identification:_identify(basic_comms) by extensions ['colcon_meta']
[1.652s] Level 1:colcon.colcon_core.package_identification:_identify(basic_comms) by extension 'colcon_meta'
[1.652s] Level 1:colcon.colcon_core.package_identification:_identify(basic_comms) by extensions ['ros']
[1.652s] Level 1:colcon.colcon_core.package_identification:_identify(basic_comms) by extension 'ros'
[1.655s] DEBUG:colcon.colcon_core.package_identification:Package 'basic_comms' with type 'ros.ament_python' and name 'basic_comms'
[1.655s] Level 1:colcon.colcon_core.package_identification:_identify(basic_comms_param) by extensions ['ignore', 'ignore_ament_install']
[1.655s] Level 1:colcon.colcon_core.package_identification:_identify(basic_comms_param) by extension 'ignore'
[1.655s] Level 1:colcon.colcon_core.package_identification:_identify(basic_comms_param) by extension 'ignore_ament_install'
[1.655s] Level 1:colcon.colcon_core.package_identification:_identify(basic_comms_param) by extensions ['colcon_pkg']
[1.655s] Level 1:colcon.colcon_core.package_identification:_identify(basic_comms_param) by extension 'colcon_pkg'
[1.655s] Level 1:colcon.colcon_core.package_identification:_identify(basic_comms_param) by extensions ['colcon_meta']
[1.655s] Level 1:colcon.colcon_core.package_identification:_identify(basic_comms_param) by extension 'colcon_meta'
[1.655s] Level 1:colcon.colcon_core.package_identification:_identify(basic_comms_param) by extensions ['ros']
[1.655s] Level 1:colcon.colcon_core.package_identification:_identify(basic_comms_param) by extension 'ros'
[1.656s] DEBUG:colcon.colcon_core.package_identification:Package 'basic_comms_param' with type 'ros.ament_python' and name 'basic_comms_param'
[1.656s] Level 1:colcon.colcon_core.package_identification:_identify(build) by extensions ['ignore', 'ignore_ament_install']
[1.656s] Level 1:colcon.colcon_core.package_identification:_identify(build) by extension 'ignore'
[1.656s] Level 1:colcon.colcon_core.package_identification:_identify(build) ignored
[1.656s] Level 1:colcon.colcon_core.package_identification:_identify(challenge_2) by extensions ['ignore', 'ignore_ament_install']
[1.656s] Level 1:colcon.colcon_core.package_identification:_identify(challenge_2) by extension 'ignore'
[1.656s] Level 1:colcon.colcon_core.package_identification:_identify(challenge_2) by extension 'ignore_ament_install'
[1.656s] Level 1:colcon.colcon_core.package_identification:_identify(challenge_2) by extensions ['colcon_pkg']
[1.656s] Level 1:colcon.colcon_core.package_identification:_identify(challenge_2) by extension 'colcon_pkg'
[1.657s] Level 1:colcon.colcon_core.package_identification:_identify(challenge_2) by extensions ['colcon_meta']
[1.657s] Level 1:colcon.colcon_core.package_identification:_identify(challenge_2) by extension 'colcon_meta'
[1.657s] Level 1:colcon.colcon_core.package_identification:_identify(challenge_2) by extensions ['ros']
[1.657s] Level 1:colcon.colcon_core.package_identification:_identify(challenge_2) by extension 'ros'
[1.657s] DEBUG:colcon.colcon_core.package_identification:Package 'challenge_2' with type 'ros.ament_python' and name 'challenge_2'
[1.657s] Level 1:colcon.colcon_core.package_identification:_identify(course_works) by extensions ['ignore', 'ignore_ament_install']
[1.658s] Level 1:colcon.colcon_core.package_identification:_identify(course_works) by extension 'ignore'
[1.658s] Level 1:colcon.colcon_core.package_identification:_identify(course_works) by extension 'ignore_ament_install'
[1.658s] Level 1:colcon.colcon_core.package_identification:_identify(course_works) by extensions ['colcon_pkg']
[1.658s] Level 1:colcon.colcon_core.package_identification:_identify(course_works) by extension 'colcon_pkg'
[1.658s] Level 1:colcon.colcon_core.package_identification:_identify(course_works) by extensions ['colcon_meta']
[1.658s] Level 1:colcon.colcon_core.package_identification:_identify(course_works) by extension 'colcon_meta'
[1.658s] Level 1:colcon.colcon_core.package_identification:_identify(course_works) by extensions ['ros']
[1.658s] Level 1:colcon.colcon_core.package_identification:_identify(course_works) by extension 'ros'
[1.659s] DEBUG:colcon.colcon_core.package_identification:Package 'course_works' with type 'ros.ament_python' and name 'course_works'
[1.659s] Level 1:colcon.colcon_core.package_identification:_identify(install) by extensions ['ignore', 'ignore_ament_install']
[1.659s] Level 1:colcon.colcon_core.package_identification:_identify(install) by extension 'ignore'
[1.659s] Level 1:colcon.colcon_core.package_identification:_identify(install) ignored
[1.659s] Level 1:colcon.colcon_core.package_identification:_identify(log) by extensions ['ignore', 'ignore_ament_install']
[1.659s] Level 1:colcon.colcon_core.package_identification:_identify(log) by extension 'ignore'
[1.659s] Level 1:colcon.colcon_core.package_identification:_identify(log) ignored
[1.660s] Level 1:colcon.colcon_core.package_identification:_identify(xarm_ros2) by extensions ['ignore', 'ignore_ament_install']
[1.660s] Level 1:colcon.colcon_core.package_identification:_identify(xarm_ros2) by extension 'ignore'
[1.660s] Level 1:colcon.colcon_core.package_identification:_identify(xarm_ros2) by extension 'ignore_ament_install'
[1.660s] Level 1:colcon.colcon_core.package_identification:_identify(xarm_ros2) by extensions ['colcon_pkg']
[1.660s] Level 1:colcon.colcon_core.package_identification:_identify(xarm_ros2) by extension 'colcon_pkg'
[1.660s] Level 1:colcon.colcon_core.package_identification:_identify(xarm_ros2) by extensions ['colcon_meta']
[1.660s] Level 1:colcon.colcon_core.package_identification:_identify(xarm_ros2) by extension 'colcon_meta'
[1.660s] Level 1:colcon.colcon_core.package_identification:_identify(xarm_ros2) by extensions ['ros']
[1.660s] Level 1:colcon.colcon_core.package_identification:_identify(xarm_ros2) by extension 'ros'
[1.660s] Level 1:colcon.colcon_core.package_identification:_identify(xarm_ros2) by extensions ['cmake', 'python']
[1.660s] Level 1:colcon.colcon_core.package_identification:_identify(xarm_ros2) by extension 'cmake'
[1.660s] Level 1:colcon.colcon_core.package_identification:_identify(xarm_ros2) by extension 'python'
[1.660s] Level 1:colcon.colcon_core.package_identification:_identify(xarm_ros2) by extensions ['python_setup_py']
[1.660s] Level 1:colcon.colcon_core.package_identification:_identify(xarm_ros2) by extension 'python_setup_py'
[1.660s] Level 1:colcon.colcon_core.package_identification:_identify(xarm_ros2/build) by extensions ['ignore', 'ignore_ament_install']
[1.660s] Level 1:colcon.colcon_core.package_identification:_identify(xarm_ros2/build) by extension 'ignore'
[1.660s] Level 1:colcon.colcon_core.package_identification:_identify(xarm_ros2/build) ignored
[1.660s] Level 1:colcon.colcon_core.package_identification:_identify(xarm_ros2/install) by extensions ['ignore', 'ignore_ament_install']
[1.660s] Level 1:colcon.colcon_core.package_identification:_identify(xarm_ros2/install) by extension 'ignore'
[1.660s] Level 1:colcon.colcon_core.package_identification:_identify(xarm_ros2/install) ignored
[1.660s] Level 1:colcon.colcon_core.package_identification:_identify(xarm_ros2/log) by extensions ['ignore', 'ignore_ament_install']
[1.661s] Level 1:colcon.colcon_core.package_identification:_identify(xarm_ros2/log) by extension 'ignore'
[1.661s] Level 1:colcon.colcon_core.package_identification:_identify(xarm_ros2/log) ignored
[1.661s] Level 1:colcon.colcon_core.package_identification:_identify(xarm_ros2/thirdparty) by extensions ['ignore', 'ignore_ament_install']
[1.661s] Level 1:colcon.colcon_core.package_identification:_identify(xarm_ros2/thirdparty) by extension 'ignore'
[1.661s] Level 1:colcon.colcon_core.package_identification:_identify(xarm_ros2/thirdparty) by extension 'ignore_ament_install'
[1.661s] Level 1:colcon.colcon_core.package_identification:_identify(xarm_ros2/thirdparty) by extensions ['colcon_pkg']
[1.661s] Level 1:colcon.colcon_core.package_identification:_identify(xarm_ros2/thirdparty) by extension 'colcon_pkg'
[1.661s] Level 1:colcon.colcon_core.package_identification:_identify(xarm_ros2/thirdparty) by extensions ['colcon_meta']
[1.661s] Level 1:colcon.colcon_core.package_identification:_identify(xarm_ros2/thirdparty) by extension 'colcon_meta'
[1.661s] Level 1:colcon.colcon_core.package_identification:_identify(xarm_ros2/thirdparty) by extensions ['ros']
[1.661s] Level 1:colcon.colcon_core.package_identification:_identify(xarm_ros2/thirdparty) by extension 'ros'
[1.661s] Level 1:colcon.colcon_core.package_identification:_identify(xarm_ros2/thirdparty) by extensions ['cmake', 'python']
[1.661s] Level 1:colcon.colcon_core.package_identification:_identify(xarm_ros2/thirdparty) by extension 'cmake'
[1.661s] Level 1:colcon.colcon_core.package_identification:_identify(xarm_ros2/thirdparty) by extension 'python'
[1.661s] Level 1:colcon.colcon_core.package_identification:_identify(xarm_ros2/thirdparty) by extensions ['python_setup_py']
[1.661s] Level 1:colcon.colcon_core.package_identification:_identify(xarm_ros2/thirdparty) by extension 'python_setup_py'
[1.661s] Level 1:colcon.colcon_core.package_identification:_identify(xarm_ros2/thirdparty/realsense_gazebo_plugin) by extensions ['ignore', 'ignore_ament_install']
[1.661s] Level 1:colcon.colcon_core.package_identification:_identify(xarm_ros2/thirdparty/realsense_gazebo_plugin) by extension 'ignore'
[1.661s] Level 1:colcon.colcon_core.package_identification:_identify(xarm_ros2/thirdparty/realsense_gazebo_plugin) by extension 'ignore_ament_install'
[1.661s] Level 1:colcon.colcon_core.package_identification:_identify(xarm_ros2/thirdparty/realsense_gazebo_plugin) by extensions ['colcon_pkg']
[1.661s] Level 1:colcon.colcon_core.package_identification:_identify(xarm_ros2/thirdparty/realsense_gazebo_plugin) by extension 'colcon_pkg'
[1.661s] Level 1:colcon.colcon_core.package_identification:_identify(xarm_ros2/thirdparty/realsense_gazebo_plugin) by extensions ['colcon_meta']
[1.661s] Level 1:colcon.colcon_core.package_identification:_identify(xarm_ros2/thirdparty/realsense_gazebo_plugin) by extension 'colcon_meta'
[1.662s] Level 1:colcon.colcon_core.package_identification:_identify(xarm_ros2/thirdparty/realsense_gazebo_plugin) by extensions ['ros']
[1.662s] Level 1:colcon.colcon_core.package_identification:_identify(xarm_ros2/thirdparty/realsense_gazebo_plugin) by extension 'ros'
[1.663s] DEBUG:colcon.colcon_core.package_identification:Package 'xarm_ros2/thirdparty/realsense_gazebo_plugin' with type 'ros.ament_cmake' and name 'realsense_gazebo_plugin'
[1.663s] Level 1:colcon.colcon_core.package_identification:_identify(xarm_ros2/xarm_api) by extensions ['ignore', 'ignore_ament_install']
[1.663s] Level 1:colcon.colcon_core.package_identification:_identify(xarm_ros2/xarm_api) by extension 'ignore'
[1.663s] Level 1:colcon.colcon_core.package_identification:_identify(xarm_ros2/xarm_api) by extension 'ignore_ament_install'
[1.663s] Level 1:colcon.colcon_core.package_identification:_identify(xarm_ros2/xarm_api) by extensions ['colcon_pkg']
[1.663s] Level 1:colcon.colcon_core.package_identification:_identify(xarm_ros2/xarm_api) by extension 'colcon_pkg'
[1.663s] Level 1:colcon.colcon_core.package_identification:_identify(xarm_ros2/xarm_api) by extensions ['colcon_meta']
[1.663s] Level 1:colcon.colcon_core.package_identification:_identify(xarm_ros2/xarm_api) by extension 'colcon_meta'
[1.663s] Level 1:colcon.colcon_core.package_identification:_identify(xarm_ros2/xarm_api) by extensions ['ros']
[1.663s] Level 1:colcon.colcon_core.package_identification:_identify(xarm_ros2/xarm_api) by extension 'ros'
[1.665s] DEBUG:colcon.colcon_core.package_identification:Package 'xarm_ros2/xarm_api' with type 'ros.ament_cmake' and name 'xarm_api'
[1.665s] Level 1:colcon.colcon_core.package_identification:_identify(xarm_ros2/xarm_controller) by extensions ['ignore', 'ignore_ament_install']
[1.665s] Level 1:colcon.colcon_core.package_identification:_identify(xarm_ros2/xarm_controller) by extension 'ignore'
[1.665s] Level 1:colcon.colcon_core.package_identification:_identify(xarm_ros2/xarm_controller) by extension 'ignore_ament_install'
[1.665s] Level 1:colcon.colcon_core.package_identification:_identify(xarm_ros2/xarm_controller) by extensions ['colcon_pkg']
[1.665s] Level 1:colcon.colcon_core.package_identification:_identify(xarm_ros2/xarm_controller) by extension 'colcon_pkg'
[1.665s] Level 1:colcon.colcon_core.package_identification:_identify(xarm_ros2/xarm_controller) by extensions ['colcon_meta']
[1.665s] Level 1:colcon.colcon_core.package_identification:_identify(xarm_ros2/xarm_controller) by extension 'colcon_meta'
[1.665s] Level 1:colcon.colcon_core.package_identification:_identify(xarm_ros2/xarm_controller) by extensions ['ros']
[1.665s] Level 1:colcon.colcon_core.package_identification:_identify(xarm_ros2/xarm_controller) by extension 'ros'
[1.667s] DEBUG:colcon.colcon_core.package_identification:Package 'xarm_ros2/xarm_controller' with type 'ros.ament_cmake' and name 'xarm_controller'
[1.667s] Level 1:colcon.colcon_core.package_identification:_identify(xarm_ros2/xarm_description) by extensions ['ignore', 'ignore_ament_install']
[1.667s] Level 1:colcon.colcon_core.package_identification:_identify(xarm_ros2/xarm_description) by extension 'ignore'
[1.667s] Level 1:colcon.colcon_core.package_identification:_identify(xarm_ros2/xarm_description) by extension 'ignore_ament_install'
[1.667s] Level 1:colcon.colcon_core.package_identification:_identify(xarm_ros2/xarm_description) by extensions ['colcon_pkg']
[1.667s] Level 1:colcon.colcon_core.package_identification:_identify(xarm_ros2/xarm_description) by extension 'colcon_pkg'
[1.667s] Level 1:colcon.colcon_core.package_identification:_identify(xarm_ros2/xarm_description) by extensions ['colcon_meta']
[1.667s] Level 1:colcon.colcon_core.package_identification:_identify(xarm_ros2/xarm_description) by extension 'colcon_meta'
[1.667s] Level 1:colcon.colcon_core.package_identification:_identify(xarm_ros2/xarm_description) by extensions ['ros']
[1.667s] Level 1:colcon.colcon_core.package_identification:_identify(xarm_ros2/xarm_description) by extension 'ros'
[1.668s] DEBUG:colcon.colcon_core.package_identification:Package 'xarm_ros2/xarm_description' with type 'ros.ament_cmake' and name 'xarm_description'
[1.668s] Level 1:colcon.colcon_core.package_identification:_identify(xarm_ros2/xarm_gazebo) by extensions ['ignore', 'ignore_ament_install']
[1.668s] Level 1:colcon.colcon_core.package_identification:_identify(xarm_ros2/xarm_gazebo) by extension 'ignore'
[1.668s] Level 1:colcon.colcon_core.package_identification:_identify(xarm_ros2/xarm_gazebo) by extension 'ignore_ament_install'
[1.668s] Level 1:colcon.colcon_core.package_identification:_identify(xarm_ros2/xarm_gazebo) by extensions ['colcon_pkg']
[1.668s] Level 1:colcon.colcon_core.package_identification:_identify(xarm_ros2/xarm_gazebo) by extension 'colcon_pkg'
[1.669s] Level 1:colcon.colcon_core.package_identification:_identify(xarm_ros2/xarm_gazebo) by extensions ['colcon_meta']
[1.669s] Level 1:colcon.colcon_core.package_identification:_identify(xarm_ros2/xarm_gazebo) by extension 'colcon_meta'
[1.669s] Level 1:colcon.colcon_core.package_identification:_identify(xarm_ros2/xarm_gazebo) by extensions ['ros']
[1.669s] Level 1:colcon.colcon_core.package_identification:_identify(xarm_ros2/xarm_gazebo) by extension 'ros'
[1.670s] DEBUG:colcon.colcon_core.package_identification:Package 'xarm_ros2/xarm_gazebo' with type 'ros.ament_cmake' and name 'xarm_gazebo'
[1.670s] Level 1:colcon.colcon_core.package_identification:_identify(xarm_ros2/xarm_moveit_config) by extensions ['ignore', 'ignore_ament_install']
[1.670s] Level 1:colcon.colcon_core.package_identification:_identify(xarm_ros2/xarm_moveit_config) by extension 'ignore'
[1.670s] Level 1:colcon.colcon_core.package_identification:_identify(xarm_ros2/xarm_moveit_config) by extension 'ignore_ament_install'
[1.670s] Level 1:colcon.colcon_core.package_identification:_identify(xarm_ros2/xarm_moveit_config) by extensions ['colcon_pkg']
[1.670s] Level 1:colcon.colcon_core.package_identification:_identify(xarm_ros2/xarm_moveit_config) by extension 'colcon_pkg'
[1.670s] Level 1:colcon.colcon_core.package_identification:_identify(xarm_ros2/xarm_moveit_config) by extensions ['colcon_meta']
[1.670s] Level 1:colcon.colcon_core.package_identification:_identify(xarm_ros2/xarm_moveit_config) by extension 'colcon_meta'
[1.670s] Level 1:colcon.colcon_core.package_identification:_identify(xarm_ros2/xarm_moveit_config) by extensions ['ros']
[1.670s] Level 1:colcon.colcon_core.package_identification:_identify(xarm_ros2/xarm_moveit_config) by extension 'ros'
[1.671s] DEBUG:colcon.colcon_core.package_identification:Package 'xarm_ros2/xarm_moveit_config' with type 'ros.ament_cmake' and name 'xarm_moveit_config'
[1.672s] Level 1:colcon.colcon_core.package_identification:_identify(xarm_ros2/xarm_moveit_servo) by extensions ['ignore', 'ignore_ament_install']
[1.672s] Level 1:colcon.colcon_core.package_identification:_identify(xarm_ros2/xarm_moveit_servo) by extension 'ignore'
[1.672s] Level 1:colcon.colcon_core.package_identification:_identify(xarm_ros2/xarm_moveit_servo) by extension 'ignore_ament_install'
[1.672s] Level 1:colcon.colcon_core.package_identification:_identify(xarm_ros2/xarm_moveit_servo) by extensions ['colcon_pkg']
[1.672s] Level 1:colcon.colcon_core.package_identification:_identify(xarm_ros2/xarm_moveit_servo) by extension 'colcon_pkg'
[1.672s] Level 1:colcon.colcon_core.package_identification:_identify(xarm_ros2/xarm_moveit_servo) by extensions ['colcon_meta']
[1.672s] Level 1:colcon.colcon_core.package_identification:_identify(xarm_ros2/xarm_moveit_servo) by extension 'colcon_meta'
[1.672s] Level 1:colcon.colcon_core.package_identification:_identify(xarm_ros2/xarm_moveit_servo) by extensions ['ros']
[1.672s] Level 1:colcon.colcon_core.package_identification:_identify(xarm_ros2/xarm_moveit_servo) by extension 'ros'
[1.674s] DEBUG:colcon.colcon_core.package_identification:Package 'xarm_ros2/xarm_moveit_servo' with type 'ros.ament_cmake' and name 'xarm_moveit_servo'
[1.675s] Level 1:colcon.colcon_core.package_identification:_identify(xarm_ros2/xarm_msgs) by extensions ['ignore', 'ignore_ament_install']
[1.675s] Level 1:colcon.colcon_core.package_identification:_identify(xarm_ros2/xarm_msgs) by extension 'ignore'
[1.675s] Level 1:colcon.colcon_core.package_identification:_identify(xarm_ros2/xarm_msgs) by extension 'ignore_ament_install'
[1.675s] Level 1:colcon.colcon_core.package_identification:_identify(xarm_ros2/xarm_msgs) by extensions ['colcon_pkg']
[1.675s] Level 1:colcon.colcon_core.package_identification:_identify(xarm_ros2/xarm_msgs) by extension 'colcon_pkg'
[1.675s] Level 1:colcon.colcon_core.package_identification:_identify(xarm_ros2/xarm_msgs) by extensions ['colcon_meta']
[1.675s] Level 1:colcon.colcon_core.package_identification:_identify(xarm_ros2/xarm_msgs) by extension 'colcon_meta'
[1.675s] Level 1:colcon.colcon_core.package_identification:_identify(xarm_ros2/xarm_msgs) by extensions ['ros']
[1.675s] Level 1:colcon.colcon_core.package_identification:_identify(xarm_ros2/xarm_msgs) by extension 'ros'
[1.676s] DEBUG:colcon.colcon_core.package_identification:Package 'xarm_ros2/xarm_msgs' with type 'ros.ament_cmake' and name 'xarm_msgs'
[1.676s] Level 1:colcon.colcon_core.package_identification:_identify(xarm_ros2/xarm_planner) by extensions ['ignore', 'ignore_ament_install']
[1.676s] Level 1:colcon.colcon_core.package_identification:_identify(xarm_ros2/xarm_planner) by extension 'ignore'
[1.676s] Level 1:colcon.colcon_core.package_identification:_identify(xarm_ros2/xarm_planner) by extension 'ignore_ament_install'
[1.676s] Level 1:colcon.colcon_core.package_identification:_identify(xarm_ros2/xarm_planner) by extensions ['colcon_pkg']
[1.676s] Level 1:colcon.colcon_core.package_identification:_identify(xarm_ros2/xarm_planner) by extension 'colcon_pkg'
[1.676s] Level 1:colcon.colcon_core.package_identification:_identify(xarm_ros2/xarm_planner) by extensions ['colcon_meta']
[1.676s] Level 1:colcon.colcon_core.package_identification:_identify(xarm_ros2/xarm_planner) by extension 'colcon_meta'
[1.676s] Level 1:colcon.colcon_core.package_identification:_identify(xarm_ros2/xarm_planner) by extensions ['ros']
[1.676s] Level 1:colcon.colcon_core.package_identification:_identify(xarm_ros2/xarm_planner) by extension 'ros'
[1.677s] DEBUG:colcon.colcon_core.package_identification:Package 'xarm_ros2/xarm_planner' with type 'ros.ament_cmake' and name 'xarm_planner'
[1.677s] Level 1:colcon.colcon_core.package_identification:_identify(xarm_ros2/xarm_sdk) by extensions ['ignore', 'ignore_ament_install']
[1.678s] Level 1:colcon.colcon_core.package_identification:_identify(xarm_ros2/xarm_sdk) by extension 'ignore'
[1.678s] Level 1:colcon.colcon_core.package_identification:_identify(xarm_ros2/xarm_sdk) by extension 'ignore_ament_install'
[1.678s] Level 1:colcon.colcon_core.package_identification:_identify(xarm_ros2/xarm_sdk) by extensions ['colcon_pkg']
[1.678s] Level 1:colcon.colcon_core.package_identification:_identify(xarm_ros2/xarm_sdk) by extension 'colcon_pkg'
[1.678s] Level 1:colcon.colcon_core.package_identification:_identify(xarm_ros2/xarm_sdk) by extensions ['colcon_meta']
[1.678s] Level 1:colcon.colcon_core.package_identification:_identify(xarm_ros2/xarm_sdk) by extension 'colcon_meta'
[1.678s] Level 1:colcon.colcon_core.package_identification:_identify(xarm_ros2/xarm_sdk) by extensions ['ros']
[1.678s] Level 1:colcon.colcon_core.package_identification:_identify(xarm_ros2/xarm_sdk) by extension 'ros'
[1.678s] DEBUG:colcon.colcon_core.package_identification:Package 'xarm_ros2/xarm_sdk' with type 'ros.ament_cmake' and name 'xarm_sdk'
[1.678s] Level 1:colcon.colcon_core.package_discovery:discover_packages(recursive) using defaults
[1.678s] Level 1:colcon.colcon_core.package_discovery:discover_packages(ignore) discover
[1.678s] Level 1:colcon.colcon_core.package_discovery:discover_packages(ignore) using defaults
[1.678s] Level 1:colcon.colcon_core.package_discovery:discover_packages(path) discover
[1.679s] Level 1:colcon.colcon_core.package_discovery:discover_packages(path) using defaults
[1.770s] INFO:colcon.colcon_core.package_selection:Skipping not selected package 'basic_comms' in 'basic_comms'
[1.770s] INFO:colcon.colcon_core.package_selection:Skipping not selected package 'basic_comms_param' in 'basic_comms_param'
[1.770s] INFO:colcon.colcon_core.package_selection:Skipping not selected package 'challenge_2' in 'challenge_2'
[1.770s] INFO:colcon.colcon_core.package_selection:Skipping not selected package 'course_works' in 'course_works'
[1.771s] INFO:colcon.colcon_core.package_selection:Skipping not selected package 'realsense_gazebo_plugin' in 'xarm_ros2/thirdparty/realsense_gazebo_plugin'
[1.771s] INFO:colcon.colcon_core.package_selection:Skipping not selected package 'xarm_description' in 'xarm_ros2/xarm_description'
[1.771s] INFO:colcon.colcon_core.package_selection:Skipping not selected package 'xarm_msgs' in 'xarm_ros2/xarm_msgs'
[1.771s] INFO:colcon.colcon_core.package_selection:Skipping not selected package 'xarm_sdk' in 'xarm_ros2/xarm_sdk'
[1.771s] INFO:colcon.colcon_core.package_selection:Skipping not selected package 'xarm_controller' in 'xarm_ros2/xarm_controller'
[1.771s] INFO:colcon.colcon_core.package_selection:Skipping not selected package 'xarm_gazebo' in 'xarm_ros2/xarm_gazebo'
[1.771s] INFO:colcon.colcon_core.package_selection:Skipping not selected package 'xarm_moveit_config' in 'xarm_ros2/xarm_moveit_config'
[1.771s] INFO:colcon.colcon_core.package_selection:Skipping not selected package 'xarm_moveit_servo' in 'xarm_ros2/xarm_moveit_servo'
[1.771s] INFO:colcon.colcon_core.package_selection:Skipping not selected package 'xarm_planner' in 'xarm_ros2/xarm_planner'
[1.785s] Level 5:colcon.colcon_core.verb:set package 'xarm_api' build argument 'cmake_args' from command line to 'None'
[1.786s] Level 5:colcon.colcon_core.verb:set package 'xarm_api' build argument 'cmake_target' from command line to 'None'
[1.786s] Level 5:colcon.colcon_core.verb:set package 'xarm_api' build argument 'cmake_target_skip_unavailable' from command line to 'False'
[1.786s] Level 5:colcon.colcon_core.verb:set package 'xarm_api' build argument 'cmake_clean_cache' from command line to 'False'
[1.786s] Level 5:colcon.colcon_core.verb:set package 'xarm_api' build argument 'cmake_clean_first' from command line to 'False'
[1.786s] Level 5:colcon.colcon_core.verb:set package 'xarm_api' build argument 'cmake_force_configure' from command line to 'False'
[1.786s] Level 5:colcon.colcon_core.verb:set package 'xarm_api' build argument 'ament_cmake_args' from command line to 'None'
[1.786s] Level 5:colcon.colcon_core.verb:set package 'xarm_api' build argument 'catkin_cmake_args' from command line to 'None'
[1.786s] Level 5:colcon.colcon_core.verb:set package 'xarm_api' build argument 'catkin_skip_building_tests' from command line to 'False'
[1.786s] DEBUG:colcon.colcon_core.verb:Building package 'xarm_api' with the following arguments: {'ament_cmake_args': None, 'build_base': '/root/ros2_frws/src/build/xarm_api', 'catkin_cmake_args': None, 'catkin_skip_building_tests': False, 'cmake_args': None, 'cmake_clean_cache': False, 'cmake_clean_first': False, 'cmake_force_configure': False, 'cmake_target': None, 'cmake_target_skip_unavailable': False, 'install_base': '/root/ros2_frws/src/install/xarm_api', 'merge_install': False, 'path': '/root/ros2_frws/src/xarm_ros2/xarm_api', 'symlink_install': False, 'test_result_base': None}
[1.805s] INFO:colcon.colcon_core.executor:Executing jobs using 'parallel' executor
[1.829s] DEBUG:colcon.colcon_parallel_executor.executor.parallel:run_until_complete
[1.830s] INFO:colcon.colcon_ros.task.ament_cmake.build:Building ROS package in '/root/ros2_frws/src/xarm_ros2/xarm_api' with build type 'ament_cmake'
[1.830s] INFO:colcon.colcon_cmake.task.cmake.build:Building CMake package in '/root/ros2_frws/src/xarm_ros2/xarm_api'
[1.848s] INFO:colcon.colcon_core.plugin_system:Skipping extension 'colcon_core.shell.bat': Not used on non-Windows systems
[1.849s] INFO:colcon.colcon_core.shell:Skip shell extension 'powershell' for command environment: Not usable outside of PowerShell
[1.849s] DEBUG:colcon.colcon_core.shell:Skip shell extension 'dsv' for command environment
[1.928s] DEBUG:colcon.colcon_core.event_handler.log_command:Invoking command in '/root/ros2_frws/src/build/xarm_api': CMAKE_PREFIX_PATH=/root/ros2_frws/src/install/xarm_sdk:/root/ros2_frws/src/install/xarm_msgs:/root/ros2_frws/src/install/xarm_description:/root/ros2_frws/src/install/xarm_planner:/root/ros2_frws/src/install/xarm_moveit_servo:/root/ros2_frws/src/install/xarm_moveit_config:/root/ros2_frws/src/install/xarm_gazebo:/root/ros2_frws/src/install/xarm_controller:/root/ros2_frws/src/install/xarm_api:/root/ros2_frws/src/install/realsense_gazebo_plugin:/root/ros2_frws/install/xarm_planner:/root/ros2_frws/install/xarm_moveit_servo:/root/ros2_frws/install/xarm_moveit_config:/root/ros2_frws/install/xarm_gazebo:/root/ros2_frws/install/xarm_controller:/root/ros2_frws/install/xarm_api:/root/ros2_frws/install/xarm_sdk:/root/ros2_frws/install/xarm_msgs:/root/ros2_frws/install/xarm_description:/root/ros2_frws/install/realsense_gazebo_plugin:/root/ros2_frws/src/install/course_works:/root/ros2_frws/src/install/challenge_2:/root/ros2_frws/src/install/basic_comms_param:/root/ros2_frws/src/install/basic_comms:/root/ros2_frws/install/course_works:/root/ros2_frws/install/challenge_2:/root/ros2_frws/install/basic_comms_params:/root/ros2_frws/install/basic_comms_param:/root/ros2_frws/install/basic_comms:/opt/ros/humble LD_LIBRARY_PATH=/root/ros2_frws/src/install/xarm_sdk/lib:/root/ros2_frws/src/install/xarm_msgs/lib:/root/ros2_frws/src/install/xarm_planner/lib:/root/ros2_frws/src/install/xarm_moveit_servo/lib:/root/ros2_frws/src/install/xarm_gazebo/lib:/root/ros2_frws/src/install/xarm_controller/lib:/root/ros2_frws/src/install/xarm_api/lib:/root/ros2_frws/src/install/realsense_gazebo_plugin/lib:/root/ros2_frws/install/xarm_planner/lib:/root/ros2_frws/install/xarm_moveit_servo/lib:/root/ros2_frws/install/xarm_gazebo/lib:/root/ros2_frws/install/xarm_controller/lib:/root/ros2_frws/install/xarm_api/lib:/root/ros2_frws/install/xarm_sdk/lib:/root/ros2_frws/install/xarm_msgs/lib:/root/ros2_frws/install/realsense_gazebo_plugin/lib:/usr/lib/x86_64-linux-gnu/gazebo-11/plugins:/opt/ros/humble/opt/rviz_ogre_vendor/lib:/opt/ros/humble/lib/x86_64-linux-gnu:/opt/ros/humble/lib /usr/bin/cmake --build /root/ros2_frws/src/build/xarm_api -- -j16 -l16
[2.041s] DEBUG:colcon.colcon_core.event_handler.log_command:Invoked command in '/root/ros2_frws/src/build/xarm_api' returned '0': CMAKE_PREFIX_PATH=/root/ros2_frws/src/install/xarm_sdk:/root/ros2_frws/src/install/xarm_msgs:/root/ros2_frws/src/install/xarm_description:/root/ros2_frws/src/install/xarm_planner:/root/ros2_frws/src/install/xarm_moveit_servo:/root/ros2_frws/src/install/xarm_moveit_config:/root/ros2_frws/src/install/xarm_gazebo:/root/ros2_frws/src/install/xarm_controller:/root/ros2_frws/src/install/xarm_api:/root/ros2_frws/src/install/realsense_gazebo_plugin:/root/ros2_frws/install/xarm_planner:/root/ros2_frws/install/xarm_moveit_servo:/root/ros2_frws/install/xarm_moveit_config:/root/ros2_frws/install/xarm_gazebo:/root/ros2_frws/install/xarm_controller:/root/ros2_frws/install/xarm_api:/root/ros2_frws/install/xarm_sdk:/root/ros2_frws/install/xarm_msgs:/root/ros2_frws/install/xarm_description:/root/ros2_frws/install/realsense_gazebo_plugin:/root/ros2_frws/src/install/course_works:/root/ros2_frws/src/install/challenge_2:/root/ros2_frws/src/install/basic_comms_param:/root/ros2_frws/src/install/basic_comms:/root/ros2_frws/install/course_works:/root/ros2_frws/install/challenge_2:/root/ros2_frws/install/basic_comms_params:/root/ros2_frws/install/basic_comms_param:/root/ros2_frws/install/basic_comms:/opt/ros/humble LD_LIBRARY_PATH=/root/ros2_frws/src/install/xarm_sdk/lib:/root/ros2_frws/src/install/xarm_msgs/lib:/root/ros2_frws/src/install/xarm_planner/lib:/root/ros2_frws/src/install/xarm_moveit_servo/lib:/root/ros2_frws/src/install/xarm_gazebo/lib:/root/ros2_frws/src/install/xarm_controller/lib:/root/ros2_frws/src/install/xarm_api/lib:/root/ros2_frws/src/install/realsense_gazebo_plugin/lib:/root/ros2_frws/install/xarm_planner/lib:/root/ros2_frws/install/xarm_moveit_servo/lib:/root/ros2_frws/install/xarm_gazebo/lib:/root/ros2_frws/install/xarm_controller/lib:/root/ros2_frws/install/xarm_api/lib:/root/ros2_frws/install/xarm_sdk/lib:/root/ros2_frws/install/xarm_msgs/lib:/root/ros2_frws/install/realsense_gazebo_plugin/lib:/usr/lib/x86_64-linux-gnu/gazebo-11/plugins:/opt/ros/humble/opt/rviz_ogre_vendor/lib:/opt/ros/humble/lib/x86_64-linux-gnu:/opt/ros/humble/lib /usr/bin/cmake --build /root/ros2_frws/src/build/xarm_api -- -j16 -l16
[2.119s] DEBUG:colcon.colcon_core.event_handler.log_command:Invoking command in '/root/ros2_frws/src/build/xarm_api': CMAKE_PREFIX_PATH=/root/ros2_frws/src/install/xarm_sdk:/root/ros2_frws/src/install/xarm_msgs:/root/ros2_frws/src/install/xarm_description:/root/ros2_frws/src/install/xarm_planner:/root/ros2_frws/src/install/xarm_moveit_servo:/root/ros2_frws/src/install/xarm_moveit_config:/root/ros2_frws/src/install/xarm_gazebo:/root/ros2_frws/src/install/xarm_controller:/root/ros2_frws/src/install/xarm_api:/root/ros2_frws/src/install/realsense_gazebo_plugin:/root/ros2_frws/install/xarm_planner:/root/ros2_frws/install/xarm_moveit_servo:/root/ros2_frws/install/xarm_moveit_config:/root/ros2_frws/install/xarm_gazebo:/root/ros2_frws/install/xarm_controller:/root/ros2_frws/install/xarm_api:/root/ros2_frws/install/xarm_sdk:/root/ros2_frws/install/xarm_msgs:/root/ros2_frws/install/xarm_description:/root/ros2_frws/install/realsense_gazebo_plugin:/root/ros2_frws/src/install/course_works:/root/ros2_frws/src/install/challenge_2:/root/ros2_frws/src/install/basic_comms_param:/root/ros2_frws/src/install/basic_comms:/root/ros2_frws/install/course_works:/root/ros2_frws/install/challenge_2:/root/ros2_frws/install/basic_comms_params:/root/ros2_frws/install/basic_comms_param:/root/ros2_frws/install/basic_comms:/opt/ros/humble LD_LIBRARY_PATH=/root/ros2_frws/src/install/xarm_sdk/lib:/root/ros2_frws/src/install/xarm_msgs/lib:/root/ros2_frws/src/install/xarm_planner/lib:/root/ros2_frws/src/install/xarm_moveit_servo/lib:/root/ros2_frws/src/install/xarm_gazebo/lib:/root/ros2_frws/src/install/xarm_controller/lib:/root/ros2_frws/src/install/xarm_api/lib:/root/ros2_frws/src/install/realsense_gazebo_plugin/lib:/root/ros2_frws/install/xarm_planner/lib:/root/ros2_frws/install/xarm_moveit_servo/lib:/root/ros2_frws/install/xarm_gazebo/lib:/root/ros2_frws/install/xarm_controller/lib:/root/ros2_frws/install/xarm_api/lib:/root/ros2_frws/install/xarm_sdk/lib:/root/ros2_frws/install/xarm_msgs/lib:/root/ros2_frws/install/realsense_gazebo_plugin/lib:/usr/lib/x86_64-linux-gnu/gazebo-11/plugins:/opt/ros/humble/opt/rviz_ogre_vendor/lib:/opt/ros/humble/lib/x86_64-linux-gnu:/opt/ros/humble/lib /usr/bin/cmake --install /root/ros2_frws/src/build/xarm_api
[2.134s] Level 1:colcon.colcon_core.environment:create_environment_scripts_only(xarm_api)
[2.135s] DEBUG:colcon.colcon_core.event_handler.log_command:Invoked command in '/root/ros2_frws/src/build/xarm_api' returned '0': CMAKE_PREFIX_PATH=/root/ros2_frws/src/install/xarm_sdk:/root/ros2_frws/src/install/xarm_msgs:/root/ros2_frws/src/install/xarm_description:/root/ros2_frws/src/install/xarm_planner:/root/ros2_frws/src/install/xarm_moveit_servo:/root/ros2_frws/src/install/xarm_moveit_config:/root/ros2_frws/src/install/xarm_gazebo:/root/ros2_frws/src/install/xarm_controller:/root/ros2_frws/src/install/xarm_api:/root/ros2_frws/src/install/realsense_gazebo_plugin:/root/ros2_frws/install/xarm_planner:/root/ros2_frws/install/xarm_moveit_servo:/root/ros2_frws/install/xarm_moveit_config:/root/ros2_frws/install/xarm_gazebo:/root/ros2_frws/install/xarm_controller:/root/ros2_frws/install/xarm_api:/root/ros2_frws/install/xarm_sdk:/root/ros2_frws/install/xarm_msgs:/root/ros2_frws/install/xarm_description:/root/ros2_frws/install/realsense_gazebo_plugin:/root/ros2_frws/src/install/course_works:/root/ros2_frws/src/install/challenge_2:/root/ros2_frws/src/install/basic_comms_param:/root/ros2_frws/src/install/basic_comms:/root/ros2_frws/install/course_works:/root/ros2_frws/install/challenge_2:/root/ros2_frws/install/basic_comms_params:/root/ros2_frws/install/basic_comms_param:/root/ros2_frws/install/basic_comms:/opt/ros/humble LD_LIBRARY_PATH=/root/ros2_frws/src/install/xarm_sdk/lib:/root/ros2_frws/src/install/xarm_msgs/lib:/root/ros2_frws/src/install/xarm_planner/lib:/root/ros2_frws/src/install/xarm_moveit_servo/lib:/root/ros2_frws/src/install/xarm_gazebo/lib:/root/ros2_frws/src/install/xarm_controller/lib:/root/ros2_frws/src/install/xarm_api/lib:/root/ros2_frws/src/install/realsense_gazebo_plugin/lib:/root/ros2_frws/install/xarm_planner/lib:/root/ros2_frws/install/xarm_moveit_servo/lib:/root/ros2_frws/install/xarm_gazebo/lib:/root/ros2_frws/install/xarm_controller/lib:/root/ros2_frws/install/xarm_api/lib:/root/ros2_frws/install/xarm_sdk/lib:/root/ros2_frws/install/xarm_msgs/lib:/root/ros2_frws/install/realsense_gazebo_plugin/lib:/usr/lib/x86_64-linux-gnu/gazebo-11/plugins:/opt/ros/humble/opt/rviz_ogre_vendor/lib:/opt/ros/humble/lib/x86_64-linux-gnu:/opt/ros/humble/lib /usr/bin/cmake --install /root/ros2_frws/src/build/xarm_api
[2.155s] Level 1:colcon.colcon_core.environment:checking '/root/ros2_frws/src/install/xarm_api' for CMake module files
[2.156s] Level 1:colcon.colcon_core.environment:checking '/root/ros2_frws/src/install/xarm_api' for CMake config files
[2.156s] Level 1:colcon.colcon_core.shell:create_environment_hook('xarm_api', 'cmake_prefix_path')
[2.175s] INFO:colcon.colcon_core.shell:Creating environment hook '/root/ros2_frws/src/install/xarm_api/share/xarm_api/hook/cmake_prefix_path.ps1'
[2.176s] INFO:colcon.colcon_core.shell:Creating environment descriptor '/root/ros2_frws/src/install/xarm_api/share/xarm_api/hook/cmake_prefix_path.dsv'
[2.176s] INFO:colcon.colcon_core.shell:Creating environment hook '/root/ros2_frws/src/install/xarm_api/share/xarm_api/hook/cmake_prefix_path.sh'
[2.178s] Level 1:colcon.colcon_core.environment:checking '/root/ros2_frws/src/install/xarm_api/lib'
[2.178s] Level 1:colcon.colcon_core.shell:create_environment_hook('xarm_api', 'ld_library_path_lib')
[2.197s] INFO:colcon.colcon_core.shell:Creating environment hook '/root/ros2_frws/src/install/xarm_api/share/xarm_api/hook/ld_library_path_lib.ps1'
[2.198s] INFO:colcon.colcon_core.shell:Creating environment descriptor '/root/ros2_frws/src/install/xarm_api/share/xarm_api/hook/ld_library_path_lib.dsv'
[2.198s] INFO:colcon.colcon_core.shell:Creating environment hook '/root/ros2_frws/src/install/xarm_api/share/xarm_api/hook/ld_library_path_lib.sh'
[2.199s] Level 1:colcon.colcon_core.environment:checking '/root/ros2_frws/src/install/xarm_api/bin'
[2.199s] Level 1:colcon.colcon_core.environment:checking '/root/ros2_frws/src/install/xarm_api/lib/pkgconfig/xarm_api.pc'
[2.200s] Level 1:colcon.colcon_core.environment:checking '/root/ros2_frws/src/install/xarm_api/lib/python3.10/site-packages'
[2.201s] Level 1:colcon.colcon_core.environment:checking '/root/ros2_frws/src/install/xarm_api/bin'
[2.217s] INFO:colcon.colcon_core.shell:Creating package script '/root/ros2_frws/src/install/xarm_api/share/xarm_api/package.ps1'
[2.218s] INFO:colcon.colcon_core.shell:Creating package descriptor '/root/ros2_frws/src/install/xarm_api/share/xarm_api/package.dsv'
[2.219s] INFO:colcon.colcon_core.shell:Creating package script '/root/ros2_frws/src/install/xarm_api/share/xarm_api/package.sh'
[2.220s] INFO:colcon.colcon_core.shell:Creating package script '/root/ros2_frws/src/install/xarm_api/share/xarm_api/package.bash'
[2.220s] INFO:colcon.colcon_core.shell:Creating package script '/root/ros2_frws/src/install/xarm_api/share/xarm_api/package.zsh'
[2.221s] Level 1:colcon.colcon_core.environment:create_file_with_runtime_dependencies(/root/ros2_frws/src/install/xarm_api/share/colcon-core/packages/xarm_api)
[2.297s] Level 1:colcon.colcon_core.environment:create_environment_scripts_only(xarm_api)
[2.312s] Level 1:colcon.colcon_core.environment:checking '/root/ros2_frws/src/install/xarm_api' for CMake module files
[2.313s] Level 1:colcon.colcon_core.environment:checking '/root/ros2_frws/src/install/xarm_api' for CMake config files
[2.313s] Level 1:colcon.colcon_core.shell:create_environment_hook('xarm_api', 'cmake_prefix_path')
[2.328s] INFO:colcon.colcon_core.shell:Creating environment hook '/root/ros2_frws/src/install/xarm_api/share/xarm_api/hook/cmake_prefix_path.ps1'
[2.328s] INFO:colcon.colcon_core.shell:Creating environment descriptor '/root/ros2_frws/src/install/xarm_api/share/xarm_api/hook/cmake_prefix_path.dsv'
[2.329s] INFO:colcon.colcon_core.shell:Creating environment hook '/root/ros2_frws/src/install/xarm_api/share/xarm_api/hook/cmake_prefix_path.sh'
[2.329s] Level 1:colcon.colcon_core.environment:checking '/root/ros2_frws/src/install/xarm_api/lib'
[2.329s] Level 1:colcon.colcon_core.shell:create_environment_hook('xarm_api', 'ld_library_path_lib')
[2.344s] INFO:colcon.colcon_core.shell:Creating environment hook '/root/ros2_frws/src/install/xarm_api/share/xarm_api/hook/ld_library_path_lib.ps1'
[2.344s] INFO:colcon.colcon_core.shell:Creating environment descriptor '/root/ros2_frws/src/install/xarm_api/share/xarm_api/hook/ld_library_path_lib.dsv'
[2.345s] INFO:colcon.colcon_core.shell:Creating environment hook '/root/ros2_frws/src/install/xarm_api/share/xarm_api/hook/ld_library_path_lib.sh'
[2.345s] Level 1:colcon.colcon_core.environment:checking '/root/ros2_frws/src/install/xarm_api/bin'
[2.345s] Level 1:colcon.colcon_core.environment:checking '/root/ros2_frws/src/install/xarm_api/lib/pkgconfig/xarm_api.pc'
[2.345s] Level 1:colcon.colcon_core.environment:checking '/root/ros2_frws/src/install/xarm_api/lib/python3.10/site-packages'
[2.345s] Level 1:colcon.colcon_core.environment:checking '/root/ros2_frws/src/install/xarm_api/bin'
[2.361s] INFO:colcon.colcon_core.shell:Creating package script '/root/ros2_frws/src/install/xarm_api/share/xarm_api/package.ps1'
[2.361s] INFO:colcon.colcon_core.shell:Creating package descriptor '/root/ros2_frws/src/install/xarm_api/share/xarm_api/package.dsv'
[2.362s] INFO:colcon.colcon_core.shell:Creating package script '/root/ros2_frws/src/install/xarm_api/share/xarm_api/package.sh'
[2.362s] INFO:colcon.colcon_core.shell:Creating package script '/root/ros2_frws/src/install/xarm_api/share/xarm_api/package.bash'
[2.362s] INFO:colcon.colcon_core.shell:Creating package script '/root/ros2_frws/src/install/xarm_api/share/xarm_api/package.zsh'
[2.363s] Level 1:colcon.colcon_core.environment:create_file_with_runtime_dependencies(/root/ros2_frws/src/install/xarm_api/share/colcon-core/packages/xarm_api)
[2.363s] DEBUG:colcon.colcon_parallel_executor.executor.parallel:closing loop
[2.364s] DEBUG:colcon.colcon_parallel_executor.executor.parallel:loop closed
[2.364s] DEBUG:colcon.colcon_parallel_executor.executor.parallel:run_until_complete finished with '0'
[2.364s] DEBUG:colcon.colcon_core.event_reactor:joining thread
[2.386s] INFO:colcon.colcon_core.plugin_system:Skipping extension 'colcon_notification.desktop_notification.notify_send': Could not find 'notify-send'
[2.386s] INFO:colcon.colcon_core.plugin_system:Skipping extension 'colcon_notification.desktop_notification.terminal_notifier': Not used on non-Darwin systems
[2.386s] INFO:colcon.colcon_core.plugin_system:Skipping extension 'colcon_notification.desktop_notification.win32': Not used on non-Windows systems
[2.386s] INFO:colcon.colcon_notification.desktop_notification:Sending desktop notification using 'notify2'
[2.388s] DEBUG:colcon.colcon_notification.desktop_notification.notify2:Failed to initialize notify2: org.freedesktop.DBus.Error.Spawn.ExecFailed: /usr/bin/dbus-launch terminated abnormally without any error message
[2.389s] DEBUG:colcon.colcon_core.event_reactor:joined thread
[2.406s] INFO:colcon.colcon_core.shell:Creating prefix script '/root/ros2_frws/src/install/local_setup.ps1'
[2.407s] INFO:colcon.colcon_core.shell:Creating prefix util module '/root/ros2_frws/src/install/_local_setup_util_ps1.py'
[2.409s] INFO:colcon.colcon_core.shell:Creating prefix chain script '/root/ros2_frws/src/install/setup.ps1'
[2.428s] INFO:colcon.colcon_core.shell:Creating prefix script '/root/ros2_frws/src/install/local_setup.sh'
[2.428s] INFO:colcon.colcon_core.shell:Creating prefix util module '/root/ros2_frws/src/install/_local_setup_util_sh.py'
[2.429s] INFO:colcon.colcon_core.shell:Creating prefix chain script '/root/ros2_frws/src/install/setup.sh'
[2.445s] INFO:colcon.colcon_core.shell:Creating prefix script '/root/ros2_frws/src/install/local_setup.bash'
[2.445s] INFO:colcon.colcon_core.shell:Creating prefix chain script '/root/ros2_frws/src/install/setup.bash'
[2.462s] INFO:colcon.colcon_core.shell:Creating prefix script '/root/ros2_frws/src/install/local_setup.zsh'
[2.463s] INFO:colcon.colcon_core.shell:Creating prefix chain script '/root/ros2_frws/src/install/setup.zsh'
