-- Found ament_cmake: 1.3.8 (/opt/ros/humble/share/ament_cmake/cmake)
-- Found ament_lint_auto: 0.12.10 (/opt/ros/humble/share/ament_lint_auto/cmake)
-- Found std_msgs: 4.2.3 (/opt/ros/humble/share/std_msgs/cmake)
-- Found rosidl_generator_c: 3.1.5 (/opt/ros/humble/share/rosidl_generator_c/cmake)
-- Found rosidl_adapter: 3.1.5 (/opt/ros/humble/share/rosidl_adapter/cmake)
-- Found rosidl_generator_cpp: 3.1.5 (/opt/ros/humble/share/rosidl_generator_cpp/cmake)
-- Using all available rosidl_typesupport_c: rosidl_typesupport_fastrtps_c;rosidl_typesupport_introspection_c
-- Using all available rosidl_typesupport_cpp: rosidl_typesupport_fastrtps_cpp;rosidl_typesupport_introspection_cpp
-- Found geometry_msgs: 4.2.3 (/opt/ros/humble/share/geometry_msgs/cmake)
-- Found rosidl_default_generators: 1.2.0 (/opt/ros/humble/share/rosidl_default_generators/cmake)
-- Found ament_cmake_ros: 0.10.0 (/opt/ros/humble/share/ament_cmake_ros/cmake)
-- Using all available rosidl_typesupport_c: rosidl_typesupport_fastrtps_c;rosidl_typesupport_introspection_c
-- Using all available rosidl_typesupport_cpp: rosidl_typesupport_fastrtps_cpp;rosidl_typesupport_introspection_cpp
-- Found python_cmake_module: 0.10.0 (/opt/ros/humble/share/python_cmake_module/cmake)
-- Using PYTHON_EXECUTABLE: /usr/bin/python3
-- Using PYTHON_INCLUDE_DIRS: /usr/include/python3.10
-- Using PYTHON_LIBRARIES: /usr/lib/x86_64-linux-gnu/libpython3.10.so
-- Added test 'copyright' to check source files copyright and LICENSE
-- Added test 'lint_cmake' to check CMake code style
-- Added test 'xmllint' to check XML markup files
-- Configuring done
-- Generating done
-- Build files have been written to: /root/ros2_frws/src/build/xarm_msgs
[  0%] Built target xarm_msgs__cpp
[35m[1mConsolidate compiler generated dependencies of target xarm_msgs__rosidl_generator_c[0m
[35m[1mConsolidate compiler generated dependencies of target xarm_msgs__rosidl_typesupport_cpp[0m
[35m[1mConsolidate compiler generated dependencies of target xarm_msgs__rosidl_typesupport_introspection_cpp[0m
[ 12%] Built target xarm_msgs__rosidl_generator_c
[35m[1mConsolidate compiler generated dependencies of target xarm_msgs__rosidl_typesupport_fastrtps_cpp[0m
[ 12%] Built target ament_cmake_python_copy_xarm_msgs
[35m[1mConsolidate compiler generated dependencies of target xarm_msgs__rosidl_typesupport_c[0m
[35m[1mConsolidate compiler generated dependencies of target xarm_msgs__rosidl_typesupport_introspection_c[0m
[35m[1mConsolidate compiler generated dependencies of target xarm_msgs__rosidl_typesupport_fastrtps_c[0m
[ 37%] Built target xarm_msgs__rosidl_typesupport_c
[ 37%] Built target xarm_msgs__rosidl_typesupport_cpp
[ 50%] Built target xarm_msgs__rosidl_typesupport_introspection_c
[ 63%] Built target xarm_msgs__rosidl_typesupport_introspection_cpp
[ 75%] Built target xarm_msgs__rosidl_typesupport_fastrtps_cpp
[ 88%] Built target xarm_msgs__rosidl_typesupport_fastrtps_c
[ 88%] Built target xarm_msgs
[ 88%] Built target xarm_msgs__py
[35m[1mConsolidate compiler generated dependencies of target xarm_msgs__rosidl_generator_py[0m
running egg_info
[100%] Built target xarm_msgs__rosidl_generator_py
writing xarm_msgs.egg-info/PKG-INFO
[35m[1mConsolidate compiler generated dependencies of target xarm_msgs__rosidl_typesupport_introspection_c__pyext[0m
[35m[1mConsolidate compiler generated dependencies of target xarm_msgs__rosidl_typesupport_c__pyext[0m
[35m[1mConsolidate compiler generated dependencies of target xarm_msgs__rosidl_typesupport_fastrtps_c__pyext[0m
writing dependency_links to xarm_msgs.egg-info/dependency_links.txt
writing top-level names to xarm_msgs.egg-info/top_level.txt
[100%] Built target xarm_msgs__rosidl_typesupport_introspection_c__pyext
[100%] Built target xarm_msgs__rosidl_typesupport_c__pyext
[100%] Built target xarm_msgs__rosidl_typesupport_fastrtps_c__pyext
reading manifest file 'xarm_msgs.egg-info/SOURCES.txt'
writing manifest file 'xarm_msgs.egg-info/SOURCES.txt'
[100%] Built target ament_cmake_python_build_xarm_msgs_egg
