[0.409s] Invoking command in '/root/ros2_frws/src/build/xarm_msgs': CMAKE_PREFIX_PATH=${CMAKE_PREFIX_PATH}:/root/ros2_frws/install/challenge_2:/root/ros2_frws/install/moveit_configs_utils:/root/ros2_frws/install/course_works:/root/ros2_frws/install/basic_comms_params:/root/ros2_frws/install/basic_comms_param:/root/ros2_frws/install/basic_comms:/opt/ros/humble /usr/bin/cmake --build /root/ros2_frws/src/build/xarm_msgs -- -j16 -l16
[1.618s] -- Found ament_cmake: 1.3.8 (/opt/ros/humble/share/ament_cmake/cmake)
[1.618s] -- Found ament_lint_auto: 0.12.10 (/opt/ros/humble/share/ament_lint_auto/cmake)
[1.618s] -- Found std_msgs: 4.2.3 (/opt/ros/humble/share/std_msgs/cmake)
[1.618s] -- Found rosidl_generator_c: 3.1.5 (/opt/ros/humble/share/rosidl_generator_c/cmake)
[1.618s] -- Found rosidl_adapter: 3.1.5 (/opt/ros/humble/share/rosidl_adapter/cmake)
[1.618s] -- Found rosidl_generator_cpp: 3.1.5 (/opt/ros/humble/share/rosidl_generator_cpp/cmake)
[1.618s] -- Using all available rosidl_typesupport_c: rosidl_typesupport_fastrtps_c;rosidl_typesupport_introspection_c
[1.618s] -- Using all available rosidl_typesupport_cpp: rosidl_typesupport_fastrtps_cpp;rosidl_typesupport_introspection_cpp
[1.618s] -- Found geometry_msgs: 4.2.3 (/opt/ros/humble/share/geometry_msgs/cmake)
[1.618s] -- Found rosidl_default_generators: 1.2.0 (/opt/ros/humble/share/rosidl_default_generators/cmake)
[3.124s] -- Found ament_cmake_ros: 0.10.0 (/opt/ros/humble/share/ament_cmake_ros/cmake)
[3.539s] -- Using all available rosidl_typesupport_c: rosidl_typesupport_fastrtps_c;rosidl_typesupport_introspection_c
[3.684s] -- Using all available rosidl_typesupport_cpp: rosidl_typesupport_fastrtps_cpp;rosidl_typesupport_introspection_cpp
[3.704s] -- Found python_cmake_module: 0.10.0 (/opt/ros/humble/share/python_cmake_module/cmake)
[3.724s] -- Using PYTHON_EXECUTABLE: /usr/bin/python3
[3.725s] -- Using PYTHON_INCLUDE_DIRS: /usr/include/python3.10
[3.725s] -- Using PYTHON_LIBRARIES: /usr/lib/x86_64-linux-gnu/libpython3.10.so
[3.780s] -- Added test 'copyright' to check source files copyright and LICENSE
[3.782s] -- Added test 'lint_cmake' to check CMake code style
[3.784s] -- Added test 'xmllint' to check XML markup files
[3.791s] -- Configuring done
[3.933s] -- Generating done
[3.936s] -- Build files have been written to: /root/ros2_frws/src/build/xarm_msgs
[3.975s] [  0%] Built target xarm_msgs__cpp
[3.982s] [35m[1mConsolidate compiler generated dependencies of target xarm_msgs__rosidl_generator_c[0m
[4.004s] [35m[1mConsolidate compiler generated dependencies of target xarm_msgs__rosidl_typesupport_cpp[0m
[4.005s] [35m[1mConsolidate compiler generated dependencies of target xarm_msgs__rosidl_typesupport_introspection_cpp[0m
[4.007s] [ 12%] Built target xarm_msgs__rosidl_generator_c
[4.009s] [35m[1mConsolidate compiler generated dependencies of target xarm_msgs__rosidl_typesupport_fastrtps_cpp[0m
[4.016s] [ 12%] Built target ament_cmake_python_copy_xarm_msgs
[4.026s] [35m[1mConsolidate compiler generated dependencies of target xarm_msgs__rosidl_typesupport_c[0m
[4.027s] [35m[1mConsolidate compiler generated dependencies of target xarm_msgs__rosidl_typesupport_introspection_c[0m
[4.037s] [35m[1mConsolidate compiler generated dependencies of target xarm_msgs__rosidl_typesupport_fastrtps_c[0m
[4.049s] [ 37%] Built target xarm_msgs__rosidl_typesupport_c
[4.049s] [ 37%] Built target xarm_msgs__rosidl_typesupport_cpp
[4.053s] [ 50%] Built target xarm_msgs__rosidl_typesupport_introspection_c
[4.060s] [ 63%] Built target xarm_msgs__rosidl_typesupport_introspection_cpp
[4.068s] [ 75%] Built target xarm_msgs__rosidl_typesupport_fastrtps_cpp
[4.093s] [ 88%] Built target xarm_msgs__rosidl_typesupport_fastrtps_c
[4.113s] [ 88%] Built target xarm_msgs
[4.133s] [ 88%] Built target xarm_msgs__py
[4.164s] [35m[1mConsolidate compiler generated dependencies of target xarm_msgs__rosidl_generator_py[0m
[4.204s] running egg_info
[4.208s] [100%] Built target xarm_msgs__rosidl_generator_py
[4.216s] writing xarm_msgs.egg-info/PKG-INFO
[4.216s] [35m[1mConsolidate compiler generated dependencies of target xarm_msgs__rosidl_typesupport_introspection_c__pyext[0m
[4.217s] [35m[1mConsolidate compiler generated dependencies of target xarm_msgs__rosidl_typesupport_c__pyext[0m
[4.217s] [35m[1mConsolidate compiler generated dependencies of target xarm_msgs__rosidl_typesupport_fastrtps_c__pyext[0m
[4.217s] writing dependency_links to xarm_msgs.egg-info/dependency_links.txt
[4.217s] writing top-level names to xarm_msgs.egg-info/top_level.txt
[4.228s] [100%] Built target xarm_msgs__rosidl_typesupport_introspection_c__pyext
[4.228s] [100%] Built target xarm_msgs__rosidl_typesupport_c__pyext
[4.228s] [100%] Built target xarm_msgs__rosidl_typesupport_fastrtps_c__pyext
[4.254s] reading manifest file 'xarm_msgs.egg-info/SOURCES.txt'
[4.256s] writing manifest file 'xarm_msgs.egg-info/SOURCES.txt'
[4.282s] [100%] Built target ament_cmake_python_build_xarm_msgs_egg
