[2.055s] Invoking command in '/root/ros2_frws/src/course_works': PYTHONPATH=/root/ros2_frws/src/build/course_works/prefix_override:/root/ros2_frws/src/install/course_works/lib/python3.10/site-packages:${PYTHONPATH} /usr/bin/python3 setup.py egg_info --egg-base ../build/course_works build --build-base /root/ros2_frws/src/build/course_works/build install --record /root/ros2_frws/src/build/course_works/install.log --single-version-externally-managed
[2.275s] running egg_info
[2.290s] writing ../build/course_works/course_works.egg-info/PKG-INFO
[2.291s] writing dependency_links to ../build/course_works/course_works.egg-info/dependency_links.txt
[2.292s] writing entry points to ../build/course_works/course_works.egg-info/entry_points.txt
[2.292s] writing requirements to ../build/course_works/course_works.egg-info/requires.txt
[2.292s] writing top-level names to ../build/course_works/course_works.egg-info/top_level.txt
[2.318s] reading manifest file '../build/course_works/course_works.egg-info/SOURCES.txt'
[2.318s] adding license file 'LICENSE'
[2.319s] writing manifest file '../build/course_works/course_works.egg-info/SOURCES.txt'
[2.319s] running build
[2.319s] running build_py
[2.319s] copying course_works/process_node.py -> /root/ros2_frws/src/build/course_works/build/lib/course_works
[2.320s] running install
[2.320s] /root/.local/lib/python3.10/site-packages/setuptools/_distutils/cmd.py:66: SetuptoolsDeprecationWarning: setup.py install is deprecated.
[2.321s] !!
[2.321s] 
[2.321s]         ********************************************************************************
[2.321s]         Please avoid running ``setup.py`` directly.
[2.321s]         Instead, use pypa/build, pypa/installer or other
[2.321s]         standards-based tools.
[2.321s] 
[2.321s]         See https://blog.ganssle.io/articles/2021/10/setup-py-deprecated.html for details.
[2.321s]         ********************************************************************************
[2.322s] 
[2.322s] !!
[2.322s]   self.initialize_options()
[2.326s] running install_lib
[2.340s] copying /root/ros2_frws/src/build/course_works/build/lib/course_works/process_node.py -> /root/ros2_frws/src/install/course_works/lib/python3.10/site-packages/course_works
[2.342s] byte-compiling /root/ros2_frws/src/install/course_works/lib/python3.10/site-packages/course_works/process_node.py to process_node.cpython-310.pyc
[2.343s] running install_data
[2.361s] running install_egg_info
[2.381s] removing '/root/ros2_frws/src/install/course_works/lib/python3.10/site-packages/course_works-0.0.0-py3.10.egg-info' (and everything under it)
[2.381s] Copying ../build/course_works/course_works.egg-info to /root/ros2_frws/src/install/course_works/lib/python3.10/site-packages/course_works-0.0.0-py3.10.egg-info
[2.383s] running install_scripts
[2.536s] Installing process_node script to /root/ros2_frws/src/install/course_works/lib/course_works
[2.536s] Installing signal_generator script to /root/ros2_frws/src/install/course_works/lib/course_works
[2.540s] writing list of installed files to '/root/ros2_frws/src/build/course_works/install.log'
[2.627s] Invoked command in '/root/ros2_frws/src/course_works' returned '0': PYTHONPATH=/root/ros2_frws/src/build/course_works/prefix_override:/root/ros2_frws/src/install/course_works/lib/python3.10/site-packages:${PYTHONPATH} /usr/bin/python3 setup.py egg_info --egg-base ../build/course_works build --build-base /root/ros2_frws/src/build/course_works/build install --record /root/ros2_frws/src/build/course_works/install.log --single-version-externally-managed
