[0.862s] DEBUG:colcon:Command line arguments: ['/usr/bin/colcon', 'build']
[0.862s] DEBUG:colcon:Parsed command line arguments: Namespace(log_base=None, log_level=None, verb_name='build', build_base='build', install_base='install', merge_install=False, symlink_install=False, test_result_base=None, continue_on_error=False, executor='parallel', parallel_workers=16, event_handlers=None, ignore_user_meta=False, metas=['./colcon.meta'], base_paths=['.'], packages_ignore=None, packages_ignore_regex=None, paths=None, packages_up_to=None, packages_up_to_regex=None, packages_above=None, packages_above_and_dependencies=None, packages_above_depth=None, packages_select_by_dep=None, packages_skip_by_dep=None, packages_skip_up_to=None, packages_select_build_failed=False, packages_skip_build_finished=False, packages_select_test_failures=False, packages_skip_test_passed=False, packages_select=None, packages_skip=None, packages_select_regex=None, packages_skip_regex=None, packages_start=None, packages_end=None, cmake_args=None, cmake_target=None, cmake_target_skip_unavailable=False, cmake_clean_cache=False, cmake_clean_first=False, cmake_force_configure=False, ament_cmake_args=None, catkin_cmake_args=None, catkin_skip_building_tests=False, mixin_files=None, mixin=None, verb_parser=<colcon_mixin.mixin.mixin_argument.MixinArgumentDecorator object at 0x7efda9645f30>, verb_extension=<colcon_core.verb.build.BuildVerb object at 0x7efda9b67670>, main=<bound method BuildVerb.main of <colcon_core.verb.build.BuildVerb object at 0x7efda9b67670>>, mixin_verb=('build',))
[0.901s] Level 1:colcon.colcon_core.package_discovery:discover_packages(colcon_meta) check parameters
[0.902s] INFO:colcon.colcon_metadata.package_discovery.colcon_meta:Using configuration from '/root/.colcon/metadata/default/Gazebo.meta'
[0.902s] INFO:colcon.colcon_metadata.package_discovery.colcon_meta:Using configuration from '/root/.colcon/metadata/default/fastrtps.meta'
[0.902s] Level 1:colcon.colcon_core.package_discovery:discover_packages(recursive) check parameters
[0.902s] Level 1:colcon.colcon_core.package_discovery:discover_packages(ignore) check parameters
[0.902s] Level 1:colcon.colcon_core.package_discovery:discover_packages(path) check parameters
[0.902s] Level 1:colcon.colcon_core.package_discovery:discover_packages(colcon_meta) discover
[0.902s] Level 1:colcon.colcon_core.package_discovery:discover_packages(recursive) discover
[0.902s] INFO:colcon.colcon_core.package_discovery:Crawling recursively for packages in '/root/ros2_frws/src'
[0.902s] Level 1:colcon.colcon_core.package_identification:_identify(.) by extensions ['ignore', 'ignore_ament_install']
[0.902s] Level 1:colcon.colcon_core.package_identification:_identify(.) by extension 'ignore'
[0.902s] Level 1:colcon.colcon_core.package_identification:_identify(.) by extension 'ignore_ament_install'
[0.902s] Level 1:colcon.colcon_core.package_identification:_identify(.) by extensions ['colcon_pkg']
[0.902s] Level 1:colcon.colcon_core.package_identification:_identify(.) by extension 'colcon_pkg'
[0.902s] Level 1:colcon.colcon_core.package_identification:_identify(.) by extensions ['colcon_meta']
[0.902s] Level 1:colcon.colcon_core.package_identification:_identify(.) by extension 'colcon_meta'
[0.903s] Level 1:colcon.colcon_core.package_identification:_identify(.) by extensions ['ros']
[0.903s] Level 1:colcon.colcon_core.package_identification:_identify(.) by extension 'ros'
[0.913s] Level 1:colcon.colcon_core.package_identification:_identify(.) by extensions ['cmake', 'python']
[0.913s] Level 1:colcon.colcon_core.package_identification:_identify(.) by extension 'cmake'
[0.913s] Level 1:colcon.colcon_core.package_identification:_identify(.) by extension 'python'
[0.913s] Level 1:colcon.colcon_core.package_identification:_identify(.) by extensions ['python_setup_py']
[0.913s] Level 1:colcon.colcon_core.package_identification:_identify(.) by extension 'python_setup_py'
[0.913s] Level 1:colcon.colcon_core.package_identification:_identify(basic_comms) by extensions ['ignore', 'ignore_ament_install']
[0.913s] Level 1:colcon.colcon_core.package_identification:_identify(basic_comms) by extension 'ignore'
[0.913s] Level 1:colcon.colcon_core.package_identification:_identify(basic_comms) by extension 'ignore_ament_install'
[0.913s] Level 1:colcon.colcon_core.package_identification:_identify(basic_comms) by extensions ['colcon_pkg']
[0.913s] Level 1:colcon.colcon_core.package_identification:_identify(basic_comms) by extension 'colcon_pkg'
[0.913s] Level 1:colcon.colcon_core.package_identification:_identify(basic_comms) by extensions ['colcon_meta']
[0.913s] Level 1:colcon.colcon_core.package_identification:_identify(basic_comms) by extension 'colcon_meta'
[0.913s] Level 1:colcon.colcon_core.package_identification:_identify(basic_comms) by extensions ['ros']
[0.913s] Level 1:colcon.colcon_core.package_identification:_identify(basic_comms) by extension 'ros'
[0.915s] DEBUG:colcon.colcon_core.package_identification:Package 'basic_comms' with type 'ros.ament_python' and name 'basic_comms'
[0.915s] Level 1:colcon.colcon_core.package_identification:_identify(basic_comms_param) by extensions ['ignore', 'ignore_ament_install']
[0.915s] Level 1:colcon.colcon_core.package_identification:_identify(basic_comms_param) by extension 'ignore'
[0.915s] Level 1:colcon.colcon_core.package_identification:_identify(basic_comms_param) by extension 'ignore_ament_install'
[0.915s] Level 1:colcon.colcon_core.package_identification:_identify(basic_comms_param) by extensions ['colcon_pkg']
[0.915s] Level 1:colcon.colcon_core.package_identification:_identify(basic_comms_param) by extension 'colcon_pkg'
[0.915s] Level 1:colcon.colcon_core.package_identification:_identify(basic_comms_param) by extensions ['colcon_meta']
[0.915s] Level 1:colcon.colcon_core.package_identification:_identify(basic_comms_param) by extension 'colcon_meta'
[0.915s] Level 1:colcon.colcon_core.package_identification:_identify(basic_comms_param) by extensions ['ros']
[0.915s] Level 1:colcon.colcon_core.package_identification:_identify(basic_comms_param) by extension 'ros'
[0.915s] DEBUG:colcon.colcon_core.package_identification:Package 'basic_comms_param' with type 'ros.ament_python' and name 'basic_comms_param'
[0.916s] Level 1:colcon.colcon_core.package_identification:_identify(build) by extensions ['ignore', 'ignore_ament_install']
[0.916s] Level 1:colcon.colcon_core.package_identification:_identify(build) by extension 'ignore'
[0.916s] Level 1:colcon.colcon_core.package_identification:_identify(build) ignored
[0.916s] Level 1:colcon.colcon_core.package_identification:_identify(challenge_2) by extensions ['ignore', 'ignore_ament_install']
[0.916s] Level 1:colcon.colcon_core.package_identification:_identify(challenge_2) by extension 'ignore'
[0.916s] Level 1:colcon.colcon_core.package_identification:_identify(challenge_2) by extension 'ignore_ament_install'
[0.916s] Level 1:colcon.colcon_core.package_identification:_identify(challenge_2) by extensions ['colcon_pkg']
[0.916s] Level 1:colcon.colcon_core.package_identification:_identify(challenge_2) by extension 'colcon_pkg'
[0.916s] Level 1:colcon.colcon_core.package_identification:_identify(challenge_2) by extensions ['colcon_meta']
[0.916s] Level 1:colcon.colcon_core.package_identification:_identify(challenge_2) by extension 'colcon_meta'
[0.916s] Level 1:colcon.colcon_core.package_identification:_identify(challenge_2) by extensions ['ros']
[0.916s] Level 1:colcon.colcon_core.package_identification:_identify(challenge_2) by extension 'ros'
[0.916s] DEBUG:colcon.colcon_core.package_identification:Package 'challenge_2' with type 'ros.ament_python' and name 'challenge_2'
[0.916s] Level 1:colcon.colcon_core.package_identification:_identify(course_works) by extensions ['ignore', 'ignore_ament_install']
[0.917s] Level 1:colcon.colcon_core.package_identification:_identify(course_works) by extension 'ignore'
[0.917s] Level 1:colcon.colcon_core.package_identification:_identify(course_works) by extension 'ignore_ament_install'
[0.917s] Level 1:colcon.colcon_core.package_identification:_identify(course_works) by extensions ['colcon_pkg']
[0.917s] Level 1:colcon.colcon_core.package_identification:_identify(course_works) by extension 'colcon_pkg'
[0.917s] Level 1:colcon.colcon_core.package_identification:_identify(course_works) by extensions ['colcon_meta']
[0.917s] Level 1:colcon.colcon_core.package_identification:_identify(course_works) by extension 'colcon_meta'
[0.917s] Level 1:colcon.colcon_core.package_identification:_identify(course_works) by extensions ['ros']
[0.917s] Level 1:colcon.colcon_core.package_identification:_identify(course_works) by extension 'ros'
[0.917s] DEBUG:colcon.colcon_core.package_identification:Package 'course_works' with type 'ros.ament_python' and name 'course_works'
[0.917s] Level 1:colcon.colcon_core.package_identification:_identify(install) by extensions ['ignore', 'ignore_ament_install']
[0.917s] Level 1:colcon.colcon_core.package_identification:_identify(install) by extension 'ignore'
[0.917s] Level 1:colcon.colcon_core.package_identification:_identify(install) ignored
[0.917s] Level 1:colcon.colcon_core.package_identification:_identify(log) by extensions ['ignore', 'ignore_ament_install']
[0.917s] Level 1:colcon.colcon_core.package_identification:_identify(log) by extension 'ignore'
[0.917s] Level 1:colcon.colcon_core.package_identification:_identify(log) ignored
[0.917s] Level 1:colcon.colcon_core.package_identification:_identify(my_msg_interfaces) by extensions ['ignore', 'ignore_ament_install']
[0.918s] Level 1:colcon.colcon_core.package_identification:_identify(my_msg_interfaces) by extension 'ignore'
[0.918s] Level 1:colcon.colcon_core.package_identification:_identify(my_msg_interfaces) by extension 'ignore_ament_install'
[0.918s] Level 1:colcon.colcon_core.package_identification:_identify(my_msg_interfaces) by extensions ['colcon_pkg']
[0.918s] Level 1:colcon.colcon_core.package_identification:_identify(my_msg_interfaces) by extension 'colcon_pkg'
[0.918s] Level 1:colcon.colcon_core.package_identification:_identify(my_msg_interfaces) by extensions ['colcon_meta']
[0.918s] Level 1:colcon.colcon_core.package_identification:_identify(my_msg_interfaces) by extension 'colcon_meta'
[0.918s] Level 1:colcon.colcon_core.package_identification:_identify(my_msg_interfaces) by extensions ['ros']
[0.918s] Level 1:colcon.colcon_core.package_identification:_identify(my_msg_interfaces) by extension 'ros'
[0.918s] DEBUG:colcon.colcon_core.package_identification:Package 'my_msg_interfaces' with type 'ros.ament_cmake' and name 'my_msg_interfaces'
[0.918s] Level 1:colcon.colcon_core.package_identification:_identify(rviz) by extensions ['ignore', 'ignore_ament_install']
[0.918s] Level 1:colcon.colcon_core.package_identification:_identify(rviz) by extension 'ignore'
[0.918s] Level 1:colcon.colcon_core.package_identification:_identify(rviz) by extension 'ignore_ament_install'
[0.918s] Level 1:colcon.colcon_core.package_identification:_identify(rviz) by extensions ['colcon_pkg']
[0.918s] Level 1:colcon.colcon_core.package_identification:_identify(rviz) by extension 'colcon_pkg'
[0.918s] Level 1:colcon.colcon_core.package_identification:_identify(rviz) by extensions ['colcon_meta']
[0.918s] Level 1:colcon.colcon_core.package_identification:_identify(rviz) by extension 'colcon_meta'
[0.918s] Level 1:colcon.colcon_core.package_identification:_identify(rviz) by extensions ['ros']
[0.919s] Level 1:colcon.colcon_core.package_identification:_identify(rviz) by extension 'ros'
[0.919s] Level 1:colcon.colcon_core.package_identification:_identify(rviz) by extensions ['cmake', 'python']
[0.919s] Level 1:colcon.colcon_core.package_identification:_identify(rviz) by extension 'cmake'
[0.919s] Level 1:colcon.colcon_core.package_identification:_identify(rviz) by extension 'python'
[0.919s] Level 1:colcon.colcon_core.package_identification:_identify(rviz) by extensions ['python_setup_py']
[0.919s] Level 1:colcon.colcon_core.package_identification:_identify(rviz) by extension 'python_setup_py'
[0.919s] Level 1:colcon.colcon_core.package_identification:_identify(rviz/docs) by extensions ['ignore', 'ignore_ament_install']
[0.919s] Level 1:colcon.colcon_core.package_identification:_identify(rviz/docs) by extension 'ignore'
[0.919s] Level 1:colcon.colcon_core.package_identification:_identify(rviz/docs) by extension 'ignore_ament_install'
[0.919s] Level 1:colcon.colcon_core.package_identification:_identify(rviz/docs) by extensions ['colcon_pkg']
[0.919s] Level 1:colcon.colcon_core.package_identification:_identify(rviz/docs) by extension 'colcon_pkg'
[0.919s] Level 1:colcon.colcon_core.package_identification:_identify(rviz/docs) by extensions ['colcon_meta']
[0.919s] Level 1:colcon.colcon_core.package_identification:_identify(rviz/docs) by extension 'colcon_meta'
[0.919s] Level 1:colcon.colcon_core.package_identification:_identify(rviz/docs) by extensions ['ros']
[0.919s] Level 1:colcon.colcon_core.package_identification:_identify(rviz/docs) by extension 'ros'
[0.919s] Level 1:colcon.colcon_core.package_identification:_identify(rviz/docs) by extensions ['cmake', 'python']
[0.919s] Level 1:colcon.colcon_core.package_identification:_identify(rviz/docs) by extension 'cmake'
[0.919s] Level 1:colcon.colcon_core.package_identification:_identify(rviz/docs) by extension 'python'
[0.919s] Level 1:colcon.colcon_core.package_identification:_identify(rviz/docs) by extensions ['python_setup_py']
[0.919s] Level 1:colcon.colcon_core.package_identification:_identify(rviz/docs) by extension 'python_setup_py'
[0.919s] Level 1:colcon.colcon_core.package_identification:_identify(rviz/rviz2) by extensions ['ignore', 'ignore_ament_install']
[0.919s] Level 1:colcon.colcon_core.package_identification:_identify(rviz/rviz2) by extension 'ignore'
[0.919s] Level 1:colcon.colcon_core.package_identification:_identify(rviz/rviz2) by extension 'ignore_ament_install'
[0.919s] Level 1:colcon.colcon_core.package_identification:_identify(rviz/rviz2) by extensions ['colcon_pkg']
[0.919s] Level 1:colcon.colcon_core.package_identification:_identify(rviz/rviz2) by extension 'colcon_pkg'
[0.919s] Level 1:colcon.colcon_core.package_identification:_identify(rviz/rviz2) by extensions ['colcon_meta']
[0.919s] Level 1:colcon.colcon_core.package_identification:_identify(rviz/rviz2) by extension 'colcon_meta'
[0.919s] Level 1:colcon.colcon_core.package_identification:_identify(rviz/rviz2) by extensions ['ros']
[0.920s] Level 1:colcon.colcon_core.package_identification:_identify(rviz/rviz2) by extension 'ros'
[0.920s] DEBUG:colcon.colcon_core.package_identification:Package 'rviz/rviz2' with type 'ros.ament_cmake' and name 'rviz2'
[0.920s] Level 1:colcon.colcon_core.package_identification:_identify(rviz/rviz_assimp_vendor) by extensions ['ignore', 'ignore_ament_install']
[0.920s] Level 1:colcon.colcon_core.package_identification:_identify(rviz/rviz_assimp_vendor) by extension 'ignore'
[0.920s] Level 1:colcon.colcon_core.package_identification:_identify(rviz/rviz_assimp_vendor) by extension 'ignore_ament_install'
[0.921s] Level 1:colcon.colcon_core.package_identification:_identify(rviz/rviz_assimp_vendor) by extensions ['colcon_pkg']
[0.921s] Level 1:colcon.colcon_core.package_identification:_identify(rviz/rviz_assimp_vendor) by extension 'colcon_pkg'
[0.921s] Level 1:colcon.colcon_core.package_identification:_identify(rviz/rviz_assimp_vendor) by extensions ['colcon_meta']
[0.921s] Level 1:colcon.colcon_core.package_identification:_identify(rviz/rviz_assimp_vendor) by extension 'colcon_meta'
[0.921s] Level 1:colcon.colcon_core.package_identification:_identify(rviz/rviz_assimp_vendor) by extensions ['ros']
[0.921s] Level 1:colcon.colcon_core.package_identification:_identify(rviz/rviz_assimp_vendor) by extension 'ros'
[0.921s] DEBUG:colcon.colcon_core.package_identification:Package 'rviz/rviz_assimp_vendor' with type 'ros.ament_cmake' and name 'rviz_assimp_vendor'
[0.921s] Level 1:colcon.colcon_core.package_identification:_identify(rviz/rviz_common) by extensions ['ignore', 'ignore_ament_install']
[0.921s] Level 1:colcon.colcon_core.package_identification:_identify(rviz/rviz_common) by extension 'ignore'
[0.921s] Level 1:colcon.colcon_core.package_identification:_identify(rviz/rviz_common) by extension 'ignore_ament_install'
[0.921s] Level 1:colcon.colcon_core.package_identification:_identify(rviz/rviz_common) by extensions ['colcon_pkg']
[0.921s] Level 1:colcon.colcon_core.package_identification:_identify(rviz/rviz_common) by extension 'colcon_pkg'
[0.921s] Level 1:colcon.colcon_core.package_identification:_identify(rviz/rviz_common) by extensions ['colcon_meta']
[0.921s] Level 1:colcon.colcon_core.package_identification:_identify(rviz/rviz_common) by extension 'colcon_meta'
[0.921s] Level 1:colcon.colcon_core.package_identification:_identify(rviz/rviz_common) by extensions ['ros']
[0.921s] Level 1:colcon.colcon_core.package_identification:_identify(rviz/rviz_common) by extension 'ros'
[0.923s] DEBUG:colcon.colcon_core.package_identification:Package 'rviz/rviz_common' with type 'ros.ament_cmake' and name 'rviz_common'
[0.923s] Level 1:colcon.colcon_core.package_identification:_identify(rviz/rviz_default_plugins) by extensions ['ignore', 'ignore_ament_install']
[0.923s] Level 1:colcon.colcon_core.package_identification:_identify(rviz/rviz_default_plugins) by extension 'ignore'
[0.923s] Level 1:colcon.colcon_core.package_identification:_identify(rviz/rviz_default_plugins) by extension 'ignore_ament_install'
[0.923s] Level 1:colcon.colcon_core.package_identification:_identify(rviz/rviz_default_plugins) by extensions ['colcon_pkg']
[0.923s] Level 1:colcon.colcon_core.package_identification:_identify(rviz/rviz_default_plugins) by extension 'colcon_pkg'
[0.923s] Level 1:colcon.colcon_core.package_identification:_identify(rviz/rviz_default_plugins) by extensions ['colcon_meta']
[0.923s] Level 1:colcon.colcon_core.package_identification:_identify(rviz/rviz_default_plugins) by extension 'colcon_meta'
[0.923s] Level 1:colcon.colcon_core.package_identification:_identify(rviz/rviz_default_plugins) by extensions ['ros']
[0.923s] Level 1:colcon.colcon_core.package_identification:_identify(rviz/rviz_default_plugins) by extension 'ros'
[0.925s] DEBUG:colcon.colcon_core.package_identification:Package 'rviz/rviz_default_plugins' with type 'ros.ament_cmake' and name 'rviz_default_plugins'
[0.926s] Level 1:colcon.colcon_core.package_identification:_identify(rviz/rviz_ogre_vendor) by extensions ['ignore', 'ignore_ament_install']
[0.926s] Level 1:colcon.colcon_core.package_identification:_identify(rviz/rviz_ogre_vendor) by extension 'ignore'
[0.926s] Level 1:colcon.colcon_core.package_identification:_identify(rviz/rviz_ogre_vendor) by extension 'ignore_ament_install'
[0.926s] Level 1:colcon.colcon_core.package_identification:_identify(rviz/rviz_ogre_vendor) by extensions ['colcon_pkg']
[0.926s] Level 1:colcon.colcon_core.package_identification:_identify(rviz/rviz_ogre_vendor) by extension 'colcon_pkg'
[0.926s] Level 1:colcon.colcon_core.package_identification:_identify(rviz/rviz_ogre_vendor) by extensions ['colcon_meta']
[0.926s] Level 1:colcon.colcon_core.package_identification:_identify(rviz/rviz_ogre_vendor) by extension 'colcon_meta'
[0.926s] Level 1:colcon.colcon_core.package_identification:_identify(rviz/rviz_ogre_vendor) by extensions ['ros']
[0.926s] Level 1:colcon.colcon_core.package_identification:_identify(rviz/rviz_ogre_vendor) by extension 'ros'
[0.926s] DEBUG:colcon.colcon_core.package_identification:Package 'rviz/rviz_ogre_vendor' with type 'ros.ament_cmake' and name 'rviz_ogre_vendor'
[0.926s] Level 1:colcon.colcon_core.package_identification:_identify(rviz/rviz_rendering) by extensions ['ignore', 'ignore_ament_install']
[0.927s] Level 1:colcon.colcon_core.package_identification:_identify(rviz/rviz_rendering) by extension 'ignore'
[0.927s] Level 1:colcon.colcon_core.package_identification:_identify(rviz/rviz_rendering) by extension 'ignore_ament_install'
[0.927s] Level 1:colcon.colcon_core.package_identification:_identify(rviz/rviz_rendering) by extensions ['colcon_pkg']
[0.927s] Level 1:colcon.colcon_core.package_identification:_identify(rviz/rviz_rendering) by extension 'colcon_pkg'
[0.927s] Level 1:colcon.colcon_core.package_identification:_identify(rviz/rviz_rendering) by extensions ['colcon_meta']
[0.927s] Level 1:colcon.colcon_core.package_identification:_identify(rviz/rviz_rendering) by extension 'colcon_meta'
[0.927s] Level 1:colcon.colcon_core.package_identification:_identify(rviz/rviz_rendering) by extensions ['ros']
[0.927s] Level 1:colcon.colcon_core.package_identification:_identify(rviz/rviz_rendering) by extension 'ros'
[0.927s] DEBUG:colcon.colcon_core.package_identification:Package 'rviz/rviz_rendering' with type 'ros.ament_cmake' and name 'rviz_rendering'
[0.928s] Level 1:colcon.colcon_core.package_identification:_identify(rviz/rviz_rendering_tests) by extensions ['ignore', 'ignore_ament_install']
[0.928s] Level 1:colcon.colcon_core.package_identification:_identify(rviz/rviz_rendering_tests) by extension 'ignore'
[0.928s] Level 1:colcon.colcon_core.package_identification:_identify(rviz/rviz_rendering_tests) by extension 'ignore_ament_install'
[0.928s] Level 1:colcon.colcon_core.package_identification:_identify(rviz/rviz_rendering_tests) by extensions ['colcon_pkg']
[0.928s] Level 1:colcon.colcon_core.package_identification:_identify(rviz/rviz_rendering_tests) by extension 'colcon_pkg'
[0.928s] Level 1:colcon.colcon_core.package_identification:_identify(rviz/rviz_rendering_tests) by extensions ['colcon_meta']
[0.928s] Level 1:colcon.colcon_core.package_identification:_identify(rviz/rviz_rendering_tests) by extension 'colcon_meta'
[0.928s] Level 1:colcon.colcon_core.package_identification:_identify(rviz/rviz_rendering_tests) by extensions ['ros']
[0.928s] Level 1:colcon.colcon_core.package_identification:_identify(rviz/rviz_rendering_tests) by extension 'ros'
[0.928s] DEBUG:colcon.colcon_core.package_identification:Package 'rviz/rviz_rendering_tests' with type 'ros.ament_cmake' and name 'rviz_rendering_tests'
[0.928s] Level 1:colcon.colcon_core.package_identification:_identify(rviz/rviz_visual_testing_framework) by extensions ['ignore', 'ignore_ament_install']
[0.929s] Level 1:colcon.colcon_core.package_identification:_identify(rviz/rviz_visual_testing_framework) by extension 'ignore'
[0.929s] Level 1:colcon.colcon_core.package_identification:_identify(rviz/rviz_visual_testing_framework) by extension 'ignore_ament_install'
[0.929s] Level 1:colcon.colcon_core.package_identification:_identify(rviz/rviz_visual_testing_framework) by extensions ['colcon_pkg']
[0.929s] Level 1:colcon.colcon_core.package_identification:_identify(rviz/rviz_visual_testing_framework) by extension 'colcon_pkg'
[0.929s] Level 1:colcon.colcon_core.package_identification:_identify(rviz/rviz_visual_testing_framework) by extensions ['colcon_meta']
[0.929s] Level 1:colcon.colcon_core.package_identification:_identify(rviz/rviz_visual_testing_framework) by extension 'colcon_meta'
[0.929s] Level 1:colcon.colcon_core.package_identification:_identify(rviz/rviz_visual_testing_framework) by extensions ['ros']
[0.929s] Level 1:colcon.colcon_core.package_identification:_identify(rviz/rviz_visual_testing_framework) by extension 'ros'
[0.931s] DEBUG:colcon.colcon_core.package_identification:Package 'rviz/rviz_visual_testing_framework' with type 'ros.ament_cmake' and name 'rviz_visual_testing_framework'
[0.931s] Level 1:colcon.colcon_core.package_identification:_identify(xarm_ros2) by extensions ['ignore', 'ignore_ament_install']
[0.931s] Level 1:colcon.colcon_core.package_identification:_identify(xarm_ros2) by extension 'ignore'
[0.931s] Level 1:colcon.colcon_core.package_identification:_identify(xarm_ros2) by extension 'ignore_ament_install'
[0.931s] Level 1:colcon.colcon_core.package_identification:_identify(xarm_ros2) by extensions ['colcon_pkg']
[0.931s] Level 1:colcon.colcon_core.package_identification:_identify(xarm_ros2) by extension 'colcon_pkg'
[0.931s] Level 1:colcon.colcon_core.package_identification:_identify(xarm_ros2) by extensions ['colcon_meta']
[0.931s] Level 1:colcon.colcon_core.package_identification:_identify(xarm_ros2) by extension 'colcon_meta'
[0.931s] Level 1:colcon.colcon_core.package_identification:_identify(xarm_ros2) by extensions ['ros']
[0.931s] Level 1:colcon.colcon_core.package_identification:_identify(xarm_ros2) by extension 'ros'
[0.932s] Level 1:colcon.colcon_core.package_identification:_identify(xarm_ros2) by extensions ['cmake', 'python']
[0.932s] Level 1:colcon.colcon_core.package_identification:_identify(xarm_ros2) by extension 'cmake'
[0.932s] Level 1:colcon.colcon_core.package_identification:_identify(xarm_ros2) by extension 'python'
[0.932s] Level 1:colcon.colcon_core.package_identification:_identify(xarm_ros2) by extensions ['python_setup_py']
[0.932s] Level 1:colcon.colcon_core.package_identification:_identify(xarm_ros2) by extension 'python_setup_py'
[0.932s] Level 1:colcon.colcon_core.package_identification:_identify(xarm_ros2/thirdparty) by extensions ['ignore', 'ignore_ament_install']
[0.932s] Level 1:colcon.colcon_core.package_identification:_identify(xarm_ros2/thirdparty) by extension 'ignore'
[0.932s] Level 1:colcon.colcon_core.package_identification:_identify(xarm_ros2/thirdparty) by extension 'ignore_ament_install'
[0.932s] Level 1:colcon.colcon_core.package_identification:_identify(xarm_ros2/thirdparty) by extensions ['colcon_pkg']
[0.932s] Level 1:colcon.colcon_core.package_identification:_identify(xarm_ros2/thirdparty) by extension 'colcon_pkg'
[0.932s] Level 1:colcon.colcon_core.package_identification:_identify(xarm_ros2/thirdparty) by extensions ['colcon_meta']
[0.932s] Level 1:colcon.colcon_core.package_identification:_identify(xarm_ros2/thirdparty) by extension 'colcon_meta'
[0.932s] Level 1:colcon.colcon_core.package_identification:_identify(xarm_ros2/thirdparty) by extensions ['ros']
[0.932s] Level 1:colcon.colcon_core.package_identification:_identify(xarm_ros2/thirdparty) by extension 'ros'
[0.932s] Level 1:colcon.colcon_core.package_identification:_identify(xarm_ros2/thirdparty) by extensions ['cmake', 'python']
[0.932s] Level 1:colcon.colcon_core.package_identification:_identify(xarm_ros2/thirdparty) by extension 'cmake'
[0.932s] Level 1:colcon.colcon_core.package_identification:_identify(xarm_ros2/thirdparty) by extension 'python'
[0.932s] Level 1:colcon.colcon_core.package_identification:_identify(xarm_ros2/thirdparty) by extensions ['python_setup_py']
[0.932s] Level 1:colcon.colcon_core.package_identification:_identify(xarm_ros2/thirdparty) by extension 'python_setup_py'
[0.932s] Level 1:colcon.colcon_core.package_identification:_identify(xarm_ros2/thirdparty/realsense_gazebo_plugin) by extensions ['ignore', 'ignore_ament_install']
[0.932s] Level 1:colcon.colcon_core.package_identification:_identify(xarm_ros2/thirdparty/realsense_gazebo_plugin) by extension 'ignore'
[0.932s] Level 1:colcon.colcon_core.package_identification:_identify(xarm_ros2/thirdparty/realsense_gazebo_plugin) by extension 'ignore_ament_install'
[0.932s] Level 1:colcon.colcon_core.package_identification:_identify(xarm_ros2/thirdparty/realsense_gazebo_plugin) by extensions ['colcon_pkg']
[0.932s] Level 1:colcon.colcon_core.package_identification:_identify(xarm_ros2/thirdparty/realsense_gazebo_plugin) by extension 'colcon_pkg'
[0.932s] Level 1:colcon.colcon_core.package_identification:_identify(xarm_ros2/thirdparty/realsense_gazebo_plugin) by extensions ['colcon_meta']
[0.932s] Level 1:colcon.colcon_core.package_identification:_identify(xarm_ros2/thirdparty/realsense_gazebo_plugin) by extension 'colcon_meta'
[0.932s] Level 1:colcon.colcon_core.package_identification:_identify(xarm_ros2/thirdparty/realsense_gazebo_plugin) by extensions ['ros']
[0.932s] Level 1:colcon.colcon_core.package_identification:_identify(xarm_ros2/thirdparty/realsense_gazebo_plugin) by extension 'ros'
[0.933s] DEBUG:colcon.colcon_core.package_identification:Package 'xarm_ros2/thirdparty/realsense_gazebo_plugin' with type 'ros.ament_cmake' and name 'realsense_gazebo_plugin'
[0.933s] Level 1:colcon.colcon_core.package_identification:_identify(xarm_ros2/xarm_api) by extensions ['ignore', 'ignore_ament_install']
[0.933s] Level 1:colcon.colcon_core.package_identification:_identify(xarm_ros2/xarm_api) by extension 'ignore'
[0.933s] Level 1:colcon.colcon_core.package_identification:_identify(xarm_ros2/xarm_api) by extension 'ignore_ament_install'
[0.933s] Level 1:colcon.colcon_core.package_identification:_identify(xarm_ros2/xarm_api) by extensions ['colcon_pkg']
[0.933s] Level 1:colcon.colcon_core.package_identification:_identify(xarm_ros2/xarm_api) by extension 'colcon_pkg'
[0.933s] Level 1:colcon.colcon_core.package_identification:_identify(xarm_ros2/xarm_api) by extensions ['colcon_meta']
[0.933s] Level 1:colcon.colcon_core.package_identification:_identify(xarm_ros2/xarm_api) by extension 'colcon_meta'
[0.933s] Level 1:colcon.colcon_core.package_identification:_identify(xarm_ros2/xarm_api) by extensions ['ros']
[0.933s] Level 1:colcon.colcon_core.package_identification:_identify(xarm_ros2/xarm_api) by extension 'ros'
[0.934s] DEBUG:colcon.colcon_core.package_identification:Package 'xarm_ros2/xarm_api' with type 'ros.ament_cmake' and name 'xarm_api'
[0.934s] Level 1:colcon.colcon_core.package_identification:_identify(xarm_ros2/xarm_controller) by extensions ['ignore', 'ignore_ament_install']
[0.934s] Level 1:colcon.colcon_core.package_identification:_identify(xarm_ros2/xarm_controller) by extension 'ignore'
[0.934s] Level 1:colcon.colcon_core.package_identification:_identify(xarm_ros2/xarm_controller) by extension 'ignore_ament_install'
[0.934s] Level 1:colcon.colcon_core.package_identification:_identify(xarm_ros2/xarm_controller) by extensions ['colcon_pkg']
[0.934s] Level 1:colcon.colcon_core.package_identification:_identify(xarm_ros2/xarm_controller) by extension 'colcon_pkg'
[0.934s] Level 1:colcon.colcon_core.package_identification:_identify(xarm_ros2/xarm_controller) by extensions ['colcon_meta']
[0.934s] Level 1:colcon.colcon_core.package_identification:_identify(xarm_ros2/xarm_controller) by extension 'colcon_meta'
[0.934s] Level 1:colcon.colcon_core.package_identification:_identify(xarm_ros2/xarm_controller) by extensions ['ros']
[0.934s] Level 1:colcon.colcon_core.package_identification:_identify(xarm_ros2/xarm_controller) by extension 'ros'
[0.936s] DEBUG:colcon.colcon_core.package_identification:Package 'xarm_ros2/xarm_controller' with type 'ros.ament_cmake' and name 'xarm_controller'
[0.936s] Level 1:colcon.colcon_core.package_identification:_identify(xarm_ros2/xarm_description) by extensions ['ignore', 'ignore_ament_install']
[0.936s] Level 1:colcon.colcon_core.package_identification:_identify(xarm_ros2/xarm_description) by extension 'ignore'
[0.936s] Level 1:colcon.colcon_core.package_identification:_identify(xarm_ros2/xarm_description) by extension 'ignore_ament_install'
[0.936s] Level 1:colcon.colcon_core.package_identification:_identify(xarm_ros2/xarm_description) by extensions ['colcon_pkg']
[0.936s] Level 1:colcon.colcon_core.package_identification:_identify(xarm_ros2/xarm_description) by extension 'colcon_pkg'
[0.936s] Level 1:colcon.colcon_core.package_identification:_identify(xarm_ros2/xarm_description) by extensions ['colcon_meta']
[0.936s] Level 1:colcon.colcon_core.package_identification:_identify(xarm_ros2/xarm_description) by extension 'colcon_meta'
[0.936s] Level 1:colcon.colcon_core.package_identification:_identify(xarm_ros2/xarm_description) by extensions ['ros']
[0.936s] Level 1:colcon.colcon_core.package_identification:_identify(xarm_ros2/xarm_description) by extension 'ros'
[0.936s] DEBUG:colcon.colcon_core.package_identification:Package 'xarm_ros2/xarm_description' with type 'ros.ament_cmake' and name 'xarm_description'
[0.936s] Level 1:colcon.colcon_core.package_identification:_identify(xarm_ros2/xarm_gazebo) by extensions ['ignore', 'ignore_ament_install']
[0.936s] Level 1:colcon.colcon_core.package_identification:_identify(xarm_ros2/xarm_gazebo) by extension 'ignore'
[0.937s] Level 1:colcon.colcon_core.package_identification:_identify(xarm_ros2/xarm_gazebo) by extension 'ignore_ament_install'
[0.937s] Level 1:colcon.colcon_core.package_identification:_identify(xarm_ros2/xarm_gazebo) by extensions ['colcon_pkg']
[0.937s] Level 1:colcon.colcon_core.package_identification:_identify(xarm_ros2/xarm_gazebo) by extension 'colcon_pkg'
[0.937s] Level 1:colcon.colcon_core.package_identification:_identify(xarm_ros2/xarm_gazebo) by extensions ['colcon_meta']
[0.937s] Level 1:colcon.colcon_core.package_identification:_identify(xarm_ros2/xarm_gazebo) by extension 'colcon_meta'
[0.937s] Level 1:colcon.colcon_core.package_identification:_identify(xarm_ros2/xarm_gazebo) by extensions ['ros']
[0.937s] Level 1:colcon.colcon_core.package_identification:_identify(xarm_ros2/xarm_gazebo) by extension 'ros'
[0.937s] DEBUG:colcon.colcon_core.package_identification:Package 'xarm_ros2/xarm_gazebo' with type 'ros.ament_cmake' and name 'xarm_gazebo'
[0.938s] Level 1:colcon.colcon_core.package_identification:_identify(xarm_ros2/xarm_moveit_config) by extensions ['ignore', 'ignore_ament_install']
[0.938s] Level 1:colcon.colcon_core.package_identification:_identify(xarm_ros2/xarm_moveit_config) by extension 'ignore'
[0.938s] Level 1:colcon.colcon_core.package_identification:_identify(xarm_ros2/xarm_moveit_config) by extension 'ignore_ament_install'
[0.938s] Level 1:colcon.colcon_core.package_identification:_identify(xarm_ros2/xarm_moveit_config) by extensions ['colcon_pkg']
[0.938s] Level 1:colcon.colcon_core.package_identification:_identify(xarm_ros2/xarm_moveit_config) by extension 'colcon_pkg'
[0.938s] Level 1:colcon.colcon_core.package_identification:_identify(xarm_ros2/xarm_moveit_config) by extensions ['colcon_meta']
[0.938s] Level 1:colcon.colcon_core.package_identification:_identify(xarm_ros2/xarm_moveit_config) by extension 'colcon_meta'
[0.938s] Level 1:colcon.colcon_core.package_identification:_identify(xarm_ros2/xarm_moveit_config) by extensions ['ros']
[0.938s] Level 1:colcon.colcon_core.package_identification:_identify(xarm_ros2/xarm_moveit_config) by extension 'ros'
[0.938s] DEBUG:colcon.colcon_core.package_identification:Package 'xarm_ros2/xarm_moveit_config' with type 'ros.ament_cmake' and name 'xarm_moveit_config'
[0.939s] Level 1:colcon.colcon_core.package_identification:_identify(xarm_ros2/xarm_moveit_servo) by extensions ['ignore', 'ignore_ament_install']
[0.939s] Level 1:colcon.colcon_core.package_identification:_identify(xarm_ros2/xarm_moveit_servo) by extension 'ignore'
[0.939s] Level 1:colcon.colcon_core.package_identification:_identify(xarm_ros2/xarm_moveit_servo) by extension 'ignore_ament_install'
[0.939s] Level 1:colcon.colcon_core.package_identification:_identify(xarm_ros2/xarm_moveit_servo) by extensions ['colcon_pkg']
[0.939s] Level 1:colcon.colcon_core.package_identification:_identify(xarm_ros2/xarm_moveit_servo) by extension 'colcon_pkg'
[0.939s] Level 1:colcon.colcon_core.package_identification:_identify(xarm_ros2/xarm_moveit_servo) by extensions ['colcon_meta']
[0.939s] Level 1:colcon.colcon_core.package_identification:_identify(xarm_ros2/xarm_moveit_servo) by extension 'colcon_meta'
[0.939s] Level 1:colcon.colcon_core.package_identification:_identify(xarm_ros2/xarm_moveit_servo) by extensions ['ros']
[0.939s] Level 1:colcon.colcon_core.package_identification:_identify(xarm_ros2/xarm_moveit_servo) by extension 'ros'
[0.940s] DEBUG:colcon.colcon_core.package_identification:Package 'xarm_ros2/xarm_moveit_servo' with type 'ros.ament_cmake' and name 'xarm_moveit_servo'
[0.940s] Level 1:colcon.colcon_core.package_identification:_identify(xarm_ros2/xarm_msgs) by extensions ['ignore', 'ignore_ament_install']
[0.940s] Level 1:colcon.colcon_core.package_identification:_identify(xarm_ros2/xarm_msgs) by extension 'ignore'
[0.940s] Level 1:colcon.colcon_core.package_identification:_identify(xarm_ros2/xarm_msgs) by extension 'ignore_ament_install'
[0.940s] Level 1:colcon.colcon_core.package_identification:_identify(xarm_ros2/xarm_msgs) by extensions ['colcon_pkg']
[0.940s] Level 1:colcon.colcon_core.package_identification:_identify(xarm_ros2/xarm_msgs) by extension 'colcon_pkg'
[0.940s] Level 1:colcon.colcon_core.package_identification:_identify(xarm_ros2/xarm_msgs) by extensions ['colcon_meta']
[0.940s] Level 1:colcon.colcon_core.package_identification:_identify(xarm_ros2/xarm_msgs) by extension 'colcon_meta'
[0.940s] Level 1:colcon.colcon_core.package_identification:_identify(xarm_ros2/xarm_msgs) by extensions ['ros']
[0.940s] Level 1:colcon.colcon_core.package_identification:_identify(xarm_ros2/xarm_msgs) by extension 'ros'
[0.941s] DEBUG:colcon.colcon_core.package_identification:Package 'xarm_ros2/xarm_msgs' with type 'ros.ament_cmake' and name 'xarm_msgs'
[0.941s] Level 1:colcon.colcon_core.package_identification:_identify(xarm_ros2/xarm_planner) by extensions ['ignore', 'ignore_ament_install']
[0.941s] Level 1:colcon.colcon_core.package_identification:_identify(xarm_ros2/xarm_planner) by extension 'ignore'
[0.941s] Level 1:colcon.colcon_core.package_identification:_identify(xarm_ros2/xarm_planner) by extension 'ignore_ament_install'
[0.941s] Level 1:colcon.colcon_core.package_identification:_identify(xarm_ros2/xarm_planner) by extensions ['colcon_pkg']
[0.941s] Level 1:colcon.colcon_core.package_identification:_identify(xarm_ros2/xarm_planner) by extension 'colcon_pkg'
[0.941s] Level 1:colcon.colcon_core.package_identification:_identify(xarm_ros2/xarm_planner) by extensions ['colcon_meta']
[0.941s] Level 1:colcon.colcon_core.package_identification:_identify(xarm_ros2/xarm_planner) by extension 'colcon_meta'
[0.941s] Level 1:colcon.colcon_core.package_identification:_identify(xarm_ros2/xarm_planner) by extensions ['ros']
[0.941s] Level 1:colcon.colcon_core.package_identification:_identify(xarm_ros2/xarm_planner) by extension 'ros'
[0.942s] DEBUG:colcon.colcon_core.package_identification:Package 'xarm_ros2/xarm_planner' with type 'ros.ament_cmake' and name 'xarm_planner'
[0.942s] Level 1:colcon.colcon_core.package_identification:_identify(xarm_ros2/xarm_sdk) by extensions ['ignore', 'ignore_ament_install']
[0.942s] Level 1:colcon.colcon_core.package_identification:_identify(xarm_ros2/xarm_sdk) by extension 'ignore'
[0.942s] Level 1:colcon.colcon_core.package_identification:_identify(xarm_ros2/xarm_sdk) by extension 'ignore_ament_install'
[0.942s] Level 1:colcon.colcon_core.package_identification:_identify(xarm_ros2/xarm_sdk) by extensions ['colcon_pkg']
[0.942s] Level 1:colcon.colcon_core.package_identification:_identify(xarm_ros2/xarm_sdk) by extension 'colcon_pkg'
[0.942s] Level 1:colcon.colcon_core.package_identification:_identify(xarm_ros2/xarm_sdk) by extensions ['colcon_meta']
[0.942s] Level 1:colcon.colcon_core.package_identification:_identify(xarm_ros2/xarm_sdk) by extension 'colcon_meta'
[0.942s] Level 1:colcon.colcon_core.package_identification:_identify(xarm_ros2/xarm_sdk) by extensions ['ros']
[0.942s] Level 1:colcon.colcon_core.package_identification:_identify(xarm_ros2/xarm_sdk) by extension 'ros'
[0.943s] DEBUG:colcon.colcon_core.package_identification:Package 'xarm_ros2/xarm_sdk' with type 'ros.ament_cmake' and name 'xarm_sdk'
[0.943s] Level 1:colcon.colcon_core.package_discovery:discover_packages(recursive) using defaults
[0.943s] Level 1:colcon.colcon_core.package_discovery:discover_packages(ignore) discover
[0.943s] Level 1:colcon.colcon_core.package_discovery:discover_packages(ignore) using defaults
[0.943s] Level 1:colcon.colcon_core.package_discovery:discover_packages(path) discover
[0.943s] Level 1:colcon.colcon_core.package_discovery:discover_packages(path) using defaults
[1.013s] Level 5:colcon.colcon_core.verb:set package 'basic_comms' build argument 'cmake_args' from command line to 'None'
[1.013s] Level 5:colcon.colcon_core.verb:set package 'basic_comms' build argument 'cmake_target' from command line to 'None'
[1.013s] Level 5:colcon.colcon_core.verb:set package 'basic_comms' build argument 'cmake_target_skip_unavailable' from command line to 'False'
[1.013s] Level 5:colcon.colcon_core.verb:set package 'basic_comms' build argument 'cmake_clean_cache' from command line to 'False'
[1.013s] Level 5:colcon.colcon_core.verb:set package 'basic_comms' build argument 'cmake_clean_first' from command line to 'False'
[1.013s] Level 5:colcon.colcon_core.verb:set package 'basic_comms' build argument 'cmake_force_configure' from command line to 'False'
[1.013s] Level 5:colcon.colcon_core.verb:set package 'basic_comms' build argument 'ament_cmake_args' from command line to 'None'
[1.013s] Level 5:colcon.colcon_core.verb:set package 'basic_comms' build argument 'catkin_cmake_args' from command line to 'None'
[1.013s] Level 5:colcon.colcon_core.verb:set package 'basic_comms' build argument 'catkin_skip_building_tests' from command line to 'False'
[1.013s] DEBUG:colcon.colcon_core.verb:Building package 'basic_comms' with the following arguments: {'ament_cmake_args': None, 'build_base': '/root/ros2_frws/src/build/basic_comms', 'catkin_cmake_args': None, 'catkin_skip_building_tests': False, 'cmake_args': None, 'cmake_clean_cache': False, 'cmake_clean_first': False, 'cmake_force_configure': False, 'cmake_target': None, 'cmake_target_skip_unavailable': False, 'install_base': '/root/ros2_frws/src/install/basic_comms', 'merge_install': False, 'path': '/root/ros2_frws/src/basic_comms', 'symlink_install': False, 'test_result_base': None}
[1.023s] Level 5:colcon.colcon_core.verb:set package 'basic_comms_param' build argument 'cmake_args' from command line to 'None'
[1.023s] Level 5:colcon.colcon_core.verb:set package 'basic_comms_param' build argument 'cmake_target' from command line to 'None'
[1.023s] Level 5:colcon.colcon_core.verb:set package 'basic_comms_param' build argument 'cmake_target_skip_unavailable' from command line to 'False'
[1.023s] Level 5:colcon.colcon_core.verb:set package 'basic_comms_param' build argument 'cmake_clean_cache' from command line to 'False'
[1.023s] Level 5:colcon.colcon_core.verb:set package 'basic_comms_param' build argument 'cmake_clean_first' from command line to 'False'
[1.023s] Level 5:colcon.colcon_core.verb:set package 'basic_comms_param' build argument 'cmake_force_configure' from command line to 'False'
[1.023s] Level 5:colcon.colcon_core.verb:set package 'basic_comms_param' build argument 'ament_cmake_args' from command line to 'None'
[1.023s] Level 5:colcon.colcon_core.verb:set package 'basic_comms_param' build argument 'catkin_cmake_args' from command line to 'None'
[1.023s] Level 5:colcon.colcon_core.verb:set package 'basic_comms_param' build argument 'catkin_skip_building_tests' from command line to 'False'
[1.023s] DEBUG:colcon.colcon_core.verb:Building package 'basic_comms_param' with the following arguments: {'ament_cmake_args': None, 'build_base': '/root/ros2_frws/src/build/basic_comms_param', 'catkin_cmake_args': None, 'catkin_skip_building_tests': False, 'cmake_args': None, 'cmake_clean_cache': False, 'cmake_clean_first': False, 'cmake_force_configure': False, 'cmake_target': None, 'cmake_target_skip_unavailable': False, 'install_base': '/root/ros2_frws/src/install/basic_comms_param', 'merge_install': False, 'path': '/root/ros2_frws/src/basic_comms_param', 'symlink_install': False, 'test_result_base': None}
[1.033s] Level 5:colcon.colcon_core.verb:set package 'course_works' build argument 'cmake_args' from command line to 'None'
[1.033s] Level 5:colcon.colcon_core.verb:set package 'course_works' build argument 'cmake_target' from command line to 'None'
[1.033s] Level 5:colcon.colcon_core.verb:set package 'course_works' build argument 'cmake_target_skip_unavailable' from command line to 'False'
[1.033s] Level 5:colcon.colcon_core.verb:set package 'course_works' build argument 'cmake_clean_cache' from command line to 'False'
[1.033s] Level 5:colcon.colcon_core.verb:set package 'course_works' build argument 'cmake_clean_first' from command line to 'False'
[1.033s] Level 5:colcon.colcon_core.verb:set package 'course_works' build argument 'cmake_force_configure' from command line to 'False'
[1.033s] Level 5:colcon.colcon_core.verb:set package 'course_works' build argument 'ament_cmake_args' from command line to 'None'
[1.033s] Level 5:colcon.colcon_core.verb:set package 'course_works' build argument 'catkin_cmake_args' from command line to 'None'
[1.033s] Level 5:colcon.colcon_core.verb:set package 'course_works' build argument 'catkin_skip_building_tests' from command line to 'False'
[1.033s] DEBUG:colcon.colcon_core.verb:Building package 'course_works' with the following arguments: {'ament_cmake_args': None, 'build_base': '/root/ros2_frws/src/build/course_works', 'catkin_cmake_args': None, 'catkin_skip_building_tests': False, 'cmake_args': None, 'cmake_clean_cache': False, 'cmake_clean_first': False, 'cmake_force_configure': False, 'cmake_target': None, 'cmake_target_skip_unavailable': False, 'install_base': '/root/ros2_frws/src/install/course_works', 'merge_install': False, 'path': '/root/ros2_frws/src/course_works', 'symlink_install': False, 'test_result_base': None}
[1.042s] Level 5:colcon.colcon_core.verb:set package 'my_msg_interfaces' build argument 'cmake_args' from command line to 'None'
[1.042s] Level 5:colcon.colcon_core.verb:set package 'my_msg_interfaces' build argument 'cmake_target' from command line to 'None'
[1.042s] Level 5:colcon.colcon_core.verb:set package 'my_msg_interfaces' build argument 'cmake_target_skip_unavailable' from command line to 'False'
[1.042s] Level 5:colcon.colcon_core.verb:set package 'my_msg_interfaces' build argument 'cmake_clean_cache' from command line to 'False'
[1.042s] Level 5:colcon.colcon_core.verb:set package 'my_msg_interfaces' build argument 'cmake_clean_first' from command line to 'False'
[1.042s] Level 5:colcon.colcon_core.verb:set package 'my_msg_interfaces' build argument 'cmake_force_configure' from command line to 'False'
[1.042s] Level 5:colcon.colcon_core.verb:set package 'my_msg_interfaces' build argument 'ament_cmake_args' from command line to 'None'
[1.042s] Level 5:colcon.colcon_core.verb:set package 'my_msg_interfaces' build argument 'catkin_cmake_args' from command line to 'None'
[1.042s] Level 5:colcon.colcon_core.verb:set package 'my_msg_interfaces' build argument 'catkin_skip_building_tests' from command line to 'False'
[1.042s] DEBUG:colcon.colcon_core.verb:Building package 'my_msg_interfaces' with the following arguments: {'ament_cmake_args': None, 'build_base': '/root/ros2_frws/src/build/my_msg_interfaces', 'catkin_cmake_args': None, 'catkin_skip_building_tests': False, 'cmake_args': None, 'cmake_clean_cache': False, 'cmake_clean_first': False, 'cmake_force_configure': False, 'cmake_target': None, 'cmake_target_skip_unavailable': False, 'install_base': '/root/ros2_frws/src/install/my_msg_interfaces', 'merge_install': False, 'path': '/root/ros2_frws/src/my_msg_interfaces', 'symlink_install': False, 'test_result_base': None}
[1.052s] Level 5:colcon.colcon_core.verb:set package 'realsense_gazebo_plugin' build argument 'cmake_args' from command line to 'None'
[1.052s] Level 5:colcon.colcon_core.verb:set package 'realsense_gazebo_plugin' build argument 'cmake_target' from command line to 'None'
[1.052s] Level 5:colcon.colcon_core.verb:set package 'realsense_gazebo_plugin' build argument 'cmake_target_skip_unavailable' from command line to 'False'
[1.052s] Level 5:colcon.colcon_core.verb:set package 'realsense_gazebo_plugin' build argument 'cmake_clean_cache' from command line to 'False'
[1.052s] Level 5:colcon.colcon_core.verb:set package 'realsense_gazebo_plugin' build argument 'cmake_clean_first' from command line to 'False'
[1.052s] Level 5:colcon.colcon_core.verb:set package 'realsense_gazebo_plugin' build argument 'cmake_force_configure' from command line to 'False'
[1.052s] Level 5:colcon.colcon_core.verb:set package 'realsense_gazebo_plugin' build argument 'ament_cmake_args' from command line to 'None'
[1.052s] Level 5:colcon.colcon_core.verb:set package 'realsense_gazebo_plugin' build argument 'catkin_cmake_args' from command line to 'None'
[1.052s] Level 5:colcon.colcon_core.verb:set package 'realsense_gazebo_plugin' build argument 'catkin_skip_building_tests' from command line to 'False'
[1.052s] DEBUG:colcon.colcon_core.verb:Building package 'realsense_gazebo_plugin' with the following arguments: {'ament_cmake_args': None, 'build_base': '/root/ros2_frws/src/build/realsense_gazebo_plugin', 'catkin_cmake_args': None, 'catkin_skip_building_tests': False, 'cmake_args': None, 'cmake_clean_cache': False, 'cmake_clean_first': False, 'cmake_force_configure': False, 'cmake_target': None, 'cmake_target_skip_unavailable': False, 'install_base': '/root/ros2_frws/src/install/realsense_gazebo_plugin', 'merge_install': False, 'path': '/root/ros2_frws/src/xarm_ros2/thirdparty/realsense_gazebo_plugin', 'symlink_install': False, 'test_result_base': None}
[1.062s] Level 5:colcon.colcon_core.verb:set package 'rviz_assimp_vendor' build argument 'cmake_args' from command line to 'None'
[1.062s] Level 5:colcon.colcon_core.verb:set package 'rviz_assimp_vendor' build argument 'cmake_target' from command line to 'None'
[1.062s] Level 5:colcon.colcon_core.verb:set package 'rviz_assimp_vendor' build argument 'cmake_target_skip_unavailable' from command line to 'False'
[1.062s] Level 5:colcon.colcon_core.verb:set package 'rviz_assimp_vendor' build argument 'cmake_clean_cache' from command line to 'False'
[1.062s] Level 5:colcon.colcon_core.verb:set package 'rviz_assimp_vendor' build argument 'cmake_clean_first' from command line to 'False'
[1.062s] Level 5:colcon.colcon_core.verb:set package 'rviz_assimp_vendor' build argument 'cmake_force_configure' from command line to 'False'
[1.062s] Level 5:colcon.colcon_core.verb:set package 'rviz_assimp_vendor' build argument 'ament_cmake_args' from command line to 'None'
[1.062s] Level 5:colcon.colcon_core.verb:set package 'rviz_assimp_vendor' build argument 'catkin_cmake_args' from command line to 'None'
[1.062s] Level 5:colcon.colcon_core.verb:set package 'rviz_assimp_vendor' build argument 'catkin_skip_building_tests' from command line to 'False'
[1.062s] DEBUG:colcon.colcon_core.verb:Building package 'rviz_assimp_vendor' with the following arguments: {'ament_cmake_args': None, 'build_base': '/root/ros2_frws/src/build/rviz_assimp_vendor', 'catkin_cmake_args': None, 'catkin_skip_building_tests': False, 'cmake_args': None, 'cmake_clean_cache': False, 'cmake_clean_first': False, 'cmake_force_configure': False, 'cmake_target': None, 'cmake_target_skip_unavailable': False, 'install_base': '/root/ros2_frws/src/install/rviz_assimp_vendor', 'merge_install': False, 'path': '/root/ros2_frws/src/rviz/rviz_assimp_vendor', 'symlink_install': False, 'test_result_base': None}
[1.073s] Level 5:colcon.colcon_core.verb:set package 'rviz_ogre_vendor' build argument 'cmake_args' from command line to 'None'
[1.073s] Level 5:colcon.colcon_core.verb:set package 'rviz_ogre_vendor' build argument 'cmake_target' from command line to 'None'
[1.073s] Level 5:colcon.colcon_core.verb:set package 'rviz_ogre_vendor' build argument 'cmake_target_skip_unavailable' from command line to 'False'
[1.073s] Level 5:colcon.colcon_core.verb:set package 'rviz_ogre_vendor' build argument 'cmake_clean_cache' from command line to 'False'
[1.073s] Level 5:colcon.colcon_core.verb:set package 'rviz_ogre_vendor' build argument 'cmake_clean_first' from command line to 'False'
[1.073s] Level 5:colcon.colcon_core.verb:set package 'rviz_ogre_vendor' build argument 'cmake_force_configure' from command line to 'False'
[1.073s] Level 5:colcon.colcon_core.verb:set package 'rviz_ogre_vendor' build argument 'ament_cmake_args' from command line to 'None'
[1.073s] Level 5:colcon.colcon_core.verb:set package 'rviz_ogre_vendor' build argument 'catkin_cmake_args' from command line to 'None'
[1.073s] Level 5:colcon.colcon_core.verb:set package 'rviz_ogre_vendor' build argument 'catkin_skip_building_tests' from command line to 'False'
[1.073s] DEBUG:colcon.colcon_core.verb:Building package 'rviz_ogre_vendor' with the following arguments: {'ament_cmake_args': None, 'build_base': '/root/ros2_frws/src/build/rviz_ogre_vendor', 'catkin_cmake_args': None, 'catkin_skip_building_tests': False, 'cmake_args': None, 'cmake_clean_cache': False, 'cmake_clean_first': False, 'cmake_force_configure': False, 'cmake_target': None, 'cmake_target_skip_unavailable': False, 'install_base': '/root/ros2_frws/src/install/rviz_ogre_vendor', 'merge_install': False, 'path': '/root/ros2_frws/src/rviz/rviz_ogre_vendor', 'symlink_install': False, 'test_result_base': None}
[1.083s] Level 5:colcon.colcon_core.verb:set package 'xarm_msgs' build argument 'cmake_args' from command line to 'None'
[1.083s] Level 5:colcon.colcon_core.verb:set package 'xarm_msgs' build argument 'cmake_target' from command line to 'None'
[1.083s] Level 5:colcon.colcon_core.verb:set package 'xarm_msgs' build argument 'cmake_target_skip_unavailable' from command line to 'False'
[1.083s] Level 5:colcon.colcon_core.verb:set package 'xarm_msgs' build argument 'cmake_clean_cache' from command line to 'False'
[1.083s] Level 5:colcon.colcon_core.verb:set package 'xarm_msgs' build argument 'cmake_clean_first' from command line to 'False'
[1.083s] Level 5:colcon.colcon_core.verb:set package 'xarm_msgs' build argument 'cmake_force_configure' from command line to 'False'
[1.083s] Level 5:colcon.colcon_core.verb:set package 'xarm_msgs' build argument 'ament_cmake_args' from command line to 'None'
[1.083s] Level 5:colcon.colcon_core.verb:set package 'xarm_msgs' build argument 'catkin_cmake_args' from command line to 'None'
[1.083s] Level 5:colcon.colcon_core.verb:set package 'xarm_msgs' build argument 'catkin_skip_building_tests' from command line to 'False'
[1.083s] DEBUG:colcon.colcon_core.verb:Building package 'xarm_msgs' with the following arguments: {'ament_cmake_args': None, 'build_base': '/root/ros2_frws/src/build/xarm_msgs', 'catkin_cmake_args': None, 'catkin_skip_building_tests': False, 'cmake_args': None, 'cmake_clean_cache': False, 'cmake_clean_first': False, 'cmake_force_configure': False, 'cmake_target': None, 'cmake_target_skip_unavailable': False, 'install_base': '/root/ros2_frws/src/install/xarm_msgs', 'merge_install': False, 'path': '/root/ros2_frws/src/xarm_ros2/xarm_msgs', 'symlink_install': False, 'test_result_base': None}
[1.092s] Level 5:colcon.colcon_core.verb:set package 'xarm_sdk' build argument 'cmake_args' from command line to 'None'
[1.093s] Level 5:colcon.colcon_core.verb:set package 'xarm_sdk' build argument 'cmake_target' from command line to 'None'
[1.093s] Level 5:colcon.colcon_core.verb:set package 'xarm_sdk' build argument 'cmake_target_skip_unavailable' from command line to 'False'
[1.093s] Level 5:colcon.colcon_core.verb:set package 'xarm_sdk' build argument 'cmake_clean_cache' from command line to 'False'
[1.093s] Level 5:colcon.colcon_core.verb:set package 'xarm_sdk' build argument 'cmake_clean_first' from command line to 'False'
[1.093s] Level 5:colcon.colcon_core.verb:set package 'xarm_sdk' build argument 'cmake_force_configure' from command line to 'False'
[1.093s] Level 5:colcon.colcon_core.verb:set package 'xarm_sdk' build argument 'ament_cmake_args' from command line to 'None'
[1.093s] Level 5:colcon.colcon_core.verb:set package 'xarm_sdk' build argument 'catkin_cmake_args' from command line to 'None'
[1.093s] Level 5:colcon.colcon_core.verb:set package 'xarm_sdk' build argument 'catkin_skip_building_tests' from command line to 'False'
[1.093s] DEBUG:colcon.colcon_core.verb:Building package 'xarm_sdk' with the following arguments: {'ament_cmake_args': None, 'build_base': '/root/ros2_frws/src/build/xarm_sdk', 'catkin_cmake_args': None, 'catkin_skip_building_tests': False, 'cmake_args': None, 'cmake_clean_cache': False, 'cmake_clean_first': False, 'cmake_force_configure': False, 'cmake_target': None, 'cmake_target_skip_unavailable': False, 'install_base': '/root/ros2_frws/src/install/xarm_sdk', 'merge_install': False, 'path': '/root/ros2_frws/src/xarm_ros2/xarm_sdk', 'symlink_install': False, 'test_result_base': None}
[1.103s] Level 5:colcon.colcon_core.verb:set package 'challenge_2' build argument 'cmake_args' from command line to 'None'
[1.103s] Level 5:colcon.colcon_core.verb:set package 'challenge_2' build argument 'cmake_target' from command line to 'None'
[1.103s] Level 5:colcon.colcon_core.verb:set package 'challenge_2' build argument 'cmake_target_skip_unavailable' from command line to 'False'
[1.103s] Level 5:colcon.colcon_core.verb:set package 'challenge_2' build argument 'cmake_clean_cache' from command line to 'False'
[1.103s] Level 5:colcon.colcon_core.verb:set package 'challenge_2' build argument 'cmake_clean_first' from command line to 'False'
[1.103s] Level 5:colcon.colcon_core.verb:set package 'challenge_2' build argument 'cmake_force_configure' from command line to 'False'
[1.103s] Level 5:colcon.colcon_core.verb:set package 'challenge_2' build argument 'ament_cmake_args' from command line to 'None'
[1.103s] Level 5:colcon.colcon_core.verb:set package 'challenge_2' build argument 'catkin_cmake_args' from command line to 'None'
[1.103s] Level 5:colcon.colcon_core.verb:set package 'challenge_2' build argument 'catkin_skip_building_tests' from command line to 'False'
[1.103s] DEBUG:colcon.colcon_core.verb:Building package 'challenge_2' with the following arguments: {'ament_cmake_args': None, 'build_base': '/root/ros2_frws/src/build/challenge_2', 'catkin_cmake_args': None, 'catkin_skip_building_tests': False, 'cmake_args': None, 'cmake_clean_cache': False, 'cmake_clean_first': False, 'cmake_force_configure': False, 'cmake_target': None, 'cmake_target_skip_unavailable': False, 'install_base': '/root/ros2_frws/src/install/challenge_2', 'merge_install': False, 'path': '/root/ros2_frws/src/challenge_2', 'symlink_install': False, 'test_result_base': None}
[1.112s] Level 5:colcon.colcon_core.verb:set package 'rviz_rendering' build argument 'cmake_args' from command line to 'None'
[1.112s] Level 5:colcon.colcon_core.verb:set package 'rviz_rendering' build argument 'cmake_target' from command line to 'None'
[1.112s] Level 5:colcon.colcon_core.verb:set package 'rviz_rendering' build argument 'cmake_target_skip_unavailable' from command line to 'False'
[1.112s] Level 5:colcon.colcon_core.verb:set package 'rviz_rendering' build argument 'cmake_clean_cache' from command line to 'False'
[1.112s] Level 5:colcon.colcon_core.verb:set package 'rviz_rendering' build argument 'cmake_clean_first' from command line to 'False'
[1.112s] Level 5:colcon.colcon_core.verb:set package 'rviz_rendering' build argument 'cmake_force_configure' from command line to 'False'
[1.112s] Level 5:colcon.colcon_core.verb:set package 'rviz_rendering' build argument 'ament_cmake_args' from command line to 'None'
[1.112s] Level 5:colcon.colcon_core.verb:set package 'rviz_rendering' build argument 'catkin_cmake_args' from command line to 'None'
[1.112s] Level 5:colcon.colcon_core.verb:set package 'rviz_rendering' build argument 'catkin_skip_building_tests' from command line to 'False'
[1.112s] DEBUG:colcon.colcon_core.verb:Building package 'rviz_rendering' with the following arguments: {'ament_cmake_args': None, 'build_base': '/root/ros2_frws/src/build/rviz_rendering', 'catkin_cmake_args': None, 'catkin_skip_building_tests': False, 'cmake_args': None, 'cmake_clean_cache': False, 'cmake_clean_first': False, 'cmake_force_configure': False, 'cmake_target': None, 'cmake_target_skip_unavailable': False, 'install_base': '/root/ros2_frws/src/install/rviz_rendering', 'merge_install': False, 'path': '/root/ros2_frws/src/rviz/rviz_rendering', 'symlink_install': False, 'test_result_base': None}
[1.122s] Level 5:colcon.colcon_core.verb:set package 'rviz_common' build argument 'cmake_args' from command line to 'None'
[1.122s] Level 5:colcon.colcon_core.verb:set package 'rviz_common' build argument 'cmake_target' from command line to 'None'
[1.122s] Level 5:colcon.colcon_core.verb:set package 'rviz_common' build argument 'cmake_target_skip_unavailable' from command line to 'False'
[1.122s] Level 5:colcon.colcon_core.verb:set package 'rviz_common' build argument 'cmake_clean_cache' from command line to 'False'
[1.122s] Level 5:colcon.colcon_core.verb:set package 'rviz_common' build argument 'cmake_clean_first' from command line to 'False'
[1.122s] Level 5:colcon.colcon_core.verb:set package 'rviz_common' build argument 'cmake_force_configure' from command line to 'False'
[1.122s] Level 5:colcon.colcon_core.verb:set package 'rviz_common' build argument 'ament_cmake_args' from command line to 'None'
[1.122s] Level 5:colcon.colcon_core.verb:set package 'rviz_common' build argument 'catkin_cmake_args' from command line to 'None'
[1.122s] Level 5:colcon.colcon_core.verb:set package 'rviz_common' build argument 'catkin_skip_building_tests' from command line to 'False'
[1.122s] DEBUG:colcon.colcon_core.verb:Building package 'rviz_common' with the following arguments: {'ament_cmake_args': None, 'build_base': '/root/ros2_frws/src/build/rviz_common', 'catkin_cmake_args': None, 'catkin_skip_building_tests': False, 'cmake_args': None, 'cmake_clean_cache': False, 'cmake_clean_first': False, 'cmake_force_configure': False, 'cmake_target': None, 'cmake_target_skip_unavailable': False, 'install_base': '/root/ros2_frws/src/install/rviz_common', 'merge_install': False, 'path': '/root/ros2_frws/src/rviz/rviz_common', 'symlink_install': False, 'test_result_base': None}
[1.131s] Level 5:colcon.colcon_core.verb:set package 'rviz_rendering_tests' build argument 'cmake_args' from command line to 'None'
[1.131s] Level 5:colcon.colcon_core.verb:set package 'rviz_rendering_tests' build argument 'cmake_target' from command line to 'None'
[1.131s] Level 5:colcon.colcon_core.verb:set package 'rviz_rendering_tests' build argument 'cmake_target_skip_unavailable' from command line to 'False'
[1.131s] Level 5:colcon.colcon_core.verb:set package 'rviz_rendering_tests' build argument 'cmake_clean_cache' from command line to 'False'
[1.131s] Level 5:colcon.colcon_core.verb:set package 'rviz_rendering_tests' build argument 'cmake_clean_first' from command line to 'False'
[1.131s] Level 5:colcon.colcon_core.verb:set package 'rviz_rendering_tests' build argument 'cmake_force_configure' from command line to 'False'
[1.131s] Level 5:colcon.colcon_core.verb:set package 'rviz_rendering_tests' build argument 'ament_cmake_args' from command line to 'None'
[1.131s] Level 5:colcon.colcon_core.verb:set package 'rviz_rendering_tests' build argument 'catkin_cmake_args' from command line to 'None'
[1.131s] Level 5:colcon.colcon_core.verb:set package 'rviz_rendering_tests' build argument 'catkin_skip_building_tests' from command line to 'False'
[1.131s] DEBUG:colcon.colcon_core.verb:Building package 'rviz_rendering_tests' with the following arguments: {'ament_cmake_args': None, 'build_base': '/root/ros2_frws/src/build/rviz_rendering_tests', 'catkin_cmake_args': None, 'catkin_skip_building_tests': False, 'cmake_args': None, 'cmake_clean_cache': False, 'cmake_clean_first': False, 'cmake_force_configure': False, 'cmake_target': None, 'cmake_target_skip_unavailable': False, 'install_base': '/root/ros2_frws/src/install/rviz_rendering_tests', 'merge_install': False, 'path': '/root/ros2_frws/src/rviz/rviz_rendering_tests', 'symlink_install': False, 'test_result_base': None}
[1.140s] Level 5:colcon.colcon_core.verb:set package 'rviz_visual_testing_framework' build argument 'cmake_args' from command line to 'None'
[1.140s] Level 5:colcon.colcon_core.verb:set package 'rviz_visual_testing_framework' build argument 'cmake_target' from command line to 'None'
[1.140s] Level 5:colcon.colcon_core.verb:set package 'rviz_visual_testing_framework' build argument 'cmake_target_skip_unavailable' from command line to 'False'
[1.140s] Level 5:colcon.colcon_core.verb:set package 'rviz_visual_testing_framework' build argument 'cmake_clean_cache' from command line to 'False'
[1.140s] Level 5:colcon.colcon_core.verb:set package 'rviz_visual_testing_framework' build argument 'cmake_clean_first' from command line to 'False'
[1.140s] Level 5:colcon.colcon_core.verb:set package 'rviz_visual_testing_framework' build argument 'cmake_force_configure' from command line to 'False'
[1.140s] Level 5:colcon.colcon_core.verb:set package 'rviz_visual_testing_framework' build argument 'ament_cmake_args' from command line to 'None'
[1.140s] Level 5:colcon.colcon_core.verb:set package 'rviz_visual_testing_framework' build argument 'catkin_cmake_args' from command line to 'None'
[1.140s] Level 5:colcon.colcon_core.verb:set package 'rviz_visual_testing_framework' build argument 'catkin_skip_building_tests' from command line to 'False'
[1.140s] DEBUG:colcon.colcon_core.verb:Building package 'rviz_visual_testing_framework' with the following arguments: {'ament_cmake_args': None, 'build_base': '/root/ros2_frws/src/build/rviz_visual_testing_framework', 'catkin_cmake_args': None, 'catkin_skip_building_tests': False, 'cmake_args': None, 'cmake_clean_cache': False, 'cmake_clean_first': False, 'cmake_force_configure': False, 'cmake_target': None, 'cmake_target_skip_unavailable': False, 'install_base': '/root/ros2_frws/src/install/rviz_visual_testing_framework', 'merge_install': False, 'path': '/root/ros2_frws/src/rviz/rviz_visual_testing_framework', 'symlink_install': False, 'test_result_base': None}
[1.149s] Level 5:colcon.colcon_core.verb:set package 'rviz_default_plugins' build argument 'cmake_args' from command line to 'None'
[1.150s] Level 5:colcon.colcon_core.verb:set package 'rviz_default_plugins' build argument 'cmake_target' from command line to 'None'
[1.150s] Level 5:colcon.colcon_core.verb:set package 'rviz_default_plugins' build argument 'cmake_target_skip_unavailable' from command line to 'False'
[1.150s] Level 5:colcon.colcon_core.verb:set package 'rviz_default_plugins' build argument 'cmake_clean_cache' from command line to 'False'
[1.150s] Level 5:colcon.colcon_core.verb:set package 'rviz_default_plugins' build argument 'cmake_clean_first' from command line to 'False'
[1.150s] Level 5:colcon.colcon_core.verb:set package 'rviz_default_plugins' build argument 'cmake_force_configure' from command line to 'False'
[1.150s] Level 5:colcon.colcon_core.verb:set package 'rviz_default_plugins' build argument 'ament_cmake_args' from command line to 'None'
[1.150s] Level 5:colcon.colcon_core.verb:set package 'rviz_default_plugins' build argument 'catkin_cmake_args' from command line to 'None'
[1.150s] Level 5:colcon.colcon_core.verb:set package 'rviz_default_plugins' build argument 'catkin_skip_building_tests' from command line to 'False'
[1.150s] DEBUG:colcon.colcon_core.verb:Building package 'rviz_default_plugins' with the following arguments: {'ament_cmake_args': None, 'build_base': '/root/ros2_frws/src/build/rviz_default_plugins', 'catkin_cmake_args': None, 'catkin_skip_building_tests': False, 'cmake_args': None, 'cmake_clean_cache': False, 'cmake_clean_first': False, 'cmake_force_configure': False, 'cmake_target': None, 'cmake_target_skip_unavailable': False, 'install_base': '/root/ros2_frws/src/install/rviz_default_plugins', 'merge_install': False, 'path': '/root/ros2_frws/src/rviz/rviz_default_plugins', 'symlink_install': False, 'test_result_base': None}
[1.159s] Level 5:colcon.colcon_core.verb:set package 'rviz2' build argument 'cmake_args' from command line to 'None'
[1.159s] Level 5:colcon.colcon_core.verb:set package 'rviz2' build argument 'cmake_target' from command line to 'None'
[1.159s] Level 5:colcon.colcon_core.verb:set package 'rviz2' build argument 'cmake_target_skip_unavailable' from command line to 'False'
[1.159s] Level 5:colcon.colcon_core.verb:set package 'rviz2' build argument 'cmake_clean_cache' from command line to 'False'
[1.159s] Level 5:colcon.colcon_core.verb:set package 'rviz2' build argument 'cmake_clean_first' from command line to 'False'
[1.159s] Level 5:colcon.colcon_core.verb:set package 'rviz2' build argument 'cmake_force_configure' from command line to 'False'
[1.159s] Level 5:colcon.colcon_core.verb:set package 'rviz2' build argument 'ament_cmake_args' from command line to 'None'
[1.159s] Level 5:colcon.colcon_core.verb:set package 'rviz2' build argument 'catkin_cmake_args' from command line to 'None'
[1.159s] Level 5:colcon.colcon_core.verb:set package 'rviz2' build argument 'catkin_skip_building_tests' from command line to 'False'
[1.159s] DEBUG:colcon.colcon_core.verb:Building package 'rviz2' with the following arguments: {'ament_cmake_args': None, 'build_base': '/root/ros2_frws/src/build/rviz2', 'catkin_cmake_args': None, 'catkin_skip_building_tests': False, 'cmake_args': None, 'cmake_clean_cache': False, 'cmake_clean_first': False, 'cmake_force_configure': False, 'cmake_target': None, 'cmake_target_skip_unavailable': False, 'install_base': '/root/ros2_frws/src/install/rviz2', 'merge_install': False, 'path': '/root/ros2_frws/src/rviz/rviz2', 'symlink_install': False, 'test_result_base': None}
[1.168s] Level 5:colcon.colcon_core.verb:set package 'xarm_description' build argument 'cmake_args' from command line to 'None'
[1.169s] Level 5:colcon.colcon_core.verb:set package 'xarm_description' build argument 'cmake_target' from command line to 'None'
[1.169s] Level 5:colcon.colcon_core.verb:set package 'xarm_description' build argument 'cmake_target_skip_unavailable' from command line to 'False'
[1.169s] Level 5:colcon.colcon_core.verb:set package 'xarm_description' build argument 'cmake_clean_cache' from command line to 'False'
[1.169s] Level 5:colcon.colcon_core.verb:set package 'xarm_description' build argument 'cmake_clean_first' from command line to 'False'
[1.169s] Level 5:colcon.colcon_core.verb:set package 'xarm_description' build argument 'cmake_force_configure' from command line to 'False'
[1.169s] Level 5:colcon.colcon_core.verb:set package 'xarm_description' build argument 'ament_cmake_args' from command line to 'None'
[1.169s] Level 5:colcon.colcon_core.verb:set package 'xarm_description' build argument 'catkin_cmake_args' from command line to 'None'
[1.169s] Level 5:colcon.colcon_core.verb:set package 'xarm_description' build argument 'catkin_skip_building_tests' from command line to 'False'
[1.169s] DEBUG:colcon.colcon_core.verb:Building package 'xarm_description' with the following arguments: {'ament_cmake_args': None, 'build_base': '/root/ros2_frws/src/build/xarm_description', 'catkin_cmake_args': None, 'catkin_skip_building_tests': False, 'cmake_args': None, 'cmake_clean_cache': False, 'cmake_clean_first': False, 'cmake_force_configure': False, 'cmake_target': None, 'cmake_target_skip_unavailable': False, 'install_base': '/root/ros2_frws/src/install/xarm_description', 'merge_install': False, 'path': '/root/ros2_frws/src/xarm_ros2/xarm_description', 'symlink_install': False, 'test_result_base': None}
[1.178s] Level 5:colcon.colcon_core.verb:set package 'xarm_api' build argument 'cmake_args' from command line to 'None'
[1.178s] Level 5:colcon.colcon_core.verb:set package 'xarm_api' build argument 'cmake_target' from command line to 'None'
[1.178s] Level 5:colcon.colcon_core.verb:set package 'xarm_api' build argument 'cmake_target_skip_unavailable' from command line to 'False'
[1.178s] Level 5:colcon.colcon_core.verb:set package 'xarm_api' build argument 'cmake_clean_cache' from command line to 'False'
[1.178s] Level 5:colcon.colcon_core.verb:set package 'xarm_api' build argument 'cmake_clean_first' from command line to 'False'
[1.178s] Level 5:colcon.colcon_core.verb:set package 'xarm_api' build argument 'cmake_force_configure' from command line to 'False'
[1.178s] Level 5:colcon.colcon_core.verb:set package 'xarm_api' build argument 'ament_cmake_args' from command line to 'None'
[1.178s] Level 5:colcon.colcon_core.verb:set package 'xarm_api' build argument 'catkin_cmake_args' from command line to 'None'
[1.178s] Level 5:colcon.colcon_core.verb:set package 'xarm_api' build argument 'catkin_skip_building_tests' from command line to 'False'
[1.178s] DEBUG:colcon.colcon_core.verb:Building package 'xarm_api' with the following arguments: {'ament_cmake_args': None, 'build_base': '/root/ros2_frws/src/build/xarm_api', 'catkin_cmake_args': None, 'catkin_skip_building_tests': False, 'cmake_args': None, 'cmake_clean_cache': False, 'cmake_clean_first': False, 'cmake_force_configure': False, 'cmake_target': None, 'cmake_target_skip_unavailable': False, 'install_base': '/root/ros2_frws/src/install/xarm_api', 'merge_install': False, 'path': '/root/ros2_frws/src/xarm_ros2/xarm_api', 'symlink_install': False, 'test_result_base': None}
[1.187s] Level 5:colcon.colcon_core.verb:set package 'xarm_controller' build argument 'cmake_args' from command line to 'None'
[1.187s] Level 5:colcon.colcon_core.verb:set package 'xarm_controller' build argument 'cmake_target' from command line to 'None'
[1.187s] Level 5:colcon.colcon_core.verb:set package 'xarm_controller' build argument 'cmake_target_skip_unavailable' from command line to 'False'
[1.187s] Level 5:colcon.colcon_core.verb:set package 'xarm_controller' build argument 'cmake_clean_cache' from command line to 'False'
[1.187s] Level 5:colcon.colcon_core.verb:set package 'xarm_controller' build argument 'cmake_clean_first' from command line to 'False'
[1.187s] Level 5:colcon.colcon_core.verb:set package 'xarm_controller' build argument 'cmake_force_configure' from command line to 'False'
[1.187s] Level 5:colcon.colcon_core.verb:set package 'xarm_controller' build argument 'ament_cmake_args' from command line to 'None'
[1.187s] Level 5:colcon.colcon_core.verb:set package 'xarm_controller' build argument 'catkin_cmake_args' from command line to 'None'
[1.187s] Level 5:colcon.colcon_core.verb:set package 'xarm_controller' build argument 'catkin_skip_building_tests' from command line to 'False'
[1.188s] DEBUG:colcon.colcon_core.verb:Building package 'xarm_controller' with the following arguments: {'ament_cmake_args': None, 'build_base': '/root/ros2_frws/src/build/xarm_controller', 'catkin_cmake_args': None, 'catkin_skip_building_tests': False, 'cmake_args': None, 'cmake_clean_cache': False, 'cmake_clean_first': False, 'cmake_force_configure': False, 'cmake_target': None, 'cmake_target_skip_unavailable': False, 'install_base': '/root/ros2_frws/src/install/xarm_controller', 'merge_install': False, 'path': '/root/ros2_frws/src/xarm_ros2/xarm_controller', 'symlink_install': False, 'test_result_base': None}
[1.197s] Level 5:colcon.colcon_core.verb:set package 'xarm_gazebo' build argument 'cmake_args' from command line to 'None'
[1.197s] Level 5:colcon.colcon_core.verb:set package 'xarm_gazebo' build argument 'cmake_target' from command line to 'None'
[1.197s] Level 5:colcon.colcon_core.verb:set package 'xarm_gazebo' build argument 'cmake_target_skip_unavailable' from command line to 'False'
[1.197s] Level 5:colcon.colcon_core.verb:set package 'xarm_gazebo' build argument 'cmake_clean_cache' from command line to 'False'
[1.197s] Level 5:colcon.colcon_core.verb:set package 'xarm_gazebo' build argument 'cmake_clean_first' from command line to 'False'
[1.197s] Level 5:colcon.colcon_core.verb:set package 'xarm_gazebo' build argument 'cmake_force_configure' from command line to 'False'
[1.197s] Level 5:colcon.colcon_core.verb:set package 'xarm_gazebo' build argument 'ament_cmake_args' from command line to 'None'
[1.197s] Level 5:colcon.colcon_core.verb:set package 'xarm_gazebo' build argument 'catkin_cmake_args' from command line to 'None'
[1.197s] Level 5:colcon.colcon_core.verb:set package 'xarm_gazebo' build argument 'catkin_skip_building_tests' from command line to 'False'
[1.197s] DEBUG:colcon.colcon_core.verb:Building package 'xarm_gazebo' with the following arguments: {'ament_cmake_args': None, 'build_base': '/root/ros2_frws/src/build/xarm_gazebo', 'catkin_cmake_args': None, 'catkin_skip_building_tests': False, 'cmake_args': None, 'cmake_clean_cache': False, 'cmake_clean_first': False, 'cmake_force_configure': False, 'cmake_target': None, 'cmake_target_skip_unavailable': False, 'install_base': '/root/ros2_frws/src/install/xarm_gazebo', 'merge_install': False, 'path': '/root/ros2_frws/src/xarm_ros2/xarm_gazebo', 'symlink_install': False, 'test_result_base': None}
[1.208s] Level 5:colcon.colcon_core.verb:set package 'xarm_moveit_config' build argument 'cmake_args' from command line to 'None'
[1.208s] Level 5:colcon.colcon_core.verb:set package 'xarm_moveit_config' build argument 'cmake_target' from command line to 'None'
[1.208s] Level 5:colcon.colcon_core.verb:set package 'xarm_moveit_config' build argument 'cmake_target_skip_unavailable' from command line to 'False'
[1.208s] Level 5:colcon.colcon_core.verb:set package 'xarm_moveit_config' build argument 'cmake_clean_cache' from command line to 'False'
[1.208s] Level 5:colcon.colcon_core.verb:set package 'xarm_moveit_config' build argument 'cmake_clean_first' from command line to 'False'
[1.208s] Level 5:colcon.colcon_core.verb:set package 'xarm_moveit_config' build argument 'cmake_force_configure' from command line to 'False'
[1.208s] Level 5:colcon.colcon_core.verb:set package 'xarm_moveit_config' build argument 'ament_cmake_args' from command line to 'None'
[1.208s] Level 5:colcon.colcon_core.verb:set package 'xarm_moveit_config' build argument 'catkin_cmake_args' from command line to 'None'
[1.208s] Level 5:colcon.colcon_core.verb:set package 'xarm_moveit_config' build argument 'catkin_skip_building_tests' from command line to 'False'
[1.208s] DEBUG:colcon.colcon_core.verb:Building package 'xarm_moveit_config' with the following arguments: {'ament_cmake_args': None, 'build_base': '/root/ros2_frws/src/build/xarm_moveit_config', 'catkin_cmake_args': None, 'catkin_skip_building_tests': False, 'cmake_args': None, 'cmake_clean_cache': False, 'cmake_clean_first': False, 'cmake_force_configure': False, 'cmake_target': None, 'cmake_target_skip_unavailable': False, 'install_base': '/root/ros2_frws/src/install/xarm_moveit_config', 'merge_install': False, 'path': '/root/ros2_frws/src/xarm_ros2/xarm_moveit_config', 'symlink_install': False, 'test_result_base': None}
[1.218s] Level 5:colcon.colcon_core.verb:set package 'xarm_moveit_servo' build argument 'cmake_args' from command line to 'None'
[1.218s] Level 5:colcon.colcon_core.verb:set package 'xarm_moveit_servo' build argument 'cmake_target' from command line to 'None'
[1.218s] Level 5:colcon.colcon_core.verb:set package 'xarm_moveit_servo' build argument 'cmake_target_skip_unavailable' from command line to 'False'
[1.218s] Level 5:colcon.colcon_core.verb:set package 'xarm_moveit_servo' build argument 'cmake_clean_cache' from command line to 'False'
[1.218s] Level 5:colcon.colcon_core.verb:set package 'xarm_moveit_servo' build argument 'cmake_clean_first' from command line to 'False'
[1.218s] Level 5:colcon.colcon_core.verb:set package 'xarm_moveit_servo' build argument 'cmake_force_configure' from command line to 'False'
[1.218s] Level 5:colcon.colcon_core.verb:set package 'xarm_moveit_servo' build argument 'ament_cmake_args' from command line to 'None'
[1.218s] Level 5:colcon.colcon_core.verb:set package 'xarm_moveit_servo' build argument 'catkin_cmake_args' from command line to 'None'
[1.218s] Level 5:colcon.colcon_core.verb:set package 'xarm_moveit_servo' build argument 'catkin_skip_building_tests' from command line to 'False'
[1.218s] DEBUG:colcon.colcon_core.verb:Building package 'xarm_moveit_servo' with the following arguments: {'ament_cmake_args': None, 'build_base': '/root/ros2_frws/src/build/xarm_moveit_servo', 'catkin_cmake_args': None, 'catkin_skip_building_tests': False, 'cmake_args': None, 'cmake_clean_cache': False, 'cmake_clean_first': False, 'cmake_force_configure': False, 'cmake_target': None, 'cmake_target_skip_unavailable': False, 'install_base': '/root/ros2_frws/src/install/xarm_moveit_servo', 'merge_install': False, 'path': '/root/ros2_frws/src/xarm_ros2/xarm_moveit_servo', 'symlink_install': False, 'test_result_base': None}
[1.228s] Level 5:colcon.colcon_core.verb:set package 'xarm_planner' build argument 'cmake_args' from command line to 'None'
[1.228s] Level 5:colcon.colcon_core.verb:set package 'xarm_planner' build argument 'cmake_target' from command line to 'None'
[1.228s] Level 5:colcon.colcon_core.verb:set package 'xarm_planner' build argument 'cmake_target_skip_unavailable' from command line to 'False'
[1.228s] Level 5:colcon.colcon_core.verb:set package 'xarm_planner' build argument 'cmake_clean_cache' from command line to 'False'
[1.228s] Level 5:colcon.colcon_core.verb:set package 'xarm_planner' build argument 'cmake_clean_first' from command line to 'False'
[1.228s] Level 5:colcon.colcon_core.verb:set package 'xarm_planner' build argument 'cmake_force_configure' from command line to 'False'
[1.228s] Level 5:colcon.colcon_core.verb:set package 'xarm_planner' build argument 'ament_cmake_args' from command line to 'None'
[1.228s] Level 5:colcon.colcon_core.verb:set package 'xarm_planner' build argument 'catkin_cmake_args' from command line to 'None'
[1.228s] Level 5:colcon.colcon_core.verb:set package 'xarm_planner' build argument 'catkin_skip_building_tests' from command line to 'False'
[1.228s] DEBUG:colcon.colcon_core.verb:Building package 'xarm_planner' with the following arguments: {'ament_cmake_args': None, 'build_base': '/root/ros2_frws/src/build/xarm_planner', 'catkin_cmake_args': None, 'catkin_skip_building_tests': False, 'cmake_args': None, 'cmake_clean_cache': False, 'cmake_clean_first': False, 'cmake_force_configure': False, 'cmake_target': None, 'cmake_target_skip_unavailable': False, 'install_base': '/root/ros2_frws/src/install/xarm_planner', 'merge_install': False, 'path': '/root/ros2_frws/src/xarm_ros2/xarm_planner', 'symlink_install': False, 'test_result_base': None}
[1.237s] INFO:colcon.colcon_core.executor:Executing jobs using 'parallel' executor
[1.248s] DEBUG:colcon.colcon_parallel_executor.executor.parallel:run_until_complete
[1.249s] INFO:colcon.colcon_ros.task.ament_cmake.build:Building ROS package in '/root/ros2_frws/src/rviz/rviz_assimp_vendor' with build type 'ament_cmake'
[1.249s] INFO:colcon.colcon_cmake.task.cmake.build:Building CMake package in '/root/ros2_frws/src/rviz/rviz_assimp_vendor'
[1.261s] INFO:colcon.colcon_core.plugin_system:Skipping extension 'colcon_core.shell.bat': Not used on non-Windows systems
[1.261s] INFO:colcon.colcon_core.shell:Skip shell extension 'powershell' for command environment: Not usable outside of PowerShell
[1.262s] DEBUG:colcon.colcon_core.shell:Skip shell extension 'dsv' for command environment
[1.301s] INFO:colcon.colcon_ros.task.ament_cmake.build:Building ROS package in '/root/ros2_frws/src/rviz/rviz_ogre_vendor' with build type 'ament_cmake'
[1.301s] INFO:colcon.colcon_cmake.task.cmake.build:Building CMake package in '/root/ros2_frws/src/rviz/rviz_ogre_vendor'
[1.312s] INFO:colcon.colcon_core.shell:Skip shell extension 'powershell' for command environment: Not usable outside of PowerShell
[1.313s] DEBUG:colcon.colcon_core.shell:Skip shell extension 'dsv' for command environment
[1.351s] INFO:colcon.colcon_ros.task.ament_cmake.build:Building ROS package in '/root/ros2_frws/src/xarm_ros2/xarm_msgs' with build type 'ament_cmake'
[1.351s] INFO:colcon.colcon_cmake.task.cmake.build:Building CMake package in '/root/ros2_frws/src/xarm_ros2/xarm_msgs'
[1.363s] INFO:colcon.colcon_core.shell:Skip shell extension 'powershell' for command environment: Not usable outside of PowerShell
[1.364s] DEBUG:colcon.colcon_core.shell:Skip shell extension 'dsv' for command environment
[1.400s] INFO:colcon.colcon_ros.task.ament_cmake.build:Building ROS package in '/root/ros2_frws/src/xarm_ros2/xarm_sdk' with build type 'ament_cmake'
[1.400s] INFO:colcon.colcon_cmake.task.cmake.build:Building CMake package in '/root/ros2_frws/src/xarm_ros2/xarm_sdk'
[1.412s] INFO:colcon.colcon_core.shell:Skip shell extension 'powershell' for command environment: Not usable outside of PowerShell
[1.412s] DEBUG:colcon.colcon_core.shell:Skip shell extension 'dsv' for command environment
[1.449s] INFO:colcon.colcon_ros.task.ament_cmake.build:Building ROS package in '/root/ros2_frws/src/my_msg_interfaces' with build type 'ament_cmake'
[1.449s] INFO:colcon.colcon_cmake.task.cmake.build:Building CMake package in '/root/ros2_frws/src/my_msg_interfaces'
[1.462s] INFO:colcon.colcon_core.shell:Skip shell extension 'powershell' for command environment: Not usable outside of PowerShell
[1.462s] DEBUG:colcon.colcon_core.shell:Skip shell extension 'dsv' for command environment
[1.499s] INFO:colcon.colcon_ros.task.ament_python.build:Building ROS package in '/root/ros2_frws/src/basic_comms' with build type 'ament_python'
[1.499s] Level 1:colcon.colcon_core.shell:create_environment_hook('basic_comms', 'ament_prefix_path')
[1.511s] INFO:colcon.colcon_core.shell:Creating environment hook '/root/ros2_frws/src/install/basic_comms/share/basic_comms/hook/ament_prefix_path.ps1'
[1.511s] INFO:colcon.colcon_core.shell:Creating environment descriptor '/root/ros2_frws/src/install/basic_comms/share/basic_comms/hook/ament_prefix_path.dsv'
[1.512s] INFO:colcon.colcon_core.shell:Creating environment hook '/root/ros2_frws/src/install/basic_comms/share/basic_comms/hook/ament_prefix_path.sh'
[1.523s] INFO:colcon.colcon_core.shell:Skip shell extension 'powershell' for command environment: Not usable outside of PowerShell
[1.523s] DEBUG:colcon.colcon_core.shell:Skip shell extension 'dsv' for command environment
[1.559s] INFO:colcon.colcon_ros.task.ament_python.build:Building ROS package in '/root/ros2_frws/src/basic_comms_param' with build type 'ament_python'
[1.559s] Level 1:colcon.colcon_core.shell:create_environment_hook('basic_comms_param', 'ament_prefix_path')
[1.571s] INFO:colcon.colcon_core.shell:Creating environment hook '/root/ros2_frws/src/install/basic_comms_param/share/basic_comms_param/hook/ament_prefix_path.ps1'
[1.571s] INFO:colcon.colcon_core.shell:Creating environment descriptor '/root/ros2_frws/src/install/basic_comms_param/share/basic_comms_param/hook/ament_prefix_path.dsv'
[1.571s] INFO:colcon.colcon_core.shell:Creating environment hook '/root/ros2_frws/src/install/basic_comms_param/share/basic_comms_param/hook/ament_prefix_path.sh'
[1.583s] INFO:colcon.colcon_core.shell:Skip shell extension 'powershell' for command environment: Not usable outside of PowerShell
[1.583s] DEBUG:colcon.colcon_core.shell:Skip shell extension 'dsv' for command environment
[1.622s] INFO:colcon.colcon_ros.task.ament_python.build:Building ROS package in '/root/ros2_frws/src/course_works' with build type 'ament_python'
[1.622s] Level 1:colcon.colcon_core.shell:create_environment_hook('course_works', 'ament_prefix_path')
[1.635s] INFO:colcon.colcon_core.shell:Creating environment hook '/root/ros2_frws/src/install/course_works/share/course_works/hook/ament_prefix_path.ps1'
[1.636s] INFO:colcon.colcon_core.shell:Creating environment descriptor '/root/ros2_frws/src/install/course_works/share/course_works/hook/ament_prefix_path.dsv'
[1.636s] INFO:colcon.colcon_core.shell:Creating environment hook '/root/ros2_frws/src/install/course_works/share/course_works/hook/ament_prefix_path.sh'
[1.647s] INFO:colcon.colcon_core.shell:Skip shell extension 'powershell' for command environment: Not usable outside of PowerShell
[1.647s] DEBUG:colcon.colcon_core.shell:Skip shell extension 'dsv' for command environment
[1.699s] INFO:colcon.colcon_ros.task.ament_cmake.build:Building ROS package in '/root/ros2_frws/src/xarm_ros2/thirdparty/realsense_gazebo_plugin' with build type 'ament_cmake'
[1.699s] INFO:colcon.colcon_cmake.task.cmake.build:Building CMake package in '/root/ros2_frws/src/xarm_ros2/thirdparty/realsense_gazebo_plugin'
[1.711s] INFO:colcon.colcon_core.shell:Skip shell extension 'powershell' for command environment: Not usable outside of PowerShell
[1.711s] DEBUG:colcon.colcon_core.shell:Skip shell extension 'dsv' for command environment
[1.754s] DEBUG:colcon.colcon_core.event_handler.log_command:Invoking command in '/root/ros2_frws/src/build/rviz_assimp_vendor': CMAKE_PREFIX_PATH=${CMAKE_PREFIX_PATH}:/root/ros2_frws/install/challenge_2:/root/ros2_frws/install/moveit_configs_utils:/root/ros2_frws/install/course_works:/root/ros2_frws/install/basic_comms_params:/root/ros2_frws/install/basic_comms_param:/root/ros2_frws/install/basic_comms:/opt/ros/humble /usr/bin/cmake /root/ros2_frws/src/rviz/rviz_assimp_vendor -DCMAKE_INSTALL_PREFIX=/root/ros2_frws/src/install/rviz_assimp_vendor
[1.756s] DEBUG:colcon.colcon_core.event_handler.log_command:Invoking command in '/root/ros2_frws/src/build/rviz_ogre_vendor': CMAKE_PREFIX_PATH=${CMAKE_PREFIX_PATH}:/root/ros2_frws/install/challenge_2:/root/ros2_frws/install/moveit_configs_utils:/root/ros2_frws/install/course_works:/root/ros2_frws/install/basic_comms_params:/root/ros2_frws/install/basic_comms_param:/root/ros2_frws/install/basic_comms:/opt/ros/humble /usr/bin/cmake /root/ros2_frws/src/rviz/rviz_ogre_vendor -DCMAKE_INSTALL_PREFIX=/root/ros2_frws/src/install/rviz_ogre_vendor
[1.761s] DEBUG:colcon.colcon_core.event_handler.log_command:Invoking command in '/root/ros2_frws/src/build/xarm_msgs': CMAKE_PREFIX_PATH=${CMAKE_PREFIX_PATH}:/root/ros2_frws/install/challenge_2:/root/ros2_frws/install/moveit_configs_utils:/root/ros2_frws/install/course_works:/root/ros2_frws/install/basic_comms_params:/root/ros2_frws/install/basic_comms_param:/root/ros2_frws/install/basic_comms:/opt/ros/humble /usr/bin/cmake --build /root/ros2_frws/src/build/xarm_msgs -- -j16 -l16
[1.766s] DEBUG:colcon.colcon_core.event_handler.log_command:Invoking command in '/root/ros2_frws/src/build/xarm_sdk': CMAKE_PREFIX_PATH=${CMAKE_PREFIX_PATH}:/root/ros2_frws/install/challenge_2:/root/ros2_frws/install/moveit_configs_utils:/root/ros2_frws/install/course_works:/root/ros2_frws/install/basic_comms_params:/root/ros2_frws/install/basic_comms_param:/root/ros2_frws/install/basic_comms:/opt/ros/humble /usr/bin/cmake --build /root/ros2_frws/src/build/xarm_sdk -- -j16 -l16
[1.767s] DEBUG:colcon.colcon_core.event_handler.log_command:Invoking command in '/root/ros2_frws/src/build/my_msg_interfaces': CMAKE_PREFIX_PATH=${CMAKE_PREFIX_PATH}:/root/ros2_frws/install/challenge_2:/root/ros2_frws/install/moveit_configs_utils:/root/ros2_frws/install/course_works:/root/ros2_frws/install/basic_comms_params:/root/ros2_frws/install/basic_comms_param:/root/ros2_frws/install/basic_comms:/opt/ros/humble /usr/bin/cmake /root/ros2_frws/src/my_msg_interfaces -DCMAKE_INSTALL_PREFIX=/root/ros2_frws/src/install/my_msg_interfaces
[1.943s] INFO:colcon.colcon_core.task.python.build:Building Python package in '/root/ros2_frws/src/basic_comms'
[1.956s] INFO:colcon.colcon_core.shell:Skip shell extension 'powershell' for command environment: Not usable outside of PowerShell
[1.956s] DEBUG:colcon.colcon_core.shell:Skip shell extension 'dsv' for command environment
[2.261s] INFO:colcon.colcon_core.task.python.build:Building Python package in '/root/ros2_frws/src/basic_comms_param'
[2.286s] INFO:colcon.colcon_core.shell:Skip shell extension 'powershell' for command environment: Not usable outside of PowerShell
[2.286s] DEBUG:colcon.colcon_core.shell:Skip shell extension 'dsv' for command environment
[2.803s] INFO:colcon.colcon_core.task.python.build:Building Python package in '/root/ros2_frws/src/course_works'
[2.837s] INFO:colcon.colcon_core.shell:Skip shell extension 'powershell' for command environment: Not usable outside of PowerShell
[2.837s] DEBUG:colcon.colcon_core.shell:Skip shell extension 'dsv' for command environment
[3.051s] DEBUG:colcon.colcon_core.event_handler.log_command:Invoking command in '/root/ros2_frws/src/build/realsense_gazebo_plugin': CMAKE_PREFIX_PATH=${CMAKE_PREFIX_PATH}:/root/ros2_frws/install/challenge_2:/root/ros2_frws/install/moveit_configs_utils:/root/ros2_frws/install/course_works:/root/ros2_frws/install/basic_comms_params:/root/ros2_frws/install/basic_comms_param:/root/ros2_frws/install/basic_comms:/opt/ros/humble /usr/bin/cmake --build /root/ros2_frws/src/build/realsense_gazebo_plugin -- -j16 -l16
[3.435s] DEBUG:colcon.colcon_core.event_handler.log_command:Invoked command in '/root/ros2_frws/src/build/rviz_ogre_vendor' returned '1': CMAKE_PREFIX_PATH=${CMAKE_PREFIX_PATH}:/root/ros2_frws/install/challenge_2:/root/ros2_frws/install/moveit_configs_utils:/root/ros2_frws/install/course_works:/root/ros2_frws/install/basic_comms_params:/root/ros2_frws/install/basic_comms_param:/root/ros2_frws/install/basic_comms:/opt/ros/humble /usr/bin/cmake /root/ros2_frws/src/rviz/rviz_ogre_vendor -DCMAKE_INSTALL_PREFIX=/root/ros2_frws/src/install/rviz_ogre_vendor
[3.465s] Level 1:colcon.colcon_core.environment:create_environment_scripts_only(rviz_ogre_vendor)
[3.543s] Level 1:colcon.colcon_core.environment:checking '/root/ros2_frws/src/install/rviz_ogre_vendor' for CMake module files
[3.543s] Level 1:colcon.colcon_core.environment:checking '/root/ros2_frws/src/install/rviz_ogre_vendor' for CMake config files
[3.544s] Level 1:colcon.colcon_core.environment:checking '/root/ros2_frws/src/install/rviz_ogre_vendor/bin'
[3.544s] Level 1:colcon.colcon_core.environment:checking '/root/ros2_frws/src/install/rviz_ogre_vendor/lib/pkgconfig/rviz_ogre_vendor.pc'
[3.565s] Level 1:colcon.colcon_core.environment:checking '/root/ros2_frws/src/install/rviz_ogre_vendor/lib/python3.10/site-packages'
[3.566s] Level 1:colcon.colcon_core.environment:checking '/root/ros2_frws/src/install/rviz_ogre_vendor/bin'
[3.634s] INFO:colcon.colcon_core.shell:Creating package script '/root/ros2_frws/src/install/rviz_ogre_vendor/share/rviz_ogre_vendor/package.ps1'
[3.640s] INFO:colcon.colcon_core.shell:Creating package descriptor '/root/ros2_frws/src/install/rviz_ogre_vendor/share/rviz_ogre_vendor/package.dsv'
[3.640s] INFO:colcon.colcon_core.shell:Creating package script '/root/ros2_frws/src/install/rviz_ogre_vendor/share/rviz_ogre_vendor/package.sh'
[3.642s] INFO:colcon.colcon_core.shell:Creating package script '/root/ros2_frws/src/install/rviz_ogre_vendor/share/rviz_ogre_vendor/package.bash'
[3.643s] INFO:colcon.colcon_core.shell:Creating package script '/root/ros2_frws/src/install/rviz_ogre_vendor/share/rviz_ogre_vendor/package.zsh'
[3.644s] Level 1:colcon.colcon_core.environment:create_file_with_runtime_dependencies(/root/ros2_frws/src/install/rviz_ogre_vendor/share/colcon-core/packages/rviz_ogre_vendor)
[31.641s] DEBUG:colcon.colcon_parallel_executor.executor.parallel:closing loop
[31.642s] DEBUG:colcon.colcon_parallel_executor.executor.parallel:loop closed
[31.642s] DEBUG:colcon.colcon_parallel_executor.executor.parallel:run_until_complete finished with '1'
[31.643s] DEBUG:colcon.colcon_core.event_reactor:joining thread
[31.689s] INFO:colcon.colcon_core.plugin_system:Skipping extension 'colcon_notification.desktop_notification.notify_send': Could not find 'notify-send'
[31.690s] INFO:colcon.colcon_core.plugin_system:Skipping extension 'colcon_notification.desktop_notification.terminal_notifier': Not used on non-Darwin systems
[31.690s] INFO:colcon.colcon_core.plugin_system:Skipping extension 'colcon_notification.desktop_notification.win32': Not used on non-Windows systems
[31.690s] INFO:colcon.colcon_notification.desktop_notification:Sending desktop notification using 'notify2'
[31.693s] DEBUG:colcon.colcon_notification.desktop_notification.notify2:Failed to initialize notify2: org.freedesktop.DBus.Error.Spawn.ExecFailed: /usr/bin/dbus-launch terminated abnormally without any error message
[31.694s] DEBUG:colcon.colcon_core.event_reactor:joined thread
[31.707s] INFO:colcon.colcon_core.shell:Creating prefix script '/root/ros2_frws/src/install/local_setup.ps1'
[31.710s] INFO:colcon.colcon_core.shell:Creating prefix util module '/root/ros2_frws/src/install/_local_setup_util_ps1.py'
[31.712s] INFO:colcon.colcon_core.shell:Creating prefix chain script '/root/ros2_frws/src/install/setup.ps1'
[31.727s] INFO:colcon.colcon_core.shell:Creating prefix script '/root/ros2_frws/src/install/local_setup.sh'
[31.727s] INFO:colcon.colcon_core.shell:Creating prefix util module '/root/ros2_frws/src/install/_local_setup_util_sh.py'
[31.728s] INFO:colcon.colcon_core.shell:Creating prefix chain script '/root/ros2_frws/src/install/setup.sh'
[31.742s] INFO:colcon.colcon_core.shell:Creating prefix script '/root/ros2_frws/src/install/local_setup.bash'
[31.743s] INFO:colcon.colcon_core.shell:Creating prefix chain script '/root/ros2_frws/src/install/setup.bash'
[31.759s] INFO:colcon.colcon_core.shell:Creating prefix script '/root/ros2_frws/src/install/local_setup.zsh'
[31.759s] INFO:colcon.colcon_core.shell:Creating prefix chain script '/root/ros2_frws/src/install/setup.zsh'
