[0.796s] Invoking command in '/root/ros2_frws/src/basic_comms/basic_comms/py_pubsub': PYTHONPATH=/root/ros2_frws/src/basic_comms/basic_comms/build/py_pubsub/prefix_override:/root/ros2_frws/src/basic_comms/basic_comms/install/py_pubsub/lib/python3.10/site-packages:${PYTHONPATH} /usr/bin/python3 setup.py egg_info --egg-base ../build/py_pubsub build --build-base /root/ros2_frws/src/basic_comms/basic_comms/build/py_pubsub/build install --record /root/ros2_frws/src/basic_comms/basic_comms/build/py_pubsub/install.log --single-version-externally-managed
[0.983s] running egg_info
[0.994s] writing ../build/py_pubsub/py_pubsub.egg-info/PKG-INFO
[0.994s] writing dependency_links to ../build/py_pubsub/py_pubsub.egg-info/dependency_links.txt
[0.995s] writing requirements to ../build/py_pubsub/py_pubsub.egg-info/requires.txt
[0.995s] writing top-level names to ../build/py_pubsub/py_pubsub.egg-info/top_level.txt
[1.020s] reading manifest file '../build/py_pubsub/py_pubsub.egg-info/SOURCES.txt'
[1.020s] adding license file 'LICENSE'
[1.021s] writing manifest file '../build/py_pubsub/py_pubsub.egg-info/SOURCES.txt'
[1.021s] running build
[1.021s] running build_py
[1.021s] running install
[1.021s] /root/.local/lib/python3.10/site-packages/setuptools/_distutils/cmd.py:66: SetuptoolsDeprecationWarning: setup.py install is deprecated.
[1.021s] !!
[1.022s] 
[1.022s]         ********************************************************************************
[1.022s]         Please avoid running ``setup.py`` directly.
[1.022s]         Instead, use pypa/build, pypa/installer or other
[1.022s]         standards-based tools.
[1.022s] 
[1.022s]         See https://blog.ganssle.io/articles/2021/10/setup-py-deprecated.html for details.
[1.022s]         ********************************************************************************
[1.022s] 
[1.022s] !!
[1.022s]   self.initialize_options()
[1.029s] running install_lib
[1.041s] running install_data
[1.053s] running install_egg_info
[1.066s] removing '/root/ros2_frws/src/basic_comms/basic_comms/install/py_pubsub/lib/python3.10/site-packages/py_pubsub-0.0.0-py3.10.egg-info' (and everything under it)
[1.066s] Copying ../build/py_pubsub/py_pubsub.egg-info to /root/ros2_frws/src/basic_comms/basic_comms/install/py_pubsub/lib/python3.10/site-packages/py_pubsub-0.0.0-py3.10.egg-info
[1.067s] running install_scripts
[1.177s] writing list of installed files to '/root/ros2_frws/src/basic_comms/basic_comms/build/py_pubsub/install.log'
[1.201s] Invoked command in '/root/ros2_frws/src/basic_comms/basic_comms/py_pubsub' returned '0': PYTHONPATH=/root/ros2_frws/src/basic_comms/basic_comms/build/py_pubsub/prefix_override:/root/ros2_frws/src/basic_comms/basic_comms/install/py_pubsub/lib/python3.10/site-packages:${PYTHONPATH} /usr/bin/python3 setup.py egg_info --egg-base ../build/py_pubsub build --build-base /root/ros2_frws/src/basic_comms/basic_comms/build/py_pubsub/build install --record /root/ros2_frws/src/basic_comms/basic_comms/build/py_pubsub/install.log --single-version-externally-managed
