[1.747s] Invoking command in '/root/ros2_frws/src/course_works': PYTHONPATH=/root/ros2_frws/src/build/course_works/prefix_override:/root/ros2_frws/src/install/course_works/lib/python3.10/site-packages:${PYTHONPATH} /usr/bin/python3 setup.py egg_info --egg-base ../build/course_works build --build-base /root/ros2_frws/src/build/course_works/build install --record /root/ros2_frws/src/build/course_works/install.log --single-version-externally-managed
[1.981s] running egg_info
[1.998s] writing ../build/course_works/course_works.egg-info/PKG-INFO
[1.999s] writing dependency_links to ../build/course_works/course_works.egg-info/dependency_links.txt
[1.999s] writing entry points to ../build/course_works/course_works.egg-info/entry_points.txt
[2.000s] writing requirements to ../build/course_works/course_works.egg-info/requires.txt
[2.000s] writing top-level names to ../build/course_works/course_works.egg-info/top_level.txt
[2.031s] reading manifest file '../build/course_works/course_works.egg-info/SOURCES.txt'
[2.031s] adding license file 'LICENSE'
[2.032s] writing manifest file '../build/course_works/course_works.egg-info/SOURCES.txt'
[2.033s] running build
[2.033s] running build_py
[2.033s] running install
[2.033s] /root/.local/lib/python3.10/site-packages/setuptools/_distutils/cmd.py:66: SetuptoolsDeprecationWarning: setup.py install is deprecated.
[2.033s] !!
[2.034s] 
[2.034s]         ********************************************************************************
[2.034s]         Please avoid running ``setup.py`` directly.
[2.034s]         Instead, use pypa/build, pypa/installer or other
[2.034s]         standards-based tools.
[2.034s] 
[2.034s]         See https://blog.ganssle.io/articles/2021/10/setup-py-deprecated.html for details.
[2.034s]         ********************************************************************************
[2.034s] 
[2.034s] !!
[2.034s]   self.initialize_options()
[2.040s] running install_lib
[2.060s] running install_data
[2.080s] running install_egg_info
[2.104s] removing '/root/ros2_frws/src/install/course_works/lib/python3.10/site-packages/course_works-0.0.0-py3.10.egg-info' (and everything under it)
[2.106s] Copying ../build/course_works/course_works.egg-info to /root/ros2_frws/src/install/course_works/lib/python3.10/site-packages/course_works-0.0.0-py3.10.egg-info
[2.108s] running install_scripts
[2.289s] Installing process_node script to /root/ros2_frws/src/install/course_works/lib/course_works
[2.290s] Installing signal_generator script to /root/ros2_frws/src/install/course_works/lib/course_works
[2.290s] writing list of installed files to '/root/ros2_frws/src/build/course_works/install.log'
[2.502s] Invoked command in '/root/ros2_frws/src/course_works' returned '0': PYTHONPATH=/root/ros2_frws/src/build/course_works/prefix_override:/root/ros2_frws/src/install/course_works/lib/python3.10/site-packages:${PYTHONPATH} /usr/bin/python3 setup.py egg_info --egg-base ../build/course_works build --build-base /root/ros2_frws/src/build/course_works/build install --record /root/ros2_frws/src/build/course_works/install.log --single-version-externally-managed
