[0.784s] Invoking command in '/root/ros2_frws/src/build/moveit_resources_fanuc_moveit_config': AMENT_PREFIX_PATH=/root/ros2_frws/src/install/moveit_resources_fanuc_description:${AMENT_PREFIX_PATH} CMAKE_PREFIX_PATH=/root/ros2_frws/src/install/moveit_resources_fanuc_description:/opt/ros/humble /usr/bin/cmake /root/ros2_frws/src/moveit_resources/fanuc_moveit_config -DCMAKE_INSTALL_PREFIX=/root/ros2_frws/src/install/moveit_resources_fanuc_moveit_config
[0.832s] -- The C compiler identification is GNU 11.4.0
[0.883s] -- The CXX compiler identification is GNU 11.4.0
[0.890s] -- Detecting C compiler ABI info
[0.957s] -- Detecting C compiler ABI info - done
[0.963s] -- Check for working C compiler: /usr/bin/cc - skipped
[0.965s] -- Detecting C compile features
[0.965s] -- Detecting C compile features - done
[0.966s] -- Detecting CXX compiler ABI info
[1.042s] -- Detecting CXX compiler ABI info - done
[1.048s] -- Check for working CXX compiler: /usr/bin/c++ - skipped
[1.048s] -- Detecting CXX compile features
[1.049s] -- Detecting CXX compile features - done
[1.054s] -- Found ament_cmake: 1.3.8 (/opt/ros/humble/share/ament_cmake/cmake)
[1.480s] -- Found Python3: /usr/bin/python3 (found version "3.10.12") found components: Interpreter 
[1.673s] -- Configuring done
[1.677s] -- Generating done
[1.678s] -- Build files have been written to: /root/ros2_frws/src/build/moveit_resources_fanuc_moveit_config
[1.684s] Invoked command in '/root/ros2_frws/src/build/moveit_resources_fanuc_moveit_config' returned '0': AMENT_PREFIX_PATH=/root/ros2_frws/src/install/moveit_resources_fanuc_description:${AMENT_PREFIX_PATH} CMAKE_PREFIX_PATH=/root/ros2_frws/src/install/moveit_resources_fanuc_description:/opt/ros/humble /usr/bin/cmake /root/ros2_frws/src/moveit_resources/fanuc_moveit_config -DCMAKE_INSTALL_PREFIX=/root/ros2_frws/src/install/moveit_resources_fanuc_moveit_config
[1.685s] Invoking command in '/root/ros2_frws/src/build/moveit_resources_fanuc_moveit_config': AMENT_PREFIX_PATH=/root/ros2_frws/src/install/moveit_resources_fanuc_description:${AMENT_PREFIX_PATH} CMAKE_PREFIX_PATH=/root/ros2_frws/src/install/moveit_resources_fanuc_description:/opt/ros/humble /usr/bin/cmake --build /root/ros2_frws/src/build/moveit_resources_fanuc_moveit_config -- -j16 -l16
[1.720s] Invoked command in '/root/ros2_frws/src/build/moveit_resources_fanuc_moveit_config' returned '0': AMENT_PREFIX_PATH=/root/ros2_frws/src/install/moveit_resources_fanuc_description:${AMENT_PREFIX_PATH} CMAKE_PREFIX_PATH=/root/ros2_frws/src/install/moveit_resources_fanuc_description:/opt/ros/humble /usr/bin/cmake --build /root/ros2_frws/src/build/moveit_resources_fanuc_moveit_config -- -j16 -l16
[1.739s] Invoking command in '/root/ros2_frws/src/build/moveit_resources_fanuc_moveit_config': AMENT_PREFIX_PATH=/root/ros2_frws/src/install/moveit_resources_fanuc_description:${AMENT_PREFIX_PATH} CMAKE_PREFIX_PATH=/root/ros2_frws/src/install/moveit_resources_fanuc_description:/opt/ros/humble /usr/bin/cmake --install /root/ros2_frws/src/build/moveit_resources_fanuc_moveit_config
[1.745s] -- Install configuration: ""
[1.745s] -- Installing: /root/ros2_frws/src/install/moveit_resources_fanuc_moveit_config/share/ament_index/resource_index/package_run_dependencies/moveit_resources_fanuc_moveit_config
[1.745s] -- Installing: /root/ros2_frws/src/install/moveit_resources_fanuc_moveit_config/share/ament_index/resource_index/parent_prefix_path/moveit_resources_fanuc_moveit_config
[1.746s] -- Installing: /root/ros2_frws/src/install/moveit_resources_fanuc_moveit_config/share/moveit_resources_fanuc_moveit_config/environment/ament_prefix_path.sh
[1.746s] -- Installing: /root/ros2_frws/src/install/moveit_resources_fanuc_moveit_config/share/moveit_resources_fanuc_moveit_config/environment/ament_prefix_path.dsv
[1.746s] -- Installing: /root/ros2_frws/src/install/moveit_resources_fanuc_moveit_config/share/moveit_resources_fanuc_moveit_config/environment/path.sh
[1.746s] -- Installing: /root/ros2_frws/src/install/moveit_resources_fanuc_moveit_config/share/moveit_resources_fanuc_moveit_config/environment/path.dsv
[1.747s] -- Installing: /root/ros2_frws/src/install/moveit_resources_fanuc_moveit_config/share/moveit_resources_fanuc_moveit_config/local_setup.bash
[1.747s] -- Installing: /root/ros2_frws/src/install/moveit_resources_fanuc_moveit_config/share/moveit_resources_fanuc_moveit_config/local_setup.sh
[1.747s] -- Installing: /root/ros2_frws/src/install/moveit_resources_fanuc_moveit_config/share/moveit_resources_fanuc_moveit_config/local_setup.zsh
[1.747s] -- Installing: /root/ros2_frws/src/install/moveit_resources_fanuc_moveit_config/share/moveit_resources_fanuc_moveit_config/local_setup.dsv
[1.747s] -- Installing: /root/ros2_frws/src/install/moveit_resources_fanuc_moveit_config/share/moveit_resources_fanuc_moveit_config/package.dsv
[1.748s] -- Installing: /root/ros2_frws/src/install/moveit_resources_fanuc_moveit_config/share/ament_index/resource_index/packages/moveit_resources_fanuc_moveit_config
[1.748s] -- Installing: /root/ros2_frws/src/install/moveit_resources_fanuc_moveit_config/share/moveit_resources_fanuc_moveit_config/cmake/moveit_resources_fanuc_moveit_configConfig.cmake
[1.748s] -- Installing: /root/ros2_frws/src/install/moveit_resources_fanuc_moveit_config/share/moveit_resources_fanuc_moveit_config/cmake/moveit_resources_fanuc_moveit_configConfig-version.cmake
[1.748s] -- Installing: /root/ros2_frws/src/install/moveit_resources_fanuc_moveit_config/share/moveit_resources_fanuc_moveit_config/package.xml
[1.748s] -- Installing: /root/ros2_frws/src/install/moveit_resources_fanuc_moveit_config/share/moveit_resources_fanuc_moveit_config/launch
[1.749s] -- Installing: /root/ros2_frws/src/install/moveit_resources_fanuc_moveit_config/share/moveit_resources_fanuc_moveit_config/launch/moveit.rviz
[1.749s] -- Installing: /root/ros2_frws/src/install/moveit_resources_fanuc_moveit_config/share/moveit_resources_fanuc_moveit_config/launch/demo.launch.py
[1.749s] -- Installing: /root/ros2_frws/src/install/moveit_resources_fanuc_moveit_config/share/moveit_resources_fanuc_moveit_config/config
[1.749s] -- Installing: /root/ros2_frws/src/install/moveit_resources_fanuc_moveit_config/share/moveit_resources_fanuc_moveit_config/config/fanuc.srdf
[1.749s] -- Installing: /root/ros2_frws/src/install/moveit_resources_fanuc_moveit_config/share/moveit_resources_fanuc_moveit_config/config/ros2_controllers.yaml
[1.750s] -- Installing: /root/ros2_frws/src/install/moveit_resources_fanuc_moveit_config/share/moveit_resources_fanuc_moveit_config/config/fanuc.urdf.xacro
[1.750s] -- Installing: /root/ros2_frws/src/install/moveit_resources_fanuc_moveit_config/share/moveit_resources_fanuc_moveit_config/config/kinematics.yaml
[1.750s] -- Installing: /root/ros2_frws/src/install/moveit_resources_fanuc_moveit_config/share/moveit_resources_fanuc_moveit_config/config/fanuc.ros2_control.xacro
[1.750s] -- Installing: /root/ros2_frws/src/install/moveit_resources_fanuc_moveit_config/share/moveit_resources_fanuc_moveit_config/config/chomp_planning.yaml
[1.750s] -- Installing: /root/ros2_frws/src/install/moveit_resources_fanuc_moveit_config/share/moveit_resources_fanuc_moveit_config/config/joint_limits.yaml
[1.751s] -- Installing: /root/ros2_frws/src/install/moveit_resources_fanuc_moveit_config/share/moveit_resources_fanuc_moveit_config/config/initial_positions.yaml
[1.751s] -- Installing: /root/ros2_frws/src/install/moveit_resources_fanuc_moveit_config/share/moveit_resources_fanuc_moveit_config/config/moveit_controllers.yaml
[1.751s] -- Installing: /root/ros2_frws/src/install/moveit_resources_fanuc_moveit_config/share/moveit_resources_fanuc_moveit_config/config/pilz_cartesian_limits.yaml
[1.751s] -- Installing: /root/ros2_frws/src/install/moveit_resources_fanuc_moveit_config/share/moveit_resources_fanuc_moveit_config/config/sensors_3d.yaml
[1.751s] -- Installing: /root/ros2_frws/src/install/moveit_resources_fanuc_moveit_config/share/moveit_resources_fanuc_moveit_config/config/ompl_planning.yaml
[1.751s] -- Installing: /root/ros2_frws/src/install/moveit_resources_fanuc_moveit_config/share/moveit_resources_fanuc_moveit_config/.setup_assistant
[1.753s] Invoked command in '/root/ros2_frws/src/build/moveit_resources_fanuc_moveit_config' returned '0': AMENT_PREFIX_PATH=/root/ros2_frws/src/install/moveit_resources_fanuc_description:${AMENT_PREFIX_PATH} CMAKE_PREFIX_PATH=/root/ros2_frws/src/install/moveit_resources_fanuc_description:/opt/ros/humble /usr/bin/cmake --install /root/ros2_frws/src/build/moveit_resources_fanuc_moveit_config
