[1.255s] Invoking command in '/root/ros2_frws/src/basic_comms': PYTHONPATH=/root/ros2_frws/src/build/basic_comms/prefix_override:/root/ros2_frws/src/install/basic_comms/lib/python3.10/site-packages:${PYTHONPATH} /usr/bin/python3 setup.py egg_info --egg-base ../build/basic_comms build --build-base /root/ros2_frws/src/build/basic_comms/build install --record /root/ros2_frws/src/build/basic_comms/install.log --single-version-externally-managed
[1.470s] running egg_info
[1.482s] writing ../build/basic_comms/basic_comms.egg-info/PKG-INFO
[1.482s] writing dependency_links to ../build/basic_comms/basic_comms.egg-info/dependency_links.txt
[1.482s] writing entry points to ../build/basic_comms/basic_comms.egg-info/entry_points.txt
[1.483s] writing requirements to ../build/basic_comms/basic_comms.egg-info/requires.txt
[1.483s] writing top-level names to ../build/basic_comms/basic_comms.egg-info/top_level.txt
[1.514s] reading manifest file '../build/basic_comms/basic_comms.egg-info/SOURCES.txt'
[1.515s] writing manifest file '../build/basic_comms/basic_comms.egg-info/SOURCES.txt'
[1.516s] running build
[1.516s] running build_py
[1.516s] running install
[1.516s] /root/.local/lib/python3.10/site-packages/setuptools/_distutils/cmd.py:66: SetuptoolsDeprecationWarning: setup.py install is deprecated.
[1.516s] !!
[1.516s] 
[1.516s]         ********************************************************************************
[1.517s]         Please avoid running ``setup.py`` directly.
[1.517s]         Instead, use pypa/build, pypa/installer or other
[1.517s]         standards-based tools.
[1.517s] 
[1.517s]         See https://blog.ganssle.io/articles/2021/10/setup-py-deprecated.html for details.
[1.517s]         ********************************************************************************
[1.517s] 
[1.517s] !!
[1.517s]   self.initialize_options()
[1.526s] running install_lib
[1.544s] running install_data
[1.557s] running install_egg_info
[1.573s] removing '/root/ros2_frws/src/install/basic_comms/lib/python3.10/site-packages/basic_comms-0.0.0-py3.10.egg-info' (and everything under it)
[1.573s] Copying ../build/basic_comms/basic_comms.egg-info to /root/ros2_frws/src/install/basic_comms/lib/python3.10/site-packages/basic_comms-0.0.0-py3.10.egg-info
[1.575s] running install_scripts
[1.697s] Installing subscriber script to /root/ros2_frws/src/install/basic_comms/lib/basic_comms
[1.697s] Installing talker script to /root/ros2_frws/src/install/basic_comms/lib/basic_comms
[1.697s] writing list of installed files to '/root/ros2_frws/src/build/basic_comms/install.log'
[1.768s] Invoked command in '/root/ros2_frws/src/basic_comms' returned '0': PYTHONPATH=/root/ros2_frws/src/build/basic_comms/prefix_override:/root/ros2_frws/src/install/basic_comms/lib/python3.10/site-packages:${PYTHONPATH} /usr/bin/python3 setup.py egg_info --egg-base ../build/basic_comms build --build-base /root/ros2_frws/src/build/basic_comms/build install --record /root/ros2_frws/src/build/basic_comms/install.log --single-version-externally-managed
