[0.986s] Invoking command in '/root/ros2_frws/src/basic_comms/basic_comms/py_pubsub': PYTHONPATH=/root/ros2_frws/src/basic_comms/basic_comms/build/py_pubsub/prefix_override:/root/ros2_frws/src/basic_comms/basic_comms/install/py_pubsub/lib/python3.10/site-packages:${PYTHONPATH} /usr/bin/python3 setup.py egg_info --egg-base ../build/py_pubsub build --build-base /root/ros2_frws/src/basic_comms/basic_comms/build/py_pubsub/build install --record /root/ros2_frws/src/basic_comms/basic_comms/build/py_pubsub/install.log --single-version-externally-managed
[1.219s] running egg_info
[1.219s] creating ../build/py_pubsub/py_pubsub.egg-info
[1.239s] writing ../build/py_pubsub/py_pubsub.egg-info/PKG-INFO
[1.240s] writing dependency_links to ../build/py_pubsub/py_pubsub.egg-info/dependency_links.txt
[1.240s] writing requirements to ../build/py_pubsub/py_pubsub.egg-info/requires.txt
[1.241s] writing top-level names to ../build/py_pubsub/py_pubsub.egg-info/top_level.txt
[1.241s] writing manifest file '../build/py_pubsub/py_pubsub.egg-info/SOURCES.txt'
[1.275s] reading manifest file '../build/py_pubsub/py_pubsub.egg-info/SOURCES.txt'
[1.275s] adding license file 'LICENSE'
[1.276s] writing manifest file '../build/py_pubsub/py_pubsub.egg-info/SOURCES.txt'
[1.276s] running build
[1.276s] running build_py
[1.276s] creating /root/ros2_frws/src/basic_comms/basic_comms/build/py_pubsub/build
[1.277s] creating /root/ros2_frws/src/basic_comms/basic_comms/build/py_pubsub/build/lib
[1.277s] creating /root/ros2_frws/src/basic_comms/basic_comms/build/py_pubsub/build/lib/py_pubsub
[1.277s] copying py_pubsub/__init__.py -> /root/ros2_frws/src/basic_comms/basic_comms/build/py_pubsub/build/lib/py_pubsub
[1.277s] running install
[1.279s] /root/.local/lib/python3.10/site-packages/setuptools/_distutils/cmd.py:66: SetuptoolsDeprecationWarning: setup.py install is deprecated.
[1.279s] !!
[1.279s] 
[1.279s]         ********************************************************************************
[1.279s]         Please avoid running ``setup.py`` directly.
[1.279s]         Instead, use pypa/build, pypa/installer or other
[1.279s]         standards-based tools.
[1.279s] 
[1.279s]         See https://blog.ganssle.io/articles/2021/10/setup-py-deprecated.html for details.
[1.279s]         ********************************************************************************
[1.279s] 
[1.280s] !!
[1.280s]   self.initialize_options()
[1.287s] running install_lib
[1.307s] creating /root/ros2_frws/src/basic_comms/basic_comms/install/py_pubsub/lib/python3.10/site-packages/py_pubsub
[1.308s] copying /root/ros2_frws/src/basic_comms/basic_comms/build/py_pubsub/build/lib/py_pubsub/__init__.py -> /root/ros2_frws/src/basic_comms/basic_comms/install/py_pubsub/lib/python3.10/site-packages/py_pubsub
[1.309s] byte-compiling /root/ros2_frws/src/basic_comms/basic_comms/install/py_pubsub/lib/python3.10/site-packages/py_pubsub/__init__.py to __init__.cpython-310.pyc
[1.310s] running install_data
[1.330s] creating /root/ros2_frws/src/basic_comms/basic_comms/install/py_pubsub/share/ament_index
[1.330s] creating /root/ros2_frws/src/basic_comms/basic_comms/install/py_pubsub/share/ament_index/resource_index
[1.330s] creating /root/ros2_frws/src/basic_comms/basic_comms/install/py_pubsub/share/ament_index/resource_index/packages
[1.330s] copying resource/py_pubsub -> /root/ros2_frws/src/basic_comms/basic_comms/install/py_pubsub/share/ament_index/resource_index/packages
[1.331s] copying package.xml -> /root/ros2_frws/src/basic_comms/basic_comms/install/py_pubsub/share/py_pubsub
[1.331s] running install_egg_info
[1.348s] Copying ../build/py_pubsub/py_pubsub.egg-info to /root/ros2_frws/src/basic_comms/basic_comms/install/py_pubsub/lib/python3.10/site-packages/py_pubsub-0.0.0-py3.10.egg-info
[1.350s] running install_scripts
[1.478s] writing list of installed files to '/root/ros2_frws/src/basic_comms/basic_comms/build/py_pubsub/install.log'
[1.506s] Invoked command in '/root/ros2_frws/src/basic_comms/basic_comms/py_pubsub' returned '0': PYTHONPATH=/root/ros2_frws/src/basic_comms/basic_comms/build/py_pubsub/prefix_override:/root/ros2_frws/src/basic_comms/basic_comms/install/py_pubsub/lib/python3.10/site-packages:${PYTHONPATH} /usr/bin/python3 setup.py egg_info --egg-base ../build/py_pubsub build --build-base /root/ros2_frws/src/basic_comms/basic_comms/build/py_pubsub/build install --record /root/ros2_frws/src/basic_comms/basic_comms/build/py_pubsub/install.log --single-version-externally-managed
