[0.117s] Invoking command in '/root/ros2_frws/src/build/xarm_api': AMENT_PREFIX_PATH=/root/ros2_frws/src/install/xarm_sdk:/root/ros2_frws/src/install/xarm_msgs:/root/ros2_frws/src/install/xarm_description:${AMENT_PREFIX_PATH} CMAKE_PREFIX_PATH=/root/ros2_frws/src/install/xarm_sdk:/root/ros2_frws/src/install/xarm_msgs:/root/ros2_frws/src/install/xarm_description:/root/ros2_frws/install/xarm_planner:/root/ros2_frws/install/xarm_moveit_servo:/root/ros2_frws/install/xarm_moveit_config:/root/ros2_frws/install/xarm_gazebo:/root/ros2_frws/install/xarm_controller:/root/ros2_frws/install/xarm_api:/root/ros2_frws/install/xarm_sdk:/root/ros2_frws/install/xarm_msgs:/root/ros2_frws/install/xarm_description:/root/ros2_frws/install/realsense_gazebo_plugin:/root/ros2_frws/install/course_works:/root/ros2_frws/install/challenge_2:/root/ros2_frws/install/basic_comms_params:/root/ros2_frws/install/basic_comms_param:/root/ros2_frws/install/basic_comms:/opt/ros/humble LD_LIBRARY_PATH=/root/ros2_frws/src/install/xarm_sdk/lib:/root/ros2_frws/src/install/xarm_msgs/lib:${LD_LIBRARY_PATH} PYTHONPATH=/root/ros2_frws/src/install/xarm_msgs/local/lib/python3.10/dist-packages:${PYTHONPATH} /usr/bin/cmake /root/ros2_frws/src/xarm_ros2/xarm_api -DCMAKE_INSTALL_PREFIX=/root/ros2_frws/src/install/xarm_api
[0.186s] -- The C compiler identification is GNU 11.4.0
[0.247s] -- The CXX compiler identification is GNU 11.4.0
[0.260s] -- Detecting C compiler ABI info
[0.343s] -- Detecting C compiler ABI info - done
[0.350s] -- Check for working C compiler: /usr/bin/cc - skipped
[0.351s] -- Detecting C compile features
[0.351s] -- Detecting C compile features - done
[0.356s] -- Detecting CXX compiler ABI info
[0.439s] -- Detecting CXX compiler ABI info - done
[0.446s] -- Check for working CXX compiler: /usr/bin/c++ - skipped
[0.446s] -- Detecting CXX compile features
[0.446s] -- Detecting CXX compile features - done
[0.510s] -- Found ament_cmake: 1.3.8 (/opt/ros/humble/share/ament_cmake/cmake)
[0.972s] -- Found Python3: /usr/bin/python3 (found version "3.10.12") found components: Interpreter 
[1.172s] -- Found ament_lint_auto: 0.12.10 (/opt/ros/humble/share/ament_lint_auto/cmake)
[1.322s] -- Found rclcpp: 16.0.8 (/opt/ros/humble/share/rclcpp/cmake)
[1.462s] -- Found rosidl_generator_c: 3.1.5 (/opt/ros/humble/share/rosidl_generator_c/cmake)
[1.479s] -- Found rosidl_adapter: 3.1.5 (/opt/ros/humble/share/rosidl_adapter/cmake)
[1.499s] -- Found rosidl_generator_cpp: 3.1.5 (/opt/ros/humble/share/rosidl_generator_cpp/cmake)
[1.529s] -- Using all available rosidl_typesupport_c: rosidl_typesupport_fastrtps_c;rosidl_typesupport_introspection_c
[1.574s] -- Using all available rosidl_typesupport_cpp: rosidl_typesupport_fastrtps_cpp;rosidl_typesupport_introspection_cpp
[1.734s] -- Found rmw_implementation_cmake: 6.1.1 (/opt/ros/humble/share/rmw_implementation_cmake/cmake)
[1.747s] -- Found rmw_fastrtps_cpp: 6.2.6 (/opt/ros/humble/share/rmw_fastrtps_cpp/cmake)
[1.991s] -- Found OpenSSL: /usr/lib/x86_64-linux-gnu/libcrypto.so (found version "3.0.2")  
[2.049s] -- Found FastRTPS: /opt/ros/humble/include  
[2.145s] -- Using RMW implementation 'rmw_fastrtps_cpp' as default
[2.198s] -- Looking for pthread.h
[2.276s] -- Looking for pthread.h - found
[2.277s] -- Performing Test CMAKE_HAVE_LIBC_PTHREAD
[2.357s] -- Performing Test CMAKE_HAVE_LIBC_PTHREAD - Success
[2.358s] -- Found Threads: TRUE  
[2.563s] -- Found rclcpp_action: 16.0.8 (/opt/ros/humble/share/rclcpp_action/cmake)
[2.708s] -- Found sensor_msgs: 4.2.3 (/opt/ros/humble/share/sensor_msgs/cmake)
[2.859s] -- Found control_msgs: 4.4.0 (/opt/ros/humble/share/control_msgs/cmake)
[3.163s] -- Found xarm_msgs: 0.0.0 (/root/ros2_frws/src/install/xarm_msgs/share/xarm_msgs/cmake)
[3.215s] -- Found xarm_sdk: 0.0.0 (/root/ros2_frws/src/install/xarm_sdk/share/xarm_sdk/cmake)
[3.248s] -- Added test 'copyright' to check source files copyright and LICENSE
[3.252s] -- Added test 'cppcheck' to perform static code analysis on C / C++ code
[3.252s] -- Configured cppcheck include dirs: /root/ros2_frws/src/xarm_ros2/xarm_api/include
[3.252s] -- Configured cppcheck exclude dirs and/or files: 
[3.255s] -- Added test 'cpplint' to check C / C++ code against the Google style
[3.255s] -- Configured cpplint exclude dirs and/or files: 
[3.256s] -- Added test 'flake8' to check Python code syntax and style conventions
[3.258s] -- Added test 'lint_cmake' to check CMake code style
[3.259s] -- Added test 'pep257' to check Python code against some of the docstring style conventions in PEP 257
[3.261s] -- Added test 'uncrustify' to check C / C++ code style
[3.261s] -- Configured uncrustify additional arguments: 
[3.263s] -- Added test 'xmllint' to check XML markup files
[3.268s] -- Configuring done
[3.314s] -- Generating done
[3.317s] -- Build files have been written to: /root/ros2_frws/src/build/xarm_api
[3.331s] Invoked command in '/root/ros2_frws/src/build/xarm_api' returned '0': AMENT_PREFIX_PATH=/root/ros2_frws/src/install/xarm_sdk:/root/ros2_frws/src/install/xarm_msgs:/root/ros2_frws/src/install/xarm_description:${AMENT_PREFIX_PATH} CMAKE_PREFIX_PATH=/root/ros2_frws/src/install/xarm_sdk:/root/ros2_frws/src/install/xarm_msgs:/root/ros2_frws/src/install/xarm_description:/root/ros2_frws/install/xarm_planner:/root/ros2_frws/install/xarm_moveit_servo:/root/ros2_frws/install/xarm_moveit_config:/root/ros2_frws/install/xarm_gazebo:/root/ros2_frws/install/xarm_controller:/root/ros2_frws/install/xarm_api:/root/ros2_frws/install/xarm_sdk:/root/ros2_frws/install/xarm_msgs:/root/ros2_frws/install/xarm_description:/root/ros2_frws/install/realsense_gazebo_plugin:/root/ros2_frws/install/course_works:/root/ros2_frws/install/challenge_2:/root/ros2_frws/install/basic_comms_params:/root/ros2_frws/install/basic_comms_param:/root/ros2_frws/install/basic_comms:/opt/ros/humble LD_LIBRARY_PATH=/root/ros2_frws/src/install/xarm_sdk/lib:/root/ros2_frws/src/install/xarm_msgs/lib:${LD_LIBRARY_PATH} PYTHONPATH=/root/ros2_frws/src/install/xarm_msgs/local/lib/python3.10/dist-packages:${PYTHONPATH} /usr/bin/cmake /root/ros2_frws/src/xarm_ros2/xarm_api -DCMAKE_INSTALL_PREFIX=/root/ros2_frws/src/install/xarm_api
[3.332s] Invoking command in '/root/ros2_frws/src/build/xarm_api': AMENT_PREFIX_PATH=/root/ros2_frws/src/install/xarm_sdk:/root/ros2_frws/src/install/xarm_msgs:/root/ros2_frws/src/install/xarm_description:${AMENT_PREFIX_PATH} CMAKE_PREFIX_PATH=/root/ros2_frws/src/install/xarm_sdk:/root/ros2_frws/src/install/xarm_msgs:/root/ros2_frws/src/install/xarm_description:/root/ros2_frws/install/xarm_planner:/root/ros2_frws/install/xarm_moveit_servo:/root/ros2_frws/install/xarm_moveit_config:/root/ros2_frws/install/xarm_gazebo:/root/ros2_frws/install/xarm_controller:/root/ros2_frws/install/xarm_api:/root/ros2_frws/install/xarm_sdk:/root/ros2_frws/install/xarm_msgs:/root/ros2_frws/install/xarm_description:/root/ros2_frws/install/realsense_gazebo_plugin:/root/ros2_frws/install/course_works:/root/ros2_frws/install/challenge_2:/root/ros2_frws/install/basic_comms_params:/root/ros2_frws/install/basic_comms_param:/root/ros2_frws/install/basic_comms:/opt/ros/humble LD_LIBRARY_PATH=/root/ros2_frws/src/install/xarm_sdk/lib:/root/ros2_frws/src/install/xarm_msgs/lib:${LD_LIBRARY_PATH} PYTHONPATH=/root/ros2_frws/src/install/xarm_msgs/local/lib/python3.10/dist-packages:${PYTHONPATH} /usr/bin/cmake --build /root/ros2_frws/src/build/xarm_api -- -j16 -l16
[3.385s] [ 30%] [32mBuilding CXX object CMakeFiles/xarm_ros_client.dir/src/xarm_ros_client.cpp.o[0m
[3.385s] [ 30%] [32mBuilding CXX object CMakeFiles/xarm_ros_driver.dir/src/xarm_driver_service.cpp.o[0m
[3.385s] [ 30%] [32mBuilding CXX object CMakeFiles/test_robot_states.dir/test/test_robot_states.cpp.o[0m
[3.385s] [ 30%] [32mBuilding CXX object CMakeFiles/xarm_ros_driver.dir/src/xarm_driver.cpp.o[0m
[24.351s] [ 38%] [32m[1mLinking CXX executable test_robot_states[0m
[25.105s] [ 38%] Built target test_robot_states
[38.073s] [ 46%] [32m[1mLinking CXX shared library libxarm_ros_client.so[0m
[39.632s] [ 46%] Built target xarm_ros_client
[39.655s] [ 61%] [32mBuilding CXX object CMakeFiles/test_xarm_ros_client.dir/test/test_xarm_ros_client.cpp.o[0m
[39.655s] [ 61%] [32mBuilding CXX object CMakeFiles/test_xarm_velo_move.dir/test/test_xarm_velo_move.cpp.o[0m
[44.249s] [ 69%] [32m[1mLinking CXX shared library libxarm_ros_driver.so[0m
[46.799s] [ 76%] [32m[1mLinking CXX executable test_xarm_velo_move[0m
[46.804s] [ 84%] [32m[1mLinking CXX executable test_xarm_ros_client[0m
[46.980s] [ 84%] Built target xarm_ros_driver
[47.010s] [ 92%] [32mBuilding CXX object CMakeFiles/xarm_driver_node.dir/src/xarm_driver_node.cpp.o[0m
[47.688s] [ 92%] Built target test_xarm_ros_client
[47.688s] [ 92%] Built target test_xarm_velo_move
[52.322s] [100%] [32m[1mLinking CXX executable xarm_driver_node[0m
[53.196s] [100%] Built target xarm_driver_node
[53.214s] Invoked command in '/root/ros2_frws/src/build/xarm_api' returned '0': AMENT_PREFIX_PATH=/root/ros2_frws/src/install/xarm_sdk:/root/ros2_frws/src/install/xarm_msgs:/root/ros2_frws/src/install/xarm_description:${AMENT_PREFIX_PATH} CMAKE_PREFIX_PATH=/root/ros2_frws/src/install/xarm_sdk:/root/ros2_frws/src/install/xarm_msgs:/root/ros2_frws/src/install/xarm_description:/root/ros2_frws/install/xarm_planner:/root/ros2_frws/install/xarm_moveit_servo:/root/ros2_frws/install/xarm_moveit_config:/root/ros2_frws/install/xarm_gazebo:/root/ros2_frws/install/xarm_controller:/root/ros2_frws/install/xarm_api:/root/ros2_frws/install/xarm_sdk:/root/ros2_frws/install/xarm_msgs:/root/ros2_frws/install/xarm_description:/root/ros2_frws/install/realsense_gazebo_plugin:/root/ros2_frws/install/course_works:/root/ros2_frws/install/challenge_2:/root/ros2_frws/install/basic_comms_params:/root/ros2_frws/install/basic_comms_param:/root/ros2_frws/install/basic_comms:/opt/ros/humble LD_LIBRARY_PATH=/root/ros2_frws/src/install/xarm_sdk/lib:/root/ros2_frws/src/install/xarm_msgs/lib:${LD_LIBRARY_PATH} PYTHONPATH=/root/ros2_frws/src/install/xarm_msgs/local/lib/python3.10/dist-packages:${PYTHONPATH} /usr/bin/cmake --build /root/ros2_frws/src/build/xarm_api -- -j16 -l16
[53.265s] Invoking command in '/root/ros2_frws/src/build/xarm_api': AMENT_PREFIX_PATH=/root/ros2_frws/src/install/xarm_sdk:/root/ros2_frws/src/install/xarm_msgs:/root/ros2_frws/src/install/xarm_description:${AMENT_PREFIX_PATH} CMAKE_PREFIX_PATH=/root/ros2_frws/src/install/xarm_sdk:/root/ros2_frws/src/install/xarm_msgs:/root/ros2_frws/src/install/xarm_description:/root/ros2_frws/install/xarm_planner:/root/ros2_frws/install/xarm_moveit_servo:/root/ros2_frws/install/xarm_moveit_config:/root/ros2_frws/install/xarm_gazebo:/root/ros2_frws/install/xarm_controller:/root/ros2_frws/install/xarm_api:/root/ros2_frws/install/xarm_sdk:/root/ros2_frws/install/xarm_msgs:/root/ros2_frws/install/xarm_description:/root/ros2_frws/install/realsense_gazebo_plugin:/root/ros2_frws/install/course_works:/root/ros2_frws/install/challenge_2:/root/ros2_frws/install/basic_comms_params:/root/ros2_frws/install/basic_comms_param:/root/ros2_frws/install/basic_comms:/opt/ros/humble LD_LIBRARY_PATH=/root/ros2_frws/src/install/xarm_sdk/lib:/root/ros2_frws/src/install/xarm_msgs/lib:${LD_LIBRARY_PATH} PYTHONPATH=/root/ros2_frws/src/install/xarm_msgs/local/lib/python3.10/dist-packages:${PYTHONPATH} /usr/bin/cmake --install /root/ros2_frws/src/build/xarm_api
[53.271s] -- Install configuration: ""
[53.272s] -- Installing: /root/ros2_frws/src/install/xarm_api/share/xarm_api/environment/library_path.sh
[53.273s] -- Installing: /root/ros2_frws/src/install/xarm_api/share/xarm_api/environment/library_path.dsv
[53.273s] -- Installing: /root/ros2_frws/src/install/xarm_api/include
[53.273s] -- Installing: /root/ros2_frws/src/install/xarm_api/include/xarm_api
[53.274s] -- Installing: /root/ros2_frws/src/install/xarm_api/include/xarm_api/visibility_control.h
[53.274s] -- Installing: /root/ros2_frws/src/install/xarm_api/include/xarm_api/xarm_driver.h
[53.275s] -- Installing: /root/ros2_frws/src/install/xarm_api/include/xarm_api/xarm_msgs.h
[53.275s] -- Installing: /root/ros2_frws/src/install/xarm_api/include/xarm_api/xarm_ros_client.h
[53.275s] -- Installing: /root/ros2_frws/src/install/xarm_api/lib/libxarm_ros_driver.so
[53.308s] -- Set runtime path of "/root/ros2_frws/src/install/xarm_api/lib/libxarm_ros_driver.so" to ""
[53.308s] -- Installing: /root/ros2_frws/src/install/xarm_api/lib/libxarm_ros_client.so
[53.337s] -- Set runtime path of "/root/ros2_frws/src/install/xarm_api/lib/libxarm_ros_client.so" to ""
[53.338s] -- Installing: /root/ros2_frws/src/install/xarm_api/lib/xarm_api/xarm_driver_node
[53.338s] -- Set runtime path of "/root/ros2_frws/src/install/xarm_api/lib/xarm_api/xarm_driver_node" to ""
[53.338s] -- Installing: /root/ros2_frws/src/install/xarm_api/lib/xarm_api/test_xarm_ros_client
[53.339s] -- Set runtime path of "/root/ros2_frws/src/install/xarm_api/lib/xarm_api/test_xarm_ros_client" to ""
[53.339s] -- Installing: /root/ros2_frws/src/install/xarm_api/lib/xarm_api/test_xarm_velo_move
[53.339s] -- Set runtime path of "/root/ros2_frws/src/install/xarm_api/lib/xarm_api/test_xarm_velo_move" to ""
[53.339s] -- Installing: /root/ros2_frws/src/install/xarm_api/lib/xarm_api/test_robot_states
[53.358s] -- Set runtime path of "/root/ros2_frws/src/install/xarm_api/lib/xarm_api/test_robot_states" to ""
[53.358s] -- Installing: /root/ros2_frws/src/install/xarm_api/share/xarm_api//launch
[53.359s] -- Installing: /root/ros2_frws/src/install/xarm_api/share/xarm_api//launch/_robot_driver.launch.py
[53.359s] -- Installing: /root/ros2_frws/src/install/xarm_api/share/xarm_api//launch/lib
[53.359s] -- Installing: /root/ros2_frws/src/install/xarm_api/share/xarm_api//launch/lib/robot_api_lib.py
[53.360s] -- Installing: /root/ros2_frws/src/install/xarm_api/share/xarm_api//launch/uf850_driver.launch.py
[53.360s] -- Installing: /root/ros2_frws/src/install/xarm_api/share/xarm_api//launch/xarm6_driver.launch.py
[53.360s] -- Installing: /root/ros2_frws/src/install/xarm_api/share/xarm_api//launch/lite6_driver.launch.py
[53.360s] -- Installing: /root/ros2_frws/src/install/xarm_api/share/xarm_api//launch/xarm7_driver.launch.py
[53.360s] -- Installing: /root/ros2_frws/src/install/xarm_api/share/xarm_api//launch/xarm5_driver.launch.py
[53.360s] -- Installing: /root/ros2_frws/src/install/xarm_api/share/xarm_api//config
[53.361s] -- Installing: /root/ros2_frws/src/install/xarm_api/share/xarm_api//config/xarm_params.yaml
[53.362s] -- Installing: /root/ros2_frws/src/install/xarm_api/share/ament_index/resource_index/package_run_dependencies/xarm_api
[53.362s] -- Installing: /root/ros2_frws/src/install/xarm_api/share/ament_index/resource_index/parent_prefix_path/xarm_api
[53.362s] -- Installing: /root/ros2_frws/src/install/xarm_api/share/xarm_api/environment/ament_prefix_path.sh
[53.362s] -- Installing: /root/ros2_frws/src/install/xarm_api/share/xarm_api/environment/ament_prefix_path.dsv
[53.362s] -- Installing: /root/ros2_frws/src/install/xarm_api/share/xarm_api/environment/path.sh
[53.363s] -- Installing: /root/ros2_frws/src/install/xarm_api/share/xarm_api/environment/path.dsv
[53.363s] -- Installing: /root/ros2_frws/src/install/xarm_api/share/xarm_api/local_setup.bash
[53.363s] -- Installing: /root/ros2_frws/src/install/xarm_api/share/xarm_api/local_setup.sh
[53.364s] -- Installing: /root/ros2_frws/src/install/xarm_api/share/xarm_api/local_setup.zsh
[53.364s] -- Installing: /root/ros2_frws/src/install/xarm_api/share/xarm_api/local_setup.dsv
[53.364s] -- Installing: /root/ros2_frws/src/install/xarm_api/share/xarm_api/package.dsv
[53.365s] -- Installing: /root/ros2_frws/src/install/xarm_api/share/ament_index/resource_index/packages/xarm_api
[53.365s] -- Installing: /root/ros2_frws/src/install/xarm_api/share/xarm_api/cmake/ament_cmake_export_libraries-extras.cmake
[53.365s] -- Installing: /root/ros2_frws/src/install/xarm_api/share/xarm_api/cmake/ament_cmake_export_include_directories-extras.cmake
[53.366s] -- Installing: /root/ros2_frws/src/install/xarm_api/share/xarm_api/cmake/xarm_apiConfig.cmake
[53.366s] -- Installing: /root/ros2_frws/src/install/xarm_api/share/xarm_api/cmake/xarm_apiConfig-version.cmake
[53.366s] -- Installing: /root/ros2_frws/src/install/xarm_api/share/xarm_api/package.xml
[53.371s] Invoked command in '/root/ros2_frws/src/build/xarm_api' returned '0': AMENT_PREFIX_PATH=/root/ros2_frws/src/install/xarm_sdk:/root/ros2_frws/src/install/xarm_msgs:/root/ros2_frws/src/install/xarm_description:${AMENT_PREFIX_PATH} CMAKE_PREFIX_PATH=/root/ros2_frws/src/install/xarm_sdk:/root/ros2_frws/src/install/xarm_msgs:/root/ros2_frws/src/install/xarm_description:/root/ros2_frws/install/xarm_planner:/root/ros2_frws/install/xarm_moveit_servo:/root/ros2_frws/install/xarm_moveit_config:/root/ros2_frws/install/xarm_gazebo:/root/ros2_frws/install/xarm_controller:/root/ros2_frws/install/xarm_api:/root/ros2_frws/install/xarm_sdk:/root/ros2_frws/install/xarm_msgs:/root/ros2_frws/install/xarm_description:/root/ros2_frws/install/realsense_gazebo_plugin:/root/ros2_frws/install/course_works:/root/ros2_frws/install/challenge_2:/root/ros2_frws/install/basic_comms_params:/root/ros2_frws/install/basic_comms_param:/root/ros2_frws/install/basic_comms:/opt/ros/humble LD_LIBRARY_PATH=/root/ros2_frws/src/install/xarm_sdk/lib:/root/ros2_frws/src/install/xarm_msgs/lib:${LD_LIBRARY_PATH} PYTHONPATH=/root/ros2_frws/src/install/xarm_msgs/local/lib/python3.10/dist-packages:${PYTHONPATH} /usr/bin/cmake --install /root/ros2_frws/src/build/xarm_api
