[0.739s] Invoking command in '/root/ros2_frws/src/build/moveit_resources_panda_moveit_config': AMENT_PREFIX_PATH=/root/ros2_frws/src/install/moveit_resources_panda_description:${AMENT_PREFIX_PATH} CMAKE_PREFIX_PATH=/root/ros2_frws/src/install/moveit_resources_panda_description:/opt/ros/humble /usr/bin/cmake /root/ros2_frws/src/moveit_resources/panda_moveit_config -DCMAKE_INSTALL_PREFIX=/root/ros2_frws/src/install/moveit_resources_panda_moveit_config
[0.805s] -- The C compiler identification is GNU 11.4.0
[0.859s] -- The CXX compiler identification is GNU 11.4.0
[0.865s] -- Detecting C compiler ABI info
[0.938s] -- Detecting C compiler ABI info - done
[0.945s] -- Check for working C compiler: /usr/bin/cc - skipped
[0.945s] -- Detecting C compile features
[0.946s] -- Detecting C compile features - done
[0.949s] -- Detecting CXX compiler ABI info
[1.029s] -- Detecting CXX compiler ABI info - done
[1.037s] -- Check for working CXX compiler: /usr/bin/c++ - skipped
[1.037s] -- Detecting CXX compile features
[1.038s] -- Detecting CXX compile features - done
[1.044s] -- Found ament_cmake: 1.3.8 (/opt/ros/humble/share/ament_cmake/cmake)
[1.408s] -- Found Python3: /usr/bin/python3 (found version "3.10.12") found components: Interpreter 
[1.609s] -- Configuring done
[1.614s] -- Generating done
[1.615s] -- Build files have been written to: /root/ros2_frws/src/build/moveit_resources_panda_moveit_config
[1.739s] Invoked command in '/root/ros2_frws/src/build/moveit_resources_panda_moveit_config' returned '0': AMENT_PREFIX_PATH=/root/ros2_frws/src/install/moveit_resources_panda_description:${AMENT_PREFIX_PATH} CMAKE_PREFIX_PATH=/root/ros2_frws/src/install/moveit_resources_panda_description:/opt/ros/humble /usr/bin/cmake /root/ros2_frws/src/moveit_resources/panda_moveit_config -DCMAKE_INSTALL_PREFIX=/root/ros2_frws/src/install/moveit_resources_panda_moveit_config
[1.742s] Invoking command in '/root/ros2_frws/src/build/moveit_resources_panda_moveit_config': AMENT_PREFIX_PATH=/root/ros2_frws/src/install/moveit_resources_panda_description:${AMENT_PREFIX_PATH} CMAKE_PREFIX_PATH=/root/ros2_frws/src/install/moveit_resources_panda_description:/opt/ros/humble /usr/bin/cmake --build /root/ros2_frws/src/build/moveit_resources_panda_moveit_config -- -j16 -l16
[1.774s] Invoked command in '/root/ros2_frws/src/build/moveit_resources_panda_moveit_config' returned '0': AMENT_PREFIX_PATH=/root/ros2_frws/src/install/moveit_resources_panda_description:${AMENT_PREFIX_PATH} CMAKE_PREFIX_PATH=/root/ros2_frws/src/install/moveit_resources_panda_description:/opt/ros/humble /usr/bin/cmake --build /root/ros2_frws/src/build/moveit_resources_panda_moveit_config -- -j16 -l16
[1.793s] Invoking command in '/root/ros2_frws/src/build/moveit_resources_panda_moveit_config': AMENT_PREFIX_PATH=/root/ros2_frws/src/install/moveit_resources_panda_description:${AMENT_PREFIX_PATH} CMAKE_PREFIX_PATH=/root/ros2_frws/src/install/moveit_resources_panda_description:/opt/ros/humble /usr/bin/cmake --install /root/ros2_frws/src/build/moveit_resources_panda_moveit_config
[1.799s] -- Install configuration: ""
[1.800s] -- Installing: /root/ros2_frws/src/install/moveit_resources_panda_moveit_config/share/ament_index/resource_index/package_run_dependencies/moveit_resources_panda_moveit_config
[1.800s] -- Installing: /root/ros2_frws/src/install/moveit_resources_panda_moveit_config/share/ament_index/resource_index/parent_prefix_path/moveit_resources_panda_moveit_config
[1.801s] -- Installing: /root/ros2_frws/src/install/moveit_resources_panda_moveit_config/share/moveit_resources_panda_moveit_config/environment/ament_prefix_path.sh
[1.801s] -- Installing: /root/ros2_frws/src/install/moveit_resources_panda_moveit_config/share/moveit_resources_panda_moveit_config/environment/ament_prefix_path.dsv
[1.801s] -- Installing: /root/ros2_frws/src/install/moveit_resources_panda_moveit_config/share/moveit_resources_panda_moveit_config/environment/path.sh
[1.801s] -- Installing: /root/ros2_frws/src/install/moveit_resources_panda_moveit_config/share/moveit_resources_panda_moveit_config/environment/path.dsv
[1.801s] -- Installing: /root/ros2_frws/src/install/moveit_resources_panda_moveit_config/share/moveit_resources_panda_moveit_config/local_setup.bash
[1.801s] -- Installing: /root/ros2_frws/src/install/moveit_resources_panda_moveit_config/share/moveit_resources_panda_moveit_config/local_setup.sh
[1.802s] -- Installing: /root/ros2_frws/src/install/moveit_resources_panda_moveit_config/share/moveit_resources_panda_moveit_config/local_setup.zsh
[1.802s] -- Installing: /root/ros2_frws/src/install/moveit_resources_panda_moveit_config/share/moveit_resources_panda_moveit_config/local_setup.dsv
[1.802s] -- Installing: /root/ros2_frws/src/install/moveit_resources_panda_moveit_config/share/moveit_resources_panda_moveit_config/package.dsv
[1.803s] -- Installing: /root/ros2_frws/src/install/moveit_resources_panda_moveit_config/share/ament_index/resource_index/packages/moveit_resources_panda_moveit_config
[1.803s] -- Installing: /root/ros2_frws/src/install/moveit_resources_panda_moveit_config/share/moveit_resources_panda_moveit_config/cmake/moveit_resources_panda_moveit_configConfig.cmake
[1.803s] -- Installing: /root/ros2_frws/src/install/moveit_resources_panda_moveit_config/share/moveit_resources_panda_moveit_config/cmake/moveit_resources_panda_moveit_configConfig-version.cmake
[1.803s] -- Installing: /root/ros2_frws/src/install/moveit_resources_panda_moveit_config/share/moveit_resources_panda_moveit_config/package.xml
[1.803s] -- Installing: /root/ros2_frws/src/install/moveit_resources_panda_moveit_config/share/moveit_resources_panda_moveit_config/launch
[1.804s] -- Installing: /root/ros2_frws/src/install/moveit_resources_panda_moveit_config/share/moveit_resources_panda_moveit_config/launch/moveit.rviz
[1.804s] -- Installing: /root/ros2_frws/src/install/moveit_resources_panda_moveit_config/share/moveit_resources_panda_moveit_config/launch/moveit_empty.rviz
[1.804s] -- Installing: /root/ros2_frws/src/install/moveit_resources_panda_moveit_config/share/moveit_resources_panda_moveit_config/launch/moveit_rviz.launch.py
[1.805s] -- Installing: /root/ros2_frws/src/install/moveit_resources_panda_moveit_config/share/moveit_resources_panda_moveit_config/launch/demo.launch.py
[1.805s] -- Installing: /root/ros2_frws/src/install/moveit_resources_panda_moveit_config/share/moveit_resources_panda_moveit_config/config
[1.805s] -- Installing: /root/ros2_frws/src/install/moveit_resources_panda_moveit_config/share/moveit_resources_panda_moveit_config/config/panda.srdf
[1.805s] -- Installing: /root/ros2_frws/src/install/moveit_resources_panda_moveit_config/share/moveit_resources_panda_moveit_config/config/hand.xacro
[1.806s] -- Installing: /root/ros2_frws/src/install/moveit_resources_panda_moveit_config/share/moveit_resources_panda_moveit_config/config/gripper_moveit_controllers.yaml
[1.806s] -- Installing: /root/ros2_frws/src/install/moveit_resources_panda_moveit_config/share/moveit_resources_panda_moveit_config/config/ros2_controllers.yaml
[1.806s] -- Installing: /root/ros2_frws/src/install/moveit_resources_panda_moveit_config/share/moveit_resources_panda_moveit_config/config/trajopt_planning.yaml
[1.806s] -- Installing: /root/ros2_frws/src/install/moveit_resources_panda_moveit_config/share/moveit_resources_panda_moveit_config/config/panda_arm.xacro
[1.806s] -- Installing: /root/ros2_frws/src/install/moveit_resources_panda_moveit_config/share/moveit_resources_panda_moveit_config/config/sensors_kinect_depthmap.yaml
[1.806s] -- Installing: /root/ros2_frws/src/install/moveit_resources_panda_moveit_config/share/moveit_resources_panda_moveit_config/config/kinematics.yaml
[1.807s] -- Installing: /root/ros2_frws/src/install/moveit_resources_panda_moveit_config/share/moveit_resources_panda_moveit_config/config/lerp_planning.yaml
[1.807s] -- Installing: /root/ros2_frws/src/install/moveit_resources_panda_moveit_config/share/moveit_resources_panda_moveit_config/config/chomp_planning.yaml
[1.807s] -- Installing: /root/ros2_frws/src/install/moveit_resources_panda_moveit_config/share/moveit_resources_panda_moveit_config/config/joint_limits.yaml
[1.807s] -- Installing: /root/ros2_frws/src/install/moveit_resources_panda_moveit_config/share/moveit_resources_panda_moveit_config/config/panda_hand.ros2_control.xacro
[1.807s] -- Installing: /root/ros2_frws/src/install/moveit_resources_panda_moveit_config/share/moveit_resources_panda_moveit_config/config/initial_positions.yaml
[1.808s] -- Installing: /root/ros2_frws/src/install/moveit_resources_panda_moveit_config/share/moveit_resources_panda_moveit_config/config/panda_arm_hand.srdf.xacro
[1.808s] -- Installing: /root/ros2_frws/src/install/moveit_resources_panda_moveit_config/share/moveit_resources_panda_moveit_config/config/moveit_controllers.yaml
[1.808s] -- Installing: /root/ros2_frws/src/install/moveit_resources_panda_moveit_config/share/moveit_resources_panda_moveit_config/config/pilz_cartesian_limits.yaml
[1.808s] -- Installing: /root/ros2_frws/src/install/moveit_resources_panda_moveit_config/share/moveit_resources_panda_moveit_config/config/panda.ros2_control.xacro
[1.808s] -- Installing: /root/ros2_frws/src/install/moveit_resources_panda_moveit_config/share/moveit_resources_panda_moveit_config/config/panda_arm.srdf.xacro
[1.808s] -- Installing: /root/ros2_frws/src/install/moveit_resources_panda_moveit_config/share/moveit_resources_panda_moveit_config/config/panda.urdf.xacro
[1.808s] -- Installing: /root/ros2_frws/src/install/moveit_resources_panda_moveit_config/share/moveit_resources_panda_moveit_config/config/pilz_industrial_motion_planner_planning.yaml
[1.808s] -- Installing: /root/ros2_frws/src/install/moveit_resources_panda_moveit_config/share/moveit_resources_panda_moveit_config/config/sensors_kinect_pointcloud.yaml
[1.809s] -- Installing: /root/ros2_frws/src/install/moveit_resources_panda_moveit_config/share/moveit_resources_panda_moveit_config/config/ompl_planning.yaml
[1.809s] -- Installing: /root/ros2_frws/src/install/moveit_resources_panda_moveit_config/share/moveit_resources_panda_moveit_config/.setup_assistant
[1.812s] Invoked command in '/root/ros2_frws/src/build/moveit_resources_panda_moveit_config' returned '0': AMENT_PREFIX_PATH=/root/ros2_frws/src/install/moveit_resources_panda_description:${AMENT_PREFIX_PATH} CMAKE_PREFIX_PATH=/root/ros2_frws/src/install/moveit_resources_panda_description:/opt/ros/humble /usr/bin/cmake --install /root/ros2_frws/src/build/moveit_resources_panda_moveit_config
