[2.842s] Invoking command in '/root/ros2_frws/src/basic_comms': PYTHONPATH=/root/ros2_frws/src/build/basic_comms/prefix_override:/root/ros2_frws/src/install/basic_comms/lib/python3.10/site-packages:${PYTHONPATH} /usr/bin/python3 setup.py egg_info --egg-base ../build/basic_comms build --build-base /root/ros2_frws/src/build/basic_comms/build install --record /root/ros2_frws/src/build/basic_comms/install.log --single-version-externally-managed
[3.151s] running egg_info
[3.151s] writing ../build/basic_comms/basic_comms.egg-info/PKG-INFO
[3.151s] writing dependency_links to ../build/basic_comms/basic_comms.egg-info/dependency_links.txt
[3.151s] writing entry points to ../build/basic_comms/basic_comms.egg-info/entry_points.txt
[3.151s] writing requirements to ../build/basic_comms/basic_comms.egg-info/requires.txt
[3.151s] writing top-level names to ../build/basic_comms/basic_comms.egg-info/top_level.txt
[3.152s] reading manifest file '../build/basic_comms/basic_comms.egg-info/SOURCES.txt'
[3.152s] writing manifest file '../build/basic_comms/basic_comms.egg-info/SOURCES.txt'
[3.152s] running build
[3.152s] running build_py
[3.153s] running install
[3.156s] /root/.local/lib/python3.10/site-packages/setuptools/_distutils/cmd.py:66: SetuptoolsDeprecationWarning: setup.py install is deprecated.
[3.156s] !!
[3.156s] 
[3.156s]         ********************************************************************************
[3.156s]         Please avoid running ``setup.py`` directly.
[3.156s]         Instead, use pypa/build, pypa/installer or other
[3.156s]         standards-based tools.
[3.156s] 
[3.157s]         See https://blog.ganssle.io/articles/2021/10/setup-py-deprecated.html for details.
[3.157s]         ********************************************************************************
[3.157s] 
[3.157s] !!
[3.157s]   self.initialize_options()
[3.164s] running install_lib
[3.167s] running install_data
[3.184s] running install_egg_info
[3.206s] removing '/root/ros2_frws/src/install/basic_comms/lib/python3.10/site-packages/basic_comms-0.0.0-py3.10.egg-info' (and everything under it)
[3.219s] Copying ../build/basic_comms/basic_comms.egg-info to /root/ros2_frws/src/install/basic_comms/lib/python3.10/site-packages/basic_comms-0.0.0-py3.10.egg-info
[3.220s] running install_scripts
[3.391s] Installing subscriber script to /root/ros2_frws/src/install/basic_comms/lib/basic_comms
[3.391s] Installing talker script to /root/ros2_frws/src/install/basic_comms/lib/basic_comms
[3.392s] writing list of installed files to '/root/ros2_frws/src/build/basic_comms/install.log'
[3.898s] Invoked command in '/root/ros2_frws/src/basic_comms' returned '0': PYTHONPATH=/root/ros2_frws/src/build/basic_comms/prefix_override:/root/ros2_frws/src/install/basic_comms/lib/python3.10/site-packages:${PYTHONPATH} /usr/bin/python3 setup.py egg_info --egg-base ../build/basic_comms build --build-base /root/ros2_frws/src/build/basic_comms/build install --record /root/ros2_frws/src/build/basic_comms/install.log --single-version-externally-managed
