[0.064s] Invoking command in '/root/ros2_frws/src/build/moveit_resources': AMENT_PREFIX_PATH=/root/ros2_frws/src/install/moveit_resources_panda_moveit_config:/root/ros2_frws/src/install/moveit_resources_fanuc_moveit_config:/root/ros2_frws/src/install/moveit_resources_pr2_description:/root/ros2_frws/src/install/moveit_resources_panda_description:/root/ros2_frws/src/install/moveit_resources_fanuc_description:${AMENT_PREFIX_PATH} CMAKE_PREFIX_PATH=/root/ros2_frws/src/install/moveit_resources_panda_moveit_config:/root/ros2_frws/src/install/moveit_resources_fanuc_moveit_config:/root/ros2_frws/src/install/moveit_resources_pr2_description:/root/ros2_frws/src/install/moveit_resources_panda_description:/root/ros2_frws/src/install/moveit_resources_fanuc_description:/opt/ros/humble /usr/bin/cmake /root/ros2_frws/src/moveit_resources/moveit_resources -DCMAKE_INSTALL_PREFIX=/root/ros2_frws/src/install/moveit_resources
[0.107s] -- The C compiler identification is GNU 11.4.0
[0.152s] -- The CXX compiler identification is GNU 11.4.0
[0.157s] -- Detecting C compiler ABI info
[0.221s] -- Detecting C compiler ABI info - done
[0.229s] -- Check for working C compiler: /usr/bin/cc - skipped
[0.229s] -- Detecting C compile features
[0.229s] -- Detecting C compile features - done
[0.233s] -- Detecting CXX compiler ABI info
[0.312s] -- Detecting CXX compiler ABI info - done
[0.321s] -- Check for working CXX compiler: /usr/bin/c++ - skipped
[0.322s] -- Detecting CXX compile features
[0.323s] -- Detecting CXX compile features - done
[0.328s] -- Found ament_cmake: 1.3.8 (/opt/ros/humble/share/ament_cmake/cmake)
[0.719s] -- Found Python3: /usr/bin/python3 (found version "3.10.12") found components: Interpreter 
[0.948s] -- Configuring done
[0.953s] -- Generating done
[0.955s] -- Build files have been written to: /root/ros2_frws/src/build/moveit_resources
[0.976s] Invoked command in '/root/ros2_frws/src/build/moveit_resources' returned '0': AMENT_PREFIX_PATH=/root/ros2_frws/src/install/moveit_resources_panda_moveit_config:/root/ros2_frws/src/install/moveit_resources_fanuc_moveit_config:/root/ros2_frws/src/install/moveit_resources_pr2_description:/root/ros2_frws/src/install/moveit_resources_panda_description:/root/ros2_frws/src/install/moveit_resources_fanuc_description:${AMENT_PREFIX_PATH} CMAKE_PREFIX_PATH=/root/ros2_frws/src/install/moveit_resources_panda_moveit_config:/root/ros2_frws/src/install/moveit_resources_fanuc_moveit_config:/root/ros2_frws/src/install/moveit_resources_pr2_description:/root/ros2_frws/src/install/moveit_resources_panda_description:/root/ros2_frws/src/install/moveit_resources_fanuc_description:/opt/ros/humble /usr/bin/cmake /root/ros2_frws/src/moveit_resources/moveit_resources -DCMAKE_INSTALL_PREFIX=/root/ros2_frws/src/install/moveit_resources
[0.979s] Invoking command in '/root/ros2_frws/src/build/moveit_resources': AMENT_PREFIX_PATH=/root/ros2_frws/src/install/moveit_resources_panda_moveit_config:/root/ros2_frws/src/install/moveit_resources_fanuc_moveit_config:/root/ros2_frws/src/install/moveit_resources_pr2_description:/root/ros2_frws/src/install/moveit_resources_panda_description:/root/ros2_frws/src/install/moveit_resources_fanuc_description:${AMENT_PREFIX_PATH} CMAKE_PREFIX_PATH=/root/ros2_frws/src/install/moveit_resources_panda_moveit_config:/root/ros2_frws/src/install/moveit_resources_fanuc_moveit_config:/root/ros2_frws/src/install/moveit_resources_pr2_description:/root/ros2_frws/src/install/moveit_resources_panda_description:/root/ros2_frws/src/install/moveit_resources_fanuc_description:/opt/ros/humble /usr/bin/cmake --build /root/ros2_frws/src/build/moveit_resources -- -j16 -l16
[1.100s] Invoked command in '/root/ros2_frws/src/build/moveit_resources' returned '0': AMENT_PREFIX_PATH=/root/ros2_frws/src/install/moveit_resources_panda_moveit_config:/root/ros2_frws/src/install/moveit_resources_fanuc_moveit_config:/root/ros2_frws/src/install/moveit_resources_pr2_description:/root/ros2_frws/src/install/moveit_resources_panda_description:/root/ros2_frws/src/install/moveit_resources_fanuc_description:${AMENT_PREFIX_PATH} CMAKE_PREFIX_PATH=/root/ros2_frws/src/install/moveit_resources_panda_moveit_config:/root/ros2_frws/src/install/moveit_resources_fanuc_moveit_config:/root/ros2_frws/src/install/moveit_resources_pr2_description:/root/ros2_frws/src/install/moveit_resources_panda_description:/root/ros2_frws/src/install/moveit_resources_fanuc_description:/opt/ros/humble /usr/bin/cmake --build /root/ros2_frws/src/build/moveit_resources -- -j16 -l16
[1.121s] Invoking command in '/root/ros2_frws/src/build/moveit_resources': AMENT_PREFIX_PATH=/root/ros2_frws/src/install/moveit_resources_panda_moveit_config:/root/ros2_frws/src/install/moveit_resources_fanuc_moveit_config:/root/ros2_frws/src/install/moveit_resources_pr2_description:/root/ros2_frws/src/install/moveit_resources_panda_description:/root/ros2_frws/src/install/moveit_resources_fanuc_description:${AMENT_PREFIX_PATH} CMAKE_PREFIX_PATH=/root/ros2_frws/src/install/moveit_resources_panda_moveit_config:/root/ros2_frws/src/install/moveit_resources_fanuc_moveit_config:/root/ros2_frws/src/install/moveit_resources_pr2_description:/root/ros2_frws/src/install/moveit_resources_panda_description:/root/ros2_frws/src/install/moveit_resources_fanuc_description:/opt/ros/humble /usr/bin/cmake --install /root/ros2_frws/src/build/moveit_resources
[1.127s] -- Install configuration: ""
[1.127s] -- Installing: /root/ros2_frws/src/install/moveit_resources/share/ament_index/resource_index/package_run_dependencies/moveit_resources
[1.128s] -- Installing: /root/ros2_frws/src/install/moveit_resources/share/ament_index/resource_index/parent_prefix_path/moveit_resources
[1.128s] -- Installing: /root/ros2_frws/src/install/moveit_resources/share/moveit_resources/environment/ament_prefix_path.sh
[1.129s] -- Installing: /root/ros2_frws/src/install/moveit_resources/share/moveit_resources/environment/ament_prefix_path.dsv
[1.129s] -- Installing: /root/ros2_frws/src/install/moveit_resources/share/moveit_resources/environment/path.sh
[1.129s] -- Installing: /root/ros2_frws/src/install/moveit_resources/share/moveit_resources/environment/path.dsv
[1.129s] -- Installing: /root/ros2_frws/src/install/moveit_resources/share/moveit_resources/local_setup.bash
[1.129s] -- Installing: /root/ros2_frws/src/install/moveit_resources/share/moveit_resources/local_setup.sh
[1.130s] -- Installing: /root/ros2_frws/src/install/moveit_resources/share/moveit_resources/local_setup.zsh
[1.130s] -- Installing: /root/ros2_frws/src/install/moveit_resources/share/moveit_resources/local_setup.dsv
[1.130s] -- Installing: /root/ros2_frws/src/install/moveit_resources/share/moveit_resources/package.dsv
[1.130s] -- Installing: /root/ros2_frws/src/install/moveit_resources/share/ament_index/resource_index/packages/moveit_resources
[1.130s] -- Installing: /root/ros2_frws/src/install/moveit_resources/share/moveit_resources/cmake/moveit_resourcesConfig.cmake
[1.131s] -- Installing: /root/ros2_frws/src/install/moveit_resources/share/moveit_resources/cmake/moveit_resourcesConfig-version.cmake
[1.131s] -- Installing: /root/ros2_frws/src/install/moveit_resources/share/moveit_resources/package.xml
[1.133s] Invoked command in '/root/ros2_frws/src/build/moveit_resources' returned '0': AMENT_PREFIX_PATH=/root/ros2_frws/src/install/moveit_resources_panda_moveit_config:/root/ros2_frws/src/install/moveit_resources_fanuc_moveit_config:/root/ros2_frws/src/install/moveit_resources_pr2_description:/root/ros2_frws/src/install/moveit_resources_panda_description:/root/ros2_frws/src/install/moveit_resources_fanuc_description:${AMENT_PREFIX_PATH} CMAKE_PREFIX_PATH=/root/ros2_frws/src/install/moveit_resources_panda_moveit_config:/root/ros2_frws/src/install/moveit_resources_fanuc_moveit_config:/root/ros2_frws/src/install/moveit_resources_pr2_description:/root/ros2_frws/src/install/moveit_resources_panda_description:/root/ros2_frws/src/install/moveit_resources_fanuc_description:/opt/ros/humble /usr/bin/cmake --install /root/ros2_frws/src/build/moveit_resources
