[1.274s] DEBUG:colcon:Command line arguments: ['/usr/bin/colcon', 'build']
[1.274s] DEBUG:colcon:Parsed command line arguments: Namespace(log_base=None, log_level=None, verb_name='build', build_base='build', install_base='install', merge_install=False, symlink_install=False, test_result_base=None, continue_on_error=False, executor='parallel', parallel_workers=16, event_handlers=None, ignore_user_meta=False, metas=['./colcon.meta'], base_paths=['.'], packages_ignore=None, packages_ignore_regex=None, paths=None, packages_up_to=None, packages_up_to_regex=None, packages_above=None, packages_above_and_dependencies=None, packages_above_depth=None, packages_select_by_dep=None, packages_skip_by_dep=None, packages_skip_up_to=None, packages_select_build_failed=False, packages_skip_build_finished=False, packages_select_test_failures=False, packages_skip_test_passed=False, packages_select=None, packages_skip=None, packages_select_regex=None, packages_skip_regex=None, packages_start=None, packages_end=None, cmake_args=None, cmake_target=None, cmake_target_skip_unavailable=False, cmake_clean_cache=False, cmake_clean_first=False, cmake_force_configure=False, ament_cmake_args=None, catkin_cmake_args=None, catkin_skip_building_tests=False, mixin_files=None, mixin=None, verb_parser=<colcon_mixin.mixin.mixin_argument.MixinArgumentDecorator object at 0x7fc9565203d0>, verb_extension=<colcon_core.verb.build.BuildVerb object at 0x7fc95685ead0>, main=<bound method BuildVerb.main of <colcon_core.verb.build.BuildVerb object at 0x7fc95685ead0>>, mixin_verb=('build',))
[1.332s] Level 1:colcon.colcon_core.package_discovery:discover_packages(colcon_meta) check parameters
[1.333s] INFO:colcon.colcon_metadata.package_discovery.colcon_meta:Using configuration from '/root/.colcon/metadata/default/Gazebo.meta'
[1.334s] INFO:colcon.colcon_metadata.package_discovery.colcon_meta:Using configuration from '/root/.colcon/metadata/default/fastrtps.meta'
[1.334s] Level 1:colcon.colcon_core.package_discovery:discover_packages(recursive) check parameters
[1.334s] Level 1:colcon.colcon_core.package_discovery:discover_packages(ignore) check parameters
[1.334s] Level 1:colcon.colcon_core.package_discovery:discover_packages(path) check parameters
[1.334s] Level 1:colcon.colcon_core.package_discovery:discover_packages(colcon_meta) discover
[1.334s] Level 1:colcon.colcon_core.package_discovery:discover_packages(recursive) discover
[1.334s] INFO:colcon.colcon_core.package_discovery:Crawling recursively for packages in '/root/ros2_frws/src/basic_comms/basic_comms'
[1.334s] Level 1:colcon.colcon_core.package_identification:_identify(.) by extensions ['ignore', 'ignore_ament_install']
[1.334s] Level 1:colcon.colcon_core.package_identification:_identify(.) by extension 'ignore'
[1.334s] Level 1:colcon.colcon_core.package_identification:_identify(.) by extension 'ignore_ament_install'
[1.334s] Level 1:colcon.colcon_core.package_identification:_identify(.) by extensions ['colcon_pkg']
[1.334s] Level 1:colcon.colcon_core.package_identification:_identify(.) by extension 'colcon_pkg'
[1.334s] Level 1:colcon.colcon_core.package_identification:_identify(.) by extensions ['colcon_meta']
[1.334s] Level 1:colcon.colcon_core.package_identification:_identify(.) by extension 'colcon_meta'
[1.334s] Level 1:colcon.colcon_core.package_identification:_identify(.) by extensions ['ros']
[1.334s] Level 1:colcon.colcon_core.package_identification:_identify(.) by extension 'ros'
[1.349s] Level 1:colcon.colcon_core.package_identification:_identify(.) by extensions ['cmake', 'python']
[1.349s] Level 1:colcon.colcon_core.package_identification:_identify(.) by extension 'cmake'
[1.349s] Level 1:colcon.colcon_core.package_identification:_identify(.) by extension 'python'
[1.349s] Level 1:colcon.colcon_core.package_identification:_identify(.) by extensions ['python_setup_py']
[1.349s] Level 1:colcon.colcon_core.package_identification:_identify(.) by extension 'python_setup_py'
[1.349s] Level 1:colcon.colcon_core.package_identification:_identify(build) by extensions ['ignore', 'ignore_ament_install']
[1.349s] Level 1:colcon.colcon_core.package_identification:_identify(build) by extension 'ignore'
[1.349s] Level 1:colcon.colcon_core.package_identification:_identify(build) ignored
[1.350s] Level 1:colcon.colcon_core.package_identification:_identify(install) by extensions ['ignore', 'ignore_ament_install']
[1.350s] Level 1:colcon.colcon_core.package_identification:_identify(install) by extension 'ignore'
[1.350s] Level 1:colcon.colcon_core.package_identification:_identify(install) ignored
[1.350s] Level 1:colcon.colcon_core.package_identification:_identify(log) by extensions ['ignore', 'ignore_ament_install']
[1.350s] Level 1:colcon.colcon_core.package_identification:_identify(log) by extension 'ignore'
[1.350s] Level 1:colcon.colcon_core.package_identification:_identify(log) ignored
[1.350s] Level 1:colcon.colcon_core.package_identification:_identify(py_pubsub) by extensions ['ignore', 'ignore_ament_install']
[1.350s] Level 1:colcon.colcon_core.package_identification:_identify(py_pubsub) by extension 'ignore'
[1.350s] Level 1:colcon.colcon_core.package_identification:_identify(py_pubsub) by extension 'ignore_ament_install'
[1.350s] Level 1:colcon.colcon_core.package_identification:_identify(py_pubsub) by extensions ['colcon_pkg']
[1.350s] Level 1:colcon.colcon_core.package_identification:_identify(py_pubsub) by extension 'colcon_pkg'
[1.350s] Level 1:colcon.colcon_core.package_identification:_identify(py_pubsub) by extensions ['colcon_meta']
[1.350s] Level 1:colcon.colcon_core.package_identification:_identify(py_pubsub) by extension 'colcon_meta'
[1.350s] Level 1:colcon.colcon_core.package_identification:_identify(py_pubsub) by extensions ['ros']
[1.350s] Level 1:colcon.colcon_core.package_identification:_identify(py_pubsub) by extension 'ros'
[1.353s] DEBUG:colcon.colcon_core.package_identification:Package 'py_pubsub' with type 'ros.ament_python' and name 'py_pubsub'
[1.353s] Level 1:colcon.colcon_core.package_discovery:discover_packages(recursive) using defaults
[1.353s] Level 1:colcon.colcon_core.package_discovery:discover_packages(ignore) discover
[1.353s] Level 1:colcon.colcon_core.package_discovery:discover_packages(ignore) using defaults
[1.353s] Level 1:colcon.colcon_core.package_discovery:discover_packages(path) discover
[1.353s] Level 1:colcon.colcon_core.package_discovery:discover_packages(path) using defaults
[1.439s] Level 5:colcon.colcon_core.verb:set package 'py_pubsub' build argument 'cmake_args' from command line to 'None'
[1.439s] Level 5:colcon.colcon_core.verb:set package 'py_pubsub' build argument 'cmake_target' from command line to 'None'
[1.439s] Level 5:colcon.colcon_core.verb:set package 'py_pubsub' build argument 'cmake_target_skip_unavailable' from command line to 'False'
[1.439s] Level 5:colcon.colcon_core.verb:set package 'py_pubsub' build argument 'cmake_clean_cache' from command line to 'False'
[1.439s] Level 5:colcon.colcon_core.verb:set package 'py_pubsub' build argument 'cmake_clean_first' from command line to 'False'
[1.439s] Level 5:colcon.colcon_core.verb:set package 'py_pubsub' build argument 'cmake_force_configure' from command line to 'False'
[1.439s] Level 5:colcon.colcon_core.verb:set package 'py_pubsub' build argument 'ament_cmake_args' from command line to 'None'
[1.439s] Level 5:colcon.colcon_core.verb:set package 'py_pubsub' build argument 'catkin_cmake_args' from command line to 'None'
[1.439s] Level 5:colcon.colcon_core.verb:set package 'py_pubsub' build argument 'catkin_skip_building_tests' from command line to 'False'
[1.439s] DEBUG:colcon.colcon_core.verb:Building package 'py_pubsub' with the following arguments: {'ament_cmake_args': None, 'build_base': '/root/ros2_frws/src/basic_comms/basic_comms/build/py_pubsub', 'catkin_cmake_args': None, 'catkin_skip_building_tests': False, 'cmake_args': None, 'cmake_clean_cache': False, 'cmake_clean_first': False, 'cmake_force_configure': False, 'cmake_target': None, 'cmake_target_skip_unavailable': False, 'install_base': '/root/ros2_frws/src/basic_comms/basic_comms/install/py_pubsub', 'merge_install': False, 'path': '/root/ros2_frws/src/basic_comms/basic_comms/py_pubsub', 'symlink_install': False, 'test_result_base': None}
[1.451s] INFO:colcon.colcon_core.executor:Executing jobs using 'parallel' executor
[1.463s] DEBUG:colcon.colcon_parallel_executor.executor.parallel:run_until_complete
[1.463s] INFO:colcon.colcon_ros.task.ament_python.build:Building ROS package in '/root/ros2_frws/src/basic_comms/basic_comms/py_pubsub' with build type 'ament_python'
[1.463s] Level 1:colcon.colcon_core.shell:create_environment_hook('py_pubsub', 'ament_prefix_path')
[1.477s] INFO:colcon.colcon_core.plugin_system:Skipping extension 'colcon_core.shell.bat': Not used on non-Windows systems
[1.477s] INFO:colcon.colcon_core.shell:Creating environment hook '/root/ros2_frws/src/basic_comms/basic_comms/install/py_pubsub/share/py_pubsub/hook/ament_prefix_path.ps1'
[1.478s] INFO:colcon.colcon_core.shell:Creating environment descriptor '/root/ros2_frws/src/basic_comms/basic_comms/install/py_pubsub/share/py_pubsub/hook/ament_prefix_path.dsv'
[1.479s] INFO:colcon.colcon_core.shell:Creating environment hook '/root/ros2_frws/src/basic_comms/basic_comms/install/py_pubsub/share/py_pubsub/hook/ament_prefix_path.sh'
[1.496s] INFO:colcon.colcon_core.shell:Skip shell extension 'powershell' for command environment: Not usable outside of PowerShell
[1.496s] DEBUG:colcon.colcon_core.shell:Skip shell extension 'dsv' for command environment
[1.729s] INFO:colcon.colcon_core.task.python.build:Building Python package in '/root/ros2_frws/src/basic_comms/basic_comms/py_pubsub'
[1.742s] INFO:colcon.colcon_core.shell:Skip shell extension 'powershell' for command environment: Not usable outside of PowerShell
[1.742s] DEBUG:colcon.colcon_core.shell:Skip shell extension 'dsv' for command environment
[2.362s] DEBUG:colcon.colcon_core.event_handler.log_command:Invoking command in '/root/ros2_frws/src/basic_comms/basic_comms/py_pubsub': PYTHONPATH=/root/ros2_frws/src/basic_comms/basic_comms/build/py_pubsub/prefix_override:/root/ros2_frws/src/basic_comms/basic_comms/install/py_pubsub/lib/python3.10/site-packages:${PYTHONPATH} /usr/bin/python3 setup.py egg_info --egg-base ../build/py_pubsub build --build-base /root/ros2_frws/src/basic_comms/basic_comms/build/py_pubsub/build install --record /root/ros2_frws/src/basic_comms/basic_comms/build/py_pubsub/install.log --single-version-externally-managed
[2.897s] DEBUG:colcon.colcon_core.event_handler.log_command:Invoked command in '/root/ros2_frws/src/basic_comms/basic_comms/py_pubsub' returned '0': PYTHONPATH=/root/ros2_frws/src/basic_comms/basic_comms/build/py_pubsub/prefix_override:/root/ros2_frws/src/basic_comms/basic_comms/install/py_pubsub/lib/python3.10/site-packages:${PYTHONPATH} /usr/bin/python3 setup.py egg_info --egg-base ../build/py_pubsub build --build-base /root/ros2_frws/src/basic_comms/basic_comms/build/py_pubsub/build install --record /root/ros2_frws/src/basic_comms/basic_comms/build/py_pubsub/install.log --single-version-externally-managed
[2.913s] Level 1:colcon.colcon_core.environment:checking '/root/ros2_frws/src/basic_comms/basic_comms/install/py_pubsub' for CMake module files
[2.914s] Level 1:colcon.colcon_core.environment:checking '/root/ros2_frws/src/basic_comms/basic_comms/install/py_pubsub' for CMake config files
[2.915s] Level 1:colcon.colcon_core.environment:checking '/root/ros2_frws/src/basic_comms/basic_comms/install/py_pubsub/lib'
[2.915s] Level 1:colcon.colcon_core.environment:checking '/root/ros2_frws/src/basic_comms/basic_comms/install/py_pubsub/bin'
[2.915s] Level 1:colcon.colcon_core.environment:checking '/root/ros2_frws/src/basic_comms/basic_comms/install/py_pubsub/lib/pkgconfig/py_pubsub.pc'
[2.915s] Level 1:colcon.colcon_core.environment:checking '/root/ros2_frws/src/basic_comms/basic_comms/install/py_pubsub/lib/python3.10/site-packages'
[2.915s] Level 1:colcon.colcon_core.shell:create_environment_hook('py_pubsub', 'pythonpath')
[2.928s] INFO:colcon.colcon_core.shell:Creating environment hook '/root/ros2_frws/src/basic_comms/basic_comms/install/py_pubsub/share/py_pubsub/hook/pythonpath.ps1'
[2.929s] INFO:colcon.colcon_core.shell:Creating environment descriptor '/root/ros2_frws/src/basic_comms/basic_comms/install/py_pubsub/share/py_pubsub/hook/pythonpath.dsv'
[2.929s] INFO:colcon.colcon_core.shell:Creating environment hook '/root/ros2_frws/src/basic_comms/basic_comms/install/py_pubsub/share/py_pubsub/hook/pythonpath.sh'
[2.930s] Level 1:colcon.colcon_core.environment:checking '/root/ros2_frws/src/basic_comms/basic_comms/install/py_pubsub/bin'
[2.930s] Level 1:colcon.colcon_core.environment:create_environment_scripts_only(py_pubsub)
[2.942s] INFO:colcon.colcon_core.shell:Creating package script '/root/ros2_frws/src/basic_comms/basic_comms/install/py_pubsub/share/py_pubsub/package.ps1'
[2.943s] INFO:colcon.colcon_core.shell:Creating package descriptor '/root/ros2_frws/src/basic_comms/basic_comms/install/py_pubsub/share/py_pubsub/package.dsv'
[2.943s] INFO:colcon.colcon_core.shell:Creating package script '/root/ros2_frws/src/basic_comms/basic_comms/install/py_pubsub/share/py_pubsub/package.sh'
[2.944s] INFO:colcon.colcon_core.shell:Creating package script '/root/ros2_frws/src/basic_comms/basic_comms/install/py_pubsub/share/py_pubsub/package.bash'
[2.945s] INFO:colcon.colcon_core.shell:Creating package script '/root/ros2_frws/src/basic_comms/basic_comms/install/py_pubsub/share/py_pubsub/package.zsh'
[2.945s] Level 1:colcon.colcon_core.environment:create_file_with_runtime_dependencies(/root/ros2_frws/src/basic_comms/basic_comms/install/py_pubsub/share/colcon-core/packages/py_pubsub)
[2.946s] DEBUG:colcon.colcon_parallel_executor.executor.parallel:closing loop
[2.947s] DEBUG:colcon.colcon_parallel_executor.executor.parallel:loop closed
[2.947s] DEBUG:colcon.colcon_parallel_executor.executor.parallel:run_until_complete finished with '0'
[2.947s] DEBUG:colcon.colcon_core.event_reactor:joining thread
[2.966s] INFO:colcon.colcon_core.plugin_system:Skipping extension 'colcon_notification.desktop_notification.notify_send': Could not find 'notify-send'
[2.967s] INFO:colcon.colcon_core.plugin_system:Skipping extension 'colcon_notification.desktop_notification.terminal_notifier': Not used on non-Darwin systems
[2.967s] INFO:colcon.colcon_core.plugin_system:Skipping extension 'colcon_notification.desktop_notification.win32': Not used on non-Windows systems
[2.967s] INFO:colcon.colcon_notification.desktop_notification:Sending desktop notification using 'notify2'
[2.969s] DEBUG:colcon.colcon_notification.desktop_notification.notify2:Failed to initialize notify2: org.freedesktop.DBus.Error.Spawn.ExecFailed: /usr/bin/dbus-launch terminated abnormally without any error message
[2.970s] DEBUG:colcon.colcon_core.event_reactor:joined thread
[2.984s] INFO:colcon.colcon_core.shell:Creating prefix script '/root/ros2_frws/src/basic_comms/basic_comms/install/local_setup.ps1'
[2.985s] INFO:colcon.colcon_core.shell:Creating prefix util module '/root/ros2_frws/src/basic_comms/basic_comms/install/_local_setup_util_ps1.py'
[2.987s] INFO:colcon.colcon_core.shell:Creating prefix chain script '/root/ros2_frws/src/basic_comms/basic_comms/install/setup.ps1'
[3.000s] INFO:colcon.colcon_core.shell:Creating prefix script '/root/ros2_frws/src/basic_comms/basic_comms/install/local_setup.sh'
[3.001s] INFO:colcon.colcon_core.shell:Creating prefix util module '/root/ros2_frws/src/basic_comms/basic_comms/install/_local_setup_util_sh.py'
[3.001s] INFO:colcon.colcon_core.shell:Creating prefix chain script '/root/ros2_frws/src/basic_comms/basic_comms/install/setup.sh'
[3.014s] INFO:colcon.colcon_core.shell:Creating prefix script '/root/ros2_frws/src/basic_comms/basic_comms/install/local_setup.bash'
[3.015s] INFO:colcon.colcon_core.shell:Creating prefix chain script '/root/ros2_frws/src/basic_comms/basic_comms/install/setup.bash'
[3.030s] INFO:colcon.colcon_core.shell:Creating prefix script '/root/ros2_frws/src/basic_comms/basic_comms/install/local_setup.zsh'
[3.030s] INFO:colcon.colcon_core.shell:Creating prefix chain script '/root/ros2_frws/src/basic_comms/basic_comms/install/setup.zsh'
