[1.314s] Invoking command in '/root/ros2_frws/src/basic_comms': PYTHONPATH=/root/ros2_frws/src/build/basic_comms/prefix_override:/root/ros2_frws/src/install/basic_comms/lib/python3.10/site-packages:${PYTHONPATH} /usr/bin/python3 setup.py egg_info --egg-base ../build/basic_comms build --build-base /root/ros2_frws/src/build/basic_comms/build install --record /root/ros2_frws/src/build/basic_comms/install.log --single-version-externally-managed
[1.534s] running egg_info
[1.550s] writing ../build/basic_comms/basic_comms.egg-info/PKG-INFO
[1.550s] writing dependency_links to ../build/basic_comms/basic_comms.egg-info/dependency_links.txt
[1.551s] writing entry points to ../build/basic_comms/basic_comms.egg-info/entry_points.txt
[1.551s] writing requirements to ../build/basic_comms/basic_comms.egg-info/requires.txt
[1.551s] writing top-level names to ../build/basic_comms/basic_comms.egg-info/top_level.txt
[1.580s] reading manifest file '../build/basic_comms/basic_comms.egg-info/SOURCES.txt'
[1.581s] writing manifest file '../build/basic_comms/basic_comms.egg-info/SOURCES.txt'
[1.581s] running build
[1.581s] running build_py
[1.581s] running install
[1.581s] /root/.local/lib/python3.10/site-packages/setuptools/_distutils/cmd.py:66: SetuptoolsDeprecationWarning: setup.py install is deprecated.
[1.582s] !!
[1.582s] 
[1.582s]         ********************************************************************************
[1.582s]         Please avoid running ``setup.py`` directly.
[1.582s]         Instead, use pypa/build, pypa/installer or other
[1.582s]         standards-based tools.
[1.582s] 
[1.582s]         See https://blog.ganssle.io/articles/2021/10/setup-py-deprecated.html for details.
[1.582s]         ********************************************************************************
[1.582s] 
[1.582s] !!
[1.582s]   self.initialize_options()
[1.588s] running install_lib
[1.603s] running install_data
[1.621s] running install_egg_info
[1.638s] removing '/root/ros2_frws/src/install/basic_comms/lib/python3.10/site-packages/basic_comms-0.0.0-py3.10.egg-info' (and everything under it)
[1.638s] Copying ../build/basic_comms/basic_comms.egg-info to /root/ros2_frws/src/install/basic_comms/lib/python3.10/site-packages/basic_comms-0.0.0-py3.10.egg-info
[1.639s] running install_scripts
[1.787s] Installing subscriber script to /root/ros2_frws/src/install/basic_comms/lib/basic_comms
[1.787s] Installing talker script to /root/ros2_frws/src/install/basic_comms/lib/basic_comms
[1.787s] writing list of installed files to '/root/ros2_frws/src/build/basic_comms/install.log'
[1.860s] Invoked command in '/root/ros2_frws/src/basic_comms' returned '0': PYTHONPATH=/root/ros2_frws/src/build/basic_comms/prefix_override:/root/ros2_frws/src/install/basic_comms/lib/python3.10/site-packages:${PYTHONPATH} /usr/bin/python3 setup.py egg_info --egg-base ../build/basic_comms build --build-base /root/ros2_frws/src/build/basic_comms/build install --record /root/ros2_frws/src/build/basic_comms/install.log --single-version-externally-managed
