[0.827s] Invoking command in '/root/ros2_frws/src/basic_comms': PYTHONPATH=/root/ros2_frws/src/build/basic_comms/prefix_override:/root/ros2_frws/src/install/basic_comms/lib/python3.10/site-packages:${PYTHONPATH} /usr/bin/python3 setup.py egg_info --egg-base ../build/basic_comms build --build-base /root/ros2_frws/src/build/basic_comms/build install --record /root/ros2_frws/src/build/basic_comms/install.log --single-version-externally-managed
[1.010s] running egg_info
[1.025s] writing ../build/basic_comms/basic_comms.egg-info/PKG-INFO
[1.025s] writing dependency_links to ../build/basic_comms/basic_comms.egg-info/dependency_links.txt
[1.026s] writing entry points to ../build/basic_comms/basic_comms.egg-info/entry_points.txt
[1.026s] writing requirements to ../build/basic_comms/basic_comms.egg-info/requires.txt
[1.026s] writing top-level names to ../build/basic_comms/basic_comms.egg-info/top_level.txt
[1.052s] reading manifest file '../build/basic_comms/basic_comms.egg-info/SOURCES.txt'
[1.052s] writing manifest file '../build/basic_comms/basic_comms.egg-info/SOURCES.txt'
[1.052s] running build
[1.053s] running build_py
[1.053s] copying basic_comms/subscriber.py -> /root/ros2_frws/src/build/basic_comms/build/lib/basic_comms
[1.053s] running install
[1.054s] /root/.local/lib/python3.10/site-packages/setuptools/_distutils/cmd.py:66: SetuptoolsDeprecationWarning: setup.py install is deprecated.
[1.054s] !!
[1.054s] 
[1.054s]         ********************************************************************************
[1.054s]         Please avoid running ``setup.py`` directly.
[1.054s]         Instead, use pypa/build, pypa/installer or other
[1.054s]         standards-based tools.
[1.054s] 
[1.054s]         See https://blog.ganssle.io/articles/2021/10/setup-py-deprecated.html for details.
[1.054s]         ********************************************************************************
[1.054s] 
[1.054s] !!
[1.054s]   self.initialize_options()
[1.060s] running install_lib
[1.071s] copying /root/ros2_frws/src/build/basic_comms/build/lib/basic_comms/subscriber.py -> /root/ros2_frws/src/install/basic_comms/lib/python3.10/site-packages/basic_comms
[1.071s] byte-compiling /root/ros2_frws/src/install/basic_comms/lib/python3.10/site-packages/basic_comms/subscriber.py to subscriber.cpython-310.pyc
[1.072s] running install_data
[1.084s] running install_egg_info
[1.096s] removing '/root/ros2_frws/src/install/basic_comms/lib/python3.10/site-packages/basic_comms-0.0.0-py3.10.egg-info' (and everything under it)
[1.097s] Copying ../build/basic_comms/basic_comms.egg-info to /root/ros2_frws/src/install/basic_comms/lib/python3.10/site-packages/basic_comms-0.0.0-py3.10.egg-info
[1.097s] running install_scripts
[1.213s] Installing publisher script to /root/ros2_frws/src/install/basic_comms/lib/basic_comms
[1.213s] Installing talker script to /root/ros2_frws/src/install/basic_comms/lib/basic_comms
[1.216s] writing list of installed files to '/root/ros2_frws/src/build/basic_comms/install.log'
[1.243s] Invoked command in '/root/ros2_frws/src/basic_comms' returned '0': PYTHONPATH=/root/ros2_frws/src/build/basic_comms/prefix_override:/root/ros2_frws/src/install/basic_comms/lib/python3.10/site-packages:${PYTHONPATH} /usr/bin/python3 setup.py egg_info --egg-base ../build/basic_comms build --build-base /root/ros2_frws/src/build/basic_comms/build install --record /root/ros2_frws/src/build/basic_comms/install.log --single-version-externally-managed
