[0.964s] Invoking command in '/root/ros2_frws/src/basic_comms': PYTHONPATH=/root/ros2_frws/src/build/basic_comms/prefix_override:/root/ros2_frws/src/install/basic_comms/lib/python3.10/site-packages:${PYTHONPATH} /usr/bin/python3 setup.py egg_info --egg-base ../build/basic_comms build --build-base /root/ros2_frws/src/build/basic_comms/build install --record /root/ros2_frws/src/build/basic_comms/install.log --single-version-externally-managed
[1.172s] running egg_info
[1.183s] writing ../build/basic_comms/basic_comms.egg-info/PKG-INFO
[1.184s] writing dependency_links to ../build/basic_comms/basic_comms.egg-info/dependency_links.txt
[1.186s] writing entry points to ../build/basic_comms/basic_comms.egg-info/entry_points.txt
[1.187s] writing requirements to ../build/basic_comms/basic_comms.egg-info/requires.txt
[1.187s] writing top-level names to ../build/basic_comms/basic_comms.egg-info/top_level.txt
[1.228s] reading manifest file '../build/basic_comms/basic_comms.egg-info/SOURCES.txt'
[1.229s] writing manifest file '../build/basic_comms/basic_comms.egg-info/SOURCES.txt'
[1.229s] running build
[1.229s] running build_py
[1.230s] running install
[1.230s] /root/.local/lib/python3.10/site-packages/setuptools/_distutils/cmd.py:66: SetuptoolsDeprecationWarning: setup.py install is deprecated.
[1.230s] !!
[1.230s] 
[1.230s]         ********************************************************************************
[1.230s]         Please avoid running ``setup.py`` directly.
[1.230s]         Instead, use pypa/build, pypa/installer or other
[1.230s]         standards-based tools.
[1.230s] 
[1.230s]         See https://blog.ganssle.io/articles/2021/10/setup-py-deprecated.html for details.
[1.230s]         ********************************************************************************
[1.230s] 
[1.230s] !!
[1.230s]   self.initialize_options()
[1.239s] running install_lib
[1.252s] running install_data
[1.265s] running install_egg_info
[1.278s] removing '/root/ros2_frws/src/install/basic_comms/lib/python3.10/site-packages/basic_comms-0.0.0-py3.10.egg-info' (and everything under it)
[1.278s] Copying ../build/basic_comms/basic_comms.egg-info to /root/ros2_frws/src/install/basic_comms/lib/python3.10/site-packages/basic_comms-0.0.0-py3.10.egg-info
[1.280s] running install_scripts
[1.396s] Installing publisher script to /root/ros2_frws/src/install/basic_comms/lib/basic_comms
[1.397s] Installing talker script to /root/ros2_frws/src/install/basic_comms/lib/basic_comms
[1.397s] writing list of installed files to '/root/ros2_frws/src/build/basic_comms/install.log'
[1.425s] Invoked command in '/root/ros2_frws/src/basic_comms' returned '0': PYTHONPATH=/root/ros2_frws/src/build/basic_comms/prefix_override:/root/ros2_frws/src/install/basic_comms/lib/python3.10/site-packages:${PYTHONPATH} /usr/bin/python3 setup.py egg_info --egg-base ../build/basic_comms build --build-base /root/ros2_frws/src/build/basic_comms/build install --record /root/ros2_frws/src/build/basic_comms/install.log --single-version-externally-managed
