[0.312s] Invoking command in '/root/ros2_frws/src/build/my_msg_interfaces': CMAKE_PREFIX_PATH=${CMAKE_PREFIX_PATH}:/root/ros2_frws/install/challenge_2:/root/ros2_frws/install/moveit_configs_utils:/root/ros2_frws/install/course_works:/root/ros2_frws/install/basic_comms_params:/root/ros2_frws/install/basic_comms_param:/root/ros2_frws/install/basic_comms:/opt/ros/humble /usr/bin/cmake --build /root/ros2_frws/src/build/my_msg_interfaces -- -j16 -l16
[1.176s] [  3%] [34m[1mGenerating C code for ROS interfaces[0m
[1.176s] [  6%] [34m[1mGenerating C++ code for ROS interfaces[0m
[1.176s] [  6%] Built target ament_cmake_python_copy_my_msg_interfaces
[1.176s] running egg_info
[1.176s] creating my_msg_interfaces.egg-info
[1.176s] writing my_msg_interfaces.egg-info/PKG-INFO
[1.177s] writing dependency_links to my_msg_interfaces.egg-info/dependency_links.txt
[1.177s] writing top-level names to my_msg_interfaces.egg-info/top_level.txt
[1.177s] writing manifest file 'my_msg_interfaces.egg-info/SOURCES.txt'
[1.177s] reading manifest file 'my_msg_interfaces.egg-info/SOURCES.txt'
[1.177s] [  6%] Built target my_msg_interfaces__cpp
[1.177s] writing manifest file 'my_msg_interfaces.egg-info/SOURCES.txt'
[1.177s] [  9%] [34m[1mGenerating C++ type support for eProsima Fast-RTPS[0m
[1.177s] [ 16%] [34m[1mGenerating C++ type support dispatch for ROS interfaces[0m
[1.177s] [ 16%] [34m[1mGenerating C++ introspection for ROS interfaces[0m
[1.177s] [ 19%] [32mBuilding C object CMakeFiles/my_msg_interfaces__rosidl_generator_c.dir/rosidl_generator_c/my_msg_interfaces/msg/detail/my_parameter__functions.c.o[0m
[1.178s] [ 19%] Built target ament_cmake_python_build_my_msg_interfaces_egg
[1.178s] [ 22%] [32m[1mLinking C shared library libmy_msg_interfaces__rosidl_generator_c.so[0m
[1.178s] [ 22%] Built target my_msg_interfaces__rosidl_generator_c
[1.178s] [ 29%] [34m[1mGenerating C type support for eProsima Fast-RTPS[0m
[1.178s] [ 29%] [34m[1mGenerating C introspection for ROS interfaces[0m
[1.178s] [ 32%] [34m[1mGenerating C type support dispatch for ROS interfaces[0m
[1.178s] [ 35%] [32mBuilding CXX object CMakeFiles/my_msg_interfaces__rosidl_typesupport_cpp.dir/rosidl_typesupport_cpp/my_msg_interfaces/msg/my_parameter__type_support.cpp.o[0m
[1.178s] [ 38%] [32mBuilding CXX object CMakeFiles/my_msg_interfaces__rosidl_typesupport_introspection_cpp.dir/rosidl_typesupport_introspection_cpp/my_msg_interfaces/msg/detail/my_parameter__type_support.cpp.o[0m
[1.178s] [ 41%] [32mBuilding CXX object CMakeFiles/my_msg_interfaces__rosidl_typesupport_fastrtps_cpp.dir/rosidl_typesupport_fastrtps_cpp/my_msg_interfaces/msg/detail/dds_fastrtps/my_parameter__type_support.cpp.o[0m
[1.178s] [ 45%] [32mBuilding CXX object CMakeFiles/my_msg_interfaces__rosidl_typesupport_c.dir/rosidl_typesupport_c/my_msg_interfaces/msg/my_parameter__type_support.cpp.o[0m
[1.179s] [ 48%] [32mBuilding CXX object CMakeFiles/my_msg_interfaces__rosidl_typesupport_fastrtps_c.dir/rosidl_typesupport_fastrtps_c/my_msg_interfaces/msg/detail/my_parameter__type_support_c.cpp.o[0m
[1.179s] [ 51%] [32m[1mLinking CXX shared library libmy_msg_interfaces__rosidl_typesupport_c.so[0m
[1.179s] [ 54%] [32mBuilding C object CMakeFiles/my_msg_interfaces__rosidl_typesupport_introspection_c.dir/rosidl_typesupport_introspection_c/my_msg_interfaces/msg/detail/my_parameter__type_support.c.o[0m
[1.179s] [ 58%] [32m[1mLinking C shared library libmy_msg_interfaces__rosidl_typesupport_introspection_c.so[0m
[1.179s] [ 58%] Built target my_msg_interfaces__rosidl_typesupport_c
[1.179s] [ 58%] Built target my_msg_interfaces__rosidl_typesupport_introspection_c
[1.179s] [ 61%] [32m[1mLinking CXX shared library libmy_msg_interfaces__rosidl_typesupport_cpp.so[0m
[1.179s] [ 61%] Built target my_msg_interfaces__rosidl_typesupport_cpp
[1.199s] [ 64%] [32m[1mLinking CXX shared library libmy_msg_interfaces__rosidl_typesupport_introspection_cpp.so[0m
[1.273s] [ 67%] [32m[1mLinking CXX shared library libmy_msg_interfaces__rosidl_typesupport_fastrtps_cpp.so[0m
[1.282s] [ 67%] Built target my_msg_interfaces__rosidl_typesupport_introspection_cpp
[1.325s] [ 70%] [32m[1mLinking CXX shared library libmy_msg_interfaces__rosidl_typesupport_fastrtps_c.so[0m
[1.370s] [ 70%] Built target my_msg_interfaces__rosidl_typesupport_fastrtps_cpp
[1.410s] [ 70%] Built target my_msg_interfaces__rosidl_typesupport_fastrtps_c
[1.432s] [ 70%] Built target my_msg_interfaces
[1.448s] [ 74%] [34m[1mGenerating Python code for ROS interfaces[0m
[1.793s] [ 74%] Built target my_msg_interfaces__py
[1.810s] [ 77%] [32mBuilding C object CMakeFiles/my_msg_interfaces__rosidl_generator_py.dir/rosidl_generator_py/my_msg_interfaces/msg/_my_parameter_s.c.o[0m
[1.932s] [ 80%] [32m[1mLinking C shared library rosidl_generator_py/my_msg_interfaces/libmy_msg_interfaces__rosidl_generator_py.so[0m
[1.963s] [ 80%] Built target my_msg_interfaces__rosidl_generator_py
[1.983s] [ 87%] [32mBuilding C object CMakeFiles/my_msg_interfaces__rosidl_typesupport_c__pyext.dir/rosidl_generator_py/my_msg_interfaces/_my_msg_interfaces_s.ep.rosidl_typesupport_c.c.o[0m
[1.983s] [ 87%] [32mBuilding C object CMakeFiles/my_msg_interfaces__rosidl_typesupport_fastrtps_c__pyext.dir/rosidl_generator_py/my_msg_interfaces/_my_msg_interfaces_s.ep.rosidl_typesupport_fastrtps_c.c.o[0m
[1.983s] [ 90%] [32mBuilding C object CMakeFiles/my_msg_interfaces__rosidl_typesupport_introspection_c__pyext.dir/rosidl_generator_py/my_msg_interfaces/_my_msg_interfaces_s.ep.rosidl_typesupport_introspection_c.c.o[0m
[2.056s] [ 93%] [32m[1mLinking C shared library rosidl_generator_py/my_msg_interfaces/my_msg_interfaces_s__rosidl_typesupport_fastrtps_c.cpython-310-x86_64-linux-gnu.so[0m
[2.061s] [ 96%] [32m[1mLinking C shared library rosidl_generator_py/my_msg_interfaces/my_msg_interfaces_s__rosidl_typesupport_introspection_c.cpython-310-x86_64-linux-gnu.so[0m
[2.067s] [100%] [32m[1mLinking C shared library rosidl_generator_py/my_msg_interfaces/my_msg_interfaces_s__rosidl_typesupport_c.cpython-310-x86_64-linux-gnu.so[0m
[2.086s] [100%] Built target my_msg_interfaces__rosidl_typesupport_fastrtps_c__pyext
[2.091s] [100%] Built target my_msg_interfaces__rosidl_typesupport_introspection_c__pyext
[2.094s] [100%] Built target my_msg_interfaces__rosidl_typesupport_c__pyext
[2.103s] Invoked command in '/root/ros2_frws/src/build/my_msg_interfaces' returned '0': CMAKE_PREFIX_PATH=${CMAKE_PREFIX_PATH}:/root/ros2_frws/install/challenge_2:/root/ros2_frws/install/moveit_configs_utils:/root/ros2_frws/install/course_works:/root/ros2_frws/install/basic_comms_params:/root/ros2_frws/install/basic_comms_param:/root/ros2_frws/install/basic_comms:/opt/ros/humble /usr/bin/cmake --build /root/ros2_frws/src/build/my_msg_interfaces -- -j16 -l16
[2.160s] Invoking command in '/root/ros2_frws/src/build/my_msg_interfaces': CMAKE_PREFIX_PATH=${CMAKE_PREFIX_PATH}:/root/ros2_frws/install/challenge_2:/root/ros2_frws/install/moveit_configs_utils:/root/ros2_frws/install/course_works:/root/ros2_frws/install/basic_comms_params:/root/ros2_frws/install/basic_comms_param:/root/ros2_frws/install/basic_comms:/opt/ros/humble /usr/bin/cmake --install /root/ros2_frws/src/build/my_msg_interfaces
[2.169s] -- Install configuration: ""
[2.170s] -- Installing: /root/ros2_frws/src/install/my_msg_interfaces/share/ament_index/resource_index/rosidl_interfaces/my_msg_interfaces
[2.171s] -- Installing: /root/ros2_frws/src/install/my_msg_interfaces/include/my_msg_interfaces/my_msg_interfaces
[2.171s] -- Installing: /root/ros2_frws/src/install/my_msg_interfaces/include/my_msg_interfaces/my_msg_interfaces/msg
[2.171s] -- Installing: /root/ros2_frws/src/install/my_msg_interfaces/include/my_msg_interfaces/my_msg_interfaces/msg/rosidl_generator_c__visibility_control.h
[2.171s] -- Installing: /root/ros2_frws/src/install/my_msg_interfaces/include/my_msg_interfaces/my_msg_interfaces/msg/detail
[2.172s] -- Installing: /root/ros2_frws/src/install/my_msg_interfaces/include/my_msg_interfaces/my_msg_interfaces/msg/detail/my_parameter__struct.h
[2.172s] -- Installing: /root/ros2_frws/src/install/my_msg_interfaces/include/my_msg_interfaces/my_msg_interfaces/msg/detail/my_parameter__type_support.h
[2.173s] -- Installing: /root/ros2_frws/src/install/my_msg_interfaces/include/my_msg_interfaces/my_msg_interfaces/msg/detail/my_parameter__functions.h
[2.173s] -- Installing: /root/ros2_frws/src/install/my_msg_interfaces/include/my_msg_interfaces/my_msg_interfaces/msg/detail/my_parameter__functions.c
[2.174s] -- Installing: /root/ros2_frws/src/install/my_msg_interfaces/include/my_msg_interfaces/my_msg_interfaces/msg/my_parameter.h
[2.174s] -- Installing: /root/ros2_frws/src/install/my_msg_interfaces/share/my_msg_interfaces/environment/library_path.sh
[2.175s] -- Installing: /root/ros2_frws/src/install/my_msg_interfaces/share/my_msg_interfaces/environment/library_path.dsv
[2.175s] -- Installing: /root/ros2_frws/src/install/my_msg_interfaces/lib/libmy_msg_interfaces__rosidl_generator_c.so
[2.175s] -- Set runtime path of "/root/ros2_frws/src/install/my_msg_interfaces/lib/libmy_msg_interfaces__rosidl_generator_c.so" to ""
[2.175s] -- Up-to-date: /root/ros2_frws/src/install/my_msg_interfaces/include/my_msg_interfaces/my_msg_interfaces
[2.175s] -- Up-to-date: /root/ros2_frws/src/install/my_msg_interfaces/include/my_msg_interfaces/my_msg_interfaces/msg
[2.175s] -- Installing: /root/ros2_frws/src/install/my_msg_interfaces/include/my_msg_interfaces/my_msg_interfaces/msg/rosidl_typesupport_fastrtps_c__visibility_control.h
[2.175s] -- Up-to-date: /root/ros2_frws/src/install/my_msg_interfaces/include/my_msg_interfaces/my_msg_interfaces/msg/detail
[2.175s] -- Installing: /root/ros2_frws/src/install/my_msg_interfaces/include/my_msg_interfaces/my_msg_interfaces/msg/detail/my_parameter__rosidl_typesupport_fastrtps_c.h
[2.175s] -- Installing: /root/ros2_frws/src/install/my_msg_interfaces/lib/libmy_msg_interfaces__rosidl_typesupport_fastrtps_c.so
[2.175s] -- Set runtime path of "/root/ros2_frws/src/install/my_msg_interfaces/lib/libmy_msg_interfaces__rosidl_typesupport_fastrtps_c.so" to ""
[2.176s] -- Up-to-date: /root/ros2_frws/src/install/my_msg_interfaces/include/my_msg_interfaces/my_msg_interfaces
[2.176s] -- Up-to-date: /root/ros2_frws/src/install/my_msg_interfaces/include/my_msg_interfaces/my_msg_interfaces/msg
[2.176s] -- Up-to-date: /root/ros2_frws/src/install/my_msg_interfaces/include/my_msg_interfaces/my_msg_interfaces/msg/detail
[2.176s] -- Installing: /root/ros2_frws/src/install/my_msg_interfaces/include/my_msg_interfaces/my_msg_interfaces/msg/detail/my_parameter__traits.hpp
[2.176s] -- Installing: /root/ros2_frws/src/install/my_msg_interfaces/include/my_msg_interfaces/my_msg_interfaces/msg/detail/my_parameter__builder.hpp
[2.176s] -- Installing: /root/ros2_frws/src/install/my_msg_interfaces/include/my_msg_interfaces/my_msg_interfaces/msg/detail/my_parameter__struct.hpp
[2.176s] -- Installing: /root/ros2_frws/src/install/my_msg_interfaces/include/my_msg_interfaces/my_msg_interfaces/msg/my_parameter.hpp
[2.176s] -- Up-to-date: /root/ros2_frws/src/install/my_msg_interfaces/include/my_msg_interfaces/my_msg_interfaces
[2.176s] -- Up-to-date: /root/ros2_frws/src/install/my_msg_interfaces/include/my_msg_interfaces/my_msg_interfaces/msg
[2.177s] -- Up-to-date: /root/ros2_frws/src/install/my_msg_interfaces/include/my_msg_interfaces/my_msg_interfaces/msg/detail
[2.177s] -- Installing: /root/ros2_frws/src/install/my_msg_interfaces/include/my_msg_interfaces/my_msg_interfaces/msg/detail/dds_fastrtps
[2.177s] -- Installing: /root/ros2_frws/src/install/my_msg_interfaces/include/my_msg_interfaces/my_msg_interfaces/msg/detail/my_parameter__rosidl_typesupport_fastrtps_cpp.hpp
[2.177s] -- Installing: /root/ros2_frws/src/install/my_msg_interfaces/include/my_msg_interfaces/my_msg_interfaces/msg/rosidl_typesupport_fastrtps_cpp__visibility_control.h
[2.177s] -- Installing: /root/ros2_frws/src/install/my_msg_interfaces/lib/libmy_msg_interfaces__rosidl_typesupport_fastrtps_cpp.so
[2.177s] -- Set runtime path of "/root/ros2_frws/src/install/my_msg_interfaces/lib/libmy_msg_interfaces__rosidl_typesupport_fastrtps_cpp.so" to ""
[2.177s] -- Up-to-date: /root/ros2_frws/src/install/my_msg_interfaces/include/my_msg_interfaces/my_msg_interfaces
[2.177s] -- Up-to-date: /root/ros2_frws/src/install/my_msg_interfaces/include/my_msg_interfaces/my_msg_interfaces/msg
[2.177s] -- Installing: /root/ros2_frws/src/install/my_msg_interfaces/include/my_msg_interfaces/my_msg_interfaces/msg/rosidl_typesupport_introspection_c__visibility_control.h
[2.178s] -- Up-to-date: /root/ros2_frws/src/install/my_msg_interfaces/include/my_msg_interfaces/my_msg_interfaces/msg/detail
[2.178s] -- Installing: /root/ros2_frws/src/install/my_msg_interfaces/include/my_msg_interfaces/my_msg_interfaces/msg/detail/my_parameter__rosidl_typesupport_introspection_c.h
[2.178s] -- Installing: /root/ros2_frws/src/install/my_msg_interfaces/include/my_msg_interfaces/my_msg_interfaces/msg/detail/my_parameter__type_support.c
[2.178s] -- Installing: /root/ros2_frws/src/install/my_msg_interfaces/lib/libmy_msg_interfaces__rosidl_typesupport_introspection_c.so
[2.178s] -- Set runtime path of "/root/ros2_frws/src/install/my_msg_interfaces/lib/libmy_msg_interfaces__rosidl_typesupport_introspection_c.so" to ""
[2.178s] -- Installing: /root/ros2_frws/src/install/my_msg_interfaces/lib/libmy_msg_interfaces__rosidl_typesupport_c.so
[2.178s] -- Set runtime path of "/root/ros2_frws/src/install/my_msg_interfaces/lib/libmy_msg_interfaces__rosidl_typesupport_c.so" to ""
[2.178s] -- Up-to-date: /root/ros2_frws/src/install/my_msg_interfaces/include/my_msg_interfaces/my_msg_interfaces
[2.178s] -- Up-to-date: /root/ros2_frws/src/install/my_msg_interfaces/include/my_msg_interfaces/my_msg_interfaces/msg
[2.178s] -- Up-to-date: /root/ros2_frws/src/install/my_msg_interfaces/include/my_msg_interfaces/my_msg_interfaces/msg/detail
[2.178s] -- Installing: /root/ros2_frws/src/install/my_msg_interfaces/include/my_msg_interfaces/my_msg_interfaces/msg/detail/my_parameter__type_support.cpp
[2.178s] -- Installing: /root/ros2_frws/src/install/my_msg_interfaces/include/my_msg_interfaces/my_msg_interfaces/msg/detail/my_parameter__rosidl_typesupport_introspection_cpp.hpp
[2.178s] -- Installing: /root/ros2_frws/src/install/my_msg_interfaces/lib/libmy_msg_interfaces__rosidl_typesupport_introspection_cpp.so
[2.178s] -- Set runtime path of "/root/ros2_frws/src/install/my_msg_interfaces/lib/libmy_msg_interfaces__rosidl_typesupport_introspection_cpp.so" to ""
[2.178s] -- Installing: /root/ros2_frws/src/install/my_msg_interfaces/lib/libmy_msg_interfaces__rosidl_typesupport_cpp.so
[2.179s] -- Set runtime path of "/root/ros2_frws/src/install/my_msg_interfaces/lib/libmy_msg_interfaces__rosidl_typesupport_cpp.so" to ""
[2.179s] -- Installing: /root/ros2_frws/src/install/my_msg_interfaces/share/my_msg_interfaces/environment/pythonpath.sh
[2.179s] -- Installing: /root/ros2_frws/src/install/my_msg_interfaces/share/my_msg_interfaces/environment/pythonpath.dsv
[2.179s] -- Installing: /root/ros2_frws/src/install/my_msg_interfaces/local/lib/python3.10/dist-packages/my_msg_interfaces-0.0.0-py3.10.egg-info
[2.179s] -- Installing: /root/ros2_frws/src/install/my_msg_interfaces/local/lib/python3.10/dist-packages/my_msg_interfaces-0.0.0-py3.10.egg-info/PKG-INFO
[2.179s] -- Installing: /root/ros2_frws/src/install/my_msg_interfaces/local/lib/python3.10/dist-packages/my_msg_interfaces-0.0.0-py3.10.egg-info/dependency_links.txt
[2.180s] -- Installing: /root/ros2_frws/src/install/my_msg_interfaces/local/lib/python3.10/dist-packages/my_msg_interfaces-0.0.0-py3.10.egg-info/SOURCES.txt
[2.180s] -- Installing: /root/ros2_frws/src/install/my_msg_interfaces/local/lib/python3.10/dist-packages/my_msg_interfaces-0.0.0-py3.10.egg-info/top_level.txt
[2.180s] -- Installing: /root/ros2_frws/src/install/my_msg_interfaces/local/lib/python3.10/dist-packages/my_msg_interfaces
[2.182s] -- Installing: /root/ros2_frws/src/install/my_msg_interfaces/local/lib/python3.10/dist-packages/my_msg_interfaces/my_msg_interfaces_s__rosidl_typesupport_introspection_c.cpython-310-x86_64-linux-gnu.so
[2.182s] -- Installing: /root/ros2_frws/src/install/my_msg_interfaces/local/lib/python3.10/dist-packages/my_msg_interfaces/my_msg_interfaces_s__rosidl_typesupport_c.cpython-310-x86_64-linux-gnu.so
[2.182s] -- Installing: /root/ros2_frws/src/install/my_msg_interfaces/local/lib/python3.10/dist-packages/my_msg_interfaces/_my_msg_interfaces_s.ep.rosidl_typesupport_c.c
[2.182s] -- Installing: /root/ros2_frws/src/install/my_msg_interfaces/local/lib/python3.10/dist-packages/my_msg_interfaces/my_msg_interfaces_s__rosidl_typesupport_fastrtps_c.cpython-310-x86_64-linux-gnu.so
[2.182s] -- Installing: /root/ros2_frws/src/install/my_msg_interfaces/local/lib/python3.10/dist-packages/my_msg_interfaces/_my_msg_interfaces_s.ep.rosidl_typesupport_fastrtps_c.c
[2.183s] -- Installing: /root/ros2_frws/src/install/my_msg_interfaces/local/lib/python3.10/dist-packages/my_msg_interfaces/libmy_msg_interfaces__rosidl_generator_py.so
[2.183s] -- Installing: /root/ros2_frws/src/install/my_msg_interfaces/local/lib/python3.10/dist-packages/my_msg_interfaces/_my_msg_interfaces_s.ep.rosidl_typesupport_introspection_c.c
[2.183s] -- Installing: /root/ros2_frws/src/install/my_msg_interfaces/local/lib/python3.10/dist-packages/my_msg_interfaces/__init__.py
[2.183s] -- Installing: /root/ros2_frws/src/install/my_msg_interfaces/local/lib/python3.10/dist-packages/my_msg_interfaces/msg
[2.183s] -- Installing: /root/ros2_frws/src/install/my_msg_interfaces/local/lib/python3.10/dist-packages/my_msg_interfaces/msg/_my_parameter_s.c
[2.184s] -- Installing: /root/ros2_frws/src/install/my_msg_interfaces/local/lib/python3.10/dist-packages/my_msg_interfaces/msg/__init__.py
[2.189s] -- Installing: /root/ros2_frws/src/install/my_msg_interfaces/local/lib/python3.10/dist-packages/my_msg_interfaces/msg/_my_parameter.py
[2.262s] Listing '/root/ros2_frws/src/install/my_msg_interfaces/local/lib/python3.10/dist-packages/my_msg_interfaces'...
[2.262s] Compiling '/root/ros2_frws/src/install/my_msg_interfaces/local/lib/python3.10/dist-packages/my_msg_interfaces/__init__.py'...
[2.262s] Listing '/root/ros2_frws/src/install/my_msg_interfaces/local/lib/python3.10/dist-packages/my_msg_interfaces/msg'...
[2.262s] Compiling '/root/ros2_frws/src/install/my_msg_interfaces/local/lib/python3.10/dist-packages/my_msg_interfaces/msg/__init__.py'...
[2.262s] Compiling '/root/ros2_frws/src/install/my_msg_interfaces/local/lib/python3.10/dist-packages/my_msg_interfaces/msg/_my_parameter.py'...
[2.283s] -- Installing: /root/ros2_frws/src/install/my_msg_interfaces/local/lib/python3.10/dist-packages/my_msg_interfaces/my_msg_interfaces_s__rosidl_typesupport_fastrtps_c.cpython-310-x86_64-linux-gnu.so
[2.283s] -- Set runtime path of "/root/ros2_frws/src/install/my_msg_interfaces/local/lib/python3.10/dist-packages/my_msg_interfaces/my_msg_interfaces_s__rosidl_typesupport_fastrtps_c.cpython-310-x86_64-linux-gnu.so" to ""
[2.283s] -- Installing: /root/ros2_frws/src/install/my_msg_interfaces/local/lib/python3.10/dist-packages/my_msg_interfaces/my_msg_interfaces_s__rosidl_typesupport_introspection_c.cpython-310-x86_64-linux-gnu.so
[2.283s] -- Set runtime path of "/root/ros2_frws/src/install/my_msg_interfaces/local/lib/python3.10/dist-packages/my_msg_interfaces/my_msg_interfaces_s__rosidl_typesupport_introspection_c.cpython-310-x86_64-linux-gnu.so" to ""
[2.284s] -- Installing: /root/ros2_frws/src/install/my_msg_interfaces/local/lib/python3.10/dist-packages/my_msg_interfaces/my_msg_interfaces_s__rosidl_typesupport_c.cpython-310-x86_64-linux-gnu.so
[2.284s] -- Set runtime path of "/root/ros2_frws/src/install/my_msg_interfaces/local/lib/python3.10/dist-packages/my_msg_interfaces/my_msg_interfaces_s__rosidl_typesupport_c.cpython-310-x86_64-linux-gnu.so" to ""
[2.284s] -- Installing: /root/ros2_frws/src/install/my_msg_interfaces/lib/libmy_msg_interfaces__rosidl_generator_py.so
[2.284s] -- Set runtime path of "/root/ros2_frws/src/install/my_msg_interfaces/lib/libmy_msg_interfaces__rosidl_generator_py.so" to ""
[2.285s] -- Installing: /root/ros2_frws/src/install/my_msg_interfaces/share/my_msg_interfaces/msg/MyParameter.idl
[2.285s] -- Installing: /root/ros2_frws/src/install/my_msg_interfaces/share/my_msg_interfaces/msg/MyParameter.msg
[2.285s] -- Installing: /root/ros2_frws/src/install/my_msg_interfaces/share/ament_index/resource_index/package_run_dependencies/my_msg_interfaces
[2.285s] -- Installing: /root/ros2_frws/src/install/my_msg_interfaces/share/ament_index/resource_index/parent_prefix_path/my_msg_interfaces
[2.286s] -- Installing: /root/ros2_frws/src/install/my_msg_interfaces/share/my_msg_interfaces/environment/ament_prefix_path.sh
[2.286s] -- Installing: /root/ros2_frws/src/install/my_msg_interfaces/share/my_msg_interfaces/environment/ament_prefix_path.dsv
[2.286s] -- Installing: /root/ros2_frws/src/install/my_msg_interfaces/share/my_msg_interfaces/environment/path.sh
[2.287s] -- Installing: /root/ros2_frws/src/install/my_msg_interfaces/share/my_msg_interfaces/environment/path.dsv
[2.287s] -- Installing: /root/ros2_frws/src/install/my_msg_interfaces/share/my_msg_interfaces/local_setup.bash
[2.287s] -- Installing: /root/ros2_frws/src/install/my_msg_interfaces/share/my_msg_interfaces/local_setup.sh
[2.287s] -- Installing: /root/ros2_frws/src/install/my_msg_interfaces/share/my_msg_interfaces/local_setup.zsh
[2.287s] -- Installing: /root/ros2_frws/src/install/my_msg_interfaces/share/my_msg_interfaces/local_setup.dsv
[2.287s] -- Installing: /root/ros2_frws/src/install/my_msg_interfaces/share/my_msg_interfaces/package.dsv
[2.288s] -- Installing: /root/ros2_frws/src/install/my_msg_interfaces/share/ament_index/resource_index/packages/my_msg_interfaces
[2.288s] -- Installing: /root/ros2_frws/src/install/my_msg_interfaces/share/my_msg_interfaces/cmake/export_my_msg_interfaces__rosidl_generator_cExport.cmake
[2.288s] -- Installing: /root/ros2_frws/src/install/my_msg_interfaces/share/my_msg_interfaces/cmake/export_my_msg_interfaces__rosidl_generator_cExport-noconfig.cmake
[2.288s] -- Installing: /root/ros2_frws/src/install/my_msg_interfaces/share/my_msg_interfaces/cmake/export_my_msg_interfaces__rosidl_typesupport_fastrtps_cExport.cmake
[2.288s] -- Installing: /root/ros2_frws/src/install/my_msg_interfaces/share/my_msg_interfaces/cmake/export_my_msg_interfaces__rosidl_typesupport_fastrtps_cExport-noconfig.cmake
[2.288s] -- Installing: /root/ros2_frws/src/install/my_msg_interfaces/share/my_msg_interfaces/cmake/export_my_msg_interfaces__rosidl_generator_cppExport.cmake
[2.288s] -- Installing: /root/ros2_frws/src/install/my_msg_interfaces/share/my_msg_interfaces/cmake/export_my_msg_interfaces__rosidl_typesupport_fastrtps_cppExport.cmake
[2.288s] -- Installing: /root/ros2_frws/src/install/my_msg_interfaces/share/my_msg_interfaces/cmake/export_my_msg_interfaces__rosidl_typesupport_fastrtps_cppExport-noconfig.cmake
[2.288s] -- Installing: /root/ros2_frws/src/install/my_msg_interfaces/share/my_msg_interfaces/cmake/my_msg_interfaces__rosidl_typesupport_introspection_cExport.cmake
[2.289s] -- Installing: /root/ros2_frws/src/install/my_msg_interfaces/share/my_msg_interfaces/cmake/my_msg_interfaces__rosidl_typesupport_introspection_cExport-noconfig.cmake
[2.289s] -- Installing: /root/ros2_frws/src/install/my_msg_interfaces/share/my_msg_interfaces/cmake/my_msg_interfaces__rosidl_typesupport_cExport.cmake
[2.289s] -- Installing: /root/ros2_frws/src/install/my_msg_interfaces/share/my_msg_interfaces/cmake/my_msg_interfaces__rosidl_typesupport_cExport-noconfig.cmake
[2.290s] -- Installing: /root/ros2_frws/src/install/my_msg_interfaces/share/my_msg_interfaces/cmake/my_msg_interfaces__rosidl_typesupport_introspection_cppExport.cmake
[2.290s] -- Installing: /root/ros2_frws/src/install/my_msg_interfaces/share/my_msg_interfaces/cmake/my_msg_interfaces__rosidl_typesupport_introspection_cppExport-noconfig.cmake
[2.290s] -- Installing: /root/ros2_frws/src/install/my_msg_interfaces/share/my_msg_interfaces/cmake/my_msg_interfaces__rosidl_typesupport_cppExport.cmake
[2.290s] -- Installing: /root/ros2_frws/src/install/my_msg_interfaces/share/my_msg_interfaces/cmake/my_msg_interfaces__rosidl_typesupport_cppExport-noconfig.cmake
[2.291s] -- Installing: /root/ros2_frws/src/install/my_msg_interfaces/share/my_msg_interfaces/cmake/export_my_msg_interfaces__rosidl_generator_pyExport.cmake
[2.291s] -- Installing: /root/ros2_frws/src/install/my_msg_interfaces/share/my_msg_interfaces/cmake/export_my_msg_interfaces__rosidl_generator_pyExport-noconfig.cmake
[2.291s] -- Installing: /root/ros2_frws/src/install/my_msg_interfaces/share/my_msg_interfaces/cmake/rosidl_cmake-extras.cmake
[2.291s] -- Installing: /root/ros2_frws/src/install/my_msg_interfaces/share/my_msg_interfaces/cmake/ament_cmake_export_dependencies-extras.cmake
[2.292s] -- Installing: /root/ros2_frws/src/install/my_msg_interfaces/share/my_msg_interfaces/cmake/ament_cmake_export_include_directories-extras.cmake
[2.292s] -- Installing: /root/ros2_frws/src/install/my_msg_interfaces/share/my_msg_interfaces/cmake/ament_cmake_export_libraries-extras.cmake
[2.292s] -- Installing: /root/ros2_frws/src/install/my_msg_interfaces/share/my_msg_interfaces/cmake/ament_cmake_export_targets-extras.cmake
[2.292s] -- Installing: /root/ros2_frws/src/install/my_msg_interfaces/share/my_msg_interfaces/cmake/rosidl_cmake_export_typesupport_targets-extras.cmake
[2.292s] -- Installing: /root/ros2_frws/src/install/my_msg_interfaces/share/my_msg_interfaces/cmake/rosidl_cmake_export_typesupport_libraries-extras.cmake
[2.292s] -- Installing: /root/ros2_frws/src/install/my_msg_interfaces/share/my_msg_interfaces/cmake/my_msg_interfacesConfig.cmake
[2.292s] -- Installing: /root/ros2_frws/src/install/my_msg_interfaces/share/my_msg_interfaces/cmake/my_msg_interfacesConfig-version.cmake
[2.293s] -- Installing: /root/ros2_frws/src/install/my_msg_interfaces/share/my_msg_interfaces/package.xml
[2.293s] Invoked command in '/root/ros2_frws/src/build/my_msg_interfaces' returned '0': CMAKE_PREFIX_PATH=${CMAKE_PREFIX_PATH}:/root/ros2_frws/install/challenge_2:/root/ros2_frws/install/moveit_configs_utils:/root/ros2_frws/install/course_works:/root/ros2_frws/install/basic_comms_params:/root/ros2_frws/install/basic_comms_param:/root/ros2_frws/install/basic_comms:/opt/ros/humble /usr/bin/cmake --install /root/ros2_frws/src/build/my_msg_interfaces
