[0.080s] Invoking command in '/root/ros2_frws/src/build/my_params_interfaces': CMAKE_PREFIX_PATH=/opt/ros/humble /usr/bin/cmake /root/ros2_frws/src/my_params_interfaces -DCMAKE_INSTALL_PREFIX=/root/ros2_frws/src/install/my_params_interfaces
[0.087s] -- Found ament_cmake: 1.3.8 (/opt/ros/humble/share/ament_cmake/cmake)
[0.229s] [31mCMake Error at CMakeLists.txt:10 (find_package):
[0.229s]   By not providing "Findrosidl_defualt_generators.cmake" in CMAKE_MODULE_PATH
[0.229s]   this project has asked CMake to find a package configuration file provided
[0.229s]   by "rosidl_defualt_generators", but CMake did not find one.
[0.229s] 
[0.230s]   Could not find a package configuration file provided by
[0.230s]   "rosidl_defualt_generators" with any of the following names:
[0.230s] 
[0.230s]     rosidl_defualt_generatorsConfig.cmake
[0.230s]     rosidl_defualt_generators-config.cmake
[0.230s] 
[0.230s]   Add the installation prefix of "rosidl_defualt_generators" to
[0.230s]   CMAKE_PREFIX_PATH or set "rosidl_defualt_generators_DIR" to a directory
[0.230s]   containing one of the above files.  If "rosidl_defualt_generators" provides
[0.230s]   a separate development package or SDK, be sure it has been installed.
[0.230s] 
[0.230s] [0m
[0.230s] -- Configuring incomplete, errors occurred!
[0.230s] See also "/root/ros2_frws/src/build/my_params_interfaces/CMakeFiles/CMakeOutput.log".
[0.235s] Invoked command in '/root/ros2_frws/src/build/my_params_interfaces' returned '1': CMAKE_PREFIX_PATH=/opt/ros/humble /usr/bin/cmake /root/ros2_frws/src/my_params_interfaces -DCMAKE_INSTALL_PREFIX=/root/ros2_frws/src/install/my_params_interfaces
