[35m[1mConsolidate compiler generated dependencies of target realsense_gazebo_plugin[0m
[100%] Built target realsense_gazebo_plugin
-- Install configuration: ""
-- Installing: /root/ros2_frws/src/install/realsense_gazebo_plugin/lib/librealsense_gazebo_plugin.so
-- Set runtime path of "/root/ros2_frws/src/install/realsense_gazebo_plugin/lib/librealsense_gazebo_plugin.so" to ""
-- Up-to-date: /root/ros2_frws/src/install/realsense_gazebo_plugin/include/
-- Up-to-date: /root/ros2_frws/src/install/realsense_gazebo_plugin/include//realsense_gazebo_plugin
-- Installing: /root/ros2_frws/src/install/realsense_gazebo_plugin/include//realsense_gazebo_plugin/RealSensePlugin.h
-- Installing: /root/ros2_frws/src/install/realsense_gazebo_plugin/include//realsense_gazebo_plugin/gazebo_ros_realsense.h
-- Up-to-date: /root/ros2_frws/src/install/realsense_gazebo_plugin/share/realsense_gazebo_plugin/environment/library_path.sh
-- Installing: /root/ros2_frws/src/install/realsense_gazebo_plugin/share/realsense_gazebo_plugin/environment/library_path.dsv
-- Up-to-date: /root/ros2_frws/src/install/realsense_gazebo_plugin/share/ament_index/resource_index/package_run_dependencies/realsense_gazebo_plugin
-- Installing: /root/ros2_frws/src/install/realsense_gazebo_plugin/share/ament_index/resource_index/parent_prefix_path/realsense_gazebo_plugin
-- Up-to-date: /root/ros2_frws/src/install/realsense_gazebo_plugin/share/realsense_gazebo_plugin/environment/ament_prefix_path.sh
-- Installing: /root/ros2_frws/src/install/realsense_gazebo_plugin/share/realsense_gazebo_plugin/environment/ament_prefix_path.dsv
-- Up-to-date: /root/ros2_frws/src/install/realsense_gazebo_plugin/share/realsense_gazebo_plugin/environment/path.sh
-- Installing: /root/ros2_frws/src/install/realsense_gazebo_plugin/share/realsense_gazebo_plugin/environment/path.dsv
-- Up-to-date: /root/ros2_frws/src/install/realsense_gazebo_plugin/share/realsense_gazebo_plugin/local_setup.bash
-- Up-to-date: /root/ros2_frws/src/install/realsense_gazebo_plugin/share/realsense_gazebo_plugin/local_setup.sh
-- Up-to-date: /root/ros2_frws/src/install/realsense_gazebo_plugin/share/realsense_gazebo_plugin/local_setup.zsh
-- Installing: /root/ros2_frws/src/install/realsense_gazebo_plugin/share/realsense_gazebo_plugin/local_setup.dsv
-- Installing: /root/ros2_frws/src/install/realsense_gazebo_plugin/share/realsense_gazebo_plugin/package.dsv
-- Up-to-date: /root/ros2_frws/src/install/realsense_gazebo_plugin/share/ament_index/resource_index/packages/realsense_gazebo_plugin
-- Up-to-date: /root/ros2_frws/src/install/realsense_gazebo_plugin/share/realsense_gazebo_plugin/cmake/ament_cmake_export_include_directories-extras.cmake
-- Up-to-date: /root/ros2_frws/src/install/realsense_gazebo_plugin/share/realsense_gazebo_plugin/cmake/ament_cmake_export_libraries-extras.cmake
-- Up-to-date: /root/ros2_frws/src/install/realsense_gazebo_plugin/share/realsense_gazebo_plugin/cmake/realsense_gazebo_pluginConfig.cmake
-- Up-to-date: /root/ros2_frws/src/install/realsense_gazebo_plugin/share/realsense_gazebo_plugin/cmake/realsense_gazebo_pluginConfig-version.cmake
-- Installing: /root/ros2_frws/src/install/realsense_gazebo_plugin/share/realsense_gazebo_plugin/package.xml
