gmake[2]: *** Deleting file 'rosidl_typesupport_cpp/moveit_msgs/msg/allowed_collision_entry__type_support.cpp'
gmake[2]: *** Deleting file 'rosidl_typesupport_fastrtps_cpp/moveit_msgs/msg/detail/dds_fastrtps/allowed_collision_entry__type_support.cpp'
gmake[2]: *** Deleting file 'rosidl_typesupport_introspection_cpp/moveit_msgs/msg/detail/allowed_collision_entry__rosidl_typesupport_introspection_cpp.hpp'
Traceback (most recent call last):
  File "/opt/ros/humble/lib/rosidl_typesupport_introspection_cpp/rosidl_typesupport_introspection_cpp", line 31, in <module>
Traceback (most recent call last):
  File "/opt/ros/humble/lib/rosidl_typesupport_introspection_c/rosidl_typesupport_introspection_c", line 31, in <module>
Traceback (most recent call last):
Traceback (most recent call last):
  File "/opt/ros/humble/lib/rosidl_typesupport_c/rosidl_typesupport_c", line 28, in <module>
  File "/opt/ros/humble/lib/rosidl_typesupport_fastrtps_c/rosidl_typesupport_fastrtps_c", line 33, in <module>
Traceback (most recent call last):
  File "/opt/ros/humble/lib/rosidl_typesupport_cpp/rosidl_typesupport_cpp", line 28, in <module>
    sys.exit(main())
  File "/opt/ros/humble/lib/rosidl_typesupport_introspection_cpp/rosidl_typesupport_introspection_cpp", line 27, in main
    sys.exit(main())
    sys.exit(main())
    sys.exit(main())
  File "/opt/ros/humble/lib/rosidl_typesupport_c/rosidl_typesupport_c", line 24, in main
  File "/opt/ros/humble/lib/rosidl_typesupport_introspection_c/rosidl_typesupport_introspection_c", line 27, in main
  File "/opt/ros/humble/lib/rosidl_typesupport_fastrtps_c/rosidl_typesupport_fastrtps_c", line 29, in main
    generate_typesupport_fastrtps_c(args.generator_arguments_file)
    generate_c(args.generator_arguments_file, args.typesupports)
    generate_c(args.generator_arguments_file)
    generate_cpp(args.generator_arguments_file)
  File "/opt/ros/humble/local/lib/python3.10/dist-packages/rosidl_typesupport_fastrtps_c/__init__.py", line 24, in generate_typesupport_fastrtps_c
  File "/opt/ros/humble/local/lib/python3.10/dist-packages/rosidl_typesupport_c/__init__.py", line 28, in generate_c
  File "/opt/ros/humble/local/lib/python3.10/dist-packages/rosidl_typesupport_introspection_c/__init__.py", line 31, in generate_c
  File "/opt/ros/humble/local/lib/python3.10/dist-packages/rosidl_typesupport_introspection_cpp/__init__.py", line 31, in generate_cpp
    sys.exit(main())
    return generate_files(generator_arguments_file, mapping)
    return generate_files(
    return generate_files(generator_arguments_file, mapping)
  File "/opt/ros/humble/local/lib/python3.10/dist-packages/rosidl_cmake/__init__.py", line 74, in generate_files
  File "/opt/ros/humble/lib/rosidl_typesupport_cpp/rosidl_typesupport_cpp", line 24, in main
  File "/opt/ros/humble/local/lib/python3.10/dist-packages/rosidl_cmake/__init__.py", line 74, in generate_files
  File "/opt/ros/humble/local/lib/python3.10/dist-packages/rosidl_cmake/__init__.py", line 74, in generate_files
    return generate_files(generator_arguments_file, mapping)
  File "/opt/ros/humble/local/lib/python3.10/dist-packages/rosidl_cmake/__init__.py", line 74, in generate_files
    generate_cpp(args.generator_arguments_file, args.typesupports)
    idl_file = parse_idl_file(locator)
    idl_file = parse_idl_file(locator)
    idl_file = parse_idl_file(locator)
  File "/opt/ros/humble/local/lib/python3.10/dist-packages/rosidl_typesupport_cpp/__init__.py", line 28, in generate_cpp
  File "/opt/ros/humble/local/lib/python3.10/dist-packages/rosidl_parser/parser.py", line 64, in parse_idl_file
  File "/opt/ros/humble/local/lib/python3.10/dist-packages/rosidl_parser/parser.py", line 64, in parse_idl_file
    idl_file = parse_idl_file(locator)
  File "/opt/ros/humble/local/lib/python3.10/dist-packages/rosidl_parser/parser.py", line 64, in parse_idl_file
  File "/opt/ros/humble/local/lib/python3.10/dist-packages/rosidl_parser/parser.py", line 64, in parse_idl_file
    return generate_files(
  File "/opt/ros/humble/local/lib/python3.10/dist-packages/rosidl_cmake/__init__.py", line 74, in generate_files
    idl_file = parse_idl_file(locator)
  File "/opt/ros/humble/local/lib/python3.10/dist-packages/rosidl_parser/parser.py", line 64, in parse_idl_file
Traceback (most recent call last):
  File "/opt/ros/humble/lib/rosidl_typesupport_fastrtps_cpp/rosidl_typesupport_fastrtps_cpp", line 23, in <module>
    sys.exit(main())
  File "/opt/ros/humble/lib/rosidl_typesupport_fastrtps_cpp/rosidl_typesupport_fastrtps_cpp", line 19, in main
    content = parse_idl_string(string, png_file=png_file)
  File "/opt/ros/humble/local/lib/python3.10/dist-packages/rosidl_parser/parser.py", line 72, in parse_idl_string
    content = parse_idl_string(string, png_file=png_file)
    content = parse_idl_string(string, png_file=png_file)
    content = parse_idl_string(string, png_file=png_file)
  File "/opt/ros/humble/local/lib/python3.10/dist-packages/rosidl_parser/parser.py", line 72, in parse_idl_string
    content = parse_idl_string(string, png_file=png_file)
  File "/opt/ros/humble/local/lib/python3.10/dist-packages/rosidl_parser/parser.py", line 72, in parse_idl_string
  File "/opt/ros/humble/local/lib/python3.10/dist-packages/rosidl_parser/parser.py", line 72, in parse_idl_string
  File "/opt/ros/humble/local/lib/python3.10/dist-packages/rosidl_parser/parser.py", line 72, in parse_idl_string
    generate_cpp(args.generator_arguments_file)
    tree = get_ast_from_idl_string(idl_string)
  File "/opt/ros/humble/local/lib/python3.10/dist-packages/rosidl_parser/parser.py", line 89, in get_ast_from_idl_string
  File "/opt/ros/humble/local/lib/python3.10/dist-packages/rosidl_typesupport_fastrtps_cpp/__init__.py", line 24, in generate_cpp
    tree = get_ast_from_idl_string(idl_string)
    tree = get_ast_from_idl_string(idl_string)
    tree = get_ast_from_idl_string(idl_string)
    return generate_files(generator_arguments_file, mapping)
    return _parser.parse(idl_string)
  File "/opt/ros/humble/local/lib/python3.10/dist-packages/rosidl_parser/parser.py", line 88, in get_ast_from_idl_string
  File "/opt/ros/humble/local/lib/python3.10/dist-packages/rosidl_parser/parser.py", line 88, in get_ast_from_idl_string
  File "/opt/ros/humble/local/lib/python3.10/dist-packages/rosidl_parser/parser.py", line 89, in get_ast_from_idl_string
  File "/opt/ros/humble/local/lib/python3.10/dist-packages/rosidl_cmake/__init__.py", line 87, in generate_files
    tree = get_ast_from_idl_string(idl_string)
  File "/usr/lib/python3/dist-packages/lark/lark.py", line 619, in parse
  File "/opt/ros/humble/local/lib/python3.10/dist-packages/rosidl_parser/parser.py", line 88, in get_ast_from_idl_string
    _parser = Lark(grammar, start='specification', maybe_placeholders=False)
  File "/usr/lib/python3/dist-packages/lark/lark.py", line 383, in __init__
    expand_template(
    return _parser.parse(idl_string)
  File "/opt/ros/humble/local/lib/python3.10/dist-packages/rosidl_cmake/__init__.py", line 138, in expand_template
    _parser = Lark(grammar, start='specification', maybe_placeholders=False)
  File "/usr/lib/python3/dist-packages/lark/lark.py", line 619, in parse
    _parser = Lark(grammar, start='specification', maybe_placeholders=False)
  File "/usr/lib/python3/dist-packages/lark/lark.py", line 383, in __init__
  File "/usr/lib/python3/dist-packages/lark/lark.py", line 415, in __init__
    template_path = get_template_path(template_name)
  File "/opt/ros/humble/local/lib/python3.10/dist-packages/rosidl_cmake/__init__.py", line 108, in get_template_path
    if template_path.exists():
  File "/usr/lib/python3.10/pathlib.py", line 1290, in exists
    self.terminals, self.rules, self.ignore_tokens = self.grammar.compile(self.options.start, terminals_to_keep)
    self.terminals, self.rules, self.ignore_tokens = self.grammar.compile(self.options.start, terminals_to_keep)
  File "/usr/lib/python3/dist-packages/lark/load_grammar.py", line 734, in compile
  File "/usr/lib/python3/dist-packages/lark/load_grammar.py", line 767, in compile
    self.stat()
  File "/usr/lib/python3.10/pathlib.py", line 1097, in stat
    self.parser = self._build_parser()
  File "/usr/lib/python3/dist-packages/lark/lark.py", line 458, in _build_parser
    return self.parser.parse(text, start=start, on_error=on_error)
  File "/usr/lib/python3/dist-packages/lark/parser_frontends.py", line 99, in parse
    return self._accessor.stat(self, follow_symlinks=follow_symlinks)
KeyboardInterrupt
    return parser_class(self.lexer_conf, parser_conf, options=self.options)
    return self.parser.parse(text, start=start, on_error=on_error)
  File "/usr/lib/python3/dist-packages/lark/parser_frontends.py", line 242, in __call__
  File "/usr/lib/python3/dist-packages/lark/parser_frontends.py", line 99, in parse
    tree = transformer.transform(rule_tree)
  File "/usr/lib/python3/dist-packages/lark/visitors.py", line 252, in transform
    rule = Rule(NonTerminal(name), expansion, i, alias, exp_options)
    return self.parser.parse(stream, chosen_start, **kw)
    return self.parser.parse(stream, chosen_start, **kw)
  File "/usr/lib/python3/dist-packages/lark/grammar.py", line 102, in __init__
  File "/usr/lib/python3/dist-packages/lark/parsers/earley.py", line 266, in parse
  File "/usr/lib/python3/dist-packages/lark/parsers/earley.py", line 266, in parse
    return ParsingFrontend(lexer_conf, parser_conf, options)
  File "/usr/lib/python3/dist-packages/lark/parser_frontends.py", line 57, in __init__
    self.parser = create_parser(lexer_conf, parser_conf, options)
  File "/usr/lib/python3/dist-packages/lark/parser_frontends.py", line 209, in create_earley_parser
    tree = t.transform(tree)
  File "/usr/lib/python3/dist-packages/lark/visitors.py", line 272, in transform
    self._hash = hash((self.origin, tuple(self.expansion)))
    return f(lexer_conf, parser_conf, options, resolve_ambiguity=resolve_ambiguity, debug=debug, tree_class=tree_class, **extra)
KeyboardInterrupt
  File "/usr/lib/python3/dist-packages/lark/parser_frontends.py", line 186, in create_earley_parser__dynamic
    subtree.children = list(self._transform_children(subtree.children))
  File "/usr/lib/python3/dist-packages/lark/visitors.py", line 138, in _transform_children
    earley_matcher = EarleyRegexpMatcher(lexer_conf)
    res = self._transform_tree(c)
  File "/usr/lib/python3/dist-packages/lark/visitors.py", line 268, in _transform_tree
  File "/usr/lib/python3/dist-packages/lark/parser_frontends.py", line 167, in __init__
    return self._call_userfunc(tree)
    width = get_regexp_width(regexp)[0]
  File "/usr/lib/python3/dist-packages/lark/visitors.py", line 114, in _call_userfunc
  File "/usr/lib/python3/dist-packages/lark/utils.py", line 131, in get_regexp_width
    return f.visit_wrapper(f, tree.data, children, tree.meta)
  File "/usr/lib/python3/dist-packages/lark/visitors.py", line 491, in _vargs_inline
    to_scan = self._parse(lexer, columns, to_scan, start_symbol)
    to_scan = self._parse(lexer, columns, to_scan, start_symbol)
  File "/usr/lib/python3/dist-packages/lark/parsers/xearley.py", line 144, in _parse
  File "/usr/lib/python3/dist-packages/lark/parsers/xearley.py", line 146, in _parse
    return f(*children)
  File "/usr/lib/python3/dist-packages/lark/visitors.py", line 471, in __call__
    return self.base_func(*args, **kwargs)
  File "/usr/lib/python3/dist-packages/lark/load_grammar.py", line 478, in pattern
    if term_name is None:
    return [int(x) for x in sre_parse.parse(regexp_final).getwidth()]
KeyboardInterrupt
  File "/usr/lib/python3.10/sre_parse.py", line 955, in parse
    to_scan = scan(i, to_scan)
    self.predict_and_complete(i, to_scan, columns, transitives)
  File "/usr/lib/python3/dist-packages/lark/parsers/xearley.py", line 76, in scan
  File "/usr/lib/python3/dist-packages/lark/parsers/earley.py", line 154, in predict_and_complete
    elif new_item not in column:
  File "/usr/lib/python3/dist-packages/lark/parsers/earley_common.py", line 28, in __eq__
    m = match(x, stream, i)
  File "/usr/lib/python3/dist-packages/lark/parser_frontends.py", line 178, in match
    def match(self, term, text, index=0):
KeyboardInterrupt
    p = _parse_sub(source, state, flags & SRE_FLAG_VERBOSE, 0)
  File "/usr/lib/python3.10/sre_parse.py", line 444, in _parse_sub
    itemsappend(_parse(source, state, verbose, nested + 1,
  File "/usr/lib/python3.10/sre_parse.py", line 512, in _parse
    def __eq__(self, other):
KeyboardInterrupt
    sourceget()
  File "/usr/lib/python3.10/sre_parse.py", line 257, in get
    self.__next()
  File "/usr/lib/python3.10/sre_parse.py", line 241, in __next
    if char == "\\":
KeyboardInterrupt
gmake[2]: *** [CMakeFiles/moveit_msgs__rosidl_typesupport_c.dir/build.make:270: rosidl_typesupport_c/moveit_msgs/msg/allowed_collision_entry__type_support.cpp] Interrupt
gmake[1]: *** [CMakeFiles/Makefile2:290: CMakeFiles/moveit_msgs__rosidl_typesupport_c.dir/all] Interrupt
gmake[2]: *** [CMakeFiles/moveit_msgs__rosidl_typesupport_fastrtps_c.dir/build.make:272: rosidl_typesupport_fastrtps_c/moveit_msgs/msg/detail/allowed_collision_entry__rosidl_typesupport_fastrtps_c.h] Interrupt
gmake[2]: *** [CMakeFiles/moveit_msgs__rosidl_typesupport_introspection_c.dir/build.make:272: rosidl_typesupport_introspection_c/moveit_msgs/msg/detail/allowed_collision_entry__rosidl_typesupport_introspection_c.h] Interrupt
gmake[1]: *** [CMakeFiles/Makefile2:238: CMakeFiles/moveit_msgs__rosidl_typesupport_fastrtps_c.dir/all] Interrupt
gmake[1]: *** [CMakeFiles/Makefile2:264: CMakeFiles/moveit_msgs__rosidl_typesupport_introspection_c.dir/all] Interrupt
Exception ignored in: <function Interpreter.__del__ at 0x7f404e927520>
Traceback (most recent call last):
  File "/usr/lib/python3/dist-packages/em.py", line 2094, in __del__
  File "/usr/lib/python3/dist-packages/em.py", line 2157, in shutdown
  File "/usr/lib/python3/dist-packages/em.py", line 2647, in finalize
  File "/usr/lib/python3/dist-packages/em.py", line 2200, in push
AttributeError: '_io.TextIOWrapper' object has no attribute 'push'
gmake[2]: *** [CMakeFiles/moveit_msgs__rosidl_typesupport_introspection_cpp.dir/build.make:272: rosidl_typesupport_introspection_cpp/moveit_msgs/msg/detail/allowed_collision_entry__rosidl_typesupport_introspection_cpp.hpp] Interrupt
gmake[1]: *** [CMakeFiles/Makefile2:368: CMakeFiles/moveit_msgs__rosidl_typesupport_introspection_cpp.dir/all] Interrupt
gmake[2]: *** [CMakeFiles/moveit_msgs__rosidl_typesupport_fastrtps_cpp.dir/build.make:272: rosidl_typesupport_fastrtps_cpp/moveit_msgs/msg/detail/dds_fastrtps/allowed_collision_entry__type_support.cpp] Interrupt
gmake[1]: *** [CMakeFiles/Makefile2:342: CMakeFiles/moveit_msgs__rosidl_typesupport_fastrtps_cpp.dir/all] Interrupt
gmake[2]: *** [CMakeFiles/moveit_msgs__rosidl_typesupport_cpp.dir/build.make:270: rosidl_typesupport_cpp/moveit_msgs/msg/allowed_collision_entry__type_support.cpp] Interrupt
gmake[1]: *** [CMakeFiles/Makefile2:394: CMakeFiles/moveit_msgs__rosidl_typesupport_cpp.dir/all] Interrupt
gmake: *** [Makefile:146: all] Interrupt
