[0.330s] Invoking command in '/root/ros2_frws/src/build/my_msg_interfaces': CMAKE_PREFIX_PATH=/opt/ros/humble /usr/bin/cmake --build /root/ros2_frws/src/build/my_msg_interfaces -- -j16 -l16
[1.234s] [35m[1mConsolidate compiler generated dependencies of target my_msg_interfaces__rosidl_generator_c[0m
[1.235s] [  3%] Built target my_msg_interfaces__cpp
[1.236s] [ 12%] Built target my_msg_interfaces__rosidl_generator_c
[1.236s] [ 12%] Built target ament_cmake_python_copy_my_msg_interfaces
[1.237s] [35m[1mConsolidate compiler generated dependencies of target my_msg_interfaces__rosidl_typesupport_introspection_cpp[0m
[1.238s] [35m[1mConsolidate compiler generated dependencies of target my_msg_interfaces__rosidl_typesupport_fastrtps_cpp[0m
[1.238s] [35m[1mConsolidate compiler generated dependencies of target my_msg_interfaces__rosidl_typesupport_cpp[0m
[1.238s] [35m[1mConsolidate compiler generated dependencies of target my_msg_interfaces__rosidl_typesupport_c[0m
[1.239s] [35m[1mConsolidate compiler generated dependencies of target my_msg_interfaces__rosidl_typesupport_introspection_c[0m
[1.239s] [35m[1mConsolidate compiler generated dependencies of target my_msg_interfaces__rosidl_typesupport_fastrtps_c[0m
[1.239s] [ 22%] Built target my_msg_interfaces__rosidl_typesupport_fastrtps_cpp
[1.239s] [ 32%] Built target my_msg_interfaces__rosidl_typesupport_cpp
[1.239s] [ 51%] Built target my_msg_interfaces__rosidl_typesupport_c
[1.241s] [ 51%] Built target my_msg_interfaces__rosidl_typesupport_introspection_c
[1.241s] [ 61%] Built target my_msg_interfaces__rosidl_typesupport_introspection_cpp
[1.242s] [ 70%] Built target my_msg_interfaces__rosidl_typesupport_fastrtps_c
[1.242s] [ 70%] Built target my_msg_interfaces
[1.242s] [ 74%] Built target my_msg_interfaces__py
[1.242s] [35m[1mConsolidate compiler generated dependencies of target my_msg_interfaces__rosidl_generator_py[0m
[1.242s] [ 80%] Built target my_msg_interfaces__rosidl_generator_py
[1.242s] [35m[1mConsolidate compiler generated dependencies of target my_msg_interfaces__rosidl_typesupport_fastrtps_c__pyext[0m
[1.242s] [35m[1mConsolidate compiler generated dependencies of target my_msg_interfaces__rosidl_typesupport_c__pyext[0m
[1.243s] [35m[1mConsolidate compiler generated dependencies of target my_msg_interfaces__rosidl_typesupport_introspection_c__pyext[0m
[1.243s] [ 87%] Built target my_msg_interfaces__rosidl_typesupport_c__pyext
[1.244s] [ 93%] Built target my_msg_interfaces__rosidl_typesupport_fastrtps_c__pyext
[1.244s] [100%] Built target my_msg_interfaces__rosidl_typesupport_introspection_c__pyext
[1.244s] running egg_info
[1.244s] writing my_msg_interfaces.egg-info/PKG-INFO
[1.244s] writing dependency_links to my_msg_interfaces.egg-info/dependency_links.txt
[1.244s] writing top-level names to my_msg_interfaces.egg-info/top_level.txt
[1.244s] reading manifest file 'my_msg_interfaces.egg-info/SOURCES.txt'
[1.244s] writing manifest file 'my_msg_interfaces.egg-info/SOURCES.txt'
[1.244s] [100%] Built target ament_cmake_python_build_my_msg_interfaces_egg
[1.245s] Invoked command in '/root/ros2_frws/src/build/my_msg_interfaces' returned '0': CMAKE_PREFIX_PATH=/opt/ros/humble /usr/bin/cmake --build /root/ros2_frws/src/build/my_msg_interfaces -- -j16 -l16
[1.389s] Invoking command in '/root/ros2_frws/src/build/my_msg_interfaces': CMAKE_PREFIX_PATH=/opt/ros/humble /usr/bin/cmake --install /root/ros2_frws/src/build/my_msg_interfaces
[1.398s] -- Install configuration: ""
[1.398s] -- Up-to-date: /root/ros2_frws/src/install/my_msg_interfaces/share/ament_index/resource_index/rosidl_interfaces/my_msg_interfaces
[1.399s] -- Up-to-date: /root/ros2_frws/src/install/my_msg_interfaces/include/my_msg_interfaces/my_msg_interfaces
[1.399s] -- Up-to-date: /root/ros2_frws/src/install/my_msg_interfaces/include/my_msg_interfaces/my_msg_interfaces/msg
[1.399s] -- Up-to-date: /root/ros2_frws/src/install/my_msg_interfaces/include/my_msg_interfaces/my_msg_interfaces/msg/rosidl_generator_c__visibility_control.h
[1.399s] -- Up-to-date: /root/ros2_frws/src/install/my_msg_interfaces/include/my_msg_interfaces/my_msg_interfaces/msg/detail
[1.401s] -- Up-to-date: /root/ros2_frws/src/install/my_msg_interfaces/include/my_msg_interfaces/my_msg_interfaces/msg/detail/my_parameter__struct.h
[1.401s] -- Up-to-date: /root/ros2_frws/src/install/my_msg_interfaces/include/my_msg_interfaces/my_msg_interfaces/msg/detail/my_parameter__type_support.h
[1.401s] -- Up-to-date: /root/ros2_frws/src/install/my_msg_interfaces/include/my_msg_interfaces/my_msg_interfaces/msg/detail/my_parameter__functions.h
[1.402s] -- Up-to-date: /root/ros2_frws/src/install/my_msg_interfaces/include/my_msg_interfaces/my_msg_interfaces/msg/detail/my_parameter__functions.c
[1.402s] -- Up-to-date: /root/ros2_frws/src/install/my_msg_interfaces/include/my_msg_interfaces/my_msg_interfaces/msg/my_parameter.h
[1.402s] -- Up-to-date: /root/ros2_frws/src/install/my_msg_interfaces/share/my_msg_interfaces/environment/library_path.sh
[1.403s] -- Up-to-date: /root/ros2_frws/src/install/my_msg_interfaces/share/my_msg_interfaces/environment/library_path.dsv
[1.404s] -- Up-to-date: /root/ros2_frws/src/install/my_msg_interfaces/lib/libmy_msg_interfaces__rosidl_generator_c.so
[1.404s] -- Up-to-date: /root/ros2_frws/src/install/my_msg_interfaces/include/my_msg_interfaces/my_msg_interfaces
[1.404s] -- Up-to-date: /root/ros2_frws/src/install/my_msg_interfaces/include/my_msg_interfaces/my_msg_interfaces/msg
[1.404s] -- Up-to-date: /root/ros2_frws/src/install/my_msg_interfaces/include/my_msg_interfaces/my_msg_interfaces/msg/rosidl_typesupport_fastrtps_c__visibility_control.h
[1.409s] -- Up-to-date: /root/ros2_frws/src/install/my_msg_interfaces/include/my_msg_interfaces/my_msg_interfaces/msg/detail
[1.409s] -- Up-to-date: /root/ros2_frws/src/install/my_msg_interfaces/include/my_msg_interfaces/my_msg_interfaces/msg/detail/my_parameter__rosidl_typesupport_fastrtps_c.h
[1.410s] -- Up-to-date: /root/ros2_frws/src/install/my_msg_interfaces/lib/libmy_msg_interfaces__rosidl_typesupport_fastrtps_c.so
[1.413s] -- Up-to-date: /root/ros2_frws/src/install/my_msg_interfaces/include/my_msg_interfaces/my_msg_interfaces
[1.413s] -- Up-to-date: /root/ros2_frws/src/install/my_msg_interfaces/include/my_msg_interfaces/my_msg_interfaces/msg
[1.413s] -- Up-to-date: /root/ros2_frws/src/install/my_msg_interfaces/include/my_msg_interfaces/my_msg_interfaces/msg/detail
[1.413s] -- Up-to-date: /root/ros2_frws/src/install/my_msg_interfaces/include/my_msg_interfaces/my_msg_interfaces/msg/detail/my_parameter__traits.hpp
[1.413s] -- Up-to-date: /root/ros2_frws/src/install/my_msg_interfaces/include/my_msg_interfaces/my_msg_interfaces/msg/detail/my_parameter__builder.hpp
[1.414s] -- Up-to-date: /root/ros2_frws/src/install/my_msg_interfaces/include/my_msg_interfaces/my_msg_interfaces/msg/detail/my_parameter__struct.hpp
[1.414s] -- Up-to-date: /root/ros2_frws/src/install/my_msg_interfaces/include/my_msg_interfaces/my_msg_interfaces/msg/my_parameter.hpp
[1.414s] -- Up-to-date: /root/ros2_frws/src/install/my_msg_interfaces/include/my_msg_interfaces/my_msg_interfaces
[1.417s] -- Up-to-date: /root/ros2_frws/src/install/my_msg_interfaces/include/my_msg_interfaces/my_msg_interfaces/msg
[1.418s] -- Up-to-date: /root/ros2_frws/src/install/my_msg_interfaces/include/my_msg_interfaces/my_msg_interfaces/msg/detail
[1.419s] -- Up-to-date: /root/ros2_frws/src/install/my_msg_interfaces/include/my_msg_interfaces/my_msg_interfaces/msg/detail/dds_fastrtps
[1.419s] -- Up-to-date: /root/ros2_frws/src/install/my_msg_interfaces/include/my_msg_interfaces/my_msg_interfaces/msg/detail/my_parameter__rosidl_typesupport_fastrtps_cpp.hpp
[1.419s] -- Up-to-date: /root/ros2_frws/src/install/my_msg_interfaces/include/my_msg_interfaces/my_msg_interfaces/msg/rosidl_typesupport_fastrtps_cpp__visibility_control.h
[1.419s] -- Up-to-date: /root/ros2_frws/src/install/my_msg_interfaces/lib/libmy_msg_interfaces__rosidl_typesupport_fastrtps_cpp.so
[1.419s] -- Up-to-date: /root/ros2_frws/src/install/my_msg_interfaces/include/my_msg_interfaces/my_msg_interfaces
[1.419s] -- Up-to-date: /root/ros2_frws/src/install/my_msg_interfaces/include/my_msg_interfaces/my_msg_interfaces/msg
[1.419s] -- Up-to-date: /root/ros2_frws/src/install/my_msg_interfaces/include/my_msg_interfaces/my_msg_interfaces/msg/rosidl_typesupport_introspection_c__visibility_control.h
[1.420s] -- Up-to-date: /root/ros2_frws/src/install/my_msg_interfaces/include/my_msg_interfaces/my_msg_interfaces/msg/detail
[1.420s] -- Up-to-date: /root/ros2_frws/src/install/my_msg_interfaces/include/my_msg_interfaces/my_msg_interfaces/msg/detail/my_parameter__rosidl_typesupport_introspection_c.h
[1.420s] -- Up-to-date: /root/ros2_frws/src/install/my_msg_interfaces/include/my_msg_interfaces/my_msg_interfaces/msg/detail/my_parameter__type_support.c
[1.421s] -- Up-to-date: /root/ros2_frws/src/install/my_msg_interfaces/lib/libmy_msg_interfaces__rosidl_typesupport_introspection_c.so
[1.421s] -- Up-to-date: /root/ros2_frws/src/install/my_msg_interfaces/lib/libmy_msg_interfaces__rosidl_typesupport_c.so
[1.422s] -- Up-to-date: /root/ros2_frws/src/install/my_msg_interfaces/include/my_msg_interfaces/my_msg_interfaces
[1.422s] -- Up-to-date: /root/ros2_frws/src/install/my_msg_interfaces/include/my_msg_interfaces/my_msg_interfaces/msg
[1.422s] -- Up-to-date: /root/ros2_frws/src/install/my_msg_interfaces/include/my_msg_interfaces/my_msg_interfaces/msg/detail
[1.422s] -- Up-to-date: /root/ros2_frws/src/install/my_msg_interfaces/include/my_msg_interfaces/my_msg_interfaces/msg/detail/my_parameter__type_support.cpp
[1.422s] -- Up-to-date: /root/ros2_frws/src/install/my_msg_interfaces/include/my_msg_interfaces/my_msg_interfaces/msg/detail/my_parameter__rosidl_typesupport_introspection_cpp.hpp
[1.423s] -- Up-to-date: /root/ros2_frws/src/install/my_msg_interfaces/lib/libmy_msg_interfaces__rosidl_typesupport_introspection_cpp.so
[1.424s] -- Up-to-date: /root/ros2_frws/src/install/my_msg_interfaces/lib/libmy_msg_interfaces__rosidl_typesupport_cpp.so
[1.426s] -- Up-to-date: /root/ros2_frws/src/install/my_msg_interfaces/share/my_msg_interfaces/environment/pythonpath.sh
[1.427s] -- Up-to-date: /root/ros2_frws/src/install/my_msg_interfaces/share/my_msg_interfaces/environment/pythonpath.dsv
[1.427s] -- Up-to-date: /root/ros2_frws/src/install/my_msg_interfaces/local/lib/python3.10/dist-packages/my_msg_interfaces-0.0.0-py3.10.egg-info
[1.428s] -- Installing: /root/ros2_frws/src/install/my_msg_interfaces/local/lib/python3.10/dist-packages/my_msg_interfaces-0.0.0-py3.10.egg-info/PKG-INFO
[1.428s] -- Installing: /root/ros2_frws/src/install/my_msg_interfaces/local/lib/python3.10/dist-packages/my_msg_interfaces-0.0.0-py3.10.egg-info/dependency_links.txt
[1.428s] -- Installing: /root/ros2_frws/src/install/my_msg_interfaces/local/lib/python3.10/dist-packages/my_msg_interfaces-0.0.0-py3.10.egg-info/SOURCES.txt
[1.429s] -- Installing: /root/ros2_frws/src/install/my_msg_interfaces/local/lib/python3.10/dist-packages/my_msg_interfaces-0.0.0-py3.10.egg-info/top_level.txt
[1.429s] -- Up-to-date: /root/ros2_frws/src/install/my_msg_interfaces/local/lib/python3.10/dist-packages/my_msg_interfaces
[1.430s] -- Up-to-date: /root/ros2_frws/src/install/my_msg_interfaces/local/lib/python3.10/dist-packages/my_msg_interfaces/my_msg_interfaces_s__rosidl_typesupport_introspection_c.cpython-310-x86_64-linux-gnu.so
[1.430s] -- Up-to-date: /root/ros2_frws/src/install/my_msg_interfaces/local/lib/python3.10/dist-packages/my_msg_interfaces/my_msg_interfaces_s__rosidl_typesupport_c.cpython-310-x86_64-linux-gnu.so
[1.430s] -- Up-to-date: /root/ros2_frws/src/install/my_msg_interfaces/local/lib/python3.10/dist-packages/my_msg_interfaces/_my_msg_interfaces_s.ep.rosidl_typesupport_c.c
[1.430s] -- Up-to-date: /root/ros2_frws/src/install/my_msg_interfaces/local/lib/python3.10/dist-packages/my_msg_interfaces/my_msg_interfaces_s__rosidl_typesupport_fastrtps_c.cpython-310-x86_64-linux-gnu.so
[1.431s] -- Up-to-date: /root/ros2_frws/src/install/my_msg_interfaces/local/lib/python3.10/dist-packages/my_msg_interfaces/_my_msg_interfaces_s.ep.rosidl_typesupport_fastrtps_c.c
[1.431s] -- Up-to-date: /root/ros2_frws/src/install/my_msg_interfaces/local/lib/python3.10/dist-packages/my_msg_interfaces/libmy_msg_interfaces__rosidl_generator_py.so
[1.431s] -- Up-to-date: /root/ros2_frws/src/install/my_msg_interfaces/local/lib/python3.10/dist-packages/my_msg_interfaces/_my_msg_interfaces_s.ep.rosidl_typesupport_introspection_c.c
[1.431s] -- Up-to-date: /root/ros2_frws/src/install/my_msg_interfaces/local/lib/python3.10/dist-packages/my_msg_interfaces/__init__.py
[1.432s] -- Up-to-date: /root/ros2_frws/src/install/my_msg_interfaces/local/lib/python3.10/dist-packages/my_msg_interfaces/msg
[1.432s] -- Up-to-date: /root/ros2_frws/src/install/my_msg_interfaces/local/lib/python3.10/dist-packages/my_msg_interfaces/msg/_my_parameter_s.c
[1.432s] -- Up-to-date: /root/ros2_frws/src/install/my_msg_interfaces/local/lib/python3.10/dist-packages/my_msg_interfaces/msg/__init__.py
[1.432s] -- Up-to-date: /root/ros2_frws/src/install/my_msg_interfaces/local/lib/python3.10/dist-packages/my_msg_interfaces/msg/_my_parameter.py
[1.442s] Listing '/root/ros2_frws/src/install/my_msg_interfaces/local/lib/python3.10/dist-packages/my_msg_interfaces'...
[1.442s] Listing '/root/ros2_frws/src/install/my_msg_interfaces/local/lib/python3.10/dist-packages/my_msg_interfaces/msg'...
[1.451s] -- Up-to-date: /root/ros2_frws/src/install/my_msg_interfaces/local/lib/python3.10/dist-packages/my_msg_interfaces/my_msg_interfaces_s__rosidl_typesupport_fastrtps_c.cpython-310-x86_64-linux-gnu.so
[1.451s] -- Up-to-date: /root/ros2_frws/src/install/my_msg_interfaces/local/lib/python3.10/dist-packages/my_msg_interfaces/my_msg_interfaces_s__rosidl_typesupport_introspection_c.cpython-310-x86_64-linux-gnu.so
[1.452s] -- Up-to-date: /root/ros2_frws/src/install/my_msg_interfaces/local/lib/python3.10/dist-packages/my_msg_interfaces/my_msg_interfaces_s__rosidl_typesupport_c.cpython-310-x86_64-linux-gnu.so
[1.452s] -- Up-to-date: /root/ros2_frws/src/install/my_msg_interfaces/lib/libmy_msg_interfaces__rosidl_generator_py.so
[1.453s] -- Up-to-date: /root/ros2_frws/src/install/my_msg_interfaces/share/my_msg_interfaces/msg/MyParameter.idl
[1.453s] -- Up-to-date: /root/ros2_frws/src/install/my_msg_interfaces/share/my_msg_interfaces/msg/MyParameter.msg
[1.453s] -- Up-to-date: /root/ros2_frws/src/install/my_msg_interfaces/share/ament_index/resource_index/package_run_dependencies/my_msg_interfaces
[1.453s] -- Up-to-date: /root/ros2_frws/src/install/my_msg_interfaces/share/ament_index/resource_index/parent_prefix_path/my_msg_interfaces
[1.453s] -- Up-to-date: /root/ros2_frws/src/install/my_msg_interfaces/share/my_msg_interfaces/environment/ament_prefix_path.sh
[1.453s] -- Up-to-date: /root/ros2_frws/src/install/my_msg_interfaces/share/my_msg_interfaces/environment/ament_prefix_path.dsv
[1.454s] -- Up-to-date: /root/ros2_frws/src/install/my_msg_interfaces/share/my_msg_interfaces/environment/path.sh
[1.454s] -- Up-to-date: /root/ros2_frws/src/install/my_msg_interfaces/share/my_msg_interfaces/environment/path.dsv
[1.455s] -- Up-to-date: /root/ros2_frws/src/install/my_msg_interfaces/share/my_msg_interfaces/local_setup.bash
[1.455s] -- Up-to-date: /root/ros2_frws/src/install/my_msg_interfaces/share/my_msg_interfaces/local_setup.sh
[1.455s] -- Up-to-date: /root/ros2_frws/src/install/my_msg_interfaces/share/my_msg_interfaces/local_setup.zsh
[1.455s] -- Up-to-date: /root/ros2_frws/src/install/my_msg_interfaces/share/my_msg_interfaces/local_setup.dsv
[1.456s] -- Installing: /root/ros2_frws/src/install/my_msg_interfaces/share/my_msg_interfaces/package.dsv
[1.456s] -- Up-to-date: /root/ros2_frws/src/install/my_msg_interfaces/share/ament_index/resource_index/packages/my_msg_interfaces
[1.456s] -- Up-to-date: /root/ros2_frws/src/install/my_msg_interfaces/share/my_msg_interfaces/cmake/export_my_msg_interfaces__rosidl_generator_cExport.cmake
[1.456s] -- Up-to-date: /root/ros2_frws/src/install/my_msg_interfaces/share/my_msg_interfaces/cmake/export_my_msg_interfaces__rosidl_generator_cExport-noconfig.cmake
[1.456s] -- Up-to-date: /root/ros2_frws/src/install/my_msg_interfaces/share/my_msg_interfaces/cmake/export_my_msg_interfaces__rosidl_typesupport_fastrtps_cExport.cmake
[1.456s] -- Up-to-date: /root/ros2_frws/src/install/my_msg_interfaces/share/my_msg_interfaces/cmake/export_my_msg_interfaces__rosidl_typesupport_fastrtps_cExport-noconfig.cmake
[1.457s] -- Up-to-date: /root/ros2_frws/src/install/my_msg_interfaces/share/my_msg_interfaces/cmake/export_my_msg_interfaces__rosidl_generator_cppExport.cmake
[1.457s] -- Up-to-date: /root/ros2_frws/src/install/my_msg_interfaces/share/my_msg_interfaces/cmake/export_my_msg_interfaces__rosidl_typesupport_fastrtps_cppExport.cmake
[1.457s] -- Up-to-date: /root/ros2_frws/src/install/my_msg_interfaces/share/my_msg_interfaces/cmake/export_my_msg_interfaces__rosidl_typesupport_fastrtps_cppExport-noconfig.cmake
[1.457s] -- Up-to-date: /root/ros2_frws/src/install/my_msg_interfaces/share/my_msg_interfaces/cmake/my_msg_interfaces__rosidl_typesupport_introspection_cExport.cmake
[1.457s] -- Up-to-date: /root/ros2_frws/src/install/my_msg_interfaces/share/my_msg_interfaces/cmake/my_msg_interfaces__rosidl_typesupport_introspection_cExport-noconfig.cmake
[1.458s] -- Up-to-date: /root/ros2_frws/src/install/my_msg_interfaces/share/my_msg_interfaces/cmake/my_msg_interfaces__rosidl_typesupport_cExport.cmake
[1.458s] -- Up-to-date: /root/ros2_frws/src/install/my_msg_interfaces/share/my_msg_interfaces/cmake/my_msg_interfaces__rosidl_typesupport_cExport-noconfig.cmake
[1.458s] -- Up-to-date: /root/ros2_frws/src/install/my_msg_interfaces/share/my_msg_interfaces/cmake/my_msg_interfaces__rosidl_typesupport_introspection_cppExport.cmake
[1.458s] -- Up-to-date: /root/ros2_frws/src/install/my_msg_interfaces/share/my_msg_interfaces/cmake/my_msg_interfaces__rosidl_typesupport_introspection_cppExport-noconfig.cmake
[1.458s] -- Up-to-date: /root/ros2_frws/src/install/my_msg_interfaces/share/my_msg_interfaces/cmake/my_msg_interfaces__rosidl_typesupport_cppExport.cmake
[1.459s] -- Up-to-date: /root/ros2_frws/src/install/my_msg_interfaces/share/my_msg_interfaces/cmake/my_msg_interfaces__rosidl_typesupport_cppExport-noconfig.cmake
[1.459s] -- Up-to-date: /root/ros2_frws/src/install/my_msg_interfaces/share/my_msg_interfaces/cmake/export_my_msg_interfaces__rosidl_generator_pyExport.cmake
[1.459s] -- Up-to-date: /root/ros2_frws/src/install/my_msg_interfaces/share/my_msg_interfaces/cmake/export_my_msg_interfaces__rosidl_generator_pyExport-noconfig.cmake
[1.459s] -- Up-to-date: /root/ros2_frws/src/install/my_msg_interfaces/share/my_msg_interfaces/cmake/rosidl_cmake-extras.cmake
[1.459s] -- Up-to-date: /root/ros2_frws/src/install/my_msg_interfaces/share/my_msg_interfaces/cmake/ament_cmake_export_dependencies-extras.cmake
[1.460s] -- Up-to-date: /root/ros2_frws/src/install/my_msg_interfaces/share/my_msg_interfaces/cmake/ament_cmake_export_include_directories-extras.cmake
[1.460s] -- Up-to-date: /root/ros2_frws/src/install/my_msg_interfaces/share/my_msg_interfaces/cmake/ament_cmake_export_libraries-extras.cmake
[1.460s] -- Up-to-date: /root/ros2_frws/src/install/my_msg_interfaces/share/my_msg_interfaces/cmake/ament_cmake_export_targets-extras.cmake
[1.460s] -- Up-to-date: /root/ros2_frws/src/install/my_msg_interfaces/share/my_msg_interfaces/cmake/rosidl_cmake_export_typesupport_targets-extras.cmake
[1.460s] -- Up-to-date: /root/ros2_frws/src/install/my_msg_interfaces/share/my_msg_interfaces/cmake/rosidl_cmake_export_typesupport_libraries-extras.cmake
[1.461s] -- Up-to-date: /root/ros2_frws/src/install/my_msg_interfaces/share/my_msg_interfaces/cmake/my_msg_interfacesConfig.cmake
[1.461s] -- Up-to-date: /root/ros2_frws/src/install/my_msg_interfaces/share/my_msg_interfaces/cmake/my_msg_interfacesConfig-version.cmake
[1.461s] -- Up-to-date: /root/ros2_frws/src/install/my_msg_interfaces/share/my_msg_interfaces/package.xml
[1.636s] Invoked command in '/root/ros2_frws/src/build/my_msg_interfaces' returned '0': CMAKE_PREFIX_PATH=/opt/ros/humble /usr/bin/cmake --install /root/ros2_frws/src/build/my_msg_interfaces
