[35m[1mConsolidate compiler generated dependencies of target xarm_cxx_sdk[0m
[100%] Built target xarm_cxx_sdk
-- Install configuration: ""
-- Up-to-date: /root/ros2_frws/src/install/xarm_sdk/share/xarm_sdk/environment/library_path.sh
-- Installing: /root/ros2_frws/src/install/xarm_sdk/share/xarm_sdk/environment/library_path.dsv
-- Up-to-date: /root/ros2_frws/src/install/xarm_sdk/cxx/include
-- Up-to-date: /root/ros2_frws/src/install/xarm_sdk/cxx/include/serial
-- Installing: /root/ros2_frws/src/install/xarm_sdk/cxx/include/serial/serial.h
-- Installing: /root/ros2_frws/src/install/xarm_sdk/cxx/include/serial/v8stdint.h
-- Up-to-date: /root/ros2_frws/src/install/xarm_sdk/cxx/include/serial/impl
-- Installing: /root/ros2_frws/src/install/xarm_sdk/cxx/include/serial/impl/unix.h
-- Installing: /root/ros2_frws/src/install/xarm_sdk/cxx/include/serial/impl/win.h
-- Up-to-date: /root/ros2_frws/src/install/xarm_sdk/cxx/include/xarm
-- Up-to-date: /root/ros2_frws/src/install/xarm_sdk/cxx/include/xarm/core
-- Up-to-date: /root/ros2_frws/src/install/xarm_sdk/cxx/include/xarm/core/instruction
-- Installing: /root/ros2_frws/src/install/xarm_sdk/cxx/include/xarm/core/instruction/uxbus_cmd.h
-- Installing: /root/ros2_frws/src/install/xarm_sdk/cxx/include/xarm/core/instruction/uxbus_cmd_ser.h
-- Installing: /root/ros2_frws/src/install/xarm_sdk/cxx/include/xarm/core/instruction/uxbus_cmd_tcp.h
-- Installing: /root/ros2_frws/src/install/xarm_sdk/cxx/include/xarm/core/instruction/uxbus_cmd_config.h
-- Installing: /root/ros2_frws/src/install/xarm_sdk/cxx/include/xarm/core/instruction/servo3_config.h
-- Up-to-date: /root/ros2_frws/src/install/xarm_sdk/cxx/include/xarm/core/common
-- Installing: /root/ros2_frws/src/install/xarm_sdk/cxx/include/xarm/core/common/crc16.h
-- Installing: /root/ros2_frws/src/install/xarm_sdk/cxx/include/xarm/core/common/queue_memcpy.h
-- Installing: /root/ros2_frws/src/install/xarm_sdk/cxx/include/xarm/core/common/data_type.h
-- Installing: /root/ros2_frws/src/install/xarm_sdk/cxx/include/xarm/core/report_data.h
-- Installing: /root/ros2_frws/src/install/xarm_sdk/cxx/include/xarm/core/xarm_config.h
-- Up-to-date: /root/ros2_frws/src/install/xarm_sdk/cxx/include/xarm/core/debug
-- Installing: /root/ros2_frws/src/install/xarm_sdk/cxx/include/xarm/core/debug/debug_print.h
-- Up-to-date: /root/ros2_frws/src/install/xarm_sdk/cxx/include/xarm/core/os
-- Up-to-date: /root/ros2_frws/src/install/xarm_sdk/cxx/include/xarm/core/os/bak
-- Installing: /root/ros2_frws/src/install/xarm_sdk/cxx/include/xarm/core/os/bak/thread.h
-- Installing: /root/ros2_frws/src/install/xarm_sdk/cxx/include/xarm/core/os/network.h
-- Installing: /root/ros2_frws/src/install/xarm_sdk/cxx/include/xarm/core/connect.h
-- Up-to-date: /root/ros2_frws/src/install/xarm_sdk/cxx/include/xarm/core/port
-- Installing: /root/ros2_frws/src/install/xarm_sdk/cxx/include/xarm/core/port/ser.h
-- Installing: /root/ros2_frws/src/install/xarm_sdk/cxx/include/xarm/core/port/socket.h
-- Up-to-date: /root/ros2_frws/src/install/xarm_sdk/cxx/include/xarm/wrapper
-- Installing: /root/ros2_frws/src/install/xarm_sdk/cxx/include/xarm/wrapper/xarm_api.h
-- Up-to-date: /root/ros2_frws/src/install/xarm_sdk/cxx/include/xarm/wrapper/common
-- Installing: /root/ros2_frws/src/install/xarm_sdk/cxx/include/xarm/wrapper/common/utils.h
-- Installing: /root/ros2_frws/src/install/xarm_sdk/cxx/include/xarm/wrapper/common/timer.h
-- Installing: /root/ros2_frws/src/install/xarm_sdk/lib/libxarm_cxx_sdk.so
-- Up-to-date: /root/ros2_frws/src/install/xarm_sdk/share/ament_index/resource_index/package_run_dependencies/xarm_sdk
-- Installing: /root/ros2_frws/src/install/xarm_sdk/share/ament_index/resource_index/parent_prefix_path/xarm_sdk
-- Up-to-date: /root/ros2_frws/src/install/xarm_sdk/share/xarm_sdk/environment/ament_prefix_path.sh
-- Installing: /root/ros2_frws/src/install/xarm_sdk/share/xarm_sdk/environment/ament_prefix_path.dsv
-- Up-to-date: /root/ros2_frws/src/install/xarm_sdk/share/xarm_sdk/environment/path.sh
-- Installing: /root/ros2_frws/src/install/xarm_sdk/share/xarm_sdk/environment/path.dsv
-- Up-to-date: /root/ros2_frws/src/install/xarm_sdk/share/xarm_sdk/local_setup.bash
-- Up-to-date: /root/ros2_frws/src/install/xarm_sdk/share/xarm_sdk/local_setup.sh
-- Up-to-date: /root/ros2_frws/src/install/xarm_sdk/share/xarm_sdk/local_setup.zsh
-- Installing: /root/ros2_frws/src/install/xarm_sdk/share/xarm_sdk/local_setup.dsv
-- Installing: /root/ros2_frws/src/install/xarm_sdk/share/xarm_sdk/package.dsv
-- Up-to-date: /root/ros2_frws/src/install/xarm_sdk/share/ament_index/resource_index/packages/xarm_sdk
-- Up-to-date: /root/ros2_frws/src/install/xarm_sdk/share/xarm_sdk/cmake/ament_cmake_export_libraries-extras.cmake
-- Up-to-date: /root/ros2_frws/src/install/xarm_sdk/share/xarm_sdk/cmake/ament_cmake_export_include_directories-extras.cmake
-- Up-to-date: /root/ros2_frws/src/install/xarm_sdk/share/xarm_sdk/cmake/xarm_sdkConfig.cmake
-- Up-to-date: /root/ros2_frws/src/install/xarm_sdk/share/xarm_sdk/cmake/xarm_sdkConfig-version.cmake
-- Installing: /root/ros2_frws/src/install/xarm_sdk/share/xarm_sdk/package.xml
