[1.262s] Invoking command in '/root/ros2_frws/src/course_works': PYTHONPATH=/root/ros2_frws/src/build/course_works/prefix_override:/root/ros2_frws/src/install/course_works/lib/python3.10/site-packages:${PYTHONPATH} /usr/bin/python3 setup.py egg_info --egg-base ../build/course_works build --build-base /root/ros2_frws/src/build/course_works/build install --record /root/ros2_frws/src/build/course_works/install.log --single-version-externally-managed
[1.461s] running egg_info
[1.473s] writing ../build/course_works/course_works.egg-info/PKG-INFO
[1.473s] writing dependency_links to ../build/course_works/course_works.egg-info/dependency_links.txt
[1.473s] writing entry points to ../build/course_works/course_works.egg-info/entry_points.txt
[1.474s] writing requirements to ../build/course_works/course_works.egg-info/requires.txt
[1.474s] writing top-level names to ../build/course_works/course_works.egg-info/top_level.txt
[1.503s] reading manifest file '../build/course_works/course_works.egg-info/SOURCES.txt'
[1.503s] adding license file 'LICENSE'
[1.504s] writing manifest file '../build/course_works/course_works.egg-info/SOURCES.txt'
[1.504s] running build
[1.505s] running build_py
[1.506s] running install
[1.506s] /root/.local/lib/python3.10/site-packages/setuptools/_distutils/cmd.py:66: SetuptoolsDeprecationWarning: setup.py install is deprecated.
[1.506s] !!
[1.506s] 
[1.506s]         ********************************************************************************
[1.506s]         Please avoid running ``setup.py`` directly.
[1.507s]         Instead, use pypa/build, pypa/installer or other
[1.507s]         standards-based tools.
[1.507s] 
[1.507s]         See https://blog.ganssle.io/articles/2021/10/setup-py-deprecated.html for details.
[1.507s]         ********************************************************************************
[1.507s] 
[1.507s] !!
[1.507s]   self.initialize_options()
[1.514s] running install_lib
[1.529s] running install_data
[1.541s] running install_egg_info
[1.554s] removing '/root/ros2_frws/src/install/course_works/lib/python3.10/site-packages/course_works-0.0.0-py3.10.egg-info' (and everything under it)
[1.554s] Copying ../build/course_works/course_works.egg-info to /root/ros2_frws/src/install/course_works/lib/python3.10/site-packages/course_works-0.0.0-py3.10.egg-info
[1.555s] running install_scripts
[1.687s] Installing processed_signal script to /root/ros2_frws/src/install/course_works/lib/course_works
[1.687s] Installing signal_generator script to /root/ros2_frws/src/install/course_works/lib/course_works
[1.688s] writing list of installed files to '/root/ros2_frws/src/build/course_works/install.log'
[1.726s] Invoked command in '/root/ros2_frws/src/course_works' returned '0': PYTHONPATH=/root/ros2_frws/src/build/course_works/prefix_override:/root/ros2_frws/src/install/course_works/lib/python3.10/site-packages:${PYTHONPATH} /usr/bin/python3 setup.py egg_info --egg-base ../build/course_works build --build-base /root/ros2_frws/src/build/course_works/build install --record /root/ros2_frws/src/build/course_works/install.log --single-version-externally-managed
