[0.862s] Invoking command in '/root/ros2_frws/src/challenge_2': AMENT_PREFIX_PATH=/root/ros2_frws/src/install/my_msg_interfaces:${AMENT_PREFIX_PATH} CMAKE_PREFIX_PATH=/root/ros2_frws/src/install/my_msg_interfaces:${CMAKE_PREFIX_PATH} LD_LIBRARY_PATH=/root/ros2_frws/src/install/my_msg_interfaces/lib:${LD_LIBRARY_PATH} PYTHONPATH=/root/ros2_frws/src/build/challenge_2/prefix_override:/root/ros2_frws/src/install/challenge_2/lib/python3.10/site-packages:/root/ros2_frws/src/install/my_msg_interfaces/local/lib/python3.10/dist-packages:${PYTHONPATH} /usr/bin/python3 setup.py egg_info --egg-base ../build/challenge_2 build --build-base /root/ros2_frws/src/build/challenge_2/build install --record /root/ros2_frws/src/build/challenge_2/install.log --single-version-externally-managed
[1.044s] running egg_info
[1.059s] writing ../build/challenge_2/challenge_2.egg-info/PKG-INFO
[1.059s] writing dependency_links to ../build/challenge_2/challenge_2.egg-info/dependency_links.txt
[1.060s] writing entry points to ../build/challenge_2/challenge_2.egg-info/entry_points.txt
[1.060s] writing requirements to ../build/challenge_2/challenge_2.egg-info/requires.txt
[1.060s] writing top-level names to ../build/challenge_2/challenge_2.egg-info/top_level.txt
[1.083s] reading manifest file '../build/challenge_2/challenge_2.egg-info/SOURCES.txt'
[1.083s] adding license file 'LICENSE'
[1.084s] writing manifest file '../build/challenge_2/challenge_2.egg-info/SOURCES.txt'
[1.084s] running build
[1.084s] running build_py
[1.085s] copying challenge_2/signal_generator.py -> /root/ros2_frws/src/build/challenge_2/build/lib/challenge_2
[1.085s] running install
[1.085s] /root/.local/lib/python3.10/site-packages/setuptools/_distutils/cmd.py:66: SetuptoolsDeprecationWarning: setup.py install is deprecated.
[1.086s] !!
[1.086s] 
[1.086s]         ********************************************************************************
[1.086s]         Please avoid running ``setup.py`` directly.
[1.086s]         Instead, use pypa/build, pypa/installer or other
[1.086s]         standards-based tools.
[1.086s] 
[1.086s]         See https://blog.ganssle.io/articles/2021/10/setup-py-deprecated.html for details.
[1.086s]         ********************************************************************************
[1.086s] 
[1.086s] !!
[1.086s]   self.initialize_options()
[1.091s] running install_lib
[1.102s] copying /root/ros2_frws/src/build/challenge_2/build/lib/challenge_2/signal_generator.py -> /root/ros2_frws/src/install/challenge_2/lib/python3.10/site-packages/challenge_2
[1.103s] byte-compiling /root/ros2_frws/src/install/challenge_2/lib/python3.10/site-packages/challenge_2/signal_generator.py to signal_generator.cpython-310.pyc
[1.104s] running install_data
[1.118s] copying package.xml -> /root/ros2_frws/src/install/challenge_2/share/challenge_2
[1.118s] running install_egg_info
[1.132s] removing '/root/ros2_frws/src/install/challenge_2/lib/python3.10/site-packages/challenge_2-0.0.0-py3.10.egg-info' (and everything under it)
[1.132s] Copying ../build/challenge_2/challenge_2.egg-info to /root/ros2_frws/src/install/challenge_2/lib/python3.10/site-packages/challenge_2-0.0.0-py3.10.egg-info
[1.134s] running install_scripts
[1.246s] Installing signal_generator script to /root/ros2_frws/src/install/challenge_2/lib/challenge_2
[1.247s] writing list of installed files to '/root/ros2_frws/src/build/challenge_2/install.log'
[1.272s] Invoked command in '/root/ros2_frws/src/challenge_2' returned '0': AMENT_PREFIX_PATH=/root/ros2_frws/src/install/my_msg_interfaces:${AMENT_PREFIX_PATH} CMAKE_PREFIX_PATH=/root/ros2_frws/src/install/my_msg_interfaces:${CMAKE_PREFIX_PATH} LD_LIBRARY_PATH=/root/ros2_frws/src/install/my_msg_interfaces/lib:${LD_LIBRARY_PATH} PYTHONPATH=/root/ros2_frws/src/build/challenge_2/prefix_override:/root/ros2_frws/src/install/challenge_2/lib/python3.10/site-packages:/root/ros2_frws/src/install/my_msg_interfaces/local/lib/python3.10/dist-packages:${PYTHONPATH} /usr/bin/python3 setup.py egg_info --egg-base ../build/challenge_2 build --build-base /root/ros2_frws/src/build/challenge_2/build install --record /root/ros2_frws/src/build/challenge_2/install.log --single-version-externally-managed
