[0.068s] Invoking command in '/root/ros2_frws/src/build/xarm_planner': AMENT_PREFIX_PATH=/root/ros2_frws/src/install/xarm_moveit_config:/root/ros2_frws/src/install/xarm_gazebo:/root/ros2_frws/src/install/xarm_controller:/root/ros2_frws/src/install/xarm_api:/root/ros2_frws/src/install/xarm_sdk:/root/ros2_frws/src/install/xarm_msgs:/root/ros2_frws/src/install/xarm_description:${AMENT_PREFIX_PATH} CMAKE_PREFIX_PATH=/root/ros2_frws/src/install/xarm_moveit_config:/root/ros2_frws/src/install/xarm_gazebo:/root/ros2_frws/src/install/xarm_controller:/root/ros2_frws/src/install/xarm_api:/root/ros2_frws/src/install/xarm_sdk:/root/ros2_frws/src/install/xarm_msgs:/root/ros2_frws/src/install/xarm_description:/root/ros2_frws/install/xarm_planner:/root/ros2_frws/install/xarm_moveit_servo:/root/ros2_frws/install/xarm_moveit_config:/root/ros2_frws/install/xarm_gazebo:/root/ros2_frws/install/xarm_controller:/root/ros2_frws/install/xarm_api:/root/ros2_frws/install/xarm_sdk:/root/ros2_frws/install/xarm_msgs:/root/ros2_frws/install/xarm_description:/root/ros2_frws/install/tutorial_interfaces:/root/ros2_frws/install/realsense_gazebo_plugin:/root/ros2_frws/install/my_msg_interfaces:/root/ros2_frws/install/moveit_resources_prbt_support:/root/ros2_frws/install/moveit_resources:/root/ros2_frws/install/moveit_resources_pr2_description:/root/ros2_frws/install/moveit_resources_panda_moveit_config:/root/ros2_frws/install/moveit_resources_panda_description:/root/ros2_frws/install/moveit_resources_fanuc_moveit_config:/root/ros2_frws/install/moveit_resources_fanuc_description:/root/ros2_frws/install/moveit_common:/root/ros2_frws/install/challenge_2:/root/ros2_frws/install/moveit_configs_utils:/root/ros2_frws/install/course_works:/root/ros2_frws/install/basic_comms_params:/root/ros2_frws/install/basic_comms_param:/root/ros2_frws/install/basic_comms:/opt/ros/humble LD_LIBRARY_PATH=/root/ros2_frws/src/install/xarm_gazebo/lib:/root/ros2_frws/src/install/xarm_controller/lib:/root/ros2_frws/src/install/xarm_api/lib:/root/ros2_frws/src/install/xarm_sdk/lib:/root/ros2_frws/src/install/xarm_msgs/lib:${LD_LIBRARY_PATH} PYTHONPATH=/root/ros2_frws/src/install/xarm_msgs/local/lib/python3.10/dist-packages:${PYTHONPATH} /usr/bin/cmake --build /root/ros2_frws/src/build/xarm_planner -- -j16 -l16
[0.108s] -- Found ament_cmake: 1.3.8 (/opt/ros/humble/share/ament_cmake/cmake)
[0.221s] -- Found moveit: 2.5.5 (/opt/ros/humble/share/moveit/cmake)
[0.221s] -- Found moveit_ros_planning_interface: 2.5.5 (/opt/ros/humble/share/moveit_ros_planning_interface/cmake)
[0.229s] -- Found Boost: /usr/lib/x86_64-linux-gnu/cmake/Boost-1.74.0/BoostConfig.cmake (found version "1.74.0") found components: date_time filesystem program_options system thread 
[0.252s] -- Found rosidl_generator_c: 3.1.5 (/opt/ros/humble/share/rosidl_generator_c/cmake)
[0.254s] -- Found rosidl_adapter: 3.1.5 (/opt/ros/humble/share/rosidl_adapter/cmake)
[0.258s] -- Found rosidl_generator_cpp: 3.1.5 (/opt/ros/humble/share/rosidl_generator_cpp/cmake)
[0.266s] -- Using all available rosidl_typesupport_c: rosidl_typesupport_fastrtps_c;rosidl_typesupport_introspection_c
[0.276s] -- Using all available rosidl_typesupport_cpp: rosidl_typesupport_fastrtps_cpp;rosidl_typesupport_introspection_cpp
[0.992s] -- Found Boost: /usr/lib/x86_64-linux-gnu/cmake/Boost-1.74.0/BoostConfig.cmake (found version "1.74.0") found components: chrono date_time filesystem iostreams program_options regex serialization system thread 
[1.002s] -- Found parameter_traits: 0.3.7 (/opt/ros/humble/share/parameter_traits/cmake)
[1.034s] -- Found rmw_implementation_cmake: 6.1.1 (/opt/ros/humble/share/rmw_implementation_cmake/cmake)
[1.035s] -- Found rmw_fastrtps_cpp: 6.2.6 (/opt/ros/humble/share/rmw_fastrtps_cpp/cmake)
[1.164s] -- Using RMW implementation 'rmw_fastrtps_cpp' as default
[1.266s] -- Found rclcpp_lifecycle: 16.0.8 (/opt/ros/humble/share/rclcpp_lifecycle/cmake)
[1.298s] -- Found Boost: /usr/lib/x86_64-linux-gnu/cmake/Boost-1.74.0/BoostConfig.cmake (found version "1.74.0") found components: filesystem 
[1.340s] -- library: /usr/lib/x86_64-linux-gnu/libcurl.so
[1.473s] -- Ensuring Eigen3 include directory is part of orocos-kdl CMake target
[1.887s] -- Found Boost: /usr/lib/x86_64-linux-gnu/cmake/Boost-1.74.0/BoostConfig.cmake (found version "1.74.0") found components: system filesystem date_time program_options thread chrono 
[2.292s] -- Found Boost: /usr/lib/x86_64-linux-gnu/cmake/Boost-1.74.0/BoostConfig.cmake (found version "1.74.0") found components: thread system filesystem regex date_time program_options 
[2.473s] -- Found Boost: /usr/lib/x86_64-linux-gnu/cmake/Boost-1.74.0/BoostConfig.cmake (found version "1.74.0") found components: system filesystem date_time program_options thread 
[2.802s] -- Found xarm_msgs: 0.0.0 (/root/ros2_frws/src/install/xarm_msgs/share/xarm_msgs/cmake)
[2.884s] -- Found ament_lint_auto: 0.12.10 (/opt/ros/humble/share/ament_lint_auto/cmake)
[2.949s] -- Added test 'copyright' to check source files copyright and LICENSE
[2.952s] -- Added test 'cppcheck' to perform static code analysis on C / C++ code
[2.954s] -- Configured cppcheck include dirs: /root/ros2_frws/src/xarm_ros2/xarm_planner/include
[2.954s] -- Configured cppcheck exclude dirs and/or files: 
[2.955s] -- Added test 'cpplint' to check C / C++ code against the Google style
[2.955s] -- Configured cpplint exclude dirs and/or files: 
[2.956s] -- Added test 'flake8' to check Python code syntax and style conventions
[2.956s] -- Added test 'lint_cmake' to check CMake code style
[2.957s] -- Added test 'pep257' to check Python code against some of the docstring style conventions in PEP 257
[2.958s] -- Added test 'uncrustify' to check C / C++ code style
[2.958s] -- Configured uncrustify additional arguments: 
[2.958s] -- Added test 'xmllint' to check XML markup files
[2.960s] -- Configuring done
[3.096s] -- Generating done
[3.099s] -- Build files have been written to: /root/ros2_frws/src/build/xarm_planner
[3.137s] [35m[1mConsolidate compiler generated dependencies of target test_xarm_planner_client_pose[0m
[3.137s] [35m[1mConsolidate compiler generated dependencies of target test_xarm_planner_client_joint[0m
[3.137s] [35m[1mConsolidate compiler generated dependencies of target test_xarm_gripper_planner_client_joint[0m
[3.137s] [35m[1mConsolidate compiler generated dependencies of target test_lite_gripper_realmove[0m
[3.137s] [35m[1mConsolidate compiler generated dependencies of target xarm_planner[0m
[3.155s] [ 13%] [32mBuilding CXX object CMakeFiles/test_xarm_planner_client_joint.dir/test/test_xarm_planner_client_joint.cpp.o[0m
[3.155s] [ 13%] [32mBuilding CXX object CMakeFiles/test_xarm_planner_client_pose.dir/test/test_xarm_planner_client_pose.cpp.o[0m
[3.156s] [ 13%] [32mBuilding CXX object CMakeFiles/test_xarm_gripper_planner_client_joint.dir/test/test_xarm_gripper_planner_client_joint.cpp.o[0m
[3.156s] [ 18%] [32mBuilding CXX object CMakeFiles/test_lite_gripper_realmove.dir/test/test_lite_gripper_realmove.cpp.o[0m
[3.171s] [ 22%] [32mBuilding CXX object CMakeFiles/xarm_planner.dir/src/xarm_planner.cpp.o[0m
[7.292s] [ 27%] [32m[1mLinking CXX executable test_lite_gripper_realmove[0m
[7.557s] [ 27%] Built target test_lite_gripper_realmove
[7.746s] [ 31%] [32m[1mLinking CXX executable test_xarm_gripper_planner_client_joint[0m
[7.846s] [ 36%] [32m[1mLinking CXX executable test_xarm_planner_client_pose[0m
[7.856s] [ 40%] [32m[1mLinking CXX executable test_xarm_planner_client_joint[0m
[7.996s] [ 40%] Built target test_xarm_gripper_planner_client_joint
[8.096s] [ 40%] Built target test_xarm_planner_client_joint
[8.096s] [ 40%] Built target test_xarm_planner_client_pose
[11.895s] [ 45%] [32m[1mLinking CXX shared library libxarm_planner.so[0m
[12.055s] [ 45%] Built target xarm_planner
[12.066s] [35m[1mConsolidate compiler generated dependencies of target xarm_planner_node[0m
[12.067s] [35m[1mConsolidate compiler generated dependencies of target test_xarm_gripper_planner_api_joint[0m
[12.067s] [35m[1mConsolidate compiler generated dependencies of target xarm_gripper_planner_node[0m
[12.067s] [35m[1mConsolidate compiler generated dependencies of target test_xarm_planner_api_joint[0m
[12.068s] [35m[1mConsolidate compiler generated dependencies of target test_xarm_planner_api_pose[0m
[12.069s] [35m[1mConsolidate compiler generated dependencies of target test_dual_xarm_planner_api_joint[0m
[12.093s] [ 54%] [32mBuilding CXX object CMakeFiles/xarm_planner_node.dir/src/xarm_planner_node.cpp.o[0m
[12.093s] [ 54%] [32mBuilding CXX object CMakeFiles/test_xarm_planner_api_pose.dir/test/test_xarm_planner_api_pose.cpp.o[0m
[12.094s] [ 59%] [32mBuilding CXX object CMakeFiles/test_xarm_gripper_planner_api_joint.dir/test/test_xarm_gripper_planner_api_joint.cpp.o[0m
[12.095s] [ 63%] [32mBuilding CXX object CMakeFiles/xarm_gripper_planner_node.dir/src/xarm_gripper_planner_node.cpp.o[0m
[12.095s] [ 68%] [32mBuilding CXX object CMakeFiles/test_dual_xarm_planner_api_joint.dir/test/test_dual_xarm_planner_api_joint.cpp.o[0m
[12.100s] [ 72%] [32mBuilding CXX object CMakeFiles/test_xarm_planner_api_joint.dir/test/test_xarm_planner_api_joint.cpp.o[0m
[24.501s] [ 81%] [32m[1mLinking CXX executable test_xarm_gripper_planner_api_joint[0m
[24.503s] [ 81%] [32m[1mLinking CXX executable test_xarm_planner_api_joint[0m
[24.704s] [ 86%] [32m[1mLinking CXX executable test_dual_xarm_planner_api_joint[0m
[24.759s] [ 90%] [32m[1mLinking CXX executable test_xarm_planner_api_pose[0m
[25.170s] [ 90%] Built target test_xarm_gripper_planner_api_joint
[25.172s] [ 90%] Built target test_xarm_planner_api_pose
[25.176s] [ 90%] Built target test_dual_xarm_planner_api_joint
[25.192s] [ 90%] Built target test_xarm_planner_api_joint
[25.882s] [ 95%] [32m[1mLinking CXX executable xarm_gripper_planner_node[0m
[26.187s] [ 95%] Built target xarm_gripper_planner_node
[26.431s] [100%] [32m[1mLinking CXX executable xarm_planner_node[0m
[26.749s] [100%] Built target xarm_planner_node
[26.783s] Invoked command in '/root/ros2_frws/src/build/xarm_planner' returned '0': AMENT_PREFIX_PATH=/root/ros2_frws/src/install/xarm_moveit_config:/root/ros2_frws/src/install/xarm_gazebo:/root/ros2_frws/src/install/xarm_controller:/root/ros2_frws/src/install/xarm_api:/root/ros2_frws/src/install/xarm_sdk:/root/ros2_frws/src/install/xarm_msgs:/root/ros2_frws/src/install/xarm_description:${AMENT_PREFIX_PATH} CMAKE_PREFIX_PATH=/root/ros2_frws/src/install/xarm_moveit_config:/root/ros2_frws/src/install/xarm_gazebo:/root/ros2_frws/src/install/xarm_controller:/root/ros2_frws/src/install/xarm_api:/root/ros2_frws/src/install/xarm_sdk:/root/ros2_frws/src/install/xarm_msgs:/root/ros2_frws/src/install/xarm_description:/root/ros2_frws/install/xarm_planner:/root/ros2_frws/install/xarm_moveit_servo:/root/ros2_frws/install/xarm_moveit_config:/root/ros2_frws/install/xarm_gazebo:/root/ros2_frws/install/xarm_controller:/root/ros2_frws/install/xarm_api:/root/ros2_frws/install/xarm_sdk:/root/ros2_frws/install/xarm_msgs:/root/ros2_frws/install/xarm_description:/root/ros2_frws/install/tutorial_interfaces:/root/ros2_frws/install/realsense_gazebo_plugin:/root/ros2_frws/install/my_msg_interfaces:/root/ros2_frws/install/moveit_resources_prbt_support:/root/ros2_frws/install/moveit_resources:/root/ros2_frws/install/moveit_resources_pr2_description:/root/ros2_frws/install/moveit_resources_panda_moveit_config:/root/ros2_frws/install/moveit_resources_panda_description:/root/ros2_frws/install/moveit_resources_fanuc_moveit_config:/root/ros2_frws/install/moveit_resources_fanuc_description:/root/ros2_frws/install/moveit_common:/root/ros2_frws/install/challenge_2:/root/ros2_frws/install/moveit_configs_utils:/root/ros2_frws/install/course_works:/root/ros2_frws/install/basic_comms_params:/root/ros2_frws/install/basic_comms_param:/root/ros2_frws/install/basic_comms:/opt/ros/humble LD_LIBRARY_PATH=/root/ros2_frws/src/install/xarm_gazebo/lib:/root/ros2_frws/src/install/xarm_controller/lib:/root/ros2_frws/src/install/xarm_api/lib:/root/ros2_frws/src/install/xarm_sdk/lib:/root/ros2_frws/src/install/xarm_msgs/lib:${LD_LIBRARY_PATH} PYTHONPATH=/root/ros2_frws/src/install/xarm_msgs/local/lib/python3.10/dist-packages:${PYTHONPATH} /usr/bin/cmake --build /root/ros2_frws/src/build/xarm_planner -- -j16 -l16
[26.843s] Invoking command in '/root/ros2_frws/src/build/xarm_planner': AMENT_PREFIX_PATH=/root/ros2_frws/src/install/xarm_moveit_config:/root/ros2_frws/src/install/xarm_gazebo:/root/ros2_frws/src/install/xarm_controller:/root/ros2_frws/src/install/xarm_api:/root/ros2_frws/src/install/xarm_sdk:/root/ros2_frws/src/install/xarm_msgs:/root/ros2_frws/src/install/xarm_description:${AMENT_PREFIX_PATH} CMAKE_PREFIX_PATH=/root/ros2_frws/src/install/xarm_moveit_config:/root/ros2_frws/src/install/xarm_gazebo:/root/ros2_frws/src/install/xarm_controller:/root/ros2_frws/src/install/xarm_api:/root/ros2_frws/src/install/xarm_sdk:/root/ros2_frws/src/install/xarm_msgs:/root/ros2_frws/src/install/xarm_description:/root/ros2_frws/install/xarm_planner:/root/ros2_frws/install/xarm_moveit_servo:/root/ros2_frws/install/xarm_moveit_config:/root/ros2_frws/install/xarm_gazebo:/root/ros2_frws/install/xarm_controller:/root/ros2_frws/install/xarm_api:/root/ros2_frws/install/xarm_sdk:/root/ros2_frws/install/xarm_msgs:/root/ros2_frws/install/xarm_description:/root/ros2_frws/install/tutorial_interfaces:/root/ros2_frws/install/realsense_gazebo_plugin:/root/ros2_frws/install/my_msg_interfaces:/root/ros2_frws/install/moveit_resources_prbt_support:/root/ros2_frws/install/moveit_resources:/root/ros2_frws/install/moveit_resources_pr2_description:/root/ros2_frws/install/moveit_resources_panda_moveit_config:/root/ros2_frws/install/moveit_resources_panda_description:/root/ros2_frws/install/moveit_resources_fanuc_moveit_config:/root/ros2_frws/install/moveit_resources_fanuc_description:/root/ros2_frws/install/moveit_common:/root/ros2_frws/install/challenge_2:/root/ros2_frws/install/moveit_configs_utils:/root/ros2_frws/install/course_works:/root/ros2_frws/install/basic_comms_params:/root/ros2_frws/install/basic_comms_param:/root/ros2_frws/install/basic_comms:/opt/ros/humble LD_LIBRARY_PATH=/root/ros2_frws/src/install/xarm_gazebo/lib:/root/ros2_frws/src/install/xarm_controller/lib:/root/ros2_frws/src/install/xarm_api/lib:/root/ros2_frws/src/install/xarm_sdk/lib:/root/ros2_frws/src/install/xarm_msgs/lib:${LD_LIBRARY_PATH} PYTHONPATH=/root/ros2_frws/src/install/xarm_msgs/local/lib/python3.10/dist-packages:${PYTHONPATH} /usr/bin/cmake --install /root/ros2_frws/src/build/xarm_planner
[26.849s] -- Install configuration: ""
[26.850s] -- Up-to-date: /root/ros2_frws/src/install/xarm_planner/include
[26.850s] -- Up-to-date: /root/ros2_frws/src/install/xarm_planner/include/xarm_planner
[26.851s] -- Installing: /root/ros2_frws/src/install/xarm_planner/include/xarm_planner/xarm_planner.h
[26.853s] -- Installing: /root/ros2_frws/src/install/xarm_planner/lib/libxarm_planner.so
[26.854s] -- Set runtime path of "/root/ros2_frws/src/install/xarm_planner/lib/libxarm_planner.so" to ""
[26.855s] -- Installing: /root/ros2_frws/src/install/xarm_planner/lib/xarm_planner/xarm_planner_node
[26.857s] -- Set runtime path of "/root/ros2_frws/src/install/xarm_planner/lib/xarm_planner/xarm_planner_node" to ""
[26.858s] -- Installing: /root/ros2_frws/src/install/xarm_planner/lib/xarm_planner/xarm_gripper_planner_node
[26.860s] -- Set runtime path of "/root/ros2_frws/src/install/xarm_planner/lib/xarm_planner/xarm_gripper_planner_node" to ""
[26.861s] -- Installing: /root/ros2_frws/src/install/xarm_planner/lib/xarm_planner/test_xarm_planner_api_joint
[26.863s] -- Set runtime path of "/root/ros2_frws/src/install/xarm_planner/lib/xarm_planner/test_xarm_planner_api_joint" to ""
[26.863s] -- Installing: /root/ros2_frws/src/install/xarm_planner/lib/xarm_planner/test_dual_xarm_planner_api_joint
[26.864s] -- Set runtime path of "/root/ros2_frws/src/install/xarm_planner/lib/xarm_planner/test_dual_xarm_planner_api_joint" to ""
[26.865s] -- Installing: /root/ros2_frws/src/install/xarm_planner/lib/xarm_planner/test_xarm_planner_api_pose
[26.866s] -- Set runtime path of "/root/ros2_frws/src/install/xarm_planner/lib/xarm_planner/test_xarm_planner_api_pose" to ""
[26.867s] -- Installing: /root/ros2_frws/src/install/xarm_planner/lib/xarm_planner/test_xarm_gripper_planner_api_joint
[26.867s] -- Set runtime path of "/root/ros2_frws/src/install/xarm_planner/lib/xarm_planner/test_xarm_gripper_planner_api_joint" to ""
[26.868s] -- Installing: /root/ros2_frws/src/install/xarm_planner/lib/xarm_planner/test_xarm_planner_client_joint
[26.871s] -- Set runtime path of "/root/ros2_frws/src/install/xarm_planner/lib/xarm_planner/test_xarm_planner_client_joint" to ""
[26.872s] -- Installing: /root/ros2_frws/src/install/xarm_planner/lib/xarm_planner/test_xarm_planner_client_pose
[26.875s] -- Set runtime path of "/root/ros2_frws/src/install/xarm_planner/lib/xarm_planner/test_xarm_planner_client_pose" to ""
[26.876s] -- Installing: /root/ros2_frws/src/install/xarm_planner/lib/xarm_planner/test_xarm_gripper_planner_client_joint
[26.880s] -- Set runtime path of "/root/ros2_frws/src/install/xarm_planner/lib/xarm_planner/test_xarm_gripper_planner_client_joint" to ""
[26.881s] -- Installing: /root/ros2_frws/src/install/xarm_planner/lib/xarm_planner/test_lite_gripper_realmove
[26.883s] -- Set runtime path of "/root/ros2_frws/src/install/xarm_planner/lib/xarm_planner/test_lite_gripper_realmove" to ""
[26.883s] -- Up-to-date: /root/ros2_frws/src/install/xarm_planner/share/xarm_planner//launch
[26.883s] -- Installing: /root/ros2_frws/src/install/xarm_planner/share/xarm_planner//launch/test_xarm_gripper_planner_api_joint.launch.py
[26.883s] -- Installing: /root/ros2_frws/src/install/xarm_planner/share/xarm_planner//launch/xarm7_planner_gazebo.launch.py
[26.884s] -- Installing: /root/ros2_frws/src/install/xarm_planner/share/xarm_planner//launch/lite6_planner_fake.launch.py
[26.884s] -- Installing: /root/ros2_frws/src/install/xarm_planner/share/xarm_planner//launch/xarm7_mirror_planner_gazebo.launch.py
[26.885s] -- Installing: /root/ros2_frws/src/install/xarm_planner/share/xarm_planner//launch/xarm5_planner_fake.launch.py
[26.885s] -- Installing: /root/ros2_frws/src/install/xarm_planner/share/xarm_planner//launch/test_move_group.launch.py
[26.886s] -- Installing: /root/ros2_frws/src/install/xarm_planner/share/xarm_planner//launch/test_dual_xarm_planner_api_joint.launch.py
[26.886s] -- Installing: /root/ros2_frws/src/install/xarm_planner/share/xarm_planner//launch/uf850_planner_realmove.launch.py
[26.887s] -- Installing: /root/ros2_frws/src/install/xarm_planner/share/xarm_planner//launch/test_xarm_planner_client_joint.launch.py
[26.887s] -- Installing: /root/ros2_frws/src/install/xarm_planner/share/xarm_planner//launch/lite6_planner_gazebo.launch.py
[26.887s] -- Installing: /root/ros2_frws/src/install/xarm_planner/share/xarm_planner//launch/test_xarm_planner_api_pose.launch.py
[26.888s] -- Installing: /root/ros2_frws/src/install/xarm_planner/share/xarm_planner//launch/_dual_robot_planner.launch.py
[26.888s] -- Installing: /root/ros2_frws/src/install/xarm_planner/share/xarm_planner//launch/xarm6_planner_gazebo.launch.py
[26.889s] -- Installing: /root/ros2_frws/src/install/xarm_planner/share/xarm_planner//launch/xarm7_planner_fake.launch.py
[26.889s] -- Installing: /root/ros2_frws/src/install/xarm_planner/share/xarm_planner//launch/test_xarm_planner_api_joint.launch.py
[26.889s] -- Installing: /root/ros2_frws/src/install/xarm_planner/share/xarm_planner//launch/xarm6_planner_fake.launch.py
[26.889s] -- Installing: /root/ros2_frws/src/install/xarm_planner/share/xarm_planner//launch/xarm6_planner_realmove.launch.py
[26.890s] -- Installing: /root/ros2_frws/src/install/xarm_planner/share/xarm_planner//launch/xarm7_mirror_planner_realmove.launch.py
[26.890s] -- Installing: /root/ros2_frws/src/install/xarm_planner/share/xarm_planner//launch/uf850_planner_gazebo.launch.py
[26.891s] -- Installing: /root/ros2_frws/src/install/xarm_planner/share/xarm_planner//launch/test_lite_gripper_realmove.launch.py
[26.891s] -- Installing: /root/ros2_frws/src/install/xarm_planner/share/xarm_planner//launch/uf850_planner_fake.launch.py
[26.891s] -- Installing: /root/ros2_frws/src/install/xarm_planner/share/xarm_planner//launch/test_xarm_planner_client_pose.launch.py
[26.892s] -- Installing: /root/ros2_frws/src/install/xarm_planner/share/xarm_planner//launch/xarm5_planner_realmove.launch.py
[26.892s] -- Installing: /root/ros2_frws/src/install/xarm_planner/share/xarm_planner//launch/xarm5_planner_gazebo.launch.py
[26.892s] -- Installing: /root/ros2_frws/src/install/xarm_planner/share/xarm_planner//launch/xarm7_mirror_planner_fake.launch.py
[26.893s] -- Installing: /root/ros2_frws/src/install/xarm_planner/share/xarm_planner//launch/_robot_planner.launch.py
[26.893s] -- Installing: /root/ros2_frws/src/install/xarm_planner/share/xarm_planner//launch/xarm7_planner_realmove.launch.py
[26.894s] -- Installing: /root/ros2_frws/src/install/xarm_planner/share/xarm_planner//launch/lite6_planner_realmove.launch.py
[26.894s] -- Installing: /root/ros2_frws/src/install/xarm_planner/share/xarm_planner//launch/test_xarm_gripper_planner_client_joint.launch.py
[26.895s] -- Up-to-date: /root/ros2_frws/src/install/xarm_planner/share/ament_index/resource_index/package_run_dependencies/xarm_planner
[26.896s] -- Installing: /root/ros2_frws/src/install/xarm_planner/share/ament_index/resource_index/parent_prefix_path/xarm_planner
[26.898s] -- Up-to-date: /root/ros2_frws/src/install/xarm_planner/share/xarm_planner/environment/ament_prefix_path.sh
[26.898s] -- Installing: /root/ros2_frws/src/install/xarm_planner/share/xarm_planner/environment/ament_prefix_path.dsv
[26.899s] -- Up-to-date: /root/ros2_frws/src/install/xarm_planner/share/xarm_planner/environment/path.sh
[26.899s] -- Installing: /root/ros2_frws/src/install/xarm_planner/share/xarm_planner/environment/path.dsv
[26.899s] -- Up-to-date: /root/ros2_frws/src/install/xarm_planner/share/xarm_planner/local_setup.bash
[26.899s] -- Up-to-date: /root/ros2_frws/src/install/xarm_planner/share/xarm_planner/local_setup.sh
[26.900s] -- Up-to-date: /root/ros2_frws/src/install/xarm_planner/share/xarm_planner/local_setup.zsh
[26.900s] -- Installing: /root/ros2_frws/src/install/xarm_planner/share/xarm_planner/local_setup.dsv
[26.900s] -- Installing: /root/ros2_frws/src/install/xarm_planner/share/xarm_planner/package.dsv
[26.901s] -- Up-to-date: /root/ros2_frws/src/install/xarm_planner/share/ament_index/resource_index/packages/xarm_planner
[26.902s] -- Up-to-date: /root/ros2_frws/src/install/xarm_planner/share/xarm_planner/cmake/xarm_plannerConfig.cmake
[26.902s] -- Up-to-date: /root/ros2_frws/src/install/xarm_planner/share/xarm_planner/cmake/xarm_plannerConfig-version.cmake
[26.902s] -- Installing: /root/ros2_frws/src/install/xarm_planner/share/xarm_planner/package.xml
[26.906s] Invoked command in '/root/ros2_frws/src/build/xarm_planner' returned '0': AMENT_PREFIX_PATH=/root/ros2_frws/src/install/xarm_moveit_config:/root/ros2_frws/src/install/xarm_gazebo:/root/ros2_frws/src/install/xarm_controller:/root/ros2_frws/src/install/xarm_api:/root/ros2_frws/src/install/xarm_sdk:/root/ros2_frws/src/install/xarm_msgs:/root/ros2_frws/src/install/xarm_description:${AMENT_PREFIX_PATH} CMAKE_PREFIX_PATH=/root/ros2_frws/src/install/xarm_moveit_config:/root/ros2_frws/src/install/xarm_gazebo:/root/ros2_frws/src/install/xarm_controller:/root/ros2_frws/src/install/xarm_api:/root/ros2_frws/src/install/xarm_sdk:/root/ros2_frws/src/install/xarm_msgs:/root/ros2_frws/src/install/xarm_description:/root/ros2_frws/install/xarm_planner:/root/ros2_frws/install/xarm_moveit_servo:/root/ros2_frws/install/xarm_moveit_config:/root/ros2_frws/install/xarm_gazebo:/root/ros2_frws/install/xarm_controller:/root/ros2_frws/install/xarm_api:/root/ros2_frws/install/xarm_sdk:/root/ros2_frws/install/xarm_msgs:/root/ros2_frws/install/xarm_description:/root/ros2_frws/install/tutorial_interfaces:/root/ros2_frws/install/realsense_gazebo_plugin:/root/ros2_frws/install/my_msg_interfaces:/root/ros2_frws/install/moveit_resources_prbt_support:/root/ros2_frws/install/moveit_resources:/root/ros2_frws/install/moveit_resources_pr2_description:/root/ros2_frws/install/moveit_resources_panda_moveit_config:/root/ros2_frws/install/moveit_resources_panda_description:/root/ros2_frws/install/moveit_resources_fanuc_moveit_config:/root/ros2_frws/install/moveit_resources_fanuc_description:/root/ros2_frws/install/moveit_common:/root/ros2_frws/install/challenge_2:/root/ros2_frws/install/moveit_configs_utils:/root/ros2_frws/install/course_works:/root/ros2_frws/install/basic_comms_params:/root/ros2_frws/install/basic_comms_param:/root/ros2_frws/install/basic_comms:/opt/ros/humble LD_LIBRARY_PATH=/root/ros2_frws/src/install/xarm_gazebo/lib:/root/ros2_frws/src/install/xarm_controller/lib:/root/ros2_frws/src/install/xarm_api/lib:/root/ros2_frws/src/install/xarm_sdk/lib:/root/ros2_frws/src/install/xarm_msgs/lib:${LD_LIBRARY_PATH} PYTHONPATH=/root/ros2_frws/src/install/xarm_msgs/local/lib/python3.10/dist-packages:${PYTHONPATH} /usr/bin/cmake --install /root/ros2_frws/src/build/xarm_planner
