[0.082s] Invoking command in '/root/ros2_frws/src/build/xarm_gazebo': AMENT_PREFIX_PATH=/root/ros2_frws/src/install/xarm_controller:/root/ros2_frws/src/install/xarm_api:/root/ros2_frws/src/install/xarm_sdk:/root/ros2_frws/src/install/xarm_msgs:/root/ros2_frws/src/install/xarm_description:${AMENT_PREFIX_PATH} CMAKE_PREFIX_PATH=/root/ros2_frws/src/install/xarm_controller:/root/ros2_frws/src/install/xarm_api:/root/ros2_frws/src/install/xarm_sdk:/root/ros2_frws/src/install/xarm_msgs:/root/ros2_frws/src/install/xarm_description:/root/ros2_frws/install/xarm_planner:/root/ros2_frws/install/xarm_moveit_servo:/root/ros2_frws/install/xarm_moveit_config:/root/ros2_frws/install/xarm_gazebo:/root/ros2_frws/install/xarm_controller:/root/ros2_frws/install/xarm_api:/root/ros2_frws/install/xarm_sdk:/root/ros2_frws/install/xarm_msgs:/root/ros2_frws/install/xarm_description:/root/ros2_frws/install/realsense_gazebo_plugin:/root/ros2_frws/install/course_works:/root/ros2_frws/install/challenge_2:/root/ros2_frws/install/basic_comms_params:/root/ros2_frws/install/basic_comms_param:/root/ros2_frws/install/basic_comms:/opt/ros/humble LD_LIBRARY_PATH=/root/ros2_frws/src/install/xarm_controller/lib:/root/ros2_frws/src/install/xarm_api/lib:/root/ros2_frws/src/install/xarm_sdk/lib:/root/ros2_frws/src/install/xarm_msgs/lib:${LD_LIBRARY_PATH} PYTHONPATH=/root/ros2_frws/src/install/xarm_msgs/local/lib/python3.10/dist-packages:${PYTHONPATH} /usr/bin/cmake /root/ros2_frws/src/xarm_ros2/xarm_gazebo -DCMAKE_INSTALL_PREFIX=/root/ros2_frws/src/install/xarm_gazebo
[0.138s] -- The C compiler identification is GNU 11.4.0
[0.190s] -- The CXX compiler identification is GNU 11.4.0
[0.197s] -- Detecting C compiler ABI info
[0.266s] -- Detecting C compiler ABI info - done
[0.275s] -- Check for working C compiler: /usr/bin/cc - skipped
[0.275s] -- Detecting C compile features
[0.275s] -- Detecting C compile features - done
[0.279s] -- Detecting CXX compiler ABI info
[0.358s] -- Detecting CXX compiler ABI info - done
[0.366s] -- Check for working CXX compiler: /usr/bin/c++ - skipped
[0.366s] -- Detecting CXX compile features
[0.366s] -- Detecting CXX compile features - done
[0.374s] -- Found ament_cmake: 1.3.8 (/opt/ros/humble/share/ament_cmake/cmake)
[0.766s] -- Found Python3: /usr/bin/python3 (found version "3.10.12") found components: Interpreter 
[0.931s] -- Found rclcpp: 16.0.8 (/opt/ros/humble/share/rclcpp/cmake)
[1.020s] -- Found rosidl_generator_c: 3.1.5 (/opt/ros/humble/share/rosidl_generator_c/cmake)
[1.031s] -- Found rosidl_adapter: 3.1.5 (/opt/ros/humble/share/rosidl_adapter/cmake)
[1.046s] -- Found rosidl_generator_cpp: 3.1.5 (/opt/ros/humble/share/rosidl_generator_cpp/cmake)
[1.069s] -- Using all available rosidl_typesupport_c: rosidl_typesupport_fastrtps_c;rosidl_typesupport_introspection_c
[1.102s] -- Using all available rosidl_typesupport_cpp: rosidl_typesupport_fastrtps_cpp;rosidl_typesupport_introspection_cpp
[1.206s] -- Found rmw_implementation_cmake: 6.1.1 (/opt/ros/humble/share/rmw_implementation_cmake/cmake)
[1.212s] -- Found rmw_fastrtps_cpp: 6.2.6 (/opt/ros/humble/share/rmw_fastrtps_cpp/cmake)
[1.334s] -- Found OpenSSL: /usr/lib/x86_64-linux-gnu/libcrypto.so (found version "3.0.2")  
[1.373s] -- Found FastRTPS: /opt/ros/humble/include  
[1.438s] -- Using RMW implementation 'rmw_fastrtps_cpp' as default
[1.456s] -- Looking for pthread.h
[1.541s] -- Looking for pthread.h - found
[1.541s] -- Performing Test CMAKE_HAVE_LIBC_PTHREAD
[1.619s] -- Performing Test CMAKE_HAVE_LIBC_PTHREAD - Success
[1.620s] -- Found Threads: TRUE  
[1.790s] -- Found control_toolbox: 3.2.0 (/opt/ros/humble/share/control_toolbox/cmake)
[2.424s] -- Found parameter_traits: 0.3.7 (/opt/ros/humble/share/parameter_traits/cmake)
[2.485s] -- Found rclcpp_lifecycle: 16.0.8 (/opt/ros/humble/share/rclcpp_lifecycle/cmake)
[2.610s] -- Found controller_manager: 2.39.1 (/opt/ros/humble/share/controller_manager/cmake)
[3.259s] -- Found gazebo_ros: 3.7.0 (/opt/ros/humble/share/gazebo_ros/cmake)
[3.290s] -- Found PkgConfig: /usr/bin/pkg-config (found version "0.29.2") 
[3.291s] -- Checking for module 'bullet>=2.82'
[3.307s] --   Found bullet, version 3.05
[3.445s] -- Found fcl: /usr/include (found suitable version "0.7.0", minimum required is "0.5.0") 
[3.508s] -- Found assimp: /usr/include (found version "5.2.0") 
[3.560s] -- Found DART: /usr/include (Required is at least version "6.6") found components: dart 
[3.637s] -- Found Boost: /usr/lib/x86_64-linux-gnu/cmake/Boost-1.74.0/BoostConfig.cmake (found suitable version "1.74.0", minimum required is "1.40.0") found components: thread system filesystem program_options regex iostreams date_time 
[3.669s] -- Found Protobuf: /usr/lib/x86_64-linux-gnu/libprotobuf.so (found version "3.12.4") 
[3.688s] -- Looking for ignition-math6 -- found version 6.15.1
[3.710s] -- Searching for dependencies of ignition-math6
[3.716s] -- Looking for OGRE...
[3.717s] -- OGRE_PREFIX_WATCH changed.
[3.722s] -- Checking for module 'OGRE'
[3.740s] --   Found OGRE, version 1.9.0
[3.781s] -- Found Ogre Ghadamon (1.9.0)
[3.791s] -- Found OGRE: optimized;/usr/lib/x86_64-linux-gnu/libOgreMain.so;debug;/usr/lib/x86_64-linux-gnu/libOgreMain.so
[3.801s] -- Looking for OGRE_Paging...
[3.812s] -- Found OGRE_Paging: optimized;/usr/lib/x86_64-linux-gnu/libOgrePaging.so;debug;/usr/lib/x86_64-linux-gnu/libOgrePaging.so
[3.812s] -- Looking for OGRE_Terrain...
[3.822s] -- Found OGRE_Terrain: optimized;/usr/lib/x86_64-linux-gnu/libOgreTerrain.so;debug;/usr/lib/x86_64-linux-gnu/libOgreTerrain.so
[3.822s] -- Looking for OGRE_Property...
[3.832s] -- Found OGRE_Property: optimized;/usr/lib/x86_64-linux-gnu/libOgreProperty.so;debug;/usr/lib/x86_64-linux-gnu/libOgreProperty.so
[3.832s] -- Looking for OGRE_RTShaderSystem...
[3.843s] -- Found OGRE_RTShaderSystem: optimized;/usr/lib/x86_64-linux-gnu/libOgreRTShaderSystem.so;debug;/usr/lib/x86_64-linux-gnu/libOgreRTShaderSystem.so
[3.843s] -- Looking for OGRE_Volume...
[3.852s] -- Found OGRE_Volume: optimized;/usr/lib/x86_64-linux-gnu/libOgreVolume.so;debug;/usr/lib/x86_64-linux-gnu/libOgreVolume.so
[3.852s] -- Looking for OGRE_Overlay...
[3.862s] -- Found OGRE_Overlay: optimized;/usr/lib/x86_64-linux-gnu/libOgreOverlay.so;debug;/usr/lib/x86_64-linux-gnu/libOgreOverlay.so
[4.072s] -- Looking for ignition-math6 -- found version 6.15.1
[4.082s] -- Looking for ignition-transport8 -- found version 8.2.1
[4.083s] -- Searching for dependencies of ignition-transport8
[4.115s] -- Found Protobuf: /usr/lib/x86_64-linux-gnu/libprotobuf.so (found suitable version "3.12.4", minimum required is "3") 
[4.144s] -- Config-file not installed for ZeroMQ -- checking for pkg-config
[4.151s] -- Checking for module 'libzmq >= 4'
[4.174s] --   Found libzmq , version 4.3.4
[4.220s] -- Found ZeroMQ: TRUE (Required is at least version "4") 
[4.229s] -- Checking for module 'uuid'
[4.243s] --   Found uuid, version 2.37.2
[4.281s] -- Found UUID: TRUE  
[4.290s] -- Looking for ignition-msgs5 -- found version 5.8.1
[4.291s] -- Searching for dependencies of ignition-msgs5
[4.322s] -- Looking for ignition-math6 -- found version 6.15.1
[4.328s] -- Checking for module 'tinyxml2'
[4.346s] --   Found tinyxml2, version 9.0.0
[4.387s] -- Looking for ignition-msgs5 -- found version 5.8.1
[4.397s] -- Looking for ignition-common3 -- found version 3.14.0
[4.397s] -- Searching for dependencies of ignition-common3
[4.398s] -- Looking for dlfcn.h - found
[4.400s] -- Looking for libdl - found
[4.401s] -- Found DL: TRUE  
[4.423s] -- Found tinyobjloader: /usr/lib/x86_64-linux-gnu/cmake/tinyobjloader/tinyobjloader-config.cmake (found version "2.0.0") 
[4.424s] -- Searching for <ignition-common3> component [graphics]
[4.432s] -- Looking for ignition-common3-graphics -- found version 3.14.0
[4.433s] -- Searching for dependencies of ignition-common3-graphics
[4.433s] -- Looking for ignition-math6 -- found version 6.15.1
[4.443s] -- Looking for ignition-fuel_tools4 -- found version 4.4.0
[4.444s] -- Searching for dependencies of ignition-fuel_tools4
[4.544s] -- Found CURL: /usr/lib/x86_64-linux-gnu/libcurl.so (found version "7.81.0")  
[4.562s] -- Checking for module 'jsoncpp'
[4.575s] --   Found jsoncpp, version 1.9.5
[4.614s] -- Found JSONCPP: TRUE  
[4.622s] -- Checking for module 'libzip'
[4.638s] --   Found libzip, version 1.7.3
[4.675s] -- Found ZIP: TRUE  
[4.676s] -- Looking for ignition-common3 -- found version 3.14.0
[4.676s] -- Looking for ignition-math6 -- found version 6.15.1
[4.676s] -- Looking for ignition-msgs5 -- found version 5.8.1
[4.688s] -- Gazebo version: 11.10
[4.689s] -- Checking for module 'tbb'
[4.708s] --   Found tbb, version 2021.5.0
[4.750s] -- Found ament_lint_auto: 0.12.10 (/opt/ros/humble/share/ament_lint_auto/cmake)
[5.172s] -- Added test 'copyright' to check source files copyright and LICENSE
[5.174s] -- Added test 'cppcheck' to perform static code analysis on C / C++ code
[5.175s] -- Configured cppcheck include dirs: /root/ros2_frws/src/xarm_ros2/xarm_gazebo/include
[5.175s] -- Configured cppcheck exclude dirs and/or files: 
[5.177s] -- Added test 'cpplint' to check C / C++ code against the Google style
[5.177s] -- Configured cpplint exclude dirs and/or files: 
[5.178s] -- Added test 'flake8' to check Python code syntax and style conventions
[5.180s] -- Added test 'lint_cmake' to check CMake code style
[5.181s] -- Added test 'pep257' to check Python code against some of the docstring style conventions in PEP 257
[5.183s] -- Added test 'uncrustify' to check C / C++ code style
[5.183s] -- Configured uncrustify additional arguments: 
[5.184s] -- Added test 'xmllint' to check XML markup files
[5.186s] -- Configuring done
[5.240s] -- Generating done
[5.242s] -- Build files have been written to: /root/ros2_frws/src/build/xarm_gazebo
[5.260s] Invoked command in '/root/ros2_frws/src/build/xarm_gazebo' returned '0': AMENT_PREFIX_PATH=/root/ros2_frws/src/install/xarm_controller:/root/ros2_frws/src/install/xarm_api:/root/ros2_frws/src/install/xarm_sdk:/root/ros2_frws/src/install/xarm_msgs:/root/ros2_frws/src/install/xarm_description:${AMENT_PREFIX_PATH} CMAKE_PREFIX_PATH=/root/ros2_frws/src/install/xarm_controller:/root/ros2_frws/src/install/xarm_api:/root/ros2_frws/src/install/xarm_sdk:/root/ros2_frws/src/install/xarm_msgs:/root/ros2_frws/src/install/xarm_description:/root/ros2_frws/install/xarm_planner:/root/ros2_frws/install/xarm_moveit_servo:/root/ros2_frws/install/xarm_moveit_config:/root/ros2_frws/install/xarm_gazebo:/root/ros2_frws/install/xarm_controller:/root/ros2_frws/install/xarm_api:/root/ros2_frws/install/xarm_sdk:/root/ros2_frws/install/xarm_msgs:/root/ros2_frws/install/xarm_description:/root/ros2_frws/install/realsense_gazebo_plugin:/root/ros2_frws/install/course_works:/root/ros2_frws/install/challenge_2:/root/ros2_frws/install/basic_comms_params:/root/ros2_frws/install/basic_comms_param:/root/ros2_frws/install/basic_comms:/opt/ros/humble LD_LIBRARY_PATH=/root/ros2_frws/src/install/xarm_controller/lib:/root/ros2_frws/src/install/xarm_api/lib:/root/ros2_frws/src/install/xarm_sdk/lib:/root/ros2_frws/src/install/xarm_msgs/lib:${LD_LIBRARY_PATH} PYTHONPATH=/root/ros2_frws/src/install/xarm_msgs/local/lib/python3.10/dist-packages:${PYTHONPATH} /usr/bin/cmake /root/ros2_frws/src/xarm_ros2/xarm_gazebo -DCMAKE_INSTALL_PREFIX=/root/ros2_frws/src/install/xarm_gazebo
[5.263s] Invoking command in '/root/ros2_frws/src/build/xarm_gazebo': AMENT_PREFIX_PATH=/root/ros2_frws/src/install/xarm_controller:/root/ros2_frws/src/install/xarm_api:/root/ros2_frws/src/install/xarm_sdk:/root/ros2_frws/src/install/xarm_msgs:/root/ros2_frws/src/install/xarm_description:${AMENT_PREFIX_PATH} CMAKE_PREFIX_PATH=/root/ros2_frws/src/install/xarm_controller:/root/ros2_frws/src/install/xarm_api:/root/ros2_frws/src/install/xarm_sdk:/root/ros2_frws/src/install/xarm_msgs:/root/ros2_frws/src/install/xarm_description:/root/ros2_frws/install/xarm_planner:/root/ros2_frws/install/xarm_moveit_servo:/root/ros2_frws/install/xarm_moveit_config:/root/ros2_frws/install/xarm_gazebo:/root/ros2_frws/install/xarm_controller:/root/ros2_frws/install/xarm_api:/root/ros2_frws/install/xarm_sdk:/root/ros2_frws/install/xarm_msgs:/root/ros2_frws/install/xarm_description:/root/ros2_frws/install/realsense_gazebo_plugin:/root/ros2_frws/install/course_works:/root/ros2_frws/install/challenge_2:/root/ros2_frws/install/basic_comms_params:/root/ros2_frws/install/basic_comms_param:/root/ros2_frws/install/basic_comms:/opt/ros/humble LD_LIBRARY_PATH=/root/ros2_frws/src/install/xarm_controller/lib:/root/ros2_frws/src/install/xarm_api/lib:/root/ros2_frws/src/install/xarm_sdk/lib:/root/ros2_frws/src/install/xarm_msgs/lib:${LD_LIBRARY_PATH} PYTHONPATH=/root/ros2_frws/src/install/xarm_msgs/local/lib/python3.10/dist-packages:${PYTHONPATH} /usr/bin/cmake --build /root/ros2_frws/src/build/xarm_gazebo -- -j16 -l16
[5.326s] [ 50%] [32mBuilding CXX object CMakeFiles/gazebo_mimic_joint_plugin.dir/src/mimic_joint_plugin.cpp.o[0m
[20.734s] [100%] [32m[1mLinking CXX shared library libgazebo_mimic_joint_plugin.so[0m
[21.216s] [100%] Built target gazebo_mimic_joint_plugin
[21.234s] Invoked command in '/root/ros2_frws/src/build/xarm_gazebo' returned '0': AMENT_PREFIX_PATH=/root/ros2_frws/src/install/xarm_controller:/root/ros2_frws/src/install/xarm_api:/root/ros2_frws/src/install/xarm_sdk:/root/ros2_frws/src/install/xarm_msgs:/root/ros2_frws/src/install/xarm_description:${AMENT_PREFIX_PATH} CMAKE_PREFIX_PATH=/root/ros2_frws/src/install/xarm_controller:/root/ros2_frws/src/install/xarm_api:/root/ros2_frws/src/install/xarm_sdk:/root/ros2_frws/src/install/xarm_msgs:/root/ros2_frws/src/install/xarm_description:/root/ros2_frws/install/xarm_planner:/root/ros2_frws/install/xarm_moveit_servo:/root/ros2_frws/install/xarm_moveit_config:/root/ros2_frws/install/xarm_gazebo:/root/ros2_frws/install/xarm_controller:/root/ros2_frws/install/xarm_api:/root/ros2_frws/install/xarm_sdk:/root/ros2_frws/install/xarm_msgs:/root/ros2_frws/install/xarm_description:/root/ros2_frws/install/realsense_gazebo_plugin:/root/ros2_frws/install/course_works:/root/ros2_frws/install/challenge_2:/root/ros2_frws/install/basic_comms_params:/root/ros2_frws/install/basic_comms_param:/root/ros2_frws/install/basic_comms:/opt/ros/humble LD_LIBRARY_PATH=/root/ros2_frws/src/install/xarm_controller/lib:/root/ros2_frws/src/install/xarm_api/lib:/root/ros2_frws/src/install/xarm_sdk/lib:/root/ros2_frws/src/install/xarm_msgs/lib:${LD_LIBRARY_PATH} PYTHONPATH=/root/ros2_frws/src/install/xarm_msgs/local/lib/python3.10/dist-packages:${PYTHONPATH} /usr/bin/cmake --build /root/ros2_frws/src/build/xarm_gazebo -- -j16 -l16
[21.262s] Invoking command in '/root/ros2_frws/src/build/xarm_gazebo': AMENT_PREFIX_PATH=/root/ros2_frws/src/install/xarm_controller:/root/ros2_frws/src/install/xarm_api:/root/ros2_frws/src/install/xarm_sdk:/root/ros2_frws/src/install/xarm_msgs:/root/ros2_frws/src/install/xarm_description:${AMENT_PREFIX_PATH} CMAKE_PREFIX_PATH=/root/ros2_frws/src/install/xarm_controller:/root/ros2_frws/src/install/xarm_api:/root/ros2_frws/src/install/xarm_sdk:/root/ros2_frws/src/install/xarm_msgs:/root/ros2_frws/src/install/xarm_description:/root/ros2_frws/install/xarm_planner:/root/ros2_frws/install/xarm_moveit_servo:/root/ros2_frws/install/xarm_moveit_config:/root/ros2_frws/install/xarm_gazebo:/root/ros2_frws/install/xarm_controller:/root/ros2_frws/install/xarm_api:/root/ros2_frws/install/xarm_sdk:/root/ros2_frws/install/xarm_msgs:/root/ros2_frws/install/xarm_description:/root/ros2_frws/install/realsense_gazebo_plugin:/root/ros2_frws/install/course_works:/root/ros2_frws/install/challenge_2:/root/ros2_frws/install/basic_comms_params:/root/ros2_frws/install/basic_comms_param:/root/ros2_frws/install/basic_comms:/opt/ros/humble LD_LIBRARY_PATH=/root/ros2_frws/src/install/xarm_controller/lib:/root/ros2_frws/src/install/xarm_api/lib:/root/ros2_frws/src/install/xarm_sdk/lib:/root/ros2_frws/src/install/xarm_msgs/lib:${LD_LIBRARY_PATH} PYTHONPATH=/root/ros2_frws/src/install/xarm_msgs/local/lib/python3.10/dist-packages:${PYTHONPATH} /usr/bin/cmake --install /root/ros2_frws/src/build/xarm_gazebo
[21.268s] -- Install configuration: ""
[21.269s] -- Installing: /root/ros2_frws/src/install/xarm_gazebo/include
[21.269s] -- Installing: /root/ros2_frws/src/install/xarm_gazebo/include/xarm_gazebo
[21.270s] -- Installing: /root/ros2_frws/src/install/xarm_gazebo/include/xarm_gazebo/mimic_joint_plugin.h
[21.271s] -- Installing: /root/ros2_frws/src/install/xarm_gazebo/lib/libgazebo_mimic_joint_plugin.so
[21.273s] -- Set runtime path of "/root/ros2_frws/src/install/xarm_gazebo/lib/libgazebo_mimic_joint_plugin.so" to ""
[21.273s] -- Installing: /root/ros2_frws/src/install/xarm_gazebo/share/xarm_gazebo//worlds
[21.275s] -- Installing: /root/ros2_frws/src/install/xarm_gazebo/share/xarm_gazebo//worlds/table.world
[21.275s] -- Installing: /root/ros2_frws/src/install/xarm_gazebo/share/xarm_gazebo//launch
[21.275s] -- Installing: /root/ros2_frws/src/install/xarm_gazebo/share/xarm_gazebo//launch/xarm7_mirror_beside_table_gazebo.launch.py
[21.276s] -- Installing: /root/ros2_frws/src/install/xarm_gazebo/share/xarm_gazebo//launch/_dual_robot_beside_table_gazebo.launch.py
[21.276s] -- Installing: /root/ros2_frws/src/install/xarm_gazebo/share/xarm_gazebo//launch/uf850_beside_table_gazebo.launch.py
[21.276s] -- Installing: /root/ros2_frws/src/install/xarm_gazebo/share/xarm_gazebo//launch/xarm5_beside_table_gazebo.launch.py
[21.276s] -- Installing: /root/ros2_frws/src/install/xarm_gazebo/share/xarm_gazebo//launch/lite6_beside_table_gazebo.launch.py
[21.276s] -- Installing: /root/ros2_frws/src/install/xarm_gazebo/share/xarm_gazebo//launch/xarm7_beside_table_gazebo.launch.py
[21.276s] -- Installing: /root/ros2_frws/src/install/xarm_gazebo/share/xarm_gazebo//launch/xarm6_beside_table_gazebo.launch.py
[21.276s] -- Installing: /root/ros2_frws/src/install/xarm_gazebo/share/xarm_gazebo//launch/_robot_beside_table_gazebo.launch.py
[21.277s] -- Installing: /root/ros2_frws/src/install/xarm_gazebo/share/ament_index/resource_index/package_run_dependencies/xarm_gazebo
[21.278s] -- Installing: /root/ros2_frws/src/install/xarm_gazebo/share/ament_index/resource_index/parent_prefix_path/xarm_gazebo
[21.279s] -- Installing: /root/ros2_frws/src/install/xarm_gazebo/share/xarm_gazebo/environment/ament_prefix_path.sh
[21.280s] -- Installing: /root/ros2_frws/src/install/xarm_gazebo/share/xarm_gazebo/environment/ament_prefix_path.dsv
[21.280s] -- Installing: /root/ros2_frws/src/install/xarm_gazebo/share/xarm_gazebo/environment/path.sh
[21.280s] -- Installing: /root/ros2_frws/src/install/xarm_gazebo/share/xarm_gazebo/environment/path.dsv
[21.280s] -- Installing: /root/ros2_frws/src/install/xarm_gazebo/share/xarm_gazebo/local_setup.bash
[21.280s] -- Installing: /root/ros2_frws/src/install/xarm_gazebo/share/xarm_gazebo/local_setup.sh
[21.280s] -- Installing: /root/ros2_frws/src/install/xarm_gazebo/share/xarm_gazebo/local_setup.zsh
[21.280s] -- Installing: /root/ros2_frws/src/install/xarm_gazebo/share/xarm_gazebo/local_setup.dsv
[21.281s] -- Installing: /root/ros2_frws/src/install/xarm_gazebo/share/xarm_gazebo/package.dsv
[21.282s] -- Installing: /root/ros2_frws/src/install/xarm_gazebo/share/ament_index/resource_index/packages/xarm_gazebo
[21.282s] -- Installing: /root/ros2_frws/src/install/xarm_gazebo/share/xarm_gazebo/cmake/xarm_gazeboConfig.cmake
[21.283s] -- Installing: /root/ros2_frws/src/install/xarm_gazebo/share/xarm_gazebo/cmake/xarm_gazeboConfig-version.cmake
[21.283s] -- Installing: /root/ros2_frws/src/install/xarm_gazebo/share/xarm_gazebo/package.xml
[21.286s] Invoked command in '/root/ros2_frws/src/build/xarm_gazebo' returned '0': AMENT_PREFIX_PATH=/root/ros2_frws/src/install/xarm_controller:/root/ros2_frws/src/install/xarm_api:/root/ros2_frws/src/install/xarm_sdk:/root/ros2_frws/src/install/xarm_msgs:/root/ros2_frws/src/install/xarm_description:${AMENT_PREFIX_PATH} CMAKE_PREFIX_PATH=/root/ros2_frws/src/install/xarm_controller:/root/ros2_frws/src/install/xarm_api:/root/ros2_frws/src/install/xarm_sdk:/root/ros2_frws/src/install/xarm_msgs:/root/ros2_frws/src/install/xarm_description:/root/ros2_frws/install/xarm_planner:/root/ros2_frws/install/xarm_moveit_servo:/root/ros2_frws/install/xarm_moveit_config:/root/ros2_frws/install/xarm_gazebo:/root/ros2_frws/install/xarm_controller:/root/ros2_frws/install/xarm_api:/root/ros2_frws/install/xarm_sdk:/root/ros2_frws/install/xarm_msgs:/root/ros2_frws/install/xarm_description:/root/ros2_frws/install/realsense_gazebo_plugin:/root/ros2_frws/install/course_works:/root/ros2_frws/install/challenge_2:/root/ros2_frws/install/basic_comms_params:/root/ros2_frws/install/basic_comms_param:/root/ros2_frws/install/basic_comms:/opt/ros/humble LD_LIBRARY_PATH=/root/ros2_frws/src/install/xarm_controller/lib:/root/ros2_frws/src/install/xarm_api/lib:/root/ros2_frws/src/install/xarm_sdk/lib:/root/ros2_frws/src/install/xarm_msgs/lib:${LD_LIBRARY_PATH} PYTHONPATH=/root/ros2_frws/src/install/xarm_msgs/local/lib/python3.10/dist-packages:${PYTHONPATH} /usr/bin/cmake --install /root/ros2_frws/src/build/xarm_gazebo
