[0.091s] Invoking command in '/root/ros2_frws/src/build/xarm_controller': AMENT_PREFIX_PATH=/root/ros2_frws/src/install/xarm_api:/root/ros2_frws/src/install/xarm_sdk:/root/ros2_frws/src/install/xarm_msgs:/root/ros2_frws/src/install/xarm_description:${AMENT_PREFIX_PATH} CMAKE_PREFIX_PATH=/root/ros2_frws/src/install/xarm_api:/root/ros2_frws/src/install/xarm_sdk:/root/ros2_frws/src/install/xarm_msgs:/root/ros2_frws/src/install/xarm_description:/root/ros2_frws/install/xarm_planner:/root/ros2_frws/install/xarm_moveit_servo:/root/ros2_frws/install/xarm_moveit_config:/root/ros2_frws/install/xarm_gazebo:/root/ros2_frws/install/xarm_controller:/root/ros2_frws/install/xarm_api:/root/ros2_frws/install/xarm_sdk:/root/ros2_frws/install/xarm_msgs:/root/ros2_frws/install/xarm_description:/root/ros2_frws/install/realsense_gazebo_plugin:/root/ros2_frws/install/course_works:/root/ros2_frws/install/challenge_2:/root/ros2_frws/install/basic_comms_params:/root/ros2_frws/install/basic_comms_param:/root/ros2_frws/install/basic_comms:/opt/ros/humble LD_LIBRARY_PATH=/root/ros2_frws/src/install/xarm_api/lib:/root/ros2_frws/src/install/xarm_sdk/lib:/root/ros2_frws/src/install/xarm_msgs/lib:${LD_LIBRARY_PATH} PYTHONPATH=/root/ros2_frws/src/install/xarm_msgs/local/lib/python3.10/dist-packages:${PYTHONPATH} /usr/bin/cmake /root/ros2_frws/src/xarm_ros2/xarm_controller -DCMAKE_INSTALL_PREFIX=/root/ros2_frws/src/install/xarm_controller
[0.205s] -- The C compiler identification is GNU 11.4.0
[0.262s] -- The CXX compiler identification is GNU 11.4.0
[0.270s] -- Detecting C compiler ABI info
[0.344s] -- Detecting C compiler ABI info - done
[0.350s] -- Check for working C compiler: /usr/bin/cc - skipped
[0.350s] -- Detecting C compile features
[0.350s] -- Detecting C compile features - done
[0.353s] -- Detecting CXX compiler ABI info
[0.428s] -- Detecting CXX compiler ABI info - done
[0.433s] -- Check for working CXX compiler: /usr/bin/c++ - skipped
[0.434s] -- Detecting CXX compile features
[0.434s] -- Detecting CXX compile features - done
[0.450s] -- Found ament_cmake: 1.3.8 (/opt/ros/humble/share/ament_cmake/cmake)
[0.879s] -- Found Python3: /usr/bin/python3 (found version "3.10.12") found components: Interpreter 
[1.073s] -- Found ament_lint_auto: 0.12.10 (/opt/ros/humble/share/ament_lint_auto/cmake)
[1.210s] -- Found hardware_interface: 2.39.1 (/opt/ros/humble/share/hardware_interface/cmake)
[1.310s] -- Found rosidl_generator_c: 3.1.5 (/opt/ros/humble/share/rosidl_generator_c/cmake)
[1.321s] -- Found rosidl_adapter: 3.1.5 (/opt/ros/humble/share/rosidl_adapter/cmake)
[1.338s] -- Found rosidl_generator_cpp: 3.1.5 (/opt/ros/humble/share/rosidl_generator_cpp/cmake)
[1.371s] -- Using all available rosidl_typesupport_c: rosidl_typesupport_fastrtps_c;rosidl_typesupport_introspection_c
[1.405s] -- Using all available rosidl_typesupport_cpp: rosidl_typesupport_fastrtps_cpp;rosidl_typesupport_introspection_cpp
[2.293s] -- Found rmw_implementation_cmake: 6.1.1 (/opt/ros/humble/share/rmw_implementation_cmake/cmake)
[2.302s] -- Found rmw_fastrtps_cpp: 6.2.6 (/opt/ros/humble/share/rmw_fastrtps_cpp/cmake)
[2.379s] -- Found TinyXML2 via Config file: TinyXML2_DIR-NOTFOUND
[2.437s] -- Found OpenSSL: /usr/lib/x86_64-linux-gnu/libcrypto.so (found version "3.0.2")  
[2.442s] -- Found TinyXML2 via Config file: TinyXML2_DIR-NOTFOUND
[2.461s] -- Found FastRTPS: /opt/ros/humble/include  
[2.469s] -- Found TinyXML2 via Config file: TinyXML2_DIR-NOTFOUND
[2.477s] -- Found TinyXML2 via Config file: TinyXML2_DIR-NOTFOUND
[2.488s] -- Using RMW implementation 'rmw_fastrtps_cpp' as default
[2.514s] -- Looking for pthread.h
[2.586s] -- Looking for pthread.h - found
[2.586s] -- Performing Test CMAKE_HAVE_LIBC_PTHREAD
[2.668s] -- Performing Test CMAKE_HAVE_LIBC_PTHREAD - Success
[2.669s] -- Found Threads: TRUE  
[2.888s] -- Found rclcpp_action: 16.0.8 (/opt/ros/humble/share/rclcpp_action/cmake)
[2.932s] -- Found controller_manager_msgs: 2.39.1 (/opt/ros/humble/share/controller_manager_msgs/cmake)
[2.993s] -- Found xarm_msgs: 0.0.0 (/root/ros2_frws/src/install/xarm_msgs/share/xarm_msgs/cmake)
[3.050s] -- Found xarm_api: 0.0.0 (/root/ros2_frws/src/install/xarm_api/share/xarm_api/cmake)
[3.051s] -- Found xarm_sdk: 0.0.0 (/root/ros2_frws/src/install/xarm_sdk/share/xarm_sdk/cmake)
[3.116s] -- Added test 'copyright' to check source files copyright and LICENSE
[3.118s] -- Added test 'cppcheck' to perform static code analysis on C / C++ code
[3.118s] -- Configured cppcheck include dirs: /root/ros2_frws/src/xarm_ros2/xarm_controller/include
[3.119s] -- Configured cppcheck exclude dirs and/or files: 
[3.123s] -- Added test 'cpplint' to check C / C++ code against the Google style
[3.123s] -- Configured cpplint exclude dirs and/or files: 
[3.125s] -- Added test 'flake8' to check Python code syntax and style conventions
[3.128s] -- Added test 'lint_cmake' to check CMake code style
[3.130s] -- Added test 'pep257' to check Python code against some of the docstring style conventions in PEP 257
[3.133s] -- Added test 'uncrustify' to check C / C++ code style
[3.133s] -- Configured uncrustify additional arguments: 
[3.135s] -- Added test 'xmllint' to check XML markup files
[3.142s] -- Configuring done
[3.206s] -- Generating done
[3.208s] -- Build files have been written to: /root/ros2_frws/src/build/xarm_controller
[3.221s] Invoked command in '/root/ros2_frws/src/build/xarm_controller' returned '0': AMENT_PREFIX_PATH=/root/ros2_frws/src/install/xarm_api:/root/ros2_frws/src/install/xarm_sdk:/root/ros2_frws/src/install/xarm_msgs:/root/ros2_frws/src/install/xarm_description:${AMENT_PREFIX_PATH} CMAKE_PREFIX_PATH=/root/ros2_frws/src/install/xarm_api:/root/ros2_frws/src/install/xarm_sdk:/root/ros2_frws/src/install/xarm_msgs:/root/ros2_frws/src/install/xarm_description:/root/ros2_frws/install/xarm_planner:/root/ros2_frws/install/xarm_moveit_servo:/root/ros2_frws/install/xarm_moveit_config:/root/ros2_frws/install/xarm_gazebo:/root/ros2_frws/install/xarm_controller:/root/ros2_frws/install/xarm_api:/root/ros2_frws/install/xarm_sdk:/root/ros2_frws/install/xarm_msgs:/root/ros2_frws/install/xarm_description:/root/ros2_frws/install/realsense_gazebo_plugin:/root/ros2_frws/install/course_works:/root/ros2_frws/install/challenge_2:/root/ros2_frws/install/basic_comms_params:/root/ros2_frws/install/basic_comms_param:/root/ros2_frws/install/basic_comms:/opt/ros/humble LD_LIBRARY_PATH=/root/ros2_frws/src/install/xarm_api/lib:/root/ros2_frws/src/install/xarm_sdk/lib:/root/ros2_frws/src/install/xarm_msgs/lib:${LD_LIBRARY_PATH} PYTHONPATH=/root/ros2_frws/src/install/xarm_msgs/local/lib/python3.10/dist-packages:${PYTHONPATH} /usr/bin/cmake /root/ros2_frws/src/xarm_ros2/xarm_controller -DCMAKE_INSTALL_PREFIX=/root/ros2_frws/src/install/xarm_controller
[3.223s] Invoking command in '/root/ros2_frws/src/build/xarm_controller': AMENT_PREFIX_PATH=/root/ros2_frws/src/install/xarm_api:/root/ros2_frws/src/install/xarm_sdk:/root/ros2_frws/src/install/xarm_msgs:/root/ros2_frws/src/install/xarm_description:${AMENT_PREFIX_PATH} CMAKE_PREFIX_PATH=/root/ros2_frws/src/install/xarm_api:/root/ros2_frws/src/install/xarm_sdk:/root/ros2_frws/src/install/xarm_msgs:/root/ros2_frws/src/install/xarm_description:/root/ros2_frws/install/xarm_planner:/root/ros2_frws/install/xarm_moveit_servo:/root/ros2_frws/install/xarm_moveit_config:/root/ros2_frws/install/xarm_gazebo:/root/ros2_frws/install/xarm_controller:/root/ros2_frws/install/xarm_api:/root/ros2_frws/install/xarm_sdk:/root/ros2_frws/install/xarm_msgs:/root/ros2_frws/install/xarm_description:/root/ros2_frws/install/realsense_gazebo_plugin:/root/ros2_frws/install/course_works:/root/ros2_frws/install/challenge_2:/root/ros2_frws/install/basic_comms_params:/root/ros2_frws/install/basic_comms_param:/root/ros2_frws/install/basic_comms:/opt/ros/humble LD_LIBRARY_PATH=/root/ros2_frws/src/install/xarm_api/lib:/root/ros2_frws/src/install/xarm_sdk/lib:/root/ros2_frws/src/install/xarm_msgs/lib:${LD_LIBRARY_PATH} PYTHONPATH=/root/ros2_frws/src/install/xarm_msgs/local/lib/python3.10/dist-packages:${PYTHONPATH} /usr/bin/cmake --build /root/ros2_frws/src/build/xarm_controller -- -j16 -l16
[3.276s] [ 33%] [32mBuilding CXX object CMakeFiles/uf_robot_hardware.dir/src/hardware/uf_robot_system_hardware.cpp.o[0m
[3.276s] [ 66%] [32mBuilding CXX object CMakeFiles/uf_robot_hardware.dir/src/hardware/uf_robot_fake_system_hardware.cpp.o[0m
[11.475s] [100%] [32m[1mLinking CXX shared library libuf_robot_hardware.so[0m
[12.549s] [100%] Built target uf_robot_hardware
[12.567s] Invoked command in '/root/ros2_frws/src/build/xarm_controller' returned '0': AMENT_PREFIX_PATH=/root/ros2_frws/src/install/xarm_api:/root/ros2_frws/src/install/xarm_sdk:/root/ros2_frws/src/install/xarm_msgs:/root/ros2_frws/src/install/xarm_description:${AMENT_PREFIX_PATH} CMAKE_PREFIX_PATH=/root/ros2_frws/src/install/xarm_api:/root/ros2_frws/src/install/xarm_sdk:/root/ros2_frws/src/install/xarm_msgs:/root/ros2_frws/src/install/xarm_description:/root/ros2_frws/install/xarm_planner:/root/ros2_frws/install/xarm_moveit_servo:/root/ros2_frws/install/xarm_moveit_config:/root/ros2_frws/install/xarm_gazebo:/root/ros2_frws/install/xarm_controller:/root/ros2_frws/install/xarm_api:/root/ros2_frws/install/xarm_sdk:/root/ros2_frws/install/xarm_msgs:/root/ros2_frws/install/xarm_description:/root/ros2_frws/install/realsense_gazebo_plugin:/root/ros2_frws/install/course_works:/root/ros2_frws/install/challenge_2:/root/ros2_frws/install/basic_comms_params:/root/ros2_frws/install/basic_comms_param:/root/ros2_frws/install/basic_comms:/opt/ros/humble LD_LIBRARY_PATH=/root/ros2_frws/src/install/xarm_api/lib:/root/ros2_frws/src/install/xarm_sdk/lib:/root/ros2_frws/src/install/xarm_msgs/lib:${LD_LIBRARY_PATH} PYTHONPATH=/root/ros2_frws/src/install/xarm_msgs/local/lib/python3.10/dist-packages:${PYTHONPATH} /usr/bin/cmake --build /root/ros2_frws/src/build/xarm_controller -- -j16 -l16
[12.598s] Invoking command in '/root/ros2_frws/src/build/xarm_controller': AMENT_PREFIX_PATH=/root/ros2_frws/src/install/xarm_api:/root/ros2_frws/src/install/xarm_sdk:/root/ros2_frws/src/install/xarm_msgs:/root/ros2_frws/src/install/xarm_description:${AMENT_PREFIX_PATH} CMAKE_PREFIX_PATH=/root/ros2_frws/src/install/xarm_api:/root/ros2_frws/src/install/xarm_sdk:/root/ros2_frws/src/install/xarm_msgs:/root/ros2_frws/src/install/xarm_description:/root/ros2_frws/install/xarm_planner:/root/ros2_frws/install/xarm_moveit_servo:/root/ros2_frws/install/xarm_moveit_config:/root/ros2_frws/install/xarm_gazebo:/root/ros2_frws/install/xarm_controller:/root/ros2_frws/install/xarm_api:/root/ros2_frws/install/xarm_sdk:/root/ros2_frws/install/xarm_msgs:/root/ros2_frws/install/xarm_description:/root/ros2_frws/install/realsense_gazebo_plugin:/root/ros2_frws/install/course_works:/root/ros2_frws/install/challenge_2:/root/ros2_frws/install/basic_comms_params:/root/ros2_frws/install/basic_comms_param:/root/ros2_frws/install/basic_comms:/opt/ros/humble LD_LIBRARY_PATH=/root/ros2_frws/src/install/xarm_api/lib:/root/ros2_frws/src/install/xarm_sdk/lib:/root/ros2_frws/src/install/xarm_msgs/lib:${LD_LIBRARY_PATH} PYTHONPATH=/root/ros2_frws/src/install/xarm_msgs/local/lib/python3.10/dist-packages:${PYTHONPATH} /usr/bin/cmake --install /root/ros2_frws/src/build/xarm_controller
[12.605s] -- Install configuration: ""
[12.606s] -- Installing: /root/ros2_frws/src/install/xarm_controller/share/xarm_controller/uf_hardware_interface_plugins.xml
[12.607s] -- Installing: /root/ros2_frws/src/install/xarm_controller/include
[12.607s] -- Installing: /root/ros2_frws/src/install/xarm_controller/include/xarm_controller
[12.608s] -- Installing: /root/ros2_frws/src/install/xarm_controller/include/xarm_controller/hardware
[12.608s] -- Installing: /root/ros2_frws/src/install/xarm_controller/include/xarm_controller/hardware/uf_robot_system_hardware.h
[12.608s] -- Installing: /root/ros2_frws/src/install/xarm_controller/include/xarm_controller/hardware/uf_robot_fake_system_hardware.h
[12.609s] -- Installing: /root/ros2_frws/src/install/xarm_controller/lib/libuf_robot_hardware.so
[12.613s] -- Set runtime path of "/root/ros2_frws/src/install/xarm_controller/lib/libuf_robot_hardware.so" to ""
[12.613s] -- Installing: /root/ros2_frws/src/install/xarm_controller/share/xarm_controller//launch
[12.614s] -- Installing: /root/ros2_frws/src/install/xarm_controller/share/xarm_controller//launch/_ros2_control.launch.py
[12.615s] -- Installing: /root/ros2_frws/src/install/xarm_controller/share/xarm_controller//launch/uf850_control_rviz_display.launch.py
[12.615s] -- Installing: /root/ros2_frws/src/install/xarm_controller/share/xarm_controller//launch/_robot_ros2_control.launch.py
[12.615s] -- Installing: /root/ros2_frws/src/install/xarm_controller/share/xarm_controller//launch/lib
[12.615s] -- Installing: /root/ros2_frws/src/install/xarm_controller/share/xarm_controller//launch/lib/robot_controller_lib.py
[12.616s] -- Installing: /root/ros2_frws/src/install/xarm_controller/share/xarm_controller//launch/xarm7_mirror_control_rviz_display.launch.py
[12.616s] -- Installing: /root/ros2_frws/src/install/xarm_controller/share/xarm_controller//launch/_dual_ros2_control.launch.py
[12.616s] -- Installing: /root/ros2_frws/src/install/xarm_controller/share/xarm_controller//launch/xarm7_control_rviz_display.launch.py
[12.616s] -- Installing: /root/ros2_frws/src/install/xarm_controller/share/xarm_controller//launch/xarm6_control_rviz_display.launch.py
[12.617s] -- Installing: /root/ros2_frws/src/install/xarm_controller/share/xarm_controller//launch/lite6_control_rviz_display.launch.py
[12.617s] -- Installing: /root/ros2_frws/src/install/xarm_controller/share/xarm_controller//launch/xarm5_control_rviz_display.launch.py
[12.617s] -- Installing: /root/ros2_frws/src/install/xarm_controller/share/xarm_controller//config
[12.617s] -- Installing: /root/ros2_frws/src/install/xarm_controller/share/xarm_controller//config/uf850_gripper_controllers.yaml
[12.617s] -- Installing: /root/ros2_frws/src/install/xarm_controller/share/xarm_controller//config/xarm7_controllers.yaml
[12.618s] -- Installing: /root/ros2_frws/src/install/xarm_controller/share/xarm_controller//config/xarm6_controllers.yaml
[12.618s] -- Installing: /root/ros2_frws/src/install/xarm_controller/share/xarm_controller//config/xarm7_mirror_gripper_controllers.yaml
[12.618s] -- Installing: /root/ros2_frws/src/install/xarm_controller/share/xarm_controller//config/bio_gripper_controllers.yaml
[12.619s] -- Installing: /root/ros2_frws/src/install/xarm_controller/share/xarm_controller//config/uf850_controllers.yaml
[12.619s] -- Installing: /root/ros2_frws/src/install/xarm_controller/share/xarm_controller//config/lite6_controllers.yaml
[12.619s] -- Installing: /root/ros2_frws/src/install/xarm_controller/share/xarm_controller//config/xarm7_mirror_controllers.yaml
[12.619s] -- Installing: /root/ros2_frws/src/install/xarm_controller/share/xarm_controller//config/xarm5_controllers.yaml
[12.620s] -- Installing: /root/ros2_frws/src/install/xarm_controller/share/xarm_controller//config/xarm_gripper_controllers.yaml
[12.620s] -- Installing: /root/ros2_frws/src/install/xarm_controller/share/xarm_controller/environment/library_path.sh
[12.621s] -- Installing: /root/ros2_frws/src/install/xarm_controller/share/xarm_controller/environment/library_path.dsv
[12.621s] -- Installing: /root/ros2_frws/src/install/xarm_controller/share/ament_index/resource_index/package_run_dependencies/xarm_controller
[12.622s] -- Installing: /root/ros2_frws/src/install/xarm_controller/share/ament_index/resource_index/parent_prefix_path/xarm_controller
[12.622s] -- Installing: /root/ros2_frws/src/install/xarm_controller/share/xarm_controller/environment/ament_prefix_path.sh
[12.622s] -- Installing: /root/ros2_frws/src/install/xarm_controller/share/xarm_controller/environment/ament_prefix_path.dsv
[12.622s] -- Installing: /root/ros2_frws/src/install/xarm_controller/share/xarm_controller/environment/path.sh
[12.623s] -- Installing: /root/ros2_frws/src/install/xarm_controller/share/xarm_controller/environment/path.dsv
[12.623s] -- Installing: /root/ros2_frws/src/install/xarm_controller/share/xarm_controller/local_setup.bash
[12.623s] -- Installing: /root/ros2_frws/src/install/xarm_controller/share/xarm_controller/local_setup.sh
[12.623s] -- Installing: /root/ros2_frws/src/install/xarm_controller/share/xarm_controller/local_setup.zsh
[12.623s] -- Installing: /root/ros2_frws/src/install/xarm_controller/share/xarm_controller/local_setup.dsv
[12.623s] -- Installing: /root/ros2_frws/src/install/xarm_controller/share/xarm_controller/package.dsv
[12.624s] -- Installing: /root/ros2_frws/src/install/xarm_controller/share/ament_index/resource_index/packages/xarm_controller
[12.624s] -- Installing: /root/ros2_frws/src/install/xarm_controller/share/ament_index/resource_index/hardware_interface__pluginlib__plugin/xarm_controller
[12.625s] -- Installing: /root/ros2_frws/src/install/xarm_controller/share/xarm_controller/cmake/ament_cmake_export_include_directories-extras.cmake
[12.625s] -- Installing: /root/ros2_frws/src/install/xarm_controller/share/xarm_controller/cmake/ament_cmake_export_libraries-extras.cmake
[12.625s] -- Installing: /root/ros2_frws/src/install/xarm_controller/share/xarm_controller/cmake/ament_cmake_export_dependencies-extras.cmake
[12.625s] -- Installing: /root/ros2_frws/src/install/xarm_controller/share/xarm_controller/cmake/xarm_controllerConfig.cmake
[12.625s] -- Installing: /root/ros2_frws/src/install/xarm_controller/share/xarm_controller/cmake/xarm_controllerConfig-version.cmake
[12.625s] -- Installing: /root/ros2_frws/src/install/xarm_controller/share/xarm_controller/package.xml
[12.628s] Invoked command in '/root/ros2_frws/src/build/xarm_controller' returned '0': AMENT_PREFIX_PATH=/root/ros2_frws/src/install/xarm_api:/root/ros2_frws/src/install/xarm_sdk:/root/ros2_frws/src/install/xarm_msgs:/root/ros2_frws/src/install/xarm_description:${AMENT_PREFIX_PATH} CMAKE_PREFIX_PATH=/root/ros2_frws/src/install/xarm_api:/root/ros2_frws/src/install/xarm_sdk:/root/ros2_frws/src/install/xarm_msgs:/root/ros2_frws/src/install/xarm_description:/root/ros2_frws/install/xarm_planner:/root/ros2_frws/install/xarm_moveit_servo:/root/ros2_frws/install/xarm_moveit_config:/root/ros2_frws/install/xarm_gazebo:/root/ros2_frws/install/xarm_controller:/root/ros2_frws/install/xarm_api:/root/ros2_frws/install/xarm_sdk:/root/ros2_frws/install/xarm_msgs:/root/ros2_frws/install/xarm_description:/root/ros2_frws/install/realsense_gazebo_plugin:/root/ros2_frws/install/course_works:/root/ros2_frws/install/challenge_2:/root/ros2_frws/install/basic_comms_params:/root/ros2_frws/install/basic_comms_param:/root/ros2_frws/install/basic_comms:/opt/ros/humble LD_LIBRARY_PATH=/root/ros2_frws/src/install/xarm_api/lib:/root/ros2_frws/src/install/xarm_sdk/lib:/root/ros2_frws/src/install/xarm_msgs/lib:${LD_LIBRARY_PATH} PYTHONPATH=/root/ros2_frws/src/install/xarm_msgs/local/lib/python3.10/dist-packages:${PYTHONPATH} /usr/bin/cmake --install /root/ros2_frws/src/build/xarm_controller
