[0.074s] Invoking command in '/root/ros2_frws/src/build/xarm_planner': AMENT_PREFIX_PATH=/root/ros2_frws/src/install/xarm_moveit_config:/root/ros2_frws/src/install/xarm_gazebo:/root/ros2_frws/src/install/xarm_controller:/root/ros2_frws/src/install/xarm_api:/root/ros2_frws/src/install/xarm_sdk:/root/ros2_frws/src/install/xarm_msgs:/root/ros2_frws/src/install/xarm_description:${AMENT_PREFIX_PATH} CMAKE_PREFIX_PATH=/root/ros2_frws/src/install/xarm_moveit_config:/root/ros2_frws/src/install/xarm_gazebo:/root/ros2_frws/src/install/xarm_controller:/root/ros2_frws/src/install/xarm_api:/root/ros2_frws/src/install/xarm_sdk:/root/ros2_frws/src/install/xarm_msgs:/root/ros2_frws/src/install/xarm_description:/root/ros2_frws/install/xarm_planner:/root/ros2_frws/install/xarm_moveit_servo:/root/ros2_frws/install/xarm_moveit_config:/root/ros2_frws/install/xarm_gazebo:/root/ros2_frws/install/xarm_controller:/root/ros2_frws/install/xarm_api:/root/ros2_frws/install/xarm_sdk:/root/ros2_frws/install/xarm_msgs:/root/ros2_frws/install/xarm_description:/root/ros2_frws/install/tutorial_interfaces:/root/ros2_frws/install/realsense_gazebo_plugin:/root/ros2_frws/install/my_msg_interfaces:/root/ros2_frws/install/moveit_resources_prbt_support:/root/ros2_frws/install/moveit_resources:/root/ros2_frws/install/moveit_resources_pr2_description:/root/ros2_frws/install/moveit_resources_panda_moveit_config:/root/ros2_frws/install/moveit_resources_panda_description:/root/ros2_frws/install/moveit_resources_fanuc_moveit_config:/root/ros2_frws/install/moveit_resources_fanuc_description:/root/ros2_frws/install/moveit_common:/root/ros2_frws/install/challenge_2:/root/ros2_frws/install/moveit_configs_utils:/root/ros2_frws/install/course_works:/root/ros2_frws/install/basic_comms_params:/root/ros2_frws/install/basic_comms_param:/root/ros2_frws/install/basic_comms:/opt/ros/humble LD_LIBRARY_PATH=/root/ros2_frws/src/install/xarm_gazebo/lib:/root/ros2_frws/src/install/xarm_controller/lib:/root/ros2_frws/src/install/xarm_api/lib:/root/ros2_frws/src/install/xarm_sdk/lib:/root/ros2_frws/src/install/xarm_msgs/lib:${LD_LIBRARY_PATH} PYTHONPATH=/root/ros2_frws/src/install/xarm_msgs/local/lib/python3.10/dist-packages:${PYTHONPATH} /usr/bin/cmake --build /root/ros2_frws/src/build/xarm_planner -- -j16 -l16
[0.119s] [35m[1mConsolidate compiler generated dependencies of target test_lite_gripper_realmove[0m
[0.119s] [35m[1mConsolidate compiler generated dependencies of target test_xarm_gripper_planner_client_joint[0m
[0.120s] [35m[1mConsolidate compiler generated dependencies of target test_xarm_planner_client_joint[0m
[0.121s] [35m[1mConsolidate compiler generated dependencies of target test_xarm_planner_client_pose[0m
[0.124s] [35m[1mConsolidate compiler generated dependencies of target xarm_planner[0m
[0.140s] [ 27%] Built target test_xarm_planner_client_pose
[0.140s] [ 27%] Built target test_xarm_planner_client_joint
[0.141s] [ 27%] Built target test_lite_gripper_realmove
[0.141s] [ 36%] Built target test_xarm_gripper_planner_client_joint
[0.153s] [ 45%] Built target xarm_planner
[0.170s] [35m[1mConsolidate compiler generated dependencies of target test_xarm_gripper_planner_api_joint[0m
[0.171s] [35m[1mConsolidate compiler generated dependencies of target xarm_gripper_planner_node[0m
[0.173s] [35m[1mConsolidate compiler generated dependencies of target test_dual_xarm_planner_api_joint[0m
[0.176s] [35m[1mConsolidate compiler generated dependencies of target test_xarm_planner_api_joint[0m
[0.176s] [35m[1mConsolidate compiler generated dependencies of target xarm_planner_node[0m
[0.177s] [35m[1mConsolidate compiler generated dependencies of target test_xarm_planner_api_pose[0m
[0.201s] [ 63%] Built target xarm_gripper_planner_node
[0.201s] [ 63%] Built target test_xarm_gripper_planner_api_joint
[0.204s] [ 72%] Built target test_dual_xarm_planner_api_joint
[0.205s] [ 81%] Built target test_xarm_planner_api_pose
[0.206s] [100%] Built target test_xarm_planner_api_joint
[0.206s] [100%] Built target xarm_planner_node
[0.343s] Invoked command in '/root/ros2_frws/src/build/xarm_planner' returned '0': AMENT_PREFIX_PATH=/root/ros2_frws/src/install/xarm_moveit_config:/root/ros2_frws/src/install/xarm_gazebo:/root/ros2_frws/src/install/xarm_controller:/root/ros2_frws/src/install/xarm_api:/root/ros2_frws/src/install/xarm_sdk:/root/ros2_frws/src/install/xarm_msgs:/root/ros2_frws/src/install/xarm_description:${AMENT_PREFIX_PATH} CMAKE_PREFIX_PATH=/root/ros2_frws/src/install/xarm_moveit_config:/root/ros2_frws/src/install/xarm_gazebo:/root/ros2_frws/src/install/xarm_controller:/root/ros2_frws/src/install/xarm_api:/root/ros2_frws/src/install/xarm_sdk:/root/ros2_frws/src/install/xarm_msgs:/root/ros2_frws/src/install/xarm_description:/root/ros2_frws/install/xarm_planner:/root/ros2_frws/install/xarm_moveit_servo:/root/ros2_frws/install/xarm_moveit_config:/root/ros2_frws/install/xarm_gazebo:/root/ros2_frws/install/xarm_controller:/root/ros2_frws/install/xarm_api:/root/ros2_frws/install/xarm_sdk:/root/ros2_frws/install/xarm_msgs:/root/ros2_frws/install/xarm_description:/root/ros2_frws/install/tutorial_interfaces:/root/ros2_frws/install/realsense_gazebo_plugin:/root/ros2_frws/install/my_msg_interfaces:/root/ros2_frws/install/moveit_resources_prbt_support:/root/ros2_frws/install/moveit_resources:/root/ros2_frws/install/moveit_resources_pr2_description:/root/ros2_frws/install/moveit_resources_panda_moveit_config:/root/ros2_frws/install/moveit_resources_panda_description:/root/ros2_frws/install/moveit_resources_fanuc_moveit_config:/root/ros2_frws/install/moveit_resources_fanuc_description:/root/ros2_frws/install/moveit_common:/root/ros2_frws/install/challenge_2:/root/ros2_frws/install/moveit_configs_utils:/root/ros2_frws/install/course_works:/root/ros2_frws/install/basic_comms_params:/root/ros2_frws/install/basic_comms_param:/root/ros2_frws/install/basic_comms:/opt/ros/humble LD_LIBRARY_PATH=/root/ros2_frws/src/install/xarm_gazebo/lib:/root/ros2_frws/src/install/xarm_controller/lib:/root/ros2_frws/src/install/xarm_api/lib:/root/ros2_frws/src/install/xarm_sdk/lib:/root/ros2_frws/src/install/xarm_msgs/lib:${LD_LIBRARY_PATH} PYTHONPATH=/root/ros2_frws/src/install/xarm_msgs/local/lib/python3.10/dist-packages:${PYTHONPATH} /usr/bin/cmake --build /root/ros2_frws/src/build/xarm_planner -- -j16 -l16
[0.424s] Invoking command in '/root/ros2_frws/src/build/xarm_planner': AMENT_PREFIX_PATH=/root/ros2_frws/src/install/xarm_moveit_config:/root/ros2_frws/src/install/xarm_gazebo:/root/ros2_frws/src/install/xarm_controller:/root/ros2_frws/src/install/xarm_api:/root/ros2_frws/src/install/xarm_sdk:/root/ros2_frws/src/install/xarm_msgs:/root/ros2_frws/src/install/xarm_description:${AMENT_PREFIX_PATH} CMAKE_PREFIX_PATH=/root/ros2_frws/src/install/xarm_moveit_config:/root/ros2_frws/src/install/xarm_gazebo:/root/ros2_frws/src/install/xarm_controller:/root/ros2_frws/src/install/xarm_api:/root/ros2_frws/src/install/xarm_sdk:/root/ros2_frws/src/install/xarm_msgs:/root/ros2_frws/src/install/xarm_description:/root/ros2_frws/install/xarm_planner:/root/ros2_frws/install/xarm_moveit_servo:/root/ros2_frws/install/xarm_moveit_config:/root/ros2_frws/install/xarm_gazebo:/root/ros2_frws/install/xarm_controller:/root/ros2_frws/install/xarm_api:/root/ros2_frws/install/xarm_sdk:/root/ros2_frws/install/xarm_msgs:/root/ros2_frws/install/xarm_description:/root/ros2_frws/install/tutorial_interfaces:/root/ros2_frws/install/realsense_gazebo_plugin:/root/ros2_frws/install/my_msg_interfaces:/root/ros2_frws/install/moveit_resources_prbt_support:/root/ros2_frws/install/moveit_resources:/root/ros2_frws/install/moveit_resources_pr2_description:/root/ros2_frws/install/moveit_resources_panda_moveit_config:/root/ros2_frws/install/moveit_resources_panda_description:/root/ros2_frws/install/moveit_resources_fanuc_moveit_config:/root/ros2_frws/install/moveit_resources_fanuc_description:/root/ros2_frws/install/moveit_common:/root/ros2_frws/install/challenge_2:/root/ros2_frws/install/moveit_configs_utils:/root/ros2_frws/install/course_works:/root/ros2_frws/install/basic_comms_params:/root/ros2_frws/install/basic_comms_param:/root/ros2_frws/install/basic_comms:/opt/ros/humble LD_LIBRARY_PATH=/root/ros2_frws/src/install/xarm_gazebo/lib:/root/ros2_frws/src/install/xarm_controller/lib:/root/ros2_frws/src/install/xarm_api/lib:/root/ros2_frws/src/install/xarm_sdk/lib:/root/ros2_frws/src/install/xarm_msgs/lib:${LD_LIBRARY_PATH} PYTHONPATH=/root/ros2_frws/src/install/xarm_msgs/local/lib/python3.10/dist-packages:${PYTHONPATH} /usr/bin/cmake --install /root/ros2_frws/src/build/xarm_planner
[0.431s] -- Install configuration: ""
[0.431s] -- Up-to-date: /root/ros2_frws/src/install/xarm_planner/include
[0.431s] -- Up-to-date: /root/ros2_frws/src/install/xarm_planner/include/xarm_planner
[0.431s] -- Up-to-date: /root/ros2_frws/src/install/xarm_planner/include/xarm_planner/xarm_planner.h
[0.432s] -- Up-to-date: /root/ros2_frws/src/install/xarm_planner/lib/libxarm_planner.so
[0.434s] -- Up-to-date: /root/ros2_frws/src/install/xarm_planner/lib/xarm_planner/xarm_planner_node
[0.435s] -- Up-to-date: /root/ros2_frws/src/install/xarm_planner/lib/xarm_planner/xarm_gripper_planner_node
[0.436s] -- Up-to-date: /root/ros2_frws/src/install/xarm_planner/lib/xarm_planner/test_xarm_planner_api_joint
[0.438s] -- Up-to-date: /root/ros2_frws/src/install/xarm_planner/lib/xarm_planner/test_dual_xarm_planner_api_joint
[0.439s] -- Up-to-date: /root/ros2_frws/src/install/xarm_planner/lib/xarm_planner/test_xarm_planner_api_pose
[0.440s] -- Up-to-date: /root/ros2_frws/src/install/xarm_planner/lib/xarm_planner/test_xarm_gripper_planner_api_joint
[0.441s] -- Up-to-date: /root/ros2_frws/src/install/xarm_planner/lib/xarm_planner/test_xarm_planner_client_joint
[0.442s] -- Up-to-date: /root/ros2_frws/src/install/xarm_planner/lib/xarm_planner/test_xarm_planner_client_pose
[0.443s] -- Up-to-date: /root/ros2_frws/src/install/xarm_planner/lib/xarm_planner/test_xarm_gripper_planner_client_joint
[0.443s] -- Up-to-date: /root/ros2_frws/src/install/xarm_planner/lib/xarm_planner/test_lite_gripper_realmove
[0.444s] -- Up-to-date: /root/ros2_frws/src/install/xarm_planner/share/xarm_planner//launch
[0.444s] -- Up-to-date: /root/ros2_frws/src/install/xarm_planner/share/xarm_planner//launch/test_xarm_gripper_planner_api_joint.launch.py
[0.444s] -- Up-to-date: /root/ros2_frws/src/install/xarm_planner/share/xarm_planner//launch/xarm7_planner_gazebo.launch.py
[0.444s] -- Up-to-date: /root/ros2_frws/src/install/xarm_planner/share/xarm_planner//launch/lite6_planner_fake.launch.py
[0.444s] -- Up-to-date: /root/ros2_frws/src/install/xarm_planner/share/xarm_planner//launch/xarm7_mirror_planner_gazebo.launch.py
[0.444s] -- Up-to-date: /root/ros2_frws/src/install/xarm_planner/share/xarm_planner//launch/xarm5_planner_fake.launch.py
[0.444s] -- Up-to-date: /root/ros2_frws/src/install/xarm_planner/share/xarm_planner//launch/test_move_group.launch.py
[0.444s] -- Up-to-date: /root/ros2_frws/src/install/xarm_planner/share/xarm_planner//launch/test_dual_xarm_planner_api_joint.launch.py
[0.444s] -- Up-to-date: /root/ros2_frws/src/install/xarm_planner/share/xarm_planner//launch/uf850_planner_realmove.launch.py
[0.445s] -- Up-to-date: /root/ros2_frws/src/install/xarm_planner/share/xarm_planner//launch/test_xarm_planner_client_joint.launch.py
[0.445s] -- Up-to-date: /root/ros2_frws/src/install/xarm_planner/share/xarm_planner//launch/lite6_planner_gazebo.launch.py
[0.445s] -- Up-to-date: /root/ros2_frws/src/install/xarm_planner/share/xarm_planner//launch/test_xarm_planner_api_pose.launch.py
[0.445s] -- Up-to-date: /root/ros2_frws/src/install/xarm_planner/share/xarm_planner//launch/_dual_robot_planner.launch.py
[0.445s] -- Up-to-date: /root/ros2_frws/src/install/xarm_planner/share/xarm_planner//launch/xarm6_planner_gazebo.launch.py
[0.445s] -- Up-to-date: /root/ros2_frws/src/install/xarm_planner/share/xarm_planner//launch/xarm7_planner_fake.launch.py
[0.445s] -- Up-to-date: /root/ros2_frws/src/install/xarm_planner/share/xarm_planner//launch/test_xarm_planner_api_joint.launch.py
[0.445s] -- Up-to-date: /root/ros2_frws/src/install/xarm_planner/share/xarm_planner//launch/xarm6_planner_fake.launch.py
[0.445s] -- Up-to-date: /root/ros2_frws/src/install/xarm_planner/share/xarm_planner//launch/xarm6_planner_realmove.launch.py
[0.445s] -- Up-to-date: /root/ros2_frws/src/install/xarm_planner/share/xarm_planner//launch/xarm7_mirror_planner_realmove.launch.py
[0.445s] -- Up-to-date: /root/ros2_frws/src/install/xarm_planner/share/xarm_planner//launch/uf850_planner_gazebo.launch.py
[0.446s] -- Up-to-date: /root/ros2_frws/src/install/xarm_planner/share/xarm_planner//launch/test_lite_gripper_realmove.launch.py
[0.446s] -- Up-to-date: /root/ros2_frws/src/install/xarm_planner/share/xarm_planner//launch/uf850_planner_fake.launch.py
[0.446s] -- Up-to-date: /root/ros2_frws/src/install/xarm_planner/share/xarm_planner//launch/test_xarm_planner_client_pose.launch.py
[0.446s] -- Up-to-date: /root/ros2_frws/src/install/xarm_planner/share/xarm_planner//launch/xarm5_planner_realmove.launch.py
[0.446s] -- Up-to-date: /root/ros2_frws/src/install/xarm_planner/share/xarm_planner//launch/xarm5_planner_gazebo.launch.py
[0.446s] -- Up-to-date: /root/ros2_frws/src/install/xarm_planner/share/xarm_planner//launch/xarm7_mirror_planner_fake.launch.py
[0.446s] -- Up-to-date: /root/ros2_frws/src/install/xarm_planner/share/xarm_planner//launch/_robot_planner.launch.py
[0.446s] -- Up-to-date: /root/ros2_frws/src/install/xarm_planner/share/xarm_planner//launch/xarm7_planner_realmove.launch.py
[0.446s] -- Up-to-date: /root/ros2_frws/src/install/xarm_planner/share/xarm_planner//launch/lite6_planner_realmove.launch.py
[0.446s] -- Up-to-date: /root/ros2_frws/src/install/xarm_planner/share/xarm_planner//launch/test_xarm_gripper_planner_client_joint.launch.py
[0.446s] -- Up-to-date: /root/ros2_frws/src/install/xarm_planner/share/ament_index/resource_index/package_run_dependencies/xarm_planner
[0.446s] -- Up-to-date: /root/ros2_frws/src/install/xarm_planner/share/ament_index/resource_index/parent_prefix_path/xarm_planner
[0.446s] -- Up-to-date: /root/ros2_frws/src/install/xarm_planner/share/xarm_planner/environment/ament_prefix_path.sh
[0.447s] -- Up-to-date: /root/ros2_frws/src/install/xarm_planner/share/xarm_planner/environment/ament_prefix_path.dsv
[0.447s] -- Up-to-date: /root/ros2_frws/src/install/xarm_planner/share/xarm_planner/environment/path.sh
[0.447s] -- Up-to-date: /root/ros2_frws/src/install/xarm_planner/share/xarm_planner/environment/path.dsv
[0.447s] -- Up-to-date: /root/ros2_frws/src/install/xarm_planner/share/xarm_planner/local_setup.bash
[0.447s] -- Up-to-date: /root/ros2_frws/src/install/xarm_planner/share/xarm_planner/local_setup.sh
[0.447s] -- Up-to-date: /root/ros2_frws/src/install/xarm_planner/share/xarm_planner/local_setup.zsh
[0.447s] -- Up-to-date: /root/ros2_frws/src/install/xarm_planner/share/xarm_planner/local_setup.dsv
[0.447s] -- Installing: /root/ros2_frws/src/install/xarm_planner/share/xarm_planner/package.dsv
[0.447s] -- Up-to-date: /root/ros2_frws/src/install/xarm_planner/share/ament_index/resource_index/packages/xarm_planner
[0.447s] -- Up-to-date: /root/ros2_frws/src/install/xarm_planner/share/xarm_planner/cmake/xarm_plannerConfig.cmake
[0.447s] -- Up-to-date: /root/ros2_frws/src/install/xarm_planner/share/xarm_planner/cmake/xarm_plannerConfig-version.cmake
[0.448s] -- Up-to-date: /root/ros2_frws/src/install/xarm_planner/share/xarm_planner/package.xml
[0.450s] Invoked command in '/root/ros2_frws/src/build/xarm_planner' returned '0': AMENT_PREFIX_PATH=/root/ros2_frws/src/install/xarm_moveit_config:/root/ros2_frws/src/install/xarm_gazebo:/root/ros2_frws/src/install/xarm_controller:/root/ros2_frws/src/install/xarm_api:/root/ros2_frws/src/install/xarm_sdk:/root/ros2_frws/src/install/xarm_msgs:/root/ros2_frws/src/install/xarm_description:${AMENT_PREFIX_PATH} CMAKE_PREFIX_PATH=/root/ros2_frws/src/install/xarm_moveit_config:/root/ros2_frws/src/install/xarm_gazebo:/root/ros2_frws/src/install/xarm_controller:/root/ros2_frws/src/install/xarm_api:/root/ros2_frws/src/install/xarm_sdk:/root/ros2_frws/src/install/xarm_msgs:/root/ros2_frws/src/install/xarm_description:/root/ros2_frws/install/xarm_planner:/root/ros2_frws/install/xarm_moveit_servo:/root/ros2_frws/install/xarm_moveit_config:/root/ros2_frws/install/xarm_gazebo:/root/ros2_frws/install/xarm_controller:/root/ros2_frws/install/xarm_api:/root/ros2_frws/install/xarm_sdk:/root/ros2_frws/install/xarm_msgs:/root/ros2_frws/install/xarm_description:/root/ros2_frws/install/tutorial_interfaces:/root/ros2_frws/install/realsense_gazebo_plugin:/root/ros2_frws/install/my_msg_interfaces:/root/ros2_frws/install/moveit_resources_prbt_support:/root/ros2_frws/install/moveit_resources:/root/ros2_frws/install/moveit_resources_pr2_description:/root/ros2_frws/install/moveit_resources_panda_moveit_config:/root/ros2_frws/install/moveit_resources_panda_description:/root/ros2_frws/install/moveit_resources_fanuc_moveit_config:/root/ros2_frws/install/moveit_resources_fanuc_description:/root/ros2_frws/install/moveit_common:/root/ros2_frws/install/challenge_2:/root/ros2_frws/install/moveit_configs_utils:/root/ros2_frws/install/course_works:/root/ros2_frws/install/basic_comms_params:/root/ros2_frws/install/basic_comms_param:/root/ros2_frws/install/basic_comms:/opt/ros/humble LD_LIBRARY_PATH=/root/ros2_frws/src/install/xarm_gazebo/lib:/root/ros2_frws/src/install/xarm_controller/lib:/root/ros2_frws/src/install/xarm_api/lib:/root/ros2_frws/src/install/xarm_sdk/lib:/root/ros2_frws/src/install/xarm_msgs/lib:${LD_LIBRARY_PATH} PYTHONPATH=/root/ros2_frws/src/install/xarm_msgs/local/lib/python3.10/dist-packages:${PYTHONPATH} /usr/bin/cmake --install /root/ros2_frws/src/build/xarm_planner
