[1.382s] DEBUG:colcon:Command line arguments: ['/usr/bin/colcon', 'build']
[1.382s] DEBUG:colcon:Parsed command line arguments: Namespace(log_base=None, log_level=None, verb_name='build', build_base='build', install_base='install', merge_install=False, symlink_install=False, test_result_base=None, continue_on_error=False, executor='parallel', parallel_workers=16, event_handlers=None, ignore_user_meta=False, metas=['./colcon.meta'], base_paths=['.'], packages_ignore=None, packages_ignore_regex=None, paths=None, packages_up_to=None, packages_up_to_regex=None, packages_above=None, packages_above_and_dependencies=None, packages_above_depth=None, packages_select_by_dep=None, packages_skip_by_dep=None, packages_skip_up_to=None, packages_select_build_failed=False, packages_skip_build_finished=False, packages_select_test_failures=False, packages_skip_test_passed=False, packages_select=None, packages_skip=None, packages_select_regex=None, packages_skip_regex=None, packages_start=None, packages_end=None, cmake_args=None, cmake_target=None, cmake_target_skip_unavailable=False, cmake_clean_cache=False, cmake_clean_first=False, cmake_force_configure=False, ament_cmake_args=None, catkin_cmake_args=None, catkin_skip_building_tests=False, mixin_files=None, mixin=None, verb_parser=<colcon_mixin.mixin.mixin_argument.MixinArgumentDecorator object at 0x7f462c1f33d0>, verb_extension=<colcon_core.verb.build.BuildVerb object at 0x7f462c712f80>, main=<bound method BuildVerb.main of <colcon_core.verb.build.BuildVerb object at 0x7f462c712f80>>, mixin_verb=('build',))
[1.442s] Level 1:colcon.colcon_core.package_discovery:discover_packages(colcon_meta) check parameters
[1.443s] INFO:colcon.colcon_metadata.package_discovery.colcon_meta:Using configuration from '/root/.colcon/metadata/default/Gazebo.meta'
[1.444s] INFO:colcon.colcon_metadata.package_discovery.colcon_meta:Using configuration from '/root/.colcon/metadata/default/fastrtps.meta'
[1.444s] Level 1:colcon.colcon_core.package_discovery:discover_packages(recursive) check parameters
[1.444s] Level 1:colcon.colcon_core.package_discovery:discover_packages(ignore) check parameters
[1.444s] Level 1:colcon.colcon_core.package_discovery:discover_packages(path) check parameters
[1.444s] Level 1:colcon.colcon_core.package_discovery:discover_packages(colcon_meta) discover
[1.444s] Level 1:colcon.colcon_core.package_discovery:discover_packages(recursive) discover
[1.444s] INFO:colcon.colcon_core.package_discovery:Crawling recursively for packages in '/root/ros2_frws/src'
[1.444s] Level 1:colcon.colcon_core.package_identification:_identify(.) by extensions ['ignore', 'ignore_ament_install']
[1.444s] Level 1:colcon.colcon_core.package_identification:_identify(.) by extension 'ignore'
[1.445s] Level 1:colcon.colcon_core.package_identification:_identify(.) by extension 'ignore_ament_install'
[1.445s] Level 1:colcon.colcon_core.package_identification:_identify(.) by extensions ['colcon_pkg']
[1.445s] Level 1:colcon.colcon_core.package_identification:_identify(.) by extension 'colcon_pkg'
[1.445s] Level 1:colcon.colcon_core.package_identification:_identify(.) by extensions ['colcon_meta']
[1.445s] Level 1:colcon.colcon_core.package_identification:_identify(.) by extension 'colcon_meta'
[1.445s] Level 1:colcon.colcon_core.package_identification:_identify(.) by extensions ['ros']
[1.445s] Level 1:colcon.colcon_core.package_identification:_identify(.) by extension 'ros'
[1.461s] Level 1:colcon.colcon_core.package_identification:_identify(.) by extensions ['cmake', 'python']
[1.461s] Level 1:colcon.colcon_core.package_identification:_identify(.) by extension 'cmake'
[1.461s] Level 1:colcon.colcon_core.package_identification:_identify(.) by extension 'python'
[1.461s] Level 1:colcon.colcon_core.package_identification:_identify(.) by extensions ['python_setup_py']
[1.461s] Level 1:colcon.colcon_core.package_identification:_identify(.) by extension 'python_setup_py'
[1.461s] Level 1:colcon.colcon_core.package_identification:_identify(basic_comms) by extensions ['ignore', 'ignore_ament_install']
[1.462s] Level 1:colcon.colcon_core.package_identification:_identify(basic_comms) by extension 'ignore'
[1.462s] Level 1:colcon.colcon_core.package_identification:_identify(basic_comms) by extension 'ignore_ament_install'
[1.462s] Level 1:colcon.colcon_core.package_identification:_identify(basic_comms) by extensions ['colcon_pkg']
[1.462s] Level 1:colcon.colcon_core.package_identification:_identify(basic_comms) by extension 'colcon_pkg'
[1.462s] Level 1:colcon.colcon_core.package_identification:_identify(basic_comms) by extensions ['colcon_meta']
[1.462s] Level 1:colcon.colcon_core.package_identification:_identify(basic_comms) by extension 'colcon_meta'
[1.462s] Level 1:colcon.colcon_core.package_identification:_identify(basic_comms) by extensions ['ros']
[1.462s] Level 1:colcon.colcon_core.package_identification:_identify(basic_comms) by extension 'ros'
[1.465s] DEBUG:colcon.colcon_core.package_identification:Package 'basic_comms' with type 'ros.ament_python' and name 'basic_comms'
[1.465s] Level 1:colcon.colcon_core.package_identification:_identify(build) by extensions ['ignore', 'ignore_ament_install']
[1.465s] Level 1:colcon.colcon_core.package_identification:_identify(build) by extension 'ignore'
[1.466s] Level 1:colcon.colcon_core.package_identification:_identify(build) ignored
[1.466s] Level 1:colcon.colcon_core.package_identification:_identify(install) by extensions ['ignore', 'ignore_ament_install']
[1.466s] Level 1:colcon.colcon_core.package_identification:_identify(install) by extension 'ignore'
[1.466s] Level 1:colcon.colcon_core.package_identification:_identify(install) ignored
[1.466s] Level 1:colcon.colcon_core.package_identification:_identify(log) by extensions ['ignore', 'ignore_ament_install']
[1.466s] Level 1:colcon.colcon_core.package_identification:_identify(log) by extension 'ignore'
[1.466s] Level 1:colcon.colcon_core.package_identification:_identify(log) ignored
[1.466s] Level 1:colcon.colcon_core.package_discovery:discover_packages(recursive) using defaults
[1.466s] Level 1:colcon.colcon_core.package_discovery:discover_packages(ignore) discover
[1.466s] Level 1:colcon.colcon_core.package_discovery:discover_packages(ignore) using defaults
[1.466s] Level 1:colcon.colcon_core.package_discovery:discover_packages(path) discover
[1.466s] Level 1:colcon.colcon_core.package_discovery:discover_packages(path) using defaults
[1.570s] Level 5:colcon.colcon_core.verb:set package 'basic_comms' build argument 'cmake_args' from command line to 'None'
[1.570s] Level 5:colcon.colcon_core.verb:set package 'basic_comms' build argument 'cmake_target' from command line to 'None'
[1.570s] Level 5:colcon.colcon_core.verb:set package 'basic_comms' build argument 'cmake_target_skip_unavailable' from command line to 'False'
[1.570s] Level 5:colcon.colcon_core.verb:set package 'basic_comms' build argument 'cmake_clean_cache' from command line to 'False'
[1.570s] Level 5:colcon.colcon_core.verb:set package 'basic_comms' build argument 'cmake_clean_first' from command line to 'False'
[1.570s] Level 5:colcon.colcon_core.verb:set package 'basic_comms' build argument 'cmake_force_configure' from command line to 'False'
[1.570s] Level 5:colcon.colcon_core.verb:set package 'basic_comms' build argument 'ament_cmake_args' from command line to 'None'
[1.570s] Level 5:colcon.colcon_core.verb:set package 'basic_comms' build argument 'catkin_cmake_args' from command line to 'None'
[1.570s] Level 5:colcon.colcon_core.verb:set package 'basic_comms' build argument 'catkin_skip_building_tests' from command line to 'False'
[1.570s] DEBUG:colcon.colcon_core.verb:Building package 'basic_comms' with the following arguments: {'ament_cmake_args': None, 'build_base': '/root/ros2_frws/src/build/basic_comms', 'catkin_cmake_args': None, 'catkin_skip_building_tests': False, 'cmake_args': None, 'cmake_clean_cache': False, 'cmake_clean_first': False, 'cmake_force_configure': False, 'cmake_target': None, 'cmake_target_skip_unavailable': False, 'install_base': '/root/ros2_frws/src/install/basic_comms', 'merge_install': False, 'path': '/root/ros2_frws/src/basic_comms', 'symlink_install': False, 'test_result_base': None}
[1.587s] INFO:colcon.colcon_core.executor:Executing jobs using 'parallel' executor
[1.605s] DEBUG:colcon.colcon_parallel_executor.executor.parallel:run_until_complete
[1.606s] INFO:colcon.colcon_ros.task.ament_python.build:Building ROS package in '/root/ros2_frws/src/basic_comms' with build type 'ament_python'
[1.606s] Level 1:colcon.colcon_core.shell:create_environment_hook('basic_comms', 'ament_prefix_path')
[1.629s] INFO:colcon.colcon_core.plugin_system:Skipping extension 'colcon_core.shell.bat': Not used on non-Windows systems
[1.630s] INFO:colcon.colcon_core.shell:Creating environment hook '/root/ros2_frws/src/install/basic_comms/share/basic_comms/hook/ament_prefix_path.ps1'
[1.631s] INFO:colcon.colcon_core.shell:Creating environment descriptor '/root/ros2_frws/src/install/basic_comms/share/basic_comms/hook/ament_prefix_path.dsv'
[1.632s] INFO:colcon.colcon_core.shell:Creating environment hook '/root/ros2_frws/src/install/basic_comms/share/basic_comms/hook/ament_prefix_path.sh'
[1.649s] INFO:colcon.colcon_core.shell:Skip shell extension 'powershell' for command environment: Not usable outside of PowerShell
[1.649s] DEBUG:colcon.colcon_core.shell:Skip shell extension 'dsv' for command environment
[1.926s] INFO:colcon.colcon_core.task.python.build:Building Python package in '/root/ros2_frws/src/basic_comms'
[1.939s] INFO:colcon.colcon_core.shell:Skip shell extension 'powershell' for command environment: Not usable outside of PowerShell
[1.939s] DEBUG:colcon.colcon_core.shell:Skip shell extension 'dsv' for command environment
[2.498s] DEBUG:colcon.colcon_core.event_handler.log_command:Invoking command in '/root/ros2_frws/src/basic_comms': PYTHONPATH=/root/ros2_frws/src/build/basic_comms/prefix_override:/root/ros2_frws/src/install/basic_comms/lib/python3.10/site-packages:${PYTHONPATH} /usr/bin/python3 setup.py egg_info --egg-base ../build/basic_comms build --build-base /root/ros2_frws/src/build/basic_comms/build install --record /root/ros2_frws/src/build/basic_comms/install.log --single-version-externally-managed
[2.992s] DEBUG:colcon.colcon_core.event_handler.log_command:Invoked command in '/root/ros2_frws/src/basic_comms' returned '0': PYTHONPATH=/root/ros2_frws/src/build/basic_comms/prefix_override:/root/ros2_frws/src/install/basic_comms/lib/python3.10/site-packages:${PYTHONPATH} /usr/bin/python3 setup.py egg_info --egg-base ../build/basic_comms build --build-base /root/ros2_frws/src/build/basic_comms/build install --record /root/ros2_frws/src/build/basic_comms/install.log --single-version-externally-managed
[3.007s] Level 1:colcon.colcon_core.environment:checking '/root/ros2_frws/src/install/basic_comms' for CMake module files
[3.008s] Level 1:colcon.colcon_core.environment:checking '/root/ros2_frws/src/install/basic_comms' for CMake config files
[3.008s] Level 1:colcon.colcon_core.environment:checking '/root/ros2_frws/src/install/basic_comms/lib'
[3.008s] Level 1:colcon.colcon_core.environment:checking '/root/ros2_frws/src/install/basic_comms/bin'
[3.009s] Level 1:colcon.colcon_core.environment:checking '/root/ros2_frws/src/install/basic_comms/lib/pkgconfig/basic_comms.pc'
[3.009s] Level 1:colcon.colcon_core.environment:checking '/root/ros2_frws/src/install/basic_comms/lib/python3.10/site-packages'
[3.009s] Level 1:colcon.colcon_core.shell:create_environment_hook('basic_comms', 'pythonpath')
[3.023s] INFO:colcon.colcon_core.shell:Creating environment hook '/root/ros2_frws/src/install/basic_comms/share/basic_comms/hook/pythonpath.ps1'
[3.024s] INFO:colcon.colcon_core.shell:Creating environment descriptor '/root/ros2_frws/src/install/basic_comms/share/basic_comms/hook/pythonpath.dsv'
[3.024s] INFO:colcon.colcon_core.shell:Creating environment hook '/root/ros2_frws/src/install/basic_comms/share/basic_comms/hook/pythonpath.sh'
[3.025s] Level 1:colcon.colcon_core.environment:checking '/root/ros2_frws/src/install/basic_comms/bin'
[3.025s] Level 1:colcon.colcon_core.environment:create_environment_scripts_only(basic_comms)
[3.042s] INFO:colcon.colcon_core.shell:Creating package script '/root/ros2_frws/src/install/basic_comms/share/basic_comms/package.ps1'
[3.043s] INFO:colcon.colcon_core.shell:Creating package descriptor '/root/ros2_frws/src/install/basic_comms/share/basic_comms/package.dsv'
[3.043s] INFO:colcon.colcon_core.shell:Creating package script '/root/ros2_frws/src/install/basic_comms/share/basic_comms/package.sh'
[3.044s] INFO:colcon.colcon_core.shell:Creating package script '/root/ros2_frws/src/install/basic_comms/share/basic_comms/package.bash'
[3.045s] INFO:colcon.colcon_core.shell:Creating package script '/root/ros2_frws/src/install/basic_comms/share/basic_comms/package.zsh'
[3.046s] Level 1:colcon.colcon_core.environment:create_file_with_runtime_dependencies(/root/ros2_frws/src/install/basic_comms/share/colcon-core/packages/basic_comms)
[3.046s] DEBUG:colcon.colcon_parallel_executor.executor.parallel:closing loop
[3.047s] DEBUG:colcon.colcon_parallel_executor.executor.parallel:loop closed
[3.048s] DEBUG:colcon.colcon_parallel_executor.executor.parallel:run_until_complete finished with '0'
[3.048s] DEBUG:colcon.colcon_core.event_reactor:joining thread
[3.070s] INFO:colcon.colcon_core.plugin_system:Skipping extension 'colcon_notification.desktop_notification.notify_send': Could not find 'notify-send'
[3.070s] INFO:colcon.colcon_core.plugin_system:Skipping extension 'colcon_notification.desktop_notification.terminal_notifier': Not used on non-Darwin systems
[3.070s] INFO:colcon.colcon_core.plugin_system:Skipping extension 'colcon_notification.desktop_notification.win32': Not used on non-Windows systems
[3.070s] INFO:colcon.colcon_notification.desktop_notification:Sending desktop notification using 'notify2'
[3.073s] DEBUG:colcon.colcon_notification.desktop_notification.notify2:Failed to initialize notify2: org.freedesktop.DBus.Error.Spawn.ExecFailed: /usr/bin/dbus-launch terminated abnormally without any error message
[3.073s] DEBUG:colcon.colcon_core.event_reactor:joined thread
[3.088s] INFO:colcon.colcon_core.shell:Creating prefix script '/root/ros2_frws/src/install/local_setup.ps1'
[3.090s] INFO:colcon.colcon_core.shell:Creating prefix util module '/root/ros2_frws/src/install/_local_setup_util_ps1.py'
[3.091s] INFO:colcon.colcon_core.shell:Creating prefix chain script '/root/ros2_frws/src/install/setup.ps1'
[3.105s] INFO:colcon.colcon_core.shell:Creating prefix script '/root/ros2_frws/src/install/local_setup.sh'
[3.106s] INFO:colcon.colcon_core.shell:Creating prefix util module '/root/ros2_frws/src/install/_local_setup_util_sh.py'
[3.106s] INFO:colcon.colcon_core.shell:Creating prefix chain script '/root/ros2_frws/src/install/setup.sh'
[3.121s] INFO:colcon.colcon_core.shell:Creating prefix script '/root/ros2_frws/src/install/local_setup.bash'
[3.121s] INFO:colcon.colcon_core.shell:Creating prefix chain script '/root/ros2_frws/src/install/setup.bash'
[3.137s] INFO:colcon.colcon_core.shell:Creating prefix script '/root/ros2_frws/src/install/local_setup.zsh'
[3.137s] INFO:colcon.colcon_core.shell:Creating prefix chain script '/root/ros2_frws/src/install/setup.zsh'
