[0.365s] Invoking command in '/root/ros2_frws/src/build/xarm_sdk': CMAKE_PREFIX_PATH=${CMAKE_PREFIX_PATH}:/root/ros2_frws/install/challenge_2:/root/ros2_frws/install/moveit_configs_utils:/root/ros2_frws/install/course_works:/root/ros2_frws/install/basic_comms_params:/root/ros2_frws/install/basic_comms_param:/root/ros2_frws/install/basic_comms:/opt/ros/humble /usr/bin/cmake --build /root/ros2_frws/src/build/xarm_sdk -- -j16 -l16
[1.585s] -- Found ament_cmake: 1.3.8 (/opt/ros/humble/share/ament_cmake/cmake)
[1.585s] -- Found ament_lint_auto: 0.12.10 (/opt/ros/humble/share/ament_lint_auto/cmake)
[1.586s] -- Added test 'copyright' to check source files copyright and LICENSE
[1.586s] -- Added test 'cppcheck' to perform static code analysis on C / C++ code
[1.586s] -- Configured cppcheck include dirs: /root/ros2_frws/src/xarm_ros2/xarm_sdk/cxx/include
[1.586s] -- Configured cppcheck exclude dirs and/or files: 
[1.586s] -- Added test 'cpplint' to check C / C++ code against the Google style
[1.586s] -- Configured cpplint exclude dirs and/or files: 
[1.586s] -- Added test 'lint_cmake' to check CMake code style
[1.586s] -- Added test 'uncrustify' to check C / C++ code style
[1.586s] -- Configured uncrustify additional arguments: 
[1.586s] -- Added test 'xmllint' to check XML markup files
[1.586s] -- Configuring done
[1.586s] -- Generating done
[1.586s] -- Build files have been written to: /root/ros2_frws/src/build/xarm_sdk
[1.586s] [35m[1mConsolidate compiler generated dependencies of target xarm_cxx_sdk[0m
[1.586s] [ 12%] [32mBuilding CXX object CMakeFiles/xarm_cxx_sdk.dir/cxx/src/serial/impl/win.cc.o[0m
[1.587s] [ 12%] [32mBuilding CXX object CMakeFiles/xarm_cxx_sdk.dir/cxx/src/serial/impl/list_ports/list_ports_linux.cc.o[0m
[1.590s] [ 12%] [32mBuilding CXX object CMakeFiles/xarm_cxx_sdk.dir/cxx/src/serial/impl/list_ports/list_ports_osx.cc.o[0m
[1.591s] [ 15%] [32mBuilding CXX object CMakeFiles/xarm_cxx_sdk.dir/cxx/src/serial/serial.cc.o[0m
[1.591s] [ 18%] [32mBuilding CXX object CMakeFiles/xarm_cxx_sdk.dir/cxx/src/serial/impl/unix.cc.o[0m
[1.591s] [ 18%] [32mBuilding CXX object CMakeFiles/xarm_cxx_sdk.dir/cxx/src/serial/impl/list_ports/list_ports_win.cc.o[0m
[1.591s] [ 21%] [32mBuilding CXX object CMakeFiles/xarm_cxx_sdk.dir/cxx/src/xarm/core/common/queue_memcpy.cc.o[0m
[1.591s] [ 25%] [32mBuilding CXX object CMakeFiles/xarm_cxx_sdk.dir/cxx/src/xarm/core/common/crc16.cc.o[0m
[1.591s] [ 28%] [32mBuilding CXX object CMakeFiles/xarm_cxx_sdk.dir/cxx/src/xarm/core/connect.cc.o[0m
[1.591s] [ 31%] [32mBuilding CXX object CMakeFiles/xarm_cxx_sdk.dir/cxx/src/xarm/core/debug/debug_print.cc.o[0m
[1.592s] [ 34%] [32mBuilding CXX object CMakeFiles/xarm_cxx_sdk.dir/cxx/src/xarm/core/instruction/uxbus_cmd.cc.o[0m
[1.592s] [ 40%] [32mBuilding CXX object CMakeFiles/xarm_cxx_sdk.dir/cxx/src/xarm/core/os/network.cc.o[0m
[1.592s] [ 40%] [32mBuilding CXX object CMakeFiles/xarm_cxx_sdk.dir/cxx/src/xarm/core/instruction/uxbus_cmd_ser.cc.o[0m
[1.592s] [ 43%] [32mBuilding CXX object CMakeFiles/xarm_cxx_sdk.dir/cxx/src/xarm/core/port/ser.cc.o[0m
[1.592s] [ 46%] [32mBuilding CXX object CMakeFiles/xarm_cxx_sdk.dir/cxx/src/xarm/core/instruction/uxbus_cmd_tcp.cc.o[0m
[1.592s] [ 50%] [32mBuilding CXX object CMakeFiles/xarm_cxx_sdk.dir/cxx/src/xarm/core/port/socket.cc.o[0m
[1.592s] [ 53%] [32mBuilding CXX object CMakeFiles/xarm_cxx_sdk.dir/cxx/src/xarm/core/report_data.cc.o[0m
[1.592s] [ 56%] [32mBuilding CXX object CMakeFiles/xarm_cxx_sdk.dir/cxx/src/xarm/wrapper/xarm_api.cc.o[0m
[1.592s] [ 59%] [32mBuilding CXX object CMakeFiles/xarm_cxx_sdk.dir/cxx/src/xarm/wrapper/xarm_bio.cc.o[0m
[1.593s] [ 62%] [32mBuilding CXX object CMakeFiles/xarm_cxx_sdk.dir/cxx/src/xarm/wrapper/xarm_events.cc.o[0m
[1.593s] [ 65%] [32mBuilding CXX object CMakeFiles/xarm_cxx_sdk.dir/cxx/src/xarm/wrapper/xarm_ft_sensor.cc.o[0m
[1.593s] [ 68%] [32mBuilding CXX object CMakeFiles/xarm_cxx_sdk.dir/cxx/src/xarm/wrapper/xarm_gpio.cc.o[0m
[1.593s] [ 71%] [32mBuilding CXX object CMakeFiles/xarm_cxx_sdk.dir/cxx/src/xarm/wrapper/xarm_gripper.cc.o[0m
[1.594s] [ 75%] [32mBuilding CXX object CMakeFiles/xarm_cxx_sdk.dir/cxx/src/xarm/wrapper/xarm_modbus_tcp.cc.o[0m
[1.594s] [ 81%] [32mBuilding CXX object CMakeFiles/xarm_cxx_sdk.dir/cxx/src/xarm/wrapper/xarm_params.cc.o[0m
[1.594s] [ 81%] [32mBuilding CXX object CMakeFiles/xarm_cxx_sdk.dir/cxx/src/xarm/wrapper/xarm_motion.cc.o[0m
[1.594s] [ 84%] [32mBuilding CXX object CMakeFiles/xarm_cxx_sdk.dir/cxx/src/xarm/wrapper/xarm_record.cc.o[0m
[1.594s] [ 87%] [32mBuilding CXX object CMakeFiles/xarm_cxx_sdk.dir/cxx/src/xarm/wrapper/xarm_report.cc.o[0m
[1.594s] [ 90%] [32mBuilding CXX object CMakeFiles/xarm_cxx_sdk.dir/cxx/src/xarm/wrapper/xarm_robotiq.cc.o[0m
[1.617s] [ 93%] [32mBuilding CXX object CMakeFiles/xarm_cxx_sdk.dir/cxx/src/xarm/wrapper/xarm_servo.cc.o[0m
[1.631s] [ 96%] [32mBuilding CXX object CMakeFiles/xarm_cxx_sdk.dir/cxx/src/xarm/wrapper/xarm_track.cc.o[0m
[4.584s] [100%] [32m[1mLinking CXX shared library libxarm_cxx_sdk.so[0m
[4.744s] [100%] Built target xarm_cxx_sdk
