[1.819s] Invoking command in '/root/ros2_frws/src/basic_comms_param': PYTHONPATH=/root/ros2_frws/src/build/basic_comms_param/prefix_override:/root/ros2_frws/src/install/basic_comms_param/lib/python3.10/site-packages:${PYTHONPATH} /usr/bin/python3 setup.py egg_info --egg-base ../build/basic_comms_param build --build-base /root/ros2_frws/src/build/basic_comms_param/build install --record /root/ros2_frws/src/build/basic_comms_param/install.log --single-version-externally-managed
[2.049s] running egg_info
[2.063s] writing ../build/basic_comms_param/basic_comms_param.egg-info/PKG-INFO
[2.064s] writing dependency_links to ../build/basic_comms_param/basic_comms_param.egg-info/dependency_links.txt
[2.065s] writing entry points to ../build/basic_comms_param/basic_comms_param.egg-info/entry_points.txt
[2.065s] writing requirements to ../build/basic_comms_param/basic_comms_param.egg-info/requires.txt
[2.065s] writing top-level names to ../build/basic_comms_param/basic_comms_param.egg-info/top_level.txt
[2.096s] reading manifest file '../build/basic_comms_param/basic_comms_param.egg-info/SOURCES.txt'
[2.097s] adding license file 'LICENSE'
[2.098s] writing manifest file '../build/basic_comms_param/basic_comms_param.egg-info/SOURCES.txt'
[2.098s] running build
[2.098s] running build_py
[2.098s] copying basic_comms_param/talker_params.py -> /root/ros2_frws/src/build/basic_comms_param/build/lib/basic_comms_param
[2.101s] running install
[2.101s] /root/.local/lib/python3.10/site-packages/setuptools/_distutils/cmd.py:66: SetuptoolsDeprecationWarning: setup.py install is deprecated.
[2.101s] !!
[2.101s] 
[2.101s]         ********************************************************************************
[2.101s]         Please avoid running ``setup.py`` directly.
[2.101s]         Instead, use pypa/build, pypa/installer or other
[2.101s]         standards-based tools.
[2.101s] 
[2.101s]         See https://blog.ganssle.io/articles/2021/10/setup-py-deprecated.html for details.
[2.101s]         ********************************************************************************
[2.102s] 
[2.102s] !!
[2.102s]   self.initialize_options()
[2.107s] running install_lib
[2.125s] copying /root/ros2_frws/src/build/basic_comms_param/build/lib/basic_comms_param/talker_params.py -> /root/ros2_frws/src/install/basic_comms_param/lib/python3.10/site-packages/basic_comms_param
[2.128s] byte-compiling /root/ros2_frws/src/install/basic_comms_param/lib/python3.10/site-packages/basic_comms_param/talker_params.py to talker_params.cpython-310.pyc
[2.129s] running install_data
[2.147s] running install_egg_info
[2.163s] removing '/root/ros2_frws/src/install/basic_comms_param/lib/python3.10/site-packages/basic_comms_param-0.0.0-py3.10.egg-info' (and everything under it)
[2.168s] Copying ../build/basic_comms_param/basic_comms_param.egg-info to /root/ros2_frws/src/install/basic_comms_param/lib/python3.10/site-packages/basic_comms_param-0.0.0-py3.10.egg-info
[2.171s] running install_scripts
[2.351s] Installing talker_params script to /root/ros2_frws/src/install/basic_comms_param/lib/basic_comms_param
[2.352s] writing list of installed files to '/root/ros2_frws/src/build/basic_comms_param/install.log'
[2.519s] Invoked command in '/root/ros2_frws/src/basic_comms_param' returned '0': PYTHONPATH=/root/ros2_frws/src/build/basic_comms_param/prefix_override:/root/ros2_frws/src/install/basic_comms_param/lib/python3.10/site-packages:${PYTHONPATH} /usr/bin/python3 setup.py egg_info --egg-base ../build/basic_comms_param build --build-base /root/ros2_frws/src/build/basic_comms_param/build install --record /root/ros2_frws/src/build/basic_comms_param/install.log --single-version-externally-managed
