[3.284s] Invoking command in '/root/ros2_frws/src/moveit2/moveit_configs_utils': PYTHONPATH=/root/ros2_frws/src/build/moveit_configs_utils/prefix_override:/root/ros2_frws/src/install/moveit_configs_utils/lib/python3.10/site-packages:${PYTHONPATH} /usr/bin/python3 setup.py egg_info --egg-base ../../build/moveit_configs_utils build --build-base /root/ros2_frws/src/build/moveit_configs_utils/build install --record /root/ros2_frws/src/build/moveit_configs_utils/install.log --single-version-externally-managed
[3.595s] running egg_info
[3.595s] creating ../../build/moveit_configs_utils/moveit_configs_utils.egg-info
[3.596s] writing ../../build/moveit_configs_utils/moveit_configs_utils.egg-info/PKG-INFO
[3.596s] writing dependency_links to ../../build/moveit_configs_utils/moveit_configs_utils.egg-info/dependency_links.txt
[3.596s] writing requirements to ../../build/moveit_configs_utils/moveit_configs_utils.egg-info/requires.txt
[3.596s] writing top-level names to ../../build/moveit_configs_utils/moveit_configs_utils.egg-info/top_level.txt
[3.596s] writing manifest file '../../build/moveit_configs_utils/moveit_configs_utils.egg-info/SOURCES.txt'
[3.603s] reading manifest file '../../build/moveit_configs_utils/moveit_configs_utils.egg-info/SOURCES.txt'
[3.604s] writing manifest file '../../build/moveit_configs_utils/moveit_configs_utils.egg-info/SOURCES.txt'
[3.604s] running build
[3.604s] running build_py
[3.604s] creating /root/ros2_frws/src/build/moveit_configs_utils/build
[3.605s] creating /root/ros2_frws/src/build/moveit_configs_utils/build/lib
[3.605s] creating /root/ros2_frws/src/build/moveit_configs_utils/build/lib/moveit_configs_utils
[3.605s] copying moveit_configs_utils/launches.py -> /root/ros2_frws/src/build/moveit_configs_utils/build/lib/moveit_configs_utils
[3.606s] copying moveit_configs_utils/__init__.py -> /root/ros2_frws/src/build/moveit_configs_utils/build/lib/moveit_configs_utils
[3.606s] copying moveit_configs_utils/launch_utils.py -> /root/ros2_frws/src/build/moveit_configs_utils/build/lib/moveit_configs_utils
[3.606s] copying moveit_configs_utils/moveit_configs_builder.py -> /root/ros2_frws/src/build/moveit_configs_utils/build/lib/moveit_configs_utils
[3.606s] creating /root/ros2_frws/src/build/moveit_configs_utils/build/lib/moveit_configs_utils/substitutions
[3.607s] copying moveit_configs_utils/substitutions/__init__.py -> /root/ros2_frws/src/build/moveit_configs_utils/build/lib/moveit_configs_utils/substitutions
[3.607s] copying moveit_configs_utils/substitutions/xacro.py -> /root/ros2_frws/src/build/moveit_configs_utils/build/lib/moveit_configs_utils/substitutions
[3.607s] running install
[3.607s] /root/.local/lib/python3.10/site-packages/setuptools/_distutils/cmd.py:66: SetuptoolsDeprecationWarning: setup.py install is deprecated.
[3.608s] !!
[3.608s] 
[3.608s]         ********************************************************************************
[3.608s]         Please avoid running ``setup.py`` directly.
[3.608s]         Instead, use pypa/build, pypa/installer or other
[3.608s]         standards-based tools.
[3.609s] 
[3.609s]         See https://blog.ganssle.io/articles/2021/10/setup-py-deprecated.html for details.
[3.609s]         ********************************************************************************
[3.609s] 
[3.609s] !!
[3.609s]   self.initialize_options()
[3.614s] running install_lib
[3.638s] creating /root/ros2_frws/src/install/moveit_configs_utils/lib/python3.10/site-packages/moveit_configs_utils
[3.638s] copying /root/ros2_frws/src/build/moveit_configs_utils/build/lib/moveit_configs_utils/launches.py -> /root/ros2_frws/src/install/moveit_configs_utils/lib/python3.10/site-packages/moveit_configs_utils
[3.639s] creating /root/ros2_frws/src/install/moveit_configs_utils/lib/python3.10/site-packages/moveit_configs_utils/substitutions
[3.639s] copying /root/ros2_frws/src/build/moveit_configs_utils/build/lib/moveit_configs_utils/substitutions/__init__.py -> /root/ros2_frws/src/install/moveit_configs_utils/lib/python3.10/site-packages/moveit_configs_utils/substitutions
[3.640s] copying /root/ros2_frws/src/build/moveit_configs_utils/build/lib/moveit_configs_utils/substitutions/xacro.py -> /root/ros2_frws/src/install/moveit_configs_utils/lib/python3.10/site-packages/moveit_configs_utils/substitutions
[3.640s] copying /root/ros2_frws/src/build/moveit_configs_utils/build/lib/moveit_configs_utils/__init__.py -> /root/ros2_frws/src/install/moveit_configs_utils/lib/python3.10/site-packages/moveit_configs_utils
[3.640s] copying /root/ros2_frws/src/build/moveit_configs_utils/build/lib/moveit_configs_utils/launch_utils.py -> /root/ros2_frws/src/install/moveit_configs_utils/lib/python3.10/site-packages/moveit_configs_utils
[3.641s] copying /root/ros2_frws/src/build/moveit_configs_utils/build/lib/moveit_configs_utils/moveit_configs_builder.py -> /root/ros2_frws/src/install/moveit_configs_utils/lib/python3.10/site-packages/moveit_configs_utils
[3.642s] byte-compiling /root/ros2_frws/src/install/moveit_configs_utils/lib/python3.10/site-packages/moveit_configs_utils/launches.py to launches.cpython-310.pyc
[3.647s] byte-compiling /root/ros2_frws/src/install/moveit_configs_utils/lib/python3.10/site-packages/moveit_configs_utils/substitutions/__init__.py to __init__.cpython-310.pyc
[3.656s] byte-compiling /root/ros2_frws/src/install/moveit_configs_utils/lib/python3.10/site-packages/moveit_configs_utils/substitutions/xacro.py to xacro.cpython-310.pyc
[3.656s] byte-compiling /root/ros2_frws/src/install/moveit_configs_utils/lib/python3.10/site-packages/moveit_configs_utils/__init__.py to __init__.cpython-310.pyc
[3.657s] byte-compiling /root/ros2_frws/src/install/moveit_configs_utils/lib/python3.10/site-packages/moveit_configs_utils/launch_utils.py to launch_utils.cpython-310.pyc
[3.657s] byte-compiling /root/ros2_frws/src/install/moveit_configs_utils/lib/python3.10/site-packages/moveit_configs_utils/moveit_configs_builder.py to moveit_configs_builder.cpython-310.pyc
[3.659s] running install_data
[3.675s] creating /root/ros2_frws/src/install/moveit_configs_utils/share/ament_index
[3.675s] creating /root/ros2_frws/src/install/moveit_configs_utils/share/ament_index/resource_index
[3.675s] creating /root/ros2_frws/src/install/moveit_configs_utils/share/ament_index/resource_index/packages
[3.676s] copying resource/moveit_configs_utils -> /root/ros2_frws/src/install/moveit_configs_utils/share/ament_index/resource_index/packages
[3.676s] copying package.xml -> /root/ros2_frws/src/install/moveit_configs_utils/share/moveit_configs_utils
[3.676s] creating /root/ros2_frws/src/install/moveit_configs_utils/share/moveit_configs_utils/default_configs
[3.677s] copying default_configs/chomp_planning.yaml -> /root/ros2_frws/src/install/moveit_configs_utils/share/moveit_configs_utils/default_configs
[3.677s] copying default_configs/pilz_industrial_motion_planner_planning.yaml -> /root/ros2_frws/src/install/moveit_configs_utils/share/moveit_configs_utils/default_configs
[3.677s] copying default_configs/ompl_defaults.yaml -> /root/ros2_frws/src/install/moveit_configs_utils/share/moveit_configs_utils/default_configs
[3.677s] copying default_configs/ompl_planning.yaml -> /root/ros2_frws/src/install/moveit_configs_utils/share/moveit_configs_utils/default_configs
[3.677s] running install_egg_info
[3.697s] Copying ../../build/moveit_configs_utils/moveit_configs_utils.egg-info to /root/ros2_frws/src/install/moveit_configs_utils/lib/python3.10/site-packages/moveit_configs_utils-2.5.5-py3.10.egg-info
[3.698s] running install_scripts
[3.865s] writing list of installed files to '/root/ros2_frws/src/build/moveit_configs_utils/install.log'
[4.548s] Invoked command in '/root/ros2_frws/src/moveit2/moveit_configs_utils' returned '0': PYTHONPATH=/root/ros2_frws/src/build/moveit_configs_utils/prefix_override:/root/ros2_frws/src/install/moveit_configs_utils/lib/python3.10/site-packages:${PYTHONPATH} /usr/bin/python3 setup.py egg_info --egg-base ../../build/moveit_configs_utils build --build-base /root/ros2_frws/src/build/moveit_configs_utils/build install --record /root/ros2_frws/src/build/moveit_configs_utils/install.log --single-version-externally-managed
