[2.135s] Invoking command in '/root/ros2_frws/src/course_works': PYTHONPATH=/root/ros2_frws/src/build/course_works/prefix_override:/root/ros2_frws/src/install/course_works/lib/python3.10/site-packages:${PYTHONPATH} /usr/bin/python3 setup.py egg_info --egg-base ../build/course_works build --build-base /root/ros2_frws/src/build/course_works/build install --record /root/ros2_frws/src/build/course_works/install.log --single-version-externally-managed
[2.385s] running egg_info
[2.403s] writing ../build/course_works/course_works.egg-info/PKG-INFO
[2.404s] writing dependency_links to ../build/course_works/course_works.egg-info/dependency_links.txt
[2.404s] writing entry points to ../build/course_works/course_works.egg-info/entry_points.txt
[2.405s] writing requirements to ../build/course_works/course_works.egg-info/requires.txt
[2.405s] writing top-level names to ../build/course_works/course_works.egg-info/top_level.txt
[2.438s] reading manifest file '../build/course_works/course_works.egg-info/SOURCES.txt'
[2.439s] adding license file 'LICENSE'
[2.440s] writing manifest file '../build/course_works/course_works.egg-info/SOURCES.txt'
[2.440s] running build
[2.440s] running build_py
[2.441s] running install
[2.441s] /root/.local/lib/python3.10/site-packages/setuptools/_distutils/cmd.py:66: SetuptoolsDeprecationWarning: setup.py install is deprecated.
[2.441s] !!
[2.441s] 
[2.441s]         ********************************************************************************
[2.442s]         Please avoid running ``setup.py`` directly.
[2.442s]         Instead, use pypa/build, pypa/installer or other
[2.442s]         standards-based tools.
[2.442s] 
[2.442s]         See https://blog.ganssle.io/articles/2021/10/setup-py-deprecated.html for details.
[2.442s]         ********************************************************************************
[2.443s] 
[2.443s] !!
[2.443s]   self.initialize_options()
[2.449s] running install_lib
[2.469s] running install_data
[2.486s] running install_egg_info
[2.504s] removing '/root/ros2_frws/src/install/course_works/lib/python3.10/site-packages/course_works-0.0.0-py3.10.egg-info' (and everything under it)
[2.505s] Copying ../build/course_works/course_works.egg-info to /root/ros2_frws/src/install/course_works/lib/python3.10/site-packages/course_works-0.0.0-py3.10.egg-info
[2.508s] running install_scripts
[2.674s] Installing process_node script to /root/ros2_frws/src/install/course_works/lib/course_works
[2.674s] Installing signal_generator script to /root/ros2_frws/src/install/course_works/lib/course_works
[2.675s] writing list of installed files to '/root/ros2_frws/src/build/course_works/install.log'
[2.823s] Invoked command in '/root/ros2_frws/src/course_works' returned '0': PYTHONPATH=/root/ros2_frws/src/build/course_works/prefix_override:/root/ros2_frws/src/install/course_works/lib/python3.10/site-packages:${PYTHONPATH} /usr/bin/python3 setup.py egg_info --egg-base ../build/course_works build --build-base /root/ros2_frws/src/build/course_works/build install --record /root/ros2_frws/src/build/course_works/install.log --single-version-externally-managed
