[1.204s] Invoking command in '/root/ros2_frws/src/basic_comms': PYTHONPATH=/root/ros2_frws/src/build/basic_comms/prefix_override:/root/ros2_frws/src/install/basic_comms/lib/python3.10/site-packages:${PYTHONPATH} /usr/bin/python3 setup.py egg_info --egg-base ../build/basic_comms build --build-base /root/ros2_frws/src/build/basic_comms/build install --record /root/ros2_frws/src/build/basic_comms/install.log --single-version-externally-managed
[1.391s] running egg_info
[1.404s] writing ../build/basic_comms/basic_comms.egg-info/PKG-INFO
[1.404s] writing dependency_links to ../build/basic_comms/basic_comms.egg-info/dependency_links.txt
[1.404s] writing entry points to ../build/basic_comms/basic_comms.egg-info/entry_points.txt
[1.404s] writing requirements to ../build/basic_comms/basic_comms.egg-info/requires.txt
[1.404s] writing top-level names to ../build/basic_comms/basic_comms.egg-info/top_level.txt
[1.432s] reading manifest file '../build/basic_comms/basic_comms.egg-info/SOURCES.txt'
[1.433s] writing manifest file '../build/basic_comms/basic_comms.egg-info/SOURCES.txt'
[1.433s] running build
[1.433s] running build_py
[1.434s] running install
[1.434s] /root/.local/lib/python3.10/site-packages/setuptools/_distutils/cmd.py:66: SetuptoolsDeprecationWarning: setup.py install is deprecated.
[1.434s] !!
[1.434s] 
[1.435s]         ********************************************************************************
[1.435s]         Please avoid running ``setup.py`` directly.
[1.435s]         Instead, use pypa/build, pypa/installer or other
[1.435s]         standards-based tools.
[1.435s] 
[1.435s]         See https://blog.ganssle.io/articles/2021/10/setup-py-deprecated.html for details.
[1.436s]         ********************************************************************************
[1.436s] 
[1.436s] !!
[1.436s]   self.initialize_options()
[1.440s] running install_lib
[1.454s] running install_data
[1.465s] running install_egg_info
[1.478s] removing '/root/ros2_frws/src/install/basic_comms/lib/python3.10/site-packages/basic_comms-0.0.0-py3.10.egg-info' (and everything under it)
[1.478s] Copying ../build/basic_comms/basic_comms.egg-info to /root/ros2_frws/src/install/basic_comms/lib/python3.10/site-packages/basic_comms-0.0.0-py3.10.egg-info
[1.480s] running install_scripts
[1.599s] Installing subscriber script to /root/ros2_frws/src/install/basic_comms/lib/basic_comms
[1.602s] Installing talker script to /root/ros2_frws/src/install/basic_comms/lib/basic_comms
[1.602s] writing list of installed files to '/root/ros2_frws/src/build/basic_comms/install.log'
[1.628s] Invoked command in '/root/ros2_frws/src/basic_comms' returned '0': PYTHONPATH=/root/ros2_frws/src/build/basic_comms/prefix_override:/root/ros2_frws/src/install/basic_comms/lib/python3.10/site-packages:${PYTHONPATH} /usr/bin/python3 setup.py egg_info --egg-base ../build/basic_comms build --build-base /root/ros2_frws/src/build/basic_comms/build install --record /root/ros2_frws/src/build/basic_comms/install.log --single-version-externally-managed
