[0.650s] Invoking command in '/root/ros2_frws/src/build/my_msg_interfaces': CMAKE_PREFIX_PATH=${CMAKE_PREFIX_PATH}:/root/ros2_frws/src/install/challenge_2:/root/ros2_frws/src/install/moveit_configs_utils:/root/ros2_frws/src/install/course_works:/root/ros2_frws/src/install/basic_comms_param:/root/ros2_frws/src/install/basic_comms:/root/ros2_frws/install/challenge_2:/root/ros2_frws/install/moveit_configs_utils:/root/ros2_frws/install/course_works:/root/ros2_frws/install/basic_comms_params:/root/ros2_frws/install/basic_comms_param:/root/ros2_frws/install/basic_comms:/opt/ros/humble /usr/bin/cmake --build /root/ros2_frws/src/build/my_msg_interfaces -- -j16 -l16
[1.756s] -- Found ament_cmake: 1.3.8 (/opt/ros/humble/share/ament_cmake/cmake)
[1.756s] -- Found std_msgs: 4.2.3 (/opt/ros/humble/share/std_msgs/cmake)
[1.756s] -- Found rosidl_generator_c: 3.1.5 (/opt/ros/humble/share/rosidl_generator_c/cmake)
[1.756s] -- Found rosidl_adapter: 3.1.5 (/opt/ros/humble/share/rosidl_adapter/cmake)
[1.756s] -- Found rosidl_generator_cpp: 3.1.5 (/opt/ros/humble/share/rosidl_generator_cpp/cmake)
[1.757s] -- Using all available rosidl_typesupport_c: rosidl_typesupport_fastrtps_c;rosidl_typesupport_introspection_c
[1.757s] -- Using all available rosidl_typesupport_cpp: rosidl_typesupport_fastrtps_cpp;rosidl_typesupport_introspection_cpp
[1.757s] -- Found rosidl_default_generators: 1.2.0 (/opt/ros/humble/share/rosidl_default_generators/cmake)
[1.758s] -- Found ament_cmake_ros: 0.10.0 (/opt/ros/humble/share/ament_cmake_ros/cmake)
[1.825s] -- Using all available rosidl_typesupport_c: rosidl_typesupport_fastrtps_c;rosidl_typesupport_introspection_c
[2.039s] -- Using all available rosidl_typesupport_cpp: rosidl_typesupport_fastrtps_cpp;rosidl_typesupport_introspection_cpp
[2.076s] -- Found python_cmake_module: 0.10.0 (/opt/ros/humble/share/python_cmake_module/cmake)
[2.105s] -- Using PYTHON_EXECUTABLE: /usr/bin/python3
[2.106s] -- Using PYTHON_INCLUDE_DIRS: /usr/include/python3.10
[2.106s] -- Using PYTHON_LIBRARIES: /usr/lib/x86_64-linux-gnu/libpython3.10.so
[2.175s] -- Configuring done
[2.231s] -- Generating done
[2.239s] -- Build files have been written to: /root/ros2_frws/src/build/my_msg_interfaces
[2.279s] [  3%] [34m[1mGenerating C code for ROS interfaces[0m
[2.295s] [  6%] [34m[1mGenerating C++ code for ROS interfaces[0m
[2.314s] [  6%] Built target ament_cmake_python_copy_my_msg_interfaces
[2.689s] running egg_info
[2.714s] writing my_msg_interfaces.egg-info/PKG-INFO
[2.716s] writing dependency_links to my_msg_interfaces.egg-info/dependency_links.txt
[2.717s] writing top-level names to my_msg_interfaces.egg-info/top_level.txt
[2.735s] [35m[1mConsolidate compiler generated dependencies of target my_msg_interfaces__rosidl_generator_c[0m
[2.750s] [  9%] Built target my_msg_interfaces__cpp
[2.750s] [  9%] [32mBuilding C object CMakeFiles/my_msg_interfaces__rosidl_generator_c.dir/rosidl_generator_c/my_msg_interfaces/msg/detail/my_parameter__functions.c.o[0m
[2.763s] [ 12%] [34m[1mGenerating C++ type support for eProsima Fast-RTPS[0m
[2.763s] [ 16%] [34m[1mGenerating C++ introspection for ROS interfaces[0m
[2.764s] [ 19%] [34m[1mGenerating C++ type support dispatch for ROS interfaces[0m
[2.789s] reading manifest file 'my_msg_interfaces.egg-info/SOURCES.txt'
[2.793s] writing manifest file 'my_msg_interfaces.egg-info/SOURCES.txt'
[2.826s] [ 22%] [32m[1mLinking C shared library libmy_msg_interfaces__rosidl_generator_c.so[0m
[2.854s] [ 22%] Built target ament_cmake_python_build_my_msg_interfaces_egg
[2.874s] [ 22%] Built target my_msg_interfaces__rosidl_generator_c
[2.890s] [ 25%] [34m[1mGenerating C introspection for ROS interfaces[0m
[2.890s] [ 29%] [34m[1mGenerating C type support for eProsima Fast-RTPS[0m
[2.908s] [ 32%] [34m[1mGenerating C type support dispatch for ROS interfaces[0m
[3.152s] [35m[1mConsolidate compiler generated dependencies of target my_msg_interfaces__rosidl_typesupport_cpp[0m
[3.152s] [35m[1mConsolidate compiler generated dependencies of target my_msg_interfaces__rosidl_typesupport_introspection_cpp[0m
[3.175s] [ 35%] [32mBuilding CXX object CMakeFiles/my_msg_interfaces__rosidl_typesupport_cpp.dir/rosidl_typesupport_cpp/my_msg_interfaces/msg/my_parameter__type_support.cpp.o[0m
[3.179s] [ 38%] [32mBuilding CXX object CMakeFiles/my_msg_interfaces__rosidl_typesupport_introspection_cpp.dir/rosidl_typesupport_introspection_cpp/my_msg_interfaces/msg/detail/my_parameter__type_support.cpp.o[0m
[3.197s] [35m[1mConsolidate compiler generated dependencies of target my_msg_interfaces__rosidl_typesupport_fastrtps_cpp[0m
[3.219s] [ 41%] [32mBuilding CXX object CMakeFiles/my_msg_interfaces__rosidl_typesupport_fastrtps_cpp.dir/rosidl_typesupport_fastrtps_cpp/my_msg_interfaces/msg/detail/dds_fastrtps/my_parameter__type_support.cpp.o[0m
[3.303s] [35m[1mConsolidate compiler generated dependencies of target my_msg_interfaces__rosidl_typesupport_c[0m
[3.317s] [35m[1mConsolidate compiler generated dependencies of target my_msg_interfaces__rosidl_typesupport_introspection_c[0m
[3.329s] [ 45%] [32mBuilding CXX object CMakeFiles/my_msg_interfaces__rosidl_typesupport_c.dir/rosidl_typesupport_c/my_msg_interfaces/msg/my_parameter__type_support.cpp.o[0m
[3.335s] [ 48%] [32mBuilding C object CMakeFiles/my_msg_interfaces__rosidl_typesupport_introspection_c.dir/rosidl_typesupport_introspection_c/my_msg_interfaces/msg/detail/my_parameter__type_support.c.o[0m
[3.380s] [ 51%] [32m[1mLinking CXX shared library libmy_msg_interfaces__rosidl_typesupport_c.so[0m
[3.383s] [35m[1mConsolidate compiler generated dependencies of target my_msg_interfaces__rosidl_typesupport_fastrtps_c[0m
[3.395s] [ 54%] [32m[1mLinking C shared library libmy_msg_interfaces__rosidl_typesupport_introspection_c.so[0m
[3.406s] [ 58%] [32mBuilding CXX object CMakeFiles/my_msg_interfaces__rosidl_typesupport_fastrtps_c.dir/rosidl_typesupport_fastrtps_c/my_msg_interfaces/msg/detail/my_parameter__type_support_c.cpp.o[0m
[3.443s] [ 58%] Built target my_msg_interfaces__rosidl_typesupport_introspection_c
[3.445s] [ 58%] Built target my_msg_interfaces__rosidl_typesupport_c
[3.561s] [ 61%] [32m[1mLinking CXX shared library libmy_msg_interfaces__rosidl_typesupport_cpp.so[0m
[3.614s] [ 61%] Built target my_msg_interfaces__rosidl_typesupport_cpp
[3.681s] [ 64%] [32m[1mLinking CXX shared library libmy_msg_interfaces__rosidl_typesupport_introspection_cpp.so[0m
[3.732s] [ 67%] [32m[1mLinking CXX shared library libmy_msg_interfaces__rosidl_typesupport_fastrtps_cpp.so[0m
[3.776s] [ 67%] Built target my_msg_interfaces__rosidl_typesupport_introspection_cpp
[3.816s] [ 70%] [32m[1mLinking CXX shared library libmy_msg_interfaces__rosidl_typesupport_fastrtps_c.so[0m
[3.834s] [ 70%] Built target my_msg_interfaces__rosidl_typesupport_fastrtps_cpp
[3.913s] [ 70%] Built target my_msg_interfaces__rosidl_typesupport_fastrtps_c
[3.978s] [ 70%] Built target my_msg_interfaces
[4.016s] [ 74%] [34m[1mGenerating Python code for ROS interfaces[0m
[4.420s] [ 74%] Built target my_msg_interfaces__py
[4.434s] [35m[1mConsolidate compiler generated dependencies of target my_msg_interfaces__rosidl_generator_py[0m
[4.448s] [ 77%] [32mBuilding C object CMakeFiles/my_msg_interfaces__rosidl_generator_py.dir/rosidl_generator_py/my_msg_interfaces/msg/_my_parameter_s.c.o[0m
[4.563s] [ 80%] [32m[1mLinking C shared library rosidl_generator_py/my_msg_interfaces/libmy_msg_interfaces__rosidl_generator_py.so[0m
[4.615s] [ 80%] Built target my_msg_interfaces__rosidl_generator_py
[4.629s] [35m[1mConsolidate compiler generated dependencies of target my_msg_interfaces__rosidl_typesupport_introspection_c__pyext[0m
[4.629s] [35m[1mConsolidate compiler generated dependencies of target my_msg_interfaces__rosidl_typesupport_c__pyext[0m
[4.629s] [35m[1mConsolidate compiler generated dependencies of target my_msg_interfaces__rosidl_typesupport_fastrtps_c__pyext[0m
[4.646s] [ 83%] [32mBuilding C object CMakeFiles/my_msg_interfaces__rosidl_typesupport_introspection_c__pyext.dir/rosidl_generator_py/my_msg_interfaces/_my_msg_interfaces_s.ep.rosidl_typesupport_introspection_c.c.o[0m
[4.647s] [ 90%] [32mBuilding C object CMakeFiles/my_msg_interfaces__rosidl_typesupport_fastrtps_c__pyext.dir/rosidl_generator_py/my_msg_interfaces/_my_msg_interfaces_s.ep.rosidl_typesupport_fastrtps_c.c.o[0m
[4.647s] [ 90%] [32mBuilding C object CMakeFiles/my_msg_interfaces__rosidl_typesupport_c__pyext.dir/rosidl_generator_py/my_msg_interfaces/_my_msg_interfaces_s.ep.rosidl_typesupport_c.c.o[0m
[4.753s] [ 96%] [32m[1mLinking C shared library rosidl_generator_py/my_msg_interfaces/my_msg_interfaces_s__rosidl_typesupport_introspection_c.cpython-310-x86_64-linux-gnu.so[0m
[4.753s] [ 96%] [32m[1mLinking C shared library rosidl_generator_py/my_msg_interfaces/my_msg_interfaces_s__rosidl_typesupport_c.cpython-310-x86_64-linux-gnu.so[0m
[4.754s] [100%] [32m[1mLinking C shared library rosidl_generator_py/my_msg_interfaces/my_msg_interfaces_s__rosidl_typesupport_fastrtps_c.cpython-310-x86_64-linux-gnu.so[0m
[4.794s] [100%] Built target my_msg_interfaces__rosidl_typesupport_introspection_c__pyext
[4.795s] [100%] Built target my_msg_interfaces__rosidl_typesupport_c__pyext
[4.800s] [100%] Built target my_msg_interfaces__rosidl_typesupport_fastrtps_c__pyext
[4.813s] Invoked command in '/root/ros2_frws/src/build/my_msg_interfaces' returned '0': CMAKE_PREFIX_PATH=${CMAKE_PREFIX_PATH}:/root/ros2_frws/src/install/challenge_2:/root/ros2_frws/src/install/moveit_configs_utils:/root/ros2_frws/src/install/course_works:/root/ros2_frws/src/install/basic_comms_param:/root/ros2_frws/src/install/basic_comms:/root/ros2_frws/install/challenge_2:/root/ros2_frws/install/moveit_configs_utils:/root/ros2_frws/install/course_works:/root/ros2_frws/install/basic_comms_params:/root/ros2_frws/install/basic_comms_param:/root/ros2_frws/install/basic_comms:/opt/ros/humble /usr/bin/cmake --build /root/ros2_frws/src/build/my_msg_interfaces -- -j16 -l16
[4.896s] Invoking command in '/root/ros2_frws/src/build/my_msg_interfaces': CMAKE_PREFIX_PATH=${CMAKE_PREFIX_PATH}:/root/ros2_frws/src/install/challenge_2:/root/ros2_frws/src/install/moveit_configs_utils:/root/ros2_frws/src/install/course_works:/root/ros2_frws/src/install/basic_comms_param:/root/ros2_frws/src/install/basic_comms:/root/ros2_frws/install/challenge_2:/root/ros2_frws/install/moveit_configs_utils:/root/ros2_frws/install/course_works:/root/ros2_frws/install/basic_comms_params:/root/ros2_frws/install/basic_comms_param:/root/ros2_frws/install/basic_comms:/opt/ros/humble /usr/bin/cmake --install /root/ros2_frws/src/build/my_msg_interfaces
[4.907s] -- Install configuration: ""
[4.907s] -- Up-to-date: /root/ros2_frws/src/install/my_msg_interfaces/share/ament_index/resource_index/rosidl_interfaces/my_msg_interfaces
[4.907s] -- Up-to-date: /root/ros2_frws/src/install/my_msg_interfaces/include/my_msg_interfaces/my_msg_interfaces
[4.907s] -- Up-to-date: /root/ros2_frws/src/install/my_msg_interfaces/include/my_msg_interfaces/my_msg_interfaces/msg
[4.907s] -- Up-to-date: /root/ros2_frws/src/install/my_msg_interfaces/include/my_msg_interfaces/my_msg_interfaces/msg/rosidl_generator_c__visibility_control.h
[4.908s] -- Up-to-date: /root/ros2_frws/src/install/my_msg_interfaces/include/my_msg_interfaces/my_msg_interfaces/msg/detail
[4.908s] -- Installing: /root/ros2_frws/src/install/my_msg_interfaces/include/my_msg_interfaces/my_msg_interfaces/msg/detail/my_parameter__struct.h
[4.908s] -- Installing: /root/ros2_frws/src/install/my_msg_interfaces/include/my_msg_interfaces/my_msg_interfaces/msg/detail/my_parameter__type_support.h
[4.908s] -- Installing: /root/ros2_frws/src/install/my_msg_interfaces/include/my_msg_interfaces/my_msg_interfaces/msg/detail/my_parameter__functions.h
[4.908s] -- Installing: /root/ros2_frws/src/install/my_msg_interfaces/include/my_msg_interfaces/my_msg_interfaces/msg/detail/my_parameter__functions.c
[4.909s] -- Installing: /root/ros2_frws/src/install/my_msg_interfaces/include/my_msg_interfaces/my_msg_interfaces/msg/my_parameter.h
[4.909s] -- Up-to-date: /root/ros2_frws/src/install/my_msg_interfaces/share/my_msg_interfaces/environment/library_path.sh
[4.909s] -- Installing: /root/ros2_frws/src/install/my_msg_interfaces/share/my_msg_interfaces/environment/library_path.dsv
[4.910s] -- Installing: /root/ros2_frws/src/install/my_msg_interfaces/lib/libmy_msg_interfaces__rosidl_generator_c.so
[4.910s] -- Set runtime path of "/root/ros2_frws/src/install/my_msg_interfaces/lib/libmy_msg_interfaces__rosidl_generator_c.so" to ""
[4.911s] -- Up-to-date: /root/ros2_frws/src/install/my_msg_interfaces/include/my_msg_interfaces/my_msg_interfaces
[4.911s] -- Up-to-date: /root/ros2_frws/src/install/my_msg_interfaces/include/my_msg_interfaces/my_msg_interfaces/msg
[4.911s] -- Up-to-date: /root/ros2_frws/src/install/my_msg_interfaces/include/my_msg_interfaces/my_msg_interfaces/msg/rosidl_typesupport_fastrtps_c__visibility_control.h
[4.911s] -- Up-to-date: /root/ros2_frws/src/install/my_msg_interfaces/include/my_msg_interfaces/my_msg_interfaces/msg/detail
[4.911s] -- Installing: /root/ros2_frws/src/install/my_msg_interfaces/include/my_msg_interfaces/my_msg_interfaces/msg/detail/my_parameter__rosidl_typesupport_fastrtps_c.h
[4.911s] -- Installing: /root/ros2_frws/src/install/my_msg_interfaces/lib/libmy_msg_interfaces__rosidl_typesupport_fastrtps_c.so
[4.912s] -- Set runtime path of "/root/ros2_frws/src/install/my_msg_interfaces/lib/libmy_msg_interfaces__rosidl_typesupport_fastrtps_c.so" to ""
[4.913s] -- Up-to-date: /root/ros2_frws/src/install/my_msg_interfaces/include/my_msg_interfaces/my_msg_interfaces
[4.913s] -- Up-to-date: /root/ros2_frws/src/install/my_msg_interfaces/include/my_msg_interfaces/my_msg_interfaces/msg
[4.913s] -- Up-to-date: /root/ros2_frws/src/install/my_msg_interfaces/include/my_msg_interfaces/my_msg_interfaces/msg/detail
[4.913s] -- Installing: /root/ros2_frws/src/install/my_msg_interfaces/include/my_msg_interfaces/my_msg_interfaces/msg/detail/my_parameter__traits.hpp
[4.913s] -- Installing: /root/ros2_frws/src/install/my_msg_interfaces/include/my_msg_interfaces/my_msg_interfaces/msg/detail/my_parameter__builder.hpp
[4.913s] -- Installing: /root/ros2_frws/src/install/my_msg_interfaces/include/my_msg_interfaces/my_msg_interfaces/msg/detail/my_parameter__struct.hpp
[4.914s] -- Installing: /root/ros2_frws/src/install/my_msg_interfaces/include/my_msg_interfaces/my_msg_interfaces/msg/my_parameter.hpp
[4.914s] -- Up-to-date: /root/ros2_frws/src/install/my_msg_interfaces/include/my_msg_interfaces/my_msg_interfaces
[4.914s] -- Up-to-date: /root/ros2_frws/src/install/my_msg_interfaces/include/my_msg_interfaces/my_msg_interfaces/msg
[4.914s] -- Up-to-date: /root/ros2_frws/src/install/my_msg_interfaces/include/my_msg_interfaces/my_msg_interfaces/msg/detail
[4.914s] -- Up-to-date: /root/ros2_frws/src/install/my_msg_interfaces/include/my_msg_interfaces/my_msg_interfaces/msg/detail/dds_fastrtps
[4.914s] -- Installing: /root/ros2_frws/src/install/my_msg_interfaces/include/my_msg_interfaces/my_msg_interfaces/msg/detail/my_parameter__rosidl_typesupport_fastrtps_cpp.hpp
[4.914s] -- Up-to-date: /root/ros2_frws/src/install/my_msg_interfaces/include/my_msg_interfaces/my_msg_interfaces/msg/rosidl_typesupport_fastrtps_cpp__visibility_control.h
[4.915s] -- Installing: /root/ros2_frws/src/install/my_msg_interfaces/lib/libmy_msg_interfaces__rosidl_typesupport_fastrtps_cpp.so
[4.916s] -- Set runtime path of "/root/ros2_frws/src/install/my_msg_interfaces/lib/libmy_msg_interfaces__rosidl_typesupport_fastrtps_cpp.so" to ""
[4.916s] -- Up-to-date: /root/ros2_frws/src/install/my_msg_interfaces/include/my_msg_interfaces/my_msg_interfaces
[4.916s] -- Up-to-date: /root/ros2_frws/src/install/my_msg_interfaces/include/my_msg_interfaces/my_msg_interfaces/msg
[4.916s] -- Up-to-date: /root/ros2_frws/src/install/my_msg_interfaces/include/my_msg_interfaces/my_msg_interfaces/msg/rosidl_typesupport_introspection_c__visibility_control.h
[4.916s] -- Up-to-date: /root/ros2_frws/src/install/my_msg_interfaces/include/my_msg_interfaces/my_msg_interfaces/msg/detail
[4.916s] -- Installing: /root/ros2_frws/src/install/my_msg_interfaces/include/my_msg_interfaces/my_msg_interfaces/msg/detail/my_parameter__rosidl_typesupport_introspection_c.h
[4.916s] -- Installing: /root/ros2_frws/src/install/my_msg_interfaces/include/my_msg_interfaces/my_msg_interfaces/msg/detail/my_parameter__type_support.c
[4.917s] -- Installing: /root/ros2_frws/src/install/my_msg_interfaces/lib/libmy_msg_interfaces__rosidl_typesupport_introspection_c.so
[4.917s] -- Set runtime path of "/root/ros2_frws/src/install/my_msg_interfaces/lib/libmy_msg_interfaces__rosidl_typesupport_introspection_c.so" to ""
[4.918s] -- Installing: /root/ros2_frws/src/install/my_msg_interfaces/lib/libmy_msg_interfaces__rosidl_typesupport_c.so
[4.918s] -- Set runtime path of "/root/ros2_frws/src/install/my_msg_interfaces/lib/libmy_msg_interfaces__rosidl_typesupport_c.so" to ""
[4.918s] -- Up-to-date: /root/ros2_frws/src/install/my_msg_interfaces/include/my_msg_interfaces/my_msg_interfaces
[4.918s] -- Up-to-date: /root/ros2_frws/src/install/my_msg_interfaces/include/my_msg_interfaces/my_msg_interfaces/msg
[4.918s] -- Up-to-date: /root/ros2_frws/src/install/my_msg_interfaces/include/my_msg_interfaces/my_msg_interfaces/msg/detail
[4.919s] -- Installing: /root/ros2_frws/src/install/my_msg_interfaces/include/my_msg_interfaces/my_msg_interfaces/msg/detail/my_parameter__type_support.cpp
[4.919s] -- Installing: /root/ros2_frws/src/install/my_msg_interfaces/include/my_msg_interfaces/my_msg_interfaces/msg/detail/my_parameter__rosidl_typesupport_introspection_cpp.hpp
[4.919s] -- Installing: /root/ros2_frws/src/install/my_msg_interfaces/lib/libmy_msg_interfaces__rosidl_typesupport_introspection_cpp.so
[4.920s] -- Set runtime path of "/root/ros2_frws/src/install/my_msg_interfaces/lib/libmy_msg_interfaces__rosidl_typesupport_introspection_cpp.so" to ""
[4.920s] -- Installing: /root/ros2_frws/src/install/my_msg_interfaces/lib/libmy_msg_interfaces__rosidl_typesupport_cpp.so
[4.921s] -- Set runtime path of "/root/ros2_frws/src/install/my_msg_interfaces/lib/libmy_msg_interfaces__rosidl_typesupport_cpp.so" to ""
[4.921s] -- Up-to-date: /root/ros2_frws/src/install/my_msg_interfaces/share/my_msg_interfaces/environment/pythonpath.sh
[4.921s] -- Installing: /root/ros2_frws/src/install/my_msg_interfaces/share/my_msg_interfaces/environment/pythonpath.dsv
[4.921s] -- Up-to-date: /root/ros2_frws/src/install/my_msg_interfaces/local/lib/python3.10/dist-packages/my_msg_interfaces-0.0.0-py3.10.egg-info
[4.921s] -- Installing: /root/ros2_frws/src/install/my_msg_interfaces/local/lib/python3.10/dist-packages/my_msg_interfaces-0.0.0-py3.10.egg-info/PKG-INFO
[4.922s] -- Installing: /root/ros2_frws/src/install/my_msg_interfaces/local/lib/python3.10/dist-packages/my_msg_interfaces-0.0.0-py3.10.egg-info/dependency_links.txt
[4.922s] -- Installing: /root/ros2_frws/src/install/my_msg_interfaces/local/lib/python3.10/dist-packages/my_msg_interfaces-0.0.0-py3.10.egg-info/SOURCES.txt
[4.922s] -- Installing: /root/ros2_frws/src/install/my_msg_interfaces/local/lib/python3.10/dist-packages/my_msg_interfaces-0.0.0-py3.10.egg-info/top_level.txt
[4.922s] -- Up-to-date: /root/ros2_frws/src/install/my_msg_interfaces/local/lib/python3.10/dist-packages/my_msg_interfaces
[4.923s] -- Installing: /root/ros2_frws/src/install/my_msg_interfaces/local/lib/python3.10/dist-packages/my_msg_interfaces/my_msg_interfaces_s__rosidl_typesupport_introspection_c.cpython-310-x86_64-linux-gnu.so
[4.923s] -- Installing: /root/ros2_frws/src/install/my_msg_interfaces/local/lib/python3.10/dist-packages/my_msg_interfaces/my_msg_interfaces_s__rosidl_typesupport_c.cpython-310-x86_64-linux-gnu.so
[4.923s] -- Installing: /root/ros2_frws/src/install/my_msg_interfaces/local/lib/python3.10/dist-packages/my_msg_interfaces/_my_msg_interfaces_s.ep.rosidl_typesupport_c.c
[4.926s] -- Installing: /root/ros2_frws/src/install/my_msg_interfaces/local/lib/python3.10/dist-packages/my_msg_interfaces/my_msg_interfaces_s__rosidl_typesupport_fastrtps_c.cpython-310-x86_64-linux-gnu.so
[4.926s] -- Installing: /root/ros2_frws/src/install/my_msg_interfaces/local/lib/python3.10/dist-packages/my_msg_interfaces/_my_msg_interfaces_s.ep.rosidl_typesupport_fastrtps_c.c
[4.926s] -- Installing: /root/ros2_frws/src/install/my_msg_interfaces/local/lib/python3.10/dist-packages/my_msg_interfaces/libmy_msg_interfaces__rosidl_generator_py.so
[4.926s] -- Installing: /root/ros2_frws/src/install/my_msg_interfaces/local/lib/python3.10/dist-packages/my_msg_interfaces/_my_msg_interfaces_s.ep.rosidl_typesupport_introspection_c.c
[4.926s] -- Installing: /root/ros2_frws/src/install/my_msg_interfaces/local/lib/python3.10/dist-packages/my_msg_interfaces/__init__.py
[4.927s] -- Up-to-date: /root/ros2_frws/src/install/my_msg_interfaces/local/lib/python3.10/dist-packages/my_msg_interfaces/msg
[4.927s] -- Installing: /root/ros2_frws/src/install/my_msg_interfaces/local/lib/python3.10/dist-packages/my_msg_interfaces/msg/_my_parameter_s.c
[4.927s] -- Installing: /root/ros2_frws/src/install/my_msg_interfaces/local/lib/python3.10/dist-packages/my_msg_interfaces/msg/__init__.py
[4.927s] -- Installing: /root/ros2_frws/src/install/my_msg_interfaces/local/lib/python3.10/dist-packages/my_msg_interfaces/msg/_my_parameter.py
[4.972s] Listing '/root/ros2_frws/src/install/my_msg_interfaces/local/lib/python3.10/dist-packages/my_msg_interfaces'...
[4.972s] Compiling '/root/ros2_frws/src/install/my_msg_interfaces/local/lib/python3.10/dist-packages/my_msg_interfaces/__init__.py'...
[4.972s] Listing '/root/ros2_frws/src/install/my_msg_interfaces/local/lib/python3.10/dist-packages/my_msg_interfaces/msg'...
[4.972s] Compiling '/root/ros2_frws/src/install/my_msg_interfaces/local/lib/python3.10/dist-packages/my_msg_interfaces/msg/__init__.py'...
[4.972s] Compiling '/root/ros2_frws/src/install/my_msg_interfaces/local/lib/python3.10/dist-packages/my_msg_interfaces/msg/_my_parameter.py'...
[4.978s] -- Installing: /root/ros2_frws/src/install/my_msg_interfaces/local/lib/python3.10/dist-packages/my_msg_interfaces/my_msg_interfaces_s__rosidl_typesupport_fastrtps_c.cpython-310-x86_64-linux-gnu.so
[4.979s] -- Set runtime path of "/root/ros2_frws/src/install/my_msg_interfaces/local/lib/python3.10/dist-packages/my_msg_interfaces/my_msg_interfaces_s__rosidl_typesupport_fastrtps_c.cpython-310-x86_64-linux-gnu.so" to ""
[4.979s] -- Installing: /root/ros2_frws/src/install/my_msg_interfaces/local/lib/python3.10/dist-packages/my_msg_interfaces/my_msg_interfaces_s__rosidl_typesupport_introspection_c.cpython-310-x86_64-linux-gnu.so
[4.979s] -- Set runtime path of "/root/ros2_frws/src/install/my_msg_interfaces/local/lib/python3.10/dist-packages/my_msg_interfaces/my_msg_interfaces_s__rosidl_typesupport_introspection_c.cpython-310-x86_64-linux-gnu.so" to ""
[4.980s] -- Installing: /root/ros2_frws/src/install/my_msg_interfaces/local/lib/python3.10/dist-packages/my_msg_interfaces/my_msg_interfaces_s__rosidl_typesupport_c.cpython-310-x86_64-linux-gnu.so
[4.980s] -- Set runtime path of "/root/ros2_frws/src/install/my_msg_interfaces/local/lib/python3.10/dist-packages/my_msg_interfaces/my_msg_interfaces_s__rosidl_typesupport_c.cpython-310-x86_64-linux-gnu.so" to ""
[4.980s] -- Installing: /root/ros2_frws/src/install/my_msg_interfaces/lib/libmy_msg_interfaces__rosidl_generator_py.so
[4.981s] -- Set runtime path of "/root/ros2_frws/src/install/my_msg_interfaces/lib/libmy_msg_interfaces__rosidl_generator_py.so" to ""
[4.981s] -- Installing: /root/ros2_frws/src/install/my_msg_interfaces/share/my_msg_interfaces/msg/MyParameter.idl
[4.981s] -- Installing: /root/ros2_frws/src/install/my_msg_interfaces/share/my_msg_interfaces/msg/MyParameter.msg
[4.981s] -- Up-to-date: /root/ros2_frws/src/install/my_msg_interfaces/share/ament_index/resource_index/package_run_dependencies/my_msg_interfaces
[4.981s] -- Installing: /root/ros2_frws/src/install/my_msg_interfaces/share/ament_index/resource_index/parent_prefix_path/my_msg_interfaces
[4.982s] -- Up-to-date: /root/ros2_frws/src/install/my_msg_interfaces/share/my_msg_interfaces/environment/ament_prefix_path.sh
[4.982s] -- Installing: /root/ros2_frws/src/install/my_msg_interfaces/share/my_msg_interfaces/environment/ament_prefix_path.dsv
[4.982s] -- Up-to-date: /root/ros2_frws/src/install/my_msg_interfaces/share/my_msg_interfaces/environment/path.sh
[4.982s] -- Installing: /root/ros2_frws/src/install/my_msg_interfaces/share/my_msg_interfaces/environment/path.dsv
[4.983s] -- Up-to-date: /root/ros2_frws/src/install/my_msg_interfaces/share/my_msg_interfaces/local_setup.bash
[4.983s] -- Up-to-date: /root/ros2_frws/src/install/my_msg_interfaces/share/my_msg_interfaces/local_setup.sh
[4.983s] -- Up-to-date: /root/ros2_frws/src/install/my_msg_interfaces/share/my_msg_interfaces/local_setup.zsh
[4.984s] -- Installing: /root/ros2_frws/src/install/my_msg_interfaces/share/my_msg_interfaces/local_setup.dsv
[4.984s] -- Installing: /root/ros2_frws/src/install/my_msg_interfaces/share/my_msg_interfaces/package.dsv
[4.984s] -- Up-to-date: /root/ros2_frws/src/install/my_msg_interfaces/share/ament_index/resource_index/packages/my_msg_interfaces
[4.984s] -- Up-to-date: /root/ros2_frws/src/install/my_msg_interfaces/share/my_msg_interfaces/cmake/export_my_msg_interfaces__rosidl_generator_cExport.cmake
[4.984s] -- Up-to-date: /root/ros2_frws/src/install/my_msg_interfaces/share/my_msg_interfaces/cmake/export_my_msg_interfaces__rosidl_generator_cExport-noconfig.cmake
[4.985s] -- Up-to-date: /root/ros2_frws/src/install/my_msg_interfaces/share/my_msg_interfaces/cmake/export_my_msg_interfaces__rosidl_typesupport_fastrtps_cExport.cmake
[4.985s] -- Up-to-date: /root/ros2_frws/src/install/my_msg_interfaces/share/my_msg_interfaces/cmake/export_my_msg_interfaces__rosidl_typesupport_fastrtps_cExport-noconfig.cmake
[4.985s] -- Up-to-date: /root/ros2_frws/src/install/my_msg_interfaces/share/my_msg_interfaces/cmake/export_my_msg_interfaces__rosidl_generator_cppExport.cmake
[4.985s] -- Up-to-date: /root/ros2_frws/src/install/my_msg_interfaces/share/my_msg_interfaces/cmake/export_my_msg_interfaces__rosidl_typesupport_fastrtps_cppExport.cmake
[4.985s] -- Up-to-date: /root/ros2_frws/src/install/my_msg_interfaces/share/my_msg_interfaces/cmake/export_my_msg_interfaces__rosidl_typesupport_fastrtps_cppExport-noconfig.cmake
[4.985s] -- Up-to-date: /root/ros2_frws/src/install/my_msg_interfaces/share/my_msg_interfaces/cmake/my_msg_interfaces__rosidl_typesupport_introspection_cExport.cmake
[4.985s] -- Up-to-date: /root/ros2_frws/src/install/my_msg_interfaces/share/my_msg_interfaces/cmake/my_msg_interfaces__rosidl_typesupport_introspection_cExport-noconfig.cmake
[4.985s] -- Up-to-date: /root/ros2_frws/src/install/my_msg_interfaces/share/my_msg_interfaces/cmake/my_msg_interfaces__rosidl_typesupport_cExport.cmake
[4.986s] -- Up-to-date: /root/ros2_frws/src/install/my_msg_interfaces/share/my_msg_interfaces/cmake/my_msg_interfaces__rosidl_typesupport_cExport-noconfig.cmake
[4.986s] -- Up-to-date: /root/ros2_frws/src/install/my_msg_interfaces/share/my_msg_interfaces/cmake/my_msg_interfaces__rosidl_typesupport_introspection_cppExport.cmake
[4.986s] -- Up-to-date: /root/ros2_frws/src/install/my_msg_interfaces/share/my_msg_interfaces/cmake/my_msg_interfaces__rosidl_typesupport_introspection_cppExport-noconfig.cmake
[4.986s] -- Up-to-date: /root/ros2_frws/src/install/my_msg_interfaces/share/my_msg_interfaces/cmake/my_msg_interfaces__rosidl_typesupport_cppExport.cmake
[4.986s] -- Up-to-date: /root/ros2_frws/src/install/my_msg_interfaces/share/my_msg_interfaces/cmake/my_msg_interfaces__rosidl_typesupport_cppExport-noconfig.cmake
[4.987s] -- Up-to-date: /root/ros2_frws/src/install/my_msg_interfaces/share/my_msg_interfaces/cmake/export_my_msg_interfaces__rosidl_generator_pyExport.cmake
[4.987s] -- Up-to-date: /root/ros2_frws/src/install/my_msg_interfaces/share/my_msg_interfaces/cmake/export_my_msg_interfaces__rosidl_generator_pyExport-noconfig.cmake
[4.987s] -- Up-to-date: /root/ros2_frws/src/install/my_msg_interfaces/share/my_msg_interfaces/cmake/rosidl_cmake-extras.cmake
[4.987s] -- Up-to-date: /root/ros2_frws/src/install/my_msg_interfaces/share/my_msg_interfaces/cmake/ament_cmake_export_dependencies-extras.cmake
[4.987s] -- Up-to-date: /root/ros2_frws/src/install/my_msg_interfaces/share/my_msg_interfaces/cmake/ament_cmake_export_include_directories-extras.cmake
[4.987s] -- Up-to-date: /root/ros2_frws/src/install/my_msg_interfaces/share/my_msg_interfaces/cmake/ament_cmake_export_libraries-extras.cmake
[4.988s] -- Up-to-date: /root/ros2_frws/src/install/my_msg_interfaces/share/my_msg_interfaces/cmake/ament_cmake_export_targets-extras.cmake
[4.988s] -- Up-to-date: /root/ros2_frws/src/install/my_msg_interfaces/share/my_msg_interfaces/cmake/rosidl_cmake_export_typesupport_targets-extras.cmake
[4.988s] -- Up-to-date: /root/ros2_frws/src/install/my_msg_interfaces/share/my_msg_interfaces/cmake/rosidl_cmake_export_typesupport_libraries-extras.cmake
[4.988s] -- Up-to-date: /root/ros2_frws/src/install/my_msg_interfaces/share/my_msg_interfaces/cmake/my_msg_interfacesConfig.cmake
[4.988s] -- Up-to-date: /root/ros2_frws/src/install/my_msg_interfaces/share/my_msg_interfaces/cmake/my_msg_interfacesConfig-version.cmake
[4.988s] -- Up-to-date: /root/ros2_frws/src/install/my_msg_interfaces/share/my_msg_interfaces/package.xml
[4.990s] Invoked command in '/root/ros2_frws/src/build/my_msg_interfaces' returned '0': CMAKE_PREFIX_PATH=${CMAKE_PREFIX_PATH}:/root/ros2_frws/src/install/challenge_2:/root/ros2_frws/src/install/moveit_configs_utils:/root/ros2_frws/src/install/course_works:/root/ros2_frws/src/install/basic_comms_param:/root/ros2_frws/src/install/basic_comms:/root/ros2_frws/install/challenge_2:/root/ros2_frws/install/moveit_configs_utils:/root/ros2_frws/install/course_works:/root/ros2_frws/install/basic_comms_params:/root/ros2_frws/install/basic_comms_param:/root/ros2_frws/install/basic_comms:/opt/ros/humble /usr/bin/cmake --install /root/ros2_frws/src/build/my_msg_interfaces
