[0.074s] Invoking command in '/root/ros2_frws/src/build/xarm_gazebo': AMENT_PREFIX_PATH=/root/ros2_frws/src/install/xarm_controller:/root/ros2_frws/src/install/xarm_api:/root/ros2_frws/src/install/xarm_sdk:/root/ros2_frws/src/install/xarm_msgs:/root/ros2_frws/src/install/xarm_description:${AMENT_PREFIX_PATH} CMAKE_PREFIX_PATH=/root/ros2_frws/src/install/xarm_controller:/root/ros2_frws/src/install/xarm_api:/root/ros2_frws/src/install/xarm_sdk:/root/ros2_frws/src/install/xarm_msgs:/root/ros2_frws/src/install/xarm_description:/root/ros2_frws/install/xarm_planner:/root/ros2_frws/install/xarm_moveit_servo:/root/ros2_frws/install/xarm_moveit_config:/root/ros2_frws/install/xarm_gazebo:/root/ros2_frws/install/xarm_controller:/root/ros2_frws/install/xarm_api:/root/ros2_frws/install/xarm_sdk:/root/ros2_frws/install/xarm_msgs:/root/ros2_frws/install/xarm_description:/root/ros2_frws/install/tutorial_interfaces:/root/ros2_frws/install/realsense_gazebo_plugin:/root/ros2_frws/install/my_msg_interfaces:/root/ros2_frws/install/moveit_resources_prbt_support:/root/ros2_frws/install/moveit_resources:/root/ros2_frws/install/moveit_resources_pr2_description:/root/ros2_frws/install/moveit_resources_panda_moveit_config:/root/ros2_frws/install/moveit_resources_panda_description:/root/ros2_frws/install/moveit_resources_fanuc_moveit_config:/root/ros2_frws/install/moveit_resources_fanuc_description:/root/ros2_frws/install/moveit_common:/root/ros2_frws/install/challenge_2:/root/ros2_frws/install/moveit_configs_utils:/root/ros2_frws/install/course_works:/root/ros2_frws/install/basic_comms_params:/root/ros2_frws/install/basic_comms_param:/root/ros2_frws/install/basic_comms:/opt/ros/humble LD_LIBRARY_PATH=/root/ros2_frws/src/install/xarm_controller/lib:/root/ros2_frws/src/install/xarm_api/lib:/root/ros2_frws/src/install/xarm_sdk/lib:/root/ros2_frws/src/install/xarm_msgs/lib:${LD_LIBRARY_PATH} PYTHONPATH=/root/ros2_frws/src/install/xarm_msgs/local/lib/python3.10/dist-packages:${PYTHONPATH} /usr/bin/cmake --build /root/ros2_frws/src/build/xarm_gazebo -- -j16 -l16
[0.110s] -- Found ament_cmake: 1.3.8 (/opt/ros/humble/share/ament_cmake/cmake)
[0.224s] -- Found rclcpp: 16.0.8 (/opt/ros/humble/share/rclcpp/cmake)
[0.248s] -- Found rosidl_generator_c: 3.1.5 (/opt/ros/humble/share/rosidl_generator_c/cmake)
[0.249s] -- Found rosidl_adapter: 3.1.5 (/opt/ros/humble/share/rosidl_adapter/cmake)
[0.253s] -- Found rosidl_generator_cpp: 3.1.5 (/opt/ros/humble/share/rosidl_generator_cpp/cmake)
[0.263s] -- Using all available rosidl_typesupport_c: rosidl_typesupport_fastrtps_c;rosidl_typesupport_introspection_c
[0.279s] -- Using all available rosidl_typesupport_cpp: rosidl_typesupport_fastrtps_cpp;rosidl_typesupport_introspection_cpp
[0.319s] -- Found rmw_implementation_cmake: 6.1.1 (/opt/ros/humble/share/rmw_implementation_cmake/cmake)
[0.321s] -- Found rmw_fastrtps_cpp: 6.2.6 (/opt/ros/humble/share/rmw_fastrtps_cpp/cmake)
[0.446s] -- Using RMW implementation 'rmw_fastrtps_cpp' as default
[0.551s] -- Found control_toolbox: 3.2.0 (/opt/ros/humble/share/control_toolbox/cmake)
[0.948s] -- Found parameter_traits: 0.3.7 (/opt/ros/humble/share/parameter_traits/cmake)
[0.966s] -- Found rclcpp_lifecycle: 16.0.8 (/opt/ros/humble/share/rclcpp_lifecycle/cmake)
[1.020s] -- Found controller_manager: 2.39.1 (/opt/ros/humble/share/controller_manager/cmake)
[1.415s] -- Found gazebo_ros: 3.7.0 (/opt/ros/humble/share/gazebo_ros/cmake)
[1.458s] -- Found DART: /usr/include (Required is at least version "6.6") found components: dart 
[1.501s] -- Found Protobuf: /usr/lib/x86_64-linux-gnu/libprotobuf.so (found version "3.12.4") 
[1.504s] -- Looking for ignition-math6 -- found version 6.15.1
[1.512s] -- Searching for dependencies of ignition-math6
[1.515s] -- Looking for OGRE...
[1.522s] -- Found Ogre Ghadamon (1.9.0)
[1.522s] -- Found OGRE: optimized;/usr/lib/x86_64-linux-gnu/libOgreMain.so;debug;/usr/lib/x86_64-linux-gnu/libOgreMain.so
[1.529s] -- Looking for OGRE_Paging...
[1.529s] -- Found OGRE_Paging: optimized;/usr/lib/x86_64-linux-gnu/libOgrePaging.so;debug;/usr/lib/x86_64-linux-gnu/libOgrePaging.so
[1.529s] -- Looking for OGRE_Terrain...
[1.529s] -- Found OGRE_Terrain: optimized;/usr/lib/x86_64-linux-gnu/libOgreTerrain.so;debug;/usr/lib/x86_64-linux-gnu/libOgreTerrain.so
[1.529s] -- Looking for OGRE_Property...
[1.529s] -- Found OGRE_Property: optimized;/usr/lib/x86_64-linux-gnu/libOgreProperty.so;debug;/usr/lib/x86_64-linux-gnu/libOgreProperty.so
[1.529s] -- Looking for OGRE_RTShaderSystem...
[1.529s] -- Found OGRE_RTShaderSystem: optimized;/usr/lib/x86_64-linux-gnu/libOgreRTShaderSystem.so;debug;/usr/lib/x86_64-linux-gnu/libOgreRTShaderSystem.so
[1.529s] -- Looking for OGRE_Volume...
[1.530s] -- Found OGRE_Volume: optimized;/usr/lib/x86_64-linux-gnu/libOgreVolume.so;debug;/usr/lib/x86_64-linux-gnu/libOgreVolume.so
[1.530s] -- Looking for OGRE_Overlay...
[1.530s] -- Found OGRE_Overlay: optimized;/usr/lib/x86_64-linux-gnu/libOgreOverlay.so;debug;/usr/lib/x86_64-linux-gnu/libOgreOverlay.so
[1.658s] -- Looking for ignition-math6 -- found version 6.15.1
[1.660s] -- Looking for ignition-transport8 -- found version 8.2.1
[1.660s] -- Searching for dependencies of ignition-transport8
[1.684s] -- Found Protobuf: /usr/lib/x86_64-linux-gnu/libprotobuf.so (found suitable version "3.12.4", minimum required is "3") 
[1.701s] -- Config-file not installed for ZeroMQ -- checking for pkg-config
[1.706s] -- Checking for module 'libzmq >= 4'
[1.725s] --   Found libzmq , version 4.3.4
[1.761s] -- Checking for module 'uuid'
[1.775s] --   Found uuid, version 2.37.2
[1.804s] -- Looking for ignition-msgs5 -- found version 5.8.1
[1.805s] -- Searching for dependencies of ignition-msgs5
[1.829s] -- Looking for ignition-math6 -- found version 6.15.1
[1.837s] -- Looking for ignition-msgs5 -- found version 5.8.1
[1.838s] -- Looking for ignition-common3 -- found version 3.14.0
[1.838s] -- Searching for dependencies of ignition-common3
[1.838s] -- Looking for dlfcn.h - found
[1.838s] -- Looking for libdl - found
[1.851s] -- Searching for <ignition-common3> component [graphics]
[1.852s] -- Looking for ignition-common3-graphics -- found version 3.14.0
[1.853s] -- Searching for dependencies of ignition-common3-graphics
[1.853s] -- Looking for ignition-math6 -- found version 6.15.1
[1.855s] -- Looking for ignition-fuel_tools4 -- found version 4.4.0
[1.856s] -- Searching for dependencies of ignition-fuel_tools4
[1.910s] -- Checking for module 'jsoncpp'
[1.922s] --   Found jsoncpp, version 1.9.5
[1.957s] -- Checking for module 'libzip'
[1.971s] --   Found libzip, version 1.7.3
[1.998s] -- Looking for ignition-common3 -- found version 3.14.0
[1.998s] -- Looking for ignition-math6 -- found version 6.15.1
[1.998s] -- Looking for ignition-msgs5 -- found version 5.8.1
[2.001s] -- Gazebo version: 11.10
[2.005s] -- Found ament_lint_auto: 0.12.10 (/opt/ros/humble/share/ament_lint_auto/cmake)
[2.266s] -- Added test 'copyright' to check source files copyright and LICENSE
[2.267s] -- Added test 'cppcheck' to perform static code analysis on C / C++ code
[2.268s] -- Configured cppcheck include dirs: /root/ros2_frws/src/xarm_ros2/xarm_gazebo/include
[2.268s] -- Configured cppcheck exclude dirs and/or files: 
[2.268s] -- Added test 'cpplint' to check C / C++ code against the Google style
[2.268s] -- Configured cpplint exclude dirs and/or files: 
[2.269s] -- Added test 'flake8' to check Python code syntax and style conventions
[2.269s] -- Added test 'lint_cmake' to check CMake code style
[2.269s] -- Added test 'pep257' to check Python code against some of the docstring style conventions in PEP 257
[2.270s] -- Added test 'uncrustify' to check C / C++ code style
[2.270s] -- Configured uncrustify additional arguments: 
[2.270s] -- Added test 'xmllint' to check XML markup files
[2.272s] -- Configuring done
[2.329s] -- Generating done
[2.333s] -- Build files have been written to: /root/ros2_frws/src/build/xarm_gazebo
[2.363s] [35m[1mConsolidate compiler generated dependencies of target gazebo_mimic_joint_plugin[0m
[2.409s] [ 50%] [32mBuilding CXX object CMakeFiles/gazebo_mimic_joint_plugin.dir/src/mimic_joint_plugin.cpp.o[0m
[13.773s] [100%] [32m[1mLinking CXX shared library libgazebo_mimic_joint_plugin.so[0m
[14.173s] [100%] Built target gazebo_mimic_joint_plugin
[14.181s] Invoked command in '/root/ros2_frws/src/build/xarm_gazebo' returned '0': AMENT_PREFIX_PATH=/root/ros2_frws/src/install/xarm_controller:/root/ros2_frws/src/install/xarm_api:/root/ros2_frws/src/install/xarm_sdk:/root/ros2_frws/src/install/xarm_msgs:/root/ros2_frws/src/install/xarm_description:${AMENT_PREFIX_PATH} CMAKE_PREFIX_PATH=/root/ros2_frws/src/install/xarm_controller:/root/ros2_frws/src/install/xarm_api:/root/ros2_frws/src/install/xarm_sdk:/root/ros2_frws/src/install/xarm_msgs:/root/ros2_frws/src/install/xarm_description:/root/ros2_frws/install/xarm_planner:/root/ros2_frws/install/xarm_moveit_servo:/root/ros2_frws/install/xarm_moveit_config:/root/ros2_frws/install/xarm_gazebo:/root/ros2_frws/install/xarm_controller:/root/ros2_frws/install/xarm_api:/root/ros2_frws/install/xarm_sdk:/root/ros2_frws/install/xarm_msgs:/root/ros2_frws/install/xarm_description:/root/ros2_frws/install/tutorial_interfaces:/root/ros2_frws/install/realsense_gazebo_plugin:/root/ros2_frws/install/my_msg_interfaces:/root/ros2_frws/install/moveit_resources_prbt_support:/root/ros2_frws/install/moveit_resources:/root/ros2_frws/install/moveit_resources_pr2_description:/root/ros2_frws/install/moveit_resources_panda_moveit_config:/root/ros2_frws/install/moveit_resources_panda_description:/root/ros2_frws/install/moveit_resources_fanuc_moveit_config:/root/ros2_frws/install/moveit_resources_fanuc_description:/root/ros2_frws/install/moveit_common:/root/ros2_frws/install/challenge_2:/root/ros2_frws/install/moveit_configs_utils:/root/ros2_frws/install/course_works:/root/ros2_frws/install/basic_comms_params:/root/ros2_frws/install/basic_comms_param:/root/ros2_frws/install/basic_comms:/opt/ros/humble LD_LIBRARY_PATH=/root/ros2_frws/src/install/xarm_controller/lib:/root/ros2_frws/src/install/xarm_api/lib:/root/ros2_frws/src/install/xarm_sdk/lib:/root/ros2_frws/src/install/xarm_msgs/lib:${LD_LIBRARY_PATH} PYTHONPATH=/root/ros2_frws/src/install/xarm_msgs/local/lib/python3.10/dist-packages:${PYTHONPATH} /usr/bin/cmake --build /root/ros2_frws/src/build/xarm_gazebo -- -j16 -l16
[14.204s] Invoking command in '/root/ros2_frws/src/build/xarm_gazebo': AMENT_PREFIX_PATH=/root/ros2_frws/src/install/xarm_controller:/root/ros2_frws/src/install/xarm_api:/root/ros2_frws/src/install/xarm_sdk:/root/ros2_frws/src/install/xarm_msgs:/root/ros2_frws/src/install/xarm_description:${AMENT_PREFIX_PATH} CMAKE_PREFIX_PATH=/root/ros2_frws/src/install/xarm_controller:/root/ros2_frws/src/install/xarm_api:/root/ros2_frws/src/install/xarm_sdk:/root/ros2_frws/src/install/xarm_msgs:/root/ros2_frws/src/install/xarm_description:/root/ros2_frws/install/xarm_planner:/root/ros2_frws/install/xarm_moveit_servo:/root/ros2_frws/install/xarm_moveit_config:/root/ros2_frws/install/xarm_gazebo:/root/ros2_frws/install/xarm_controller:/root/ros2_frws/install/xarm_api:/root/ros2_frws/install/xarm_sdk:/root/ros2_frws/install/xarm_msgs:/root/ros2_frws/install/xarm_description:/root/ros2_frws/install/tutorial_interfaces:/root/ros2_frws/install/realsense_gazebo_plugin:/root/ros2_frws/install/my_msg_interfaces:/root/ros2_frws/install/moveit_resources_prbt_support:/root/ros2_frws/install/moveit_resources:/root/ros2_frws/install/moveit_resources_pr2_description:/root/ros2_frws/install/moveit_resources_panda_moveit_config:/root/ros2_frws/install/moveit_resources_panda_description:/root/ros2_frws/install/moveit_resources_fanuc_moveit_config:/root/ros2_frws/install/moveit_resources_fanuc_description:/root/ros2_frws/install/moveit_common:/root/ros2_frws/install/challenge_2:/root/ros2_frws/install/moveit_configs_utils:/root/ros2_frws/install/course_works:/root/ros2_frws/install/basic_comms_params:/root/ros2_frws/install/basic_comms_param:/root/ros2_frws/install/basic_comms:/opt/ros/humble LD_LIBRARY_PATH=/root/ros2_frws/src/install/xarm_controller/lib:/root/ros2_frws/src/install/xarm_api/lib:/root/ros2_frws/src/install/xarm_sdk/lib:/root/ros2_frws/src/install/xarm_msgs/lib:${LD_LIBRARY_PATH} PYTHONPATH=/root/ros2_frws/src/install/xarm_msgs/local/lib/python3.10/dist-packages:${PYTHONPATH} /usr/bin/cmake --install /root/ros2_frws/src/build/xarm_gazebo
[14.208s] -- Install configuration: ""
[14.209s] -- Up-to-date: /root/ros2_frws/src/install/xarm_gazebo/include
[14.209s] -- Up-to-date: /root/ros2_frws/src/install/xarm_gazebo/include/xarm_gazebo
[14.209s] -- Installing: /root/ros2_frws/src/install/xarm_gazebo/include/xarm_gazebo/mimic_joint_plugin.h
[14.210s] -- Installing: /root/ros2_frws/src/install/xarm_gazebo/lib/libgazebo_mimic_joint_plugin.so
[14.212s] -- Set runtime path of "/root/ros2_frws/src/install/xarm_gazebo/lib/libgazebo_mimic_joint_plugin.so" to ""
[14.213s] -- Up-to-date: /root/ros2_frws/src/install/xarm_gazebo/share/xarm_gazebo//worlds
[14.213s] -- Installing: /root/ros2_frws/src/install/xarm_gazebo/share/xarm_gazebo//worlds/table.world
[14.213s] -- Up-to-date: /root/ros2_frws/src/install/xarm_gazebo/share/xarm_gazebo//launch
[14.213s] -- Installing: /root/ros2_frws/src/install/xarm_gazebo/share/xarm_gazebo//launch/xarm7_mirror_beside_table_gazebo.launch.py
[14.213s] -- Installing: /root/ros2_frws/src/install/xarm_gazebo/share/xarm_gazebo//launch/_dual_robot_beside_table_gazebo.launch.py
[14.213s] -- Installing: /root/ros2_frws/src/install/xarm_gazebo/share/xarm_gazebo//launch/uf850_beside_table_gazebo.launch.py
[14.213s] -- Installing: /root/ros2_frws/src/install/xarm_gazebo/share/xarm_gazebo//launch/xarm5_beside_table_gazebo.launch.py
[14.214s] -- Installing: /root/ros2_frws/src/install/xarm_gazebo/share/xarm_gazebo//launch/lite6_beside_table_gazebo.launch.py
[14.214s] -- Installing: /root/ros2_frws/src/install/xarm_gazebo/share/xarm_gazebo//launch/xarm7_beside_table_gazebo.launch.py
[14.214s] -- Installing: /root/ros2_frws/src/install/xarm_gazebo/share/xarm_gazebo//launch/xarm6_beside_table_gazebo.launch.py
[14.214s] -- Installing: /root/ros2_frws/src/install/xarm_gazebo/share/xarm_gazebo//launch/_robot_beside_table_gazebo.launch.py
[14.214s] -- Up-to-date: /root/ros2_frws/src/install/xarm_gazebo/share/ament_index/resource_index/package_run_dependencies/xarm_gazebo
[14.214s] -- Installing: /root/ros2_frws/src/install/xarm_gazebo/share/ament_index/resource_index/parent_prefix_path/xarm_gazebo
[14.214s] -- Up-to-date: /root/ros2_frws/src/install/xarm_gazebo/share/xarm_gazebo/environment/ament_prefix_path.sh
[14.214s] -- Installing: /root/ros2_frws/src/install/xarm_gazebo/share/xarm_gazebo/environment/ament_prefix_path.dsv
[14.215s] -- Up-to-date: /root/ros2_frws/src/install/xarm_gazebo/share/xarm_gazebo/environment/path.sh
[14.215s] -- Installing: /root/ros2_frws/src/install/xarm_gazebo/share/xarm_gazebo/environment/path.dsv
[14.215s] -- Up-to-date: /root/ros2_frws/src/install/xarm_gazebo/share/xarm_gazebo/local_setup.bash
[14.215s] -- Up-to-date: /root/ros2_frws/src/install/xarm_gazebo/share/xarm_gazebo/local_setup.sh
[14.215s] -- Up-to-date: /root/ros2_frws/src/install/xarm_gazebo/share/xarm_gazebo/local_setup.zsh
[14.215s] -- Installing: /root/ros2_frws/src/install/xarm_gazebo/share/xarm_gazebo/local_setup.dsv
[14.215s] -- Installing: /root/ros2_frws/src/install/xarm_gazebo/share/xarm_gazebo/package.dsv
[14.216s] -- Up-to-date: /root/ros2_frws/src/install/xarm_gazebo/share/ament_index/resource_index/packages/xarm_gazebo
[14.216s] -- Up-to-date: /root/ros2_frws/src/install/xarm_gazebo/share/xarm_gazebo/cmake/xarm_gazeboConfig.cmake
[14.216s] -- Up-to-date: /root/ros2_frws/src/install/xarm_gazebo/share/xarm_gazebo/cmake/xarm_gazeboConfig-version.cmake
[14.216s] -- Installing: /root/ros2_frws/src/install/xarm_gazebo/share/xarm_gazebo/package.xml
[14.220s] Invoked command in '/root/ros2_frws/src/build/xarm_gazebo' returned '0': AMENT_PREFIX_PATH=/root/ros2_frws/src/install/xarm_controller:/root/ros2_frws/src/install/xarm_api:/root/ros2_frws/src/install/xarm_sdk:/root/ros2_frws/src/install/xarm_msgs:/root/ros2_frws/src/install/xarm_description:${AMENT_PREFIX_PATH} CMAKE_PREFIX_PATH=/root/ros2_frws/src/install/xarm_controller:/root/ros2_frws/src/install/xarm_api:/root/ros2_frws/src/install/xarm_sdk:/root/ros2_frws/src/install/xarm_msgs:/root/ros2_frws/src/install/xarm_description:/root/ros2_frws/install/xarm_planner:/root/ros2_frws/install/xarm_moveit_servo:/root/ros2_frws/install/xarm_moveit_config:/root/ros2_frws/install/xarm_gazebo:/root/ros2_frws/install/xarm_controller:/root/ros2_frws/install/xarm_api:/root/ros2_frws/install/xarm_sdk:/root/ros2_frws/install/xarm_msgs:/root/ros2_frws/install/xarm_description:/root/ros2_frws/install/tutorial_interfaces:/root/ros2_frws/install/realsense_gazebo_plugin:/root/ros2_frws/install/my_msg_interfaces:/root/ros2_frws/install/moveit_resources_prbt_support:/root/ros2_frws/install/moveit_resources:/root/ros2_frws/install/moveit_resources_pr2_description:/root/ros2_frws/install/moveit_resources_panda_moveit_config:/root/ros2_frws/install/moveit_resources_panda_description:/root/ros2_frws/install/moveit_resources_fanuc_moveit_config:/root/ros2_frws/install/moveit_resources_fanuc_description:/root/ros2_frws/install/moveit_common:/root/ros2_frws/install/challenge_2:/root/ros2_frws/install/moveit_configs_utils:/root/ros2_frws/install/course_works:/root/ros2_frws/install/basic_comms_params:/root/ros2_frws/install/basic_comms_param:/root/ros2_frws/install/basic_comms:/opt/ros/humble LD_LIBRARY_PATH=/root/ros2_frws/src/install/xarm_controller/lib:/root/ros2_frws/src/install/xarm_api/lib:/root/ros2_frws/src/install/xarm_sdk/lib:/root/ros2_frws/src/install/xarm_msgs/lib:${LD_LIBRARY_PATH} PYTHONPATH=/root/ros2_frws/src/install/xarm_msgs/local/lib/python3.10/dist-packages:${PYTHONPATH} /usr/bin/cmake --install /root/ros2_frws/src/build/xarm_gazebo
