[0.088s] Invoking command in '/root/ros2_frws/src/build/xarm_planner': AMENT_PREFIX_PATH=/root/ros2_frws/src/install/xarm_moveit_config:/root/ros2_frws/src/install/xarm_gazebo:/root/ros2_frws/src/install/xarm_controller:/root/ros2_frws/src/install/xarm_api:/root/ros2_frws/src/install/xarm_sdk:/root/ros2_frws/src/install/xarm_msgs:/root/ros2_frws/src/install/xarm_description:${AMENT_PREFIX_PATH} CMAKE_PREFIX_PATH=/root/ros2_frws/src/install/xarm_moveit_config:/root/ros2_frws/src/install/xarm_gazebo:/root/ros2_frws/src/install/xarm_controller:/root/ros2_frws/src/install/xarm_api:/root/ros2_frws/src/install/xarm_sdk:/root/ros2_frws/src/install/xarm_msgs:/root/ros2_frws/src/install/xarm_description:/root/ros2_frws/install/xarm_planner:/root/ros2_frws/install/xarm_moveit_servo:/root/ros2_frws/install/xarm_moveit_config:/root/ros2_frws/install/xarm_gazebo:/root/ros2_frws/install/xarm_controller:/root/ros2_frws/install/xarm_api:/root/ros2_frws/install/xarm_sdk:/root/ros2_frws/install/xarm_msgs:/root/ros2_frws/install/xarm_description:/root/ros2_frws/install/realsense_gazebo_plugin:/root/ros2_frws/install/course_works:/root/ros2_frws/install/challenge_2:/root/ros2_frws/install/basic_comms_params:/root/ros2_frws/install/basic_comms_param:/root/ros2_frws/install/basic_comms:/opt/ros/humble LD_LIBRARY_PATH=/root/ros2_frws/src/install/xarm_gazebo/lib:/root/ros2_frws/src/install/xarm_controller/lib:/root/ros2_frws/src/install/xarm_api/lib:/root/ros2_frws/src/install/xarm_sdk/lib:/root/ros2_frws/src/install/xarm_msgs/lib:${LD_LIBRARY_PATH} PYTHONPATH=/root/ros2_frws/src/install/xarm_msgs/local/lib/python3.10/dist-packages:${PYTHONPATH} /usr/bin/cmake /root/ros2_frws/src/xarm_ros2/xarm_planner -DCMAKE_INSTALL_PREFIX=/root/ros2_frws/src/install/xarm_planner
[0.142s] -- The C compiler identification is GNU 11.4.0
[0.200s] -- The CXX compiler identification is GNU 11.4.0
[0.208s] -- Detecting C compiler ABI info
[0.288s] -- Detecting C compiler ABI info - done
[0.295s] -- Check for working C compiler: /usr/bin/cc - skipped
[0.295s] -- Detecting C compile features
[0.295s] -- Detecting C compile features - done
[0.298s] -- Detecting CXX compiler ABI info
[0.382s] -- Detecting CXX compiler ABI info - done
[0.390s] -- Check for working CXX compiler: /usr/bin/c++ - skipped
[0.390s] -- Detecting CXX compile features
[0.392s] -- Detecting CXX compile features - done
[0.401s] -- Found ament_cmake: 1.3.8 (/opt/ros/humble/share/ament_cmake/cmake)
[0.813s] -- Found Python3: /usr/bin/python3 (found version "3.10.12") found components: Interpreter 
[0.978s] -- Found moveit: 2.5.5 (/opt/ros/humble/share/moveit/cmake)
[0.985s] -- Found moveit_ros_planning_interface: 2.5.5 (/opt/ros/humble/share/moveit_ros_planning_interface/cmake)
[1.197s] -- Found Boost: /usr/lib/x86_64-linux-gnu/cmake/Boost-1.74.0/BoostConfig.cmake (found version "1.74.0") found components: date_time filesystem program_options system thread 
[1.293s] -- Found rosidl_generator_c: 3.1.5 (/opt/ros/humble/share/rosidl_generator_c/cmake)
[1.306s] -- Found rosidl_adapter: 3.1.5 (/opt/ros/humble/share/rosidl_adapter/cmake)
[1.321s] -- Found rosidl_generator_cpp: 3.1.5 (/opt/ros/humble/share/rosidl_generator_cpp/cmake)
[1.348s] -- Using all available rosidl_typesupport_c: rosidl_typesupport_fastrtps_c;rosidl_typesupport_introspection_c
[1.386s] -- Using all available rosidl_typesupport_cpp: rosidl_typesupport_fastrtps_cpp;rosidl_typesupport_introspection_cpp
[2.543s] -- Found Boost: /usr/lib/x86_64-linux-gnu/cmake/Boost-1.74.0/BoostConfig.cmake (found version "1.74.0") found components: chrono date_time filesystem iostreams program_options regex serialization system thread 
[2.596s] -- Found parameter_traits: 0.3.7 (/opt/ros/humble/share/parameter_traits/cmake)
[2.718s] -- Found rmw_implementation_cmake: 6.1.1 (/opt/ros/humble/share/rmw_implementation_cmake/cmake)
[2.726s] -- Found rmw_fastrtps_cpp: 6.2.6 (/opt/ros/humble/share/rmw_fastrtps_cpp/cmake)
[2.868s] -- Found OpenSSL: /usr/lib/x86_64-linux-gnu/libcrypto.so (found version "3.0.2")  
[2.912s] -- Found FastRTPS: /opt/ros/humble/include  
[2.984s] -- Using RMW implementation 'rmw_fastrtps_cpp' as default
[3.006s] -- Found Threads: TRUE  
[3.197s] -- Found rclcpp_lifecycle: 16.0.8 (/opt/ros/humble/share/rclcpp_lifecycle/cmake)
[3.259s] -- Found Boost: /usr/lib/x86_64-linux-gnu/cmake/Boost-1.74.0/BoostConfig.cmake (found version "1.74.0") found components: filesystem 
[3.432s] -- library: /usr/lib/x86_64-linux-gnu/libcurl.so
[3.641s] -- Found Eigen3: TRUE (found version "3.4.0") 
[3.641s] -- Ensuring Eigen3 include directory is part of orocos-kdl CMake target
[4.349s] -- Found Boost: /usr/lib/x86_64-linux-gnu/cmake/Boost-1.74.0/BoostConfig.cmake (found version "1.74.0") found components: system filesystem date_time program_options thread chrono 
[4.938s] -- Found Boost: /usr/lib/x86_64-linux-gnu/cmake/Boost-1.74.0/BoostConfig.cmake (found version "1.74.0") found components: thread system filesystem regex date_time program_options 
[5.212s] -- Found Boost: /usr/lib/x86_64-linux-gnu/cmake/Boost-1.74.0/BoostConfig.cmake (found version "1.74.0") found components: system filesystem date_time program_options thread 
[5.660s] -- Found xarm_msgs: 0.0.0 (/root/ros2_frws/src/install/xarm_msgs/share/xarm_msgs/cmake)
[5.757s] -- Found ament_lint_auto: 0.12.10 (/opt/ros/humble/share/ament_lint_auto/cmake)
[5.925s] -- Added test 'copyright' to check source files copyright and LICENSE
[5.928s] -- Added test 'cppcheck' to perform static code analysis on C / C++ code
[5.930s] -- Configured cppcheck include dirs: /root/ros2_frws/src/xarm_ros2/xarm_planner/include
[5.930s] -- Configured cppcheck exclude dirs and/or files: 
[5.934s] -- Added test 'cpplint' to check C / C++ code against the Google style
[5.934s] -- Configured cpplint exclude dirs and/or files: 
[5.935s] -- Added test 'flake8' to check Python code syntax and style conventions
[5.937s] -- Added test 'lint_cmake' to check CMake code style
[5.939s] -- Added test 'pep257' to check Python code against some of the docstring style conventions in PEP 257
[5.942s] -- Added test 'uncrustify' to check C / C++ code style
[5.942s] -- Configured uncrustify additional arguments: 
[5.943s] -- Added test 'xmllint' to check XML markup files
[5.946s] -- Configuring done
[6.145s] -- Generating done
[6.148s] -- Build files have been written to: /root/ros2_frws/src/build/xarm_planner
[6.176s] Invoked command in '/root/ros2_frws/src/build/xarm_planner' returned '0': AMENT_PREFIX_PATH=/root/ros2_frws/src/install/xarm_moveit_config:/root/ros2_frws/src/install/xarm_gazebo:/root/ros2_frws/src/install/xarm_controller:/root/ros2_frws/src/install/xarm_api:/root/ros2_frws/src/install/xarm_sdk:/root/ros2_frws/src/install/xarm_msgs:/root/ros2_frws/src/install/xarm_description:${AMENT_PREFIX_PATH} CMAKE_PREFIX_PATH=/root/ros2_frws/src/install/xarm_moveit_config:/root/ros2_frws/src/install/xarm_gazebo:/root/ros2_frws/src/install/xarm_controller:/root/ros2_frws/src/install/xarm_api:/root/ros2_frws/src/install/xarm_sdk:/root/ros2_frws/src/install/xarm_msgs:/root/ros2_frws/src/install/xarm_description:/root/ros2_frws/install/xarm_planner:/root/ros2_frws/install/xarm_moveit_servo:/root/ros2_frws/install/xarm_moveit_config:/root/ros2_frws/install/xarm_gazebo:/root/ros2_frws/install/xarm_controller:/root/ros2_frws/install/xarm_api:/root/ros2_frws/install/xarm_sdk:/root/ros2_frws/install/xarm_msgs:/root/ros2_frws/install/xarm_description:/root/ros2_frws/install/realsense_gazebo_plugin:/root/ros2_frws/install/course_works:/root/ros2_frws/install/challenge_2:/root/ros2_frws/install/basic_comms_params:/root/ros2_frws/install/basic_comms_param:/root/ros2_frws/install/basic_comms:/opt/ros/humble LD_LIBRARY_PATH=/root/ros2_frws/src/install/xarm_gazebo/lib:/root/ros2_frws/src/install/xarm_controller/lib:/root/ros2_frws/src/install/xarm_api/lib:/root/ros2_frws/src/install/xarm_sdk/lib:/root/ros2_frws/src/install/xarm_msgs/lib:${LD_LIBRARY_PATH} PYTHONPATH=/root/ros2_frws/src/install/xarm_msgs/local/lib/python3.10/dist-packages:${PYTHONPATH} /usr/bin/cmake /root/ros2_frws/src/xarm_ros2/xarm_planner -DCMAKE_INSTALL_PREFIX=/root/ros2_frws/src/install/xarm_planner
[6.177s] Invoking command in '/root/ros2_frws/src/build/xarm_planner': AMENT_PREFIX_PATH=/root/ros2_frws/src/install/xarm_moveit_config:/root/ros2_frws/src/install/xarm_gazebo:/root/ros2_frws/src/install/xarm_controller:/root/ros2_frws/src/install/xarm_api:/root/ros2_frws/src/install/xarm_sdk:/root/ros2_frws/src/install/xarm_msgs:/root/ros2_frws/src/install/xarm_description:${AMENT_PREFIX_PATH} CMAKE_PREFIX_PATH=/root/ros2_frws/src/install/xarm_moveit_config:/root/ros2_frws/src/install/xarm_gazebo:/root/ros2_frws/src/install/xarm_controller:/root/ros2_frws/src/install/xarm_api:/root/ros2_frws/src/install/xarm_sdk:/root/ros2_frws/src/install/xarm_msgs:/root/ros2_frws/src/install/xarm_description:/root/ros2_frws/install/xarm_planner:/root/ros2_frws/install/xarm_moveit_servo:/root/ros2_frws/install/xarm_moveit_config:/root/ros2_frws/install/xarm_gazebo:/root/ros2_frws/install/xarm_controller:/root/ros2_frws/install/xarm_api:/root/ros2_frws/install/xarm_sdk:/root/ros2_frws/install/xarm_msgs:/root/ros2_frws/install/xarm_description:/root/ros2_frws/install/realsense_gazebo_plugin:/root/ros2_frws/install/course_works:/root/ros2_frws/install/challenge_2:/root/ros2_frws/install/basic_comms_params:/root/ros2_frws/install/basic_comms_param:/root/ros2_frws/install/basic_comms:/opt/ros/humble LD_LIBRARY_PATH=/root/ros2_frws/src/install/xarm_gazebo/lib:/root/ros2_frws/src/install/xarm_controller/lib:/root/ros2_frws/src/install/xarm_api/lib:/root/ros2_frws/src/install/xarm_sdk/lib:/root/ros2_frws/src/install/xarm_msgs/lib:${LD_LIBRARY_PATH} PYTHONPATH=/root/ros2_frws/src/install/xarm_msgs/local/lib/python3.10/dist-packages:${PYTHONPATH} /usr/bin/cmake --build /root/ros2_frws/src/build/xarm_planner -- -j16 -l16
[6.239s] [  9%] [32mBuilding CXX object CMakeFiles/xarm_planner.dir/src/xarm_planner.cpp.o[0m
[6.239s] [  9%] [32mBuilding CXX object CMakeFiles/test_lite_gripper_realmove.dir/test/test_lite_gripper_realmove.cpp.o[0m
[6.239s] [ 13%] [32mBuilding CXX object CMakeFiles/test_xarm_planner_client_pose.dir/test/test_xarm_planner_client_pose.cpp.o[0m
[6.240s] [ 22%] [32mBuilding CXX object CMakeFiles/test_xarm_planner_client_joint.dir/test/test_xarm_planner_client_joint.cpp.o[0m
[6.240s] [ 22%] [32mBuilding CXX object CMakeFiles/test_xarm_gripper_planner_client_joint.dir/test/test_xarm_gripper_planner_client_joint.cpp.o[0m
[12.503s] [ 27%] [32m[1mLinking CXX executable test_lite_gripper_realmove[0m
[12.894s] [ 27%] Built target test_lite_gripper_realmove
[13.340s] [ 31%] [32m[1mLinking CXX executable test_xarm_planner_client_pose[0m
[13.363s] [ 36%] [32m[1mLinking CXX executable test_xarm_planner_client_joint[0m
[13.392s] [ 40%] [32m[1mLinking CXX executable test_xarm_gripper_planner_client_joint[0m
[13.634s] [ 40%] Built target test_xarm_planner_client_pose
[13.682s] [ 40%] Built target test_xarm_planner_client_joint
[13.713s] [ 40%] Built target test_xarm_gripper_planner_client_joint
[18.382s] [ 45%] [32m[1mLinking CXX shared library libxarm_planner.so[0m
[18.595s] [ 45%] Built target xarm_planner
[18.622s] [ 50%] [32mBuilding CXX object CMakeFiles/test_dual_xarm_planner_api_joint.dir/test/test_dual_xarm_planner_api_joint.cpp.o[0m
[18.622s] [ 54%] [32mBuilding CXX object CMakeFiles/xarm_planner_node.dir/src/xarm_planner_node.cpp.o[0m
[18.622s] [ 59%] [32mBuilding CXX object CMakeFiles/test_xarm_planner_api_joint.dir/test/test_xarm_planner_api_joint.cpp.o[0m
[18.623s] [ 63%] [32mBuilding CXX object CMakeFiles/test_xarm_gripper_planner_api_joint.dir/test/test_xarm_gripper_planner_api_joint.cpp.o[0m
[18.624s] [ 68%] [32mBuilding CXX object CMakeFiles/test_xarm_planner_api_pose.dir/test/test_xarm_planner_api_pose.cpp.o[0m
[18.624s] [ 72%] [32mBuilding CXX object CMakeFiles/xarm_gripper_planner_node.dir/src/xarm_gripper_planner_node.cpp.o[0m
[33.271s] [ 77%] [32m[1mLinking CXX executable test_dual_xarm_planner_api_joint[0m
[33.284s] [ 81%] [32m[1mLinking CXX executable test_xarm_gripper_planner_api_joint[0m
[33.427s] [ 86%] [32m[1mLinking CXX executable test_xarm_planner_api_pose[0m
[33.532s] [ 90%] [32m[1mLinking CXX executable test_xarm_planner_api_joint[0m
[34.017s] [ 90%] Built target test_xarm_planner_api_joint
[34.018s] [ 90%] Built target test_xarm_planner_api_pose
[34.023s] [ 90%] Built target test_xarm_gripper_planner_api_joint
[34.023s] [ 90%] Built target test_dual_xarm_planner_api_joint
[34.970s] [ 95%] [32m[1mLinking CXX executable xarm_gripper_planner_node[0m
[35.336s] [100%] [32m[1mLinking CXX executable xarm_planner_node[0m
[35.385s] [100%] Built target xarm_gripper_planner_node
[35.747s] [100%] Built target xarm_planner_node
[35.787s] Invoked command in '/root/ros2_frws/src/build/xarm_planner' returned '0': AMENT_PREFIX_PATH=/root/ros2_frws/src/install/xarm_moveit_config:/root/ros2_frws/src/install/xarm_gazebo:/root/ros2_frws/src/install/xarm_controller:/root/ros2_frws/src/install/xarm_api:/root/ros2_frws/src/install/xarm_sdk:/root/ros2_frws/src/install/xarm_msgs:/root/ros2_frws/src/install/xarm_description:${AMENT_PREFIX_PATH} CMAKE_PREFIX_PATH=/root/ros2_frws/src/install/xarm_moveit_config:/root/ros2_frws/src/install/xarm_gazebo:/root/ros2_frws/src/install/xarm_controller:/root/ros2_frws/src/install/xarm_api:/root/ros2_frws/src/install/xarm_sdk:/root/ros2_frws/src/install/xarm_msgs:/root/ros2_frws/src/install/xarm_description:/root/ros2_frws/install/xarm_planner:/root/ros2_frws/install/xarm_moveit_servo:/root/ros2_frws/install/xarm_moveit_config:/root/ros2_frws/install/xarm_gazebo:/root/ros2_frws/install/xarm_controller:/root/ros2_frws/install/xarm_api:/root/ros2_frws/install/xarm_sdk:/root/ros2_frws/install/xarm_msgs:/root/ros2_frws/install/xarm_description:/root/ros2_frws/install/realsense_gazebo_plugin:/root/ros2_frws/install/course_works:/root/ros2_frws/install/challenge_2:/root/ros2_frws/install/basic_comms_params:/root/ros2_frws/install/basic_comms_param:/root/ros2_frws/install/basic_comms:/opt/ros/humble LD_LIBRARY_PATH=/root/ros2_frws/src/install/xarm_gazebo/lib:/root/ros2_frws/src/install/xarm_controller/lib:/root/ros2_frws/src/install/xarm_api/lib:/root/ros2_frws/src/install/xarm_sdk/lib:/root/ros2_frws/src/install/xarm_msgs/lib:${LD_LIBRARY_PATH} PYTHONPATH=/root/ros2_frws/src/install/xarm_msgs/local/lib/python3.10/dist-packages:${PYTHONPATH} /usr/bin/cmake --build /root/ros2_frws/src/build/xarm_planner -- -j16 -l16
[35.870s] Invoking command in '/root/ros2_frws/src/build/xarm_planner': AMENT_PREFIX_PATH=/root/ros2_frws/src/install/xarm_moveit_config:/root/ros2_frws/src/install/xarm_gazebo:/root/ros2_frws/src/install/xarm_controller:/root/ros2_frws/src/install/xarm_api:/root/ros2_frws/src/install/xarm_sdk:/root/ros2_frws/src/install/xarm_msgs:/root/ros2_frws/src/install/xarm_description:${AMENT_PREFIX_PATH} CMAKE_PREFIX_PATH=/root/ros2_frws/src/install/xarm_moveit_config:/root/ros2_frws/src/install/xarm_gazebo:/root/ros2_frws/src/install/xarm_controller:/root/ros2_frws/src/install/xarm_api:/root/ros2_frws/src/install/xarm_sdk:/root/ros2_frws/src/install/xarm_msgs:/root/ros2_frws/src/install/xarm_description:/root/ros2_frws/install/xarm_planner:/root/ros2_frws/install/xarm_moveit_servo:/root/ros2_frws/install/xarm_moveit_config:/root/ros2_frws/install/xarm_gazebo:/root/ros2_frws/install/xarm_controller:/root/ros2_frws/install/xarm_api:/root/ros2_frws/install/xarm_sdk:/root/ros2_frws/install/xarm_msgs:/root/ros2_frws/install/xarm_description:/root/ros2_frws/install/realsense_gazebo_plugin:/root/ros2_frws/install/course_works:/root/ros2_frws/install/challenge_2:/root/ros2_frws/install/basic_comms_params:/root/ros2_frws/install/basic_comms_param:/root/ros2_frws/install/basic_comms:/opt/ros/humble LD_LIBRARY_PATH=/root/ros2_frws/src/install/xarm_gazebo/lib:/root/ros2_frws/src/install/xarm_controller/lib:/root/ros2_frws/src/install/xarm_api/lib:/root/ros2_frws/src/install/xarm_sdk/lib:/root/ros2_frws/src/install/xarm_msgs/lib:${LD_LIBRARY_PATH} PYTHONPATH=/root/ros2_frws/src/install/xarm_msgs/local/lib/python3.10/dist-packages:${PYTHONPATH} /usr/bin/cmake --install /root/ros2_frws/src/build/xarm_planner
[35.880s] -- Install configuration: ""
[35.880s] -- Installing: /root/ros2_frws/src/install/xarm_planner/include
[35.884s] -- Installing: /root/ros2_frws/src/install/xarm_planner/include/xarm_planner
[35.885s] -- Installing: /root/ros2_frws/src/install/xarm_planner/include/xarm_planner/xarm_planner.h
[35.886s] -- Installing: /root/ros2_frws/src/install/xarm_planner/lib/libxarm_planner.so
[35.887s] -- Set runtime path of "/root/ros2_frws/src/install/xarm_planner/lib/libxarm_planner.so" to ""
[35.887s] -- Installing: /root/ros2_frws/src/install/xarm_planner/lib/xarm_planner/xarm_planner_node
[35.890s] -- Set runtime path of "/root/ros2_frws/src/install/xarm_planner/lib/xarm_planner/xarm_planner_node" to ""
[35.890s] -- Installing: /root/ros2_frws/src/install/xarm_planner/lib/xarm_planner/xarm_gripper_planner_node
[35.892s] -- Set runtime path of "/root/ros2_frws/src/install/xarm_planner/lib/xarm_planner/xarm_gripper_planner_node" to ""
[35.892s] -- Installing: /root/ros2_frws/src/install/xarm_planner/lib/xarm_planner/test_xarm_planner_api_joint
[35.892s] -- Set runtime path of "/root/ros2_frws/src/install/xarm_planner/lib/xarm_planner/test_xarm_planner_api_joint" to ""
[35.893s] -- Installing: /root/ros2_frws/src/install/xarm_planner/lib/xarm_planner/test_dual_xarm_planner_api_joint
[35.893s] -- Set runtime path of "/root/ros2_frws/src/install/xarm_planner/lib/xarm_planner/test_dual_xarm_planner_api_joint" to ""
[35.893s] -- Installing: /root/ros2_frws/src/install/xarm_planner/lib/xarm_planner/test_xarm_planner_api_pose
[35.894s] -- Set runtime path of "/root/ros2_frws/src/install/xarm_planner/lib/xarm_planner/test_xarm_planner_api_pose" to ""
[35.894s] -- Installing: /root/ros2_frws/src/install/xarm_planner/lib/xarm_planner/test_xarm_gripper_planner_api_joint
[35.896s] -- Set runtime path of "/root/ros2_frws/src/install/xarm_planner/lib/xarm_planner/test_xarm_gripper_planner_api_joint" to ""
[35.896s] -- Installing: /root/ros2_frws/src/install/xarm_planner/lib/xarm_planner/test_xarm_planner_client_joint
[35.900s] -- Set runtime path of "/root/ros2_frws/src/install/xarm_planner/lib/xarm_planner/test_xarm_planner_client_joint" to ""
[35.900s] -- Installing: /root/ros2_frws/src/install/xarm_planner/lib/xarm_planner/test_xarm_planner_client_pose
[35.903s] -- Set runtime path of "/root/ros2_frws/src/install/xarm_planner/lib/xarm_planner/test_xarm_planner_client_pose" to ""
[35.903s] -- Installing: /root/ros2_frws/src/install/xarm_planner/lib/xarm_planner/test_xarm_gripper_planner_client_joint
[35.907s] -- Set runtime path of "/root/ros2_frws/src/install/xarm_planner/lib/xarm_planner/test_xarm_gripper_planner_client_joint" to ""
[35.907s] -- Installing: /root/ros2_frws/src/install/xarm_planner/lib/xarm_planner/test_lite_gripper_realmove
[35.909s] -- Set runtime path of "/root/ros2_frws/src/install/xarm_planner/lib/xarm_planner/test_lite_gripper_realmove" to ""
[35.910s] -- Installing: /root/ros2_frws/src/install/xarm_planner/share/xarm_planner//launch
[35.912s] -- Installing: /root/ros2_frws/src/install/xarm_planner/share/xarm_planner//launch/test_xarm_gripper_planner_api_joint.launch.py
[35.912s] -- Installing: /root/ros2_frws/src/install/xarm_planner/share/xarm_planner//launch/xarm7_planner_gazebo.launch.py
[35.913s] -- Installing: /root/ros2_frws/src/install/xarm_planner/share/xarm_planner//launch/lite6_planner_fake.launch.py
[35.915s] -- Installing: /root/ros2_frws/src/install/xarm_planner/share/xarm_planner//launch/xarm7_mirror_planner_gazebo.launch.py
[35.915s] -- Installing: /root/ros2_frws/src/install/xarm_planner/share/xarm_planner//launch/xarm5_planner_fake.launch.py
[35.916s] -- Installing: /root/ros2_frws/src/install/xarm_planner/share/xarm_planner//launch/test_move_group.launch.py
[35.916s] -- Installing: /root/ros2_frws/src/install/xarm_planner/share/xarm_planner//launch/test_dual_xarm_planner_api_joint.launch.py
[35.917s] -- Installing: /root/ros2_frws/src/install/xarm_planner/share/xarm_planner//launch/uf850_planner_realmove.launch.py
[35.917s] -- Installing: /root/ros2_frws/src/install/xarm_planner/share/xarm_planner//launch/test_xarm_planner_client_joint.launch.py
[35.918s] -- Installing: /root/ros2_frws/src/install/xarm_planner/share/xarm_planner//launch/lite6_planner_gazebo.launch.py
[35.918s] -- Installing: /root/ros2_frws/src/install/xarm_planner/share/xarm_planner//launch/test_xarm_planner_api_pose.launch.py
[35.918s] -- Installing: /root/ros2_frws/src/install/xarm_planner/share/xarm_planner//launch/_dual_robot_planner.launch.py
[35.919s] -- Installing: /root/ros2_frws/src/install/xarm_planner/share/xarm_planner//launch/xarm6_planner_gazebo.launch.py
[35.920s] -- Installing: /root/ros2_frws/src/install/xarm_planner/share/xarm_planner//launch/xarm7_planner_fake.launch.py
[35.920s] -- Installing: /root/ros2_frws/src/install/xarm_planner/share/xarm_planner//launch/test_xarm_planner_api_joint.launch.py
[35.921s] -- Installing: /root/ros2_frws/src/install/xarm_planner/share/xarm_planner//launch/xarm6_planner_fake.launch.py
[35.921s] -- Installing: /root/ros2_frws/src/install/xarm_planner/share/xarm_planner//launch/xarm6_planner_realmove.launch.py
[35.922s] -- Installing: /root/ros2_frws/src/install/xarm_planner/share/xarm_planner//launch/xarm7_mirror_planner_realmove.launch.py
[35.923s] -- Installing: /root/ros2_frws/src/install/xarm_planner/share/xarm_planner//launch/uf850_planner_gazebo.launch.py
[35.923s] -- Installing: /root/ros2_frws/src/install/xarm_planner/share/xarm_planner//launch/test_lite_gripper_realmove.launch.py
[35.924s] -- Installing: /root/ros2_frws/src/install/xarm_planner/share/xarm_planner//launch/uf850_planner_fake.launch.py
[35.924s] -- Installing: /root/ros2_frws/src/install/xarm_planner/share/xarm_planner//launch/test_xarm_planner_client_pose.launch.py
[35.924s] -- Installing: /root/ros2_frws/src/install/xarm_planner/share/xarm_planner//launch/xarm5_planner_realmove.launch.py
[35.925s] -- Installing: /root/ros2_frws/src/install/xarm_planner/share/xarm_planner//launch/xarm5_planner_gazebo.launch.py
[35.925s] -- Installing: /root/ros2_frws/src/install/xarm_planner/share/xarm_planner//launch/xarm7_mirror_planner_fake.launch.py
[35.926s] -- Installing: /root/ros2_frws/src/install/xarm_planner/share/xarm_planner//launch/_robot_planner.launch.py
[35.926s] -- Installing: /root/ros2_frws/src/install/xarm_planner/share/xarm_planner//launch/xarm7_planner_realmove.launch.py
[35.927s] -- Installing: /root/ros2_frws/src/install/xarm_planner/share/xarm_planner//launch/lite6_planner_realmove.launch.py
[35.927s] -- Installing: /root/ros2_frws/src/install/xarm_planner/share/xarm_planner//launch/test_xarm_gripper_planner_client_joint.launch.py
[35.929s] -- Installing: /root/ros2_frws/src/install/xarm_planner/share/ament_index/resource_index/package_run_dependencies/xarm_planner
[35.931s] -- Installing: /root/ros2_frws/src/install/xarm_planner/share/ament_index/resource_index/parent_prefix_path/xarm_planner
[35.936s] -- Installing: /root/ros2_frws/src/install/xarm_planner/share/xarm_planner/environment/ament_prefix_path.sh
[35.937s] -- Installing: /root/ros2_frws/src/install/xarm_planner/share/xarm_planner/environment/ament_prefix_path.dsv
[35.937s] -- Installing: /root/ros2_frws/src/install/xarm_planner/share/xarm_planner/environment/path.sh
[35.938s] -- Installing: /root/ros2_frws/src/install/xarm_planner/share/xarm_planner/environment/path.dsv
[35.938s] -- Installing: /root/ros2_frws/src/install/xarm_planner/share/xarm_planner/local_setup.bash
[35.939s] -- Installing: /root/ros2_frws/src/install/xarm_planner/share/xarm_planner/local_setup.sh
[35.939s] -- Installing: /root/ros2_frws/src/install/xarm_planner/share/xarm_planner/local_setup.zsh
[35.940s] -- Installing: /root/ros2_frws/src/install/xarm_planner/share/xarm_planner/local_setup.dsv
[35.940s] -- Installing: /root/ros2_frws/src/install/xarm_planner/share/xarm_planner/package.dsv
[35.941s] -- Installing: /root/ros2_frws/src/install/xarm_planner/share/ament_index/resource_index/packages/xarm_planner
[35.942s] -- Installing: /root/ros2_frws/src/install/xarm_planner/share/xarm_planner/cmake/xarm_plannerConfig.cmake
[35.942s] -- Installing: /root/ros2_frws/src/install/xarm_planner/share/xarm_planner/cmake/xarm_plannerConfig-version.cmake
[35.943s] -- Installing: /root/ros2_frws/src/install/xarm_planner/share/xarm_planner/package.xml
[35.948s] Invoked command in '/root/ros2_frws/src/build/xarm_planner' returned '0': AMENT_PREFIX_PATH=/root/ros2_frws/src/install/xarm_moveit_config:/root/ros2_frws/src/install/xarm_gazebo:/root/ros2_frws/src/install/xarm_controller:/root/ros2_frws/src/install/xarm_api:/root/ros2_frws/src/install/xarm_sdk:/root/ros2_frws/src/install/xarm_msgs:/root/ros2_frws/src/install/xarm_description:${AMENT_PREFIX_PATH} CMAKE_PREFIX_PATH=/root/ros2_frws/src/install/xarm_moveit_config:/root/ros2_frws/src/install/xarm_gazebo:/root/ros2_frws/src/install/xarm_controller:/root/ros2_frws/src/install/xarm_api:/root/ros2_frws/src/install/xarm_sdk:/root/ros2_frws/src/install/xarm_msgs:/root/ros2_frws/src/install/xarm_description:/root/ros2_frws/install/xarm_planner:/root/ros2_frws/install/xarm_moveit_servo:/root/ros2_frws/install/xarm_moveit_config:/root/ros2_frws/install/xarm_gazebo:/root/ros2_frws/install/xarm_controller:/root/ros2_frws/install/xarm_api:/root/ros2_frws/install/xarm_sdk:/root/ros2_frws/install/xarm_msgs:/root/ros2_frws/install/xarm_description:/root/ros2_frws/install/realsense_gazebo_plugin:/root/ros2_frws/install/course_works:/root/ros2_frws/install/challenge_2:/root/ros2_frws/install/basic_comms_params:/root/ros2_frws/install/basic_comms_param:/root/ros2_frws/install/basic_comms:/opt/ros/humble LD_LIBRARY_PATH=/root/ros2_frws/src/install/xarm_gazebo/lib:/root/ros2_frws/src/install/xarm_controller/lib:/root/ros2_frws/src/install/xarm_api/lib:/root/ros2_frws/src/install/xarm_sdk/lib:/root/ros2_frws/src/install/xarm_msgs/lib:${LD_LIBRARY_PATH} PYTHONPATH=/root/ros2_frws/src/install/xarm_msgs/local/lib/python3.10/dist-packages:${PYTHONPATH} /usr/bin/cmake --install /root/ros2_frws/src/build/xarm_planner
