[1.225s] Invoking command in '/root/ros2_frws/src/basic_comms': PYTHONPATH=/root/ros2_frws/src/build/basic_comms/prefix_override:/root/ros2_frws/src/install/basic_comms/lib/python3.10/site-packages:${PYTHONPATH} /usr/bin/python3 setup.py egg_info --egg-base ../build/basic_comms build --build-base /root/ros2_frws/src/build/basic_comms/build install --record /root/ros2_frws/src/build/basic_comms/install.log --single-version-externally-managed
[1.429s] running egg_info
[1.444s] writing ../build/basic_comms/basic_comms.egg-info/PKG-INFO
[1.445s] writing dependency_links to ../build/basic_comms/basic_comms.egg-info/dependency_links.txt
[1.445s] writing entry points to ../build/basic_comms/basic_comms.egg-info/entry_points.txt
[1.445s] writing requirements to ../build/basic_comms/basic_comms.egg-info/requires.txt
[1.446s] writing top-level names to ../build/basic_comms/basic_comms.egg-info/top_level.txt
[1.470s] reading manifest file '../build/basic_comms/basic_comms.egg-info/SOURCES.txt'
[1.471s] writing manifest file '../build/basic_comms/basic_comms.egg-info/SOURCES.txt'
[1.471s] running build
[1.471s] running build_py
[1.472s] running install
[1.472s] /root/.local/lib/python3.10/site-packages/setuptools/_distutils/cmd.py:66: SetuptoolsDeprecationWarning: setup.py install is deprecated.
[1.472s] !!
[1.472s] 
[1.472s]         ********************************************************************************
[1.472s]         Please avoid running ``setup.py`` directly.
[1.472s]         Instead, use pypa/build, pypa/installer or other
[1.472s]         standards-based tools.
[1.472s] 
[1.473s]         See https://blog.ganssle.io/articles/2021/10/setup-py-deprecated.html for details.
[1.473s]         ********************************************************************************
[1.473s] 
[1.473s] !!
[1.473s]   self.initialize_options()
[1.480s] running install_lib
[1.496s] running install_data
[1.508s] running install_egg_info
[1.522s] removing '/root/ros2_frws/src/install/basic_comms/lib/python3.10/site-packages/basic_comms-0.0.0-py3.10.egg-info' (and everything under it)
[1.523s] Copying ../build/basic_comms/basic_comms.egg-info to /root/ros2_frws/src/install/basic_comms/lib/python3.10/site-packages/basic_comms-0.0.0-py3.10.egg-info
[1.525s] running install_scripts
[1.663s] Installing subscriber script to /root/ros2_frws/src/install/basic_comms/lib/basic_comms
[1.663s] Installing talker script to /root/ros2_frws/src/install/basic_comms/lib/basic_comms
[1.664s] writing list of installed files to '/root/ros2_frws/src/build/basic_comms/install.log'
[1.742s] Invoked command in '/root/ros2_frws/src/basic_comms' returned '0': PYTHONPATH=/root/ros2_frws/src/build/basic_comms/prefix_override:/root/ros2_frws/src/install/basic_comms/lib/python3.10/site-packages:${PYTHONPATH} /usr/bin/python3 setup.py egg_info --egg-base ../build/basic_comms build --build-base /root/ros2_frws/src/build/basic_comms/build install --record /root/ros2_frws/src/build/basic_comms/install.log --single-version-externally-managed
