[0.898s] Invoking command in '/root/ros2_frws/src/basic_comms/basic_comms/py_pubsub': PYTHONPATH=/root/ros2_frws/src/basic_comms/basic_comms/build/py_pubsub/prefix_override:/root/ros2_frws/src/basic_comms/basic_comms/install/py_pubsub/lib/python3.10/site-packages:${PYTHONPATH} /usr/bin/python3 setup.py egg_info --egg-base ../build/py_pubsub build --build-base /root/ros2_frws/src/basic_comms/basic_comms/build/py_pubsub/build install --record /root/ros2_frws/src/basic_comms/basic_comms/build/py_pubsub/install.log --single-version-externally-managed
[1.121s] running egg_info
[1.138s] writing ../build/py_pubsub/py_pubsub.egg-info/PKG-INFO
[1.141s] writing dependency_links to ../build/py_pubsub/py_pubsub.egg-info/dependency_links.txt
[1.142s] writing requirements to ../build/py_pubsub/py_pubsub.egg-info/requires.txt
[1.143s] writing top-level names to ../build/py_pubsub/py_pubsub.egg-info/top_level.txt
[1.174s] reading manifest file '../build/py_pubsub/py_pubsub.egg-info/SOURCES.txt'
[1.174s] adding license file 'LICENSE'
[1.175s] writing manifest file '../build/py_pubsub/py_pubsub.egg-info/SOURCES.txt'
[1.176s] running build
[1.176s] running build_py
[1.177s] running install
[1.177s] /root/.local/lib/python3.10/site-packages/setuptools/_distutils/cmd.py:66: SetuptoolsDeprecationWarning: setup.py install is deprecated.
[1.177s] !!
[1.177s] 
[1.177s]         ********************************************************************************
[1.177s]         Please avoid running ``setup.py`` directly.
[1.177s]         Instead, use pypa/build, pypa/installer or other
[1.177s]         standards-based tools.
[1.177s] 
[1.177s]         See https://blog.ganssle.io/articles/2021/10/setup-py-deprecated.html for details.
[1.177s]         ********************************************************************************
[1.177s] 
[1.177s] !!
[1.177s]   self.initialize_options()
[1.186s] running install_lib
[1.202s] running install_data
[1.216s] running install_egg_info
[1.232s] removing '/root/ros2_frws/src/basic_comms/basic_comms/install/py_pubsub/lib/python3.10/site-packages/py_pubsub-0.0.0-py3.10.egg-info' (and everything under it)
[1.232s] Copying ../build/py_pubsub/py_pubsub.egg-info to /root/ros2_frws/src/basic_comms/basic_comms/install/py_pubsub/lib/python3.10/site-packages/py_pubsub-0.0.0-py3.10.egg-info
[1.234s] running install_scripts
[1.377s] writing list of installed files to '/root/ros2_frws/src/basic_comms/basic_comms/build/py_pubsub/install.log'
[1.433s] Invoked command in '/root/ros2_frws/src/basic_comms/basic_comms/py_pubsub' returned '0': PYTHONPATH=/root/ros2_frws/src/basic_comms/basic_comms/build/py_pubsub/prefix_override:/root/ros2_frws/src/basic_comms/basic_comms/install/py_pubsub/lib/python3.10/site-packages:${PYTHONPATH} /usr/bin/python3 setup.py egg_info --egg-base ../build/py_pubsub build --build-base /root/ros2_frws/src/basic_comms/basic_comms/build/py_pubsub/build install --record /root/ros2_frws/src/basic_comms/basic_comms/build/py_pubsub/install.log --single-version-externally-managed
