[1.605s] Invoking command in '/root/ros2_frws/src/build/realsense_gazebo_plugin': CMAKE_PREFIX_PATH=/opt/ros/humble /usr/bin/cmake --build /root/ros2_frws/src/build/realsense_gazebo_plugin -- -j16 -l16
[1.788s] [100%] Built target realsense_gazebo_plugin
[1.868s] Invoked command in '/root/ros2_frws/src/build/realsense_gazebo_plugin' returned '0': CMAKE_PREFIX_PATH=/opt/ros/humble /usr/bin/cmake --build /root/ros2_frws/src/build/realsense_gazebo_plugin -- -j16 -l16
[2.410s] Invoking command in '/root/ros2_frws/src/build/realsense_gazebo_plugin': CMAKE_PREFIX_PATH=/opt/ros/humble /usr/bin/cmake --install /root/ros2_frws/src/build/realsense_gazebo_plugin
[2.416s] -- Install configuration: ""
[2.417s] -- Up-to-date: /root/ros2_frws/src/install/realsense_gazebo_plugin/lib/librealsense_gazebo_plugin.so
[2.417s] -- Up-to-date: /root/ros2_frws/src/install/realsense_gazebo_plugin/include/
[2.419s] -- Up-to-date: /root/ros2_frws/src/install/realsense_gazebo_plugin/include//realsense_gazebo_plugin
[2.420s] -- Up-to-date: /root/ros2_frws/src/install/realsense_gazebo_plugin/include//realsense_gazebo_plugin/RealSensePlugin.h
[2.420s] -- Up-to-date: /root/ros2_frws/src/install/realsense_gazebo_plugin/include//realsense_gazebo_plugin/gazebo_ros_realsense.h
[2.420s] -- Up-to-date: /root/ros2_frws/src/install/realsense_gazebo_plugin/share/realsense_gazebo_plugin/environment/library_path.sh
[2.420s] -- Up-to-date: /root/ros2_frws/src/install/realsense_gazebo_plugin/share/realsense_gazebo_plugin/environment/library_path.dsv
[2.421s] -- Up-to-date: /root/ros2_frws/src/install/realsense_gazebo_plugin/share/ament_index/resource_index/package_run_dependencies/realsense_gazebo_plugin
[2.421s] -- Up-to-date: /root/ros2_frws/src/install/realsense_gazebo_plugin/share/ament_index/resource_index/parent_prefix_path/realsense_gazebo_plugin
[2.421s] -- Up-to-date: /root/ros2_frws/src/install/realsense_gazebo_plugin/share/realsense_gazebo_plugin/environment/ament_prefix_path.sh
[2.421s] -- Up-to-date: /root/ros2_frws/src/install/realsense_gazebo_plugin/share/realsense_gazebo_plugin/environment/ament_prefix_path.dsv
[2.421s] -- Up-to-date: /root/ros2_frws/src/install/realsense_gazebo_plugin/share/realsense_gazebo_plugin/environment/path.sh
[2.421s] -- Up-to-date: /root/ros2_frws/src/install/realsense_gazebo_plugin/share/realsense_gazebo_plugin/environment/path.dsv
[2.422s] -- Up-to-date: /root/ros2_frws/src/install/realsense_gazebo_plugin/share/realsense_gazebo_plugin/local_setup.bash
[2.422s] -- Up-to-date: /root/ros2_frws/src/install/realsense_gazebo_plugin/share/realsense_gazebo_plugin/local_setup.sh
[2.422s] -- Up-to-date: /root/ros2_frws/src/install/realsense_gazebo_plugin/share/realsense_gazebo_plugin/local_setup.zsh
[2.422s] -- Up-to-date: /root/ros2_frws/src/install/realsense_gazebo_plugin/share/realsense_gazebo_plugin/local_setup.dsv
[2.422s] -- Installing: /root/ros2_frws/src/install/realsense_gazebo_plugin/share/realsense_gazebo_plugin/package.dsv
[2.422s] -- Up-to-date: /root/ros2_frws/src/install/realsense_gazebo_plugin/share/ament_index/resource_index/packages/realsense_gazebo_plugin
[2.422s] -- Up-to-date: /root/ros2_frws/src/install/realsense_gazebo_plugin/share/realsense_gazebo_plugin/cmake/ament_cmake_export_include_directories-extras.cmake
[2.423s] -- Up-to-date: /root/ros2_frws/src/install/realsense_gazebo_plugin/share/realsense_gazebo_plugin/cmake/ament_cmake_export_libraries-extras.cmake
[2.423s] -- Up-to-date: /root/ros2_frws/src/install/realsense_gazebo_plugin/share/realsense_gazebo_plugin/cmake/realsense_gazebo_pluginConfig.cmake
[2.423s] -- Up-to-date: /root/ros2_frws/src/install/realsense_gazebo_plugin/share/realsense_gazebo_plugin/cmake/realsense_gazebo_pluginConfig-version.cmake
[2.423s] -- Up-to-date: /root/ros2_frws/src/install/realsense_gazebo_plugin/share/realsense_gazebo_plugin/package.xml
[3.012s] Invoked command in '/root/ros2_frws/src/build/realsense_gazebo_plugin' returned '0': CMAKE_PREFIX_PATH=/opt/ros/humble /usr/bin/cmake --install /root/ros2_frws/src/build/realsense_gazebo_plugin
