[1.376s] DEBUG:colcon:Command line arguments: ['/usr/bin/colcon', 'build']
[1.376s] DEBUG:colcon:Parsed command line arguments: Namespace(log_base=None, log_level=None, verb_name='build', build_base='build', install_base='install', merge_install=False, symlink_install=False, test_result_base=None, continue_on_error=False, executor='parallel', parallel_workers=16, event_handlers=None, ignore_user_meta=False, metas=['./colcon.meta'], base_paths=['.'], packages_ignore=None, packages_ignore_regex=None, paths=None, packages_up_to=None, packages_up_to_regex=None, packages_above=None, packages_above_and_dependencies=None, packages_above_depth=None, packages_select_by_dep=None, packages_skip_by_dep=None, packages_skip_up_to=None, packages_select_build_failed=False, packages_skip_build_finished=False, packages_select_test_failures=False, packages_skip_test_passed=False, packages_select=None, packages_skip=None, packages_select_regex=None, packages_skip_regex=None, packages_start=None, packages_end=None, cmake_args=None, cmake_target=None, cmake_target_skip_unavailable=False, cmake_clean_cache=False, cmake_clean_first=False, cmake_force_configure=False, ament_cmake_args=None, catkin_cmake_args=None, catkin_skip_building_tests=False, mixin_files=None, mixin=None, verb_parser=<colcon_mixin.mixin.mixin_argument.MixinArgumentDecorator object at 0x7f00186df550>, verb_extension=<colcon_core.verb.build.BuildVerb object at 0x7f0018a33130>, main=<bound method BuildVerb.main of <colcon_core.verb.build.BuildVerb object at 0x7f0018a33130>>, mixin_verb=('build',))
[1.425s] Level 1:colcon.colcon_core.package_discovery:discover_packages(colcon_meta) check parameters
[1.426s] INFO:colcon.colcon_metadata.package_discovery.colcon_meta:Using configuration from '/root/.colcon/metadata/default/Gazebo.meta'
[1.427s] INFO:colcon.colcon_metadata.package_discovery.colcon_meta:Using configuration from '/root/.colcon/metadata/default/fastrtps.meta'
[1.427s] Level 1:colcon.colcon_core.package_discovery:discover_packages(recursive) check parameters
[1.427s] Level 1:colcon.colcon_core.package_discovery:discover_packages(ignore) check parameters
[1.427s] Level 1:colcon.colcon_core.package_discovery:discover_packages(path) check parameters
[1.427s] Level 1:colcon.colcon_core.package_discovery:discover_packages(colcon_meta) discover
[1.427s] Level 1:colcon.colcon_core.package_discovery:discover_packages(recursive) discover
[1.427s] INFO:colcon.colcon_core.package_discovery:Crawling recursively for packages in '/root/ros2_frws/src'
[1.427s] Level 1:colcon.colcon_core.package_identification:_identify(.) by extensions ['ignore', 'ignore_ament_install']
[1.427s] Level 1:colcon.colcon_core.package_identification:_identify(.) by extension 'ignore'
[1.427s] Level 1:colcon.colcon_core.package_identification:_identify(.) by extension 'ignore_ament_install'
[1.427s] Level 1:colcon.colcon_core.package_identification:_identify(.) by extensions ['colcon_pkg']
[1.427s] Level 1:colcon.colcon_core.package_identification:_identify(.) by extension 'colcon_pkg'
[1.427s] Level 1:colcon.colcon_core.package_identification:_identify(.) by extensions ['colcon_meta']
[1.427s] Level 1:colcon.colcon_core.package_identification:_identify(.) by extension 'colcon_meta'
[1.427s] Level 1:colcon.colcon_core.package_identification:_identify(.) by extensions ['ros']
[1.427s] Level 1:colcon.colcon_core.package_identification:_identify(.) by extension 'ros'
[1.440s] Level 1:colcon.colcon_core.package_identification:_identify(.) by extensions ['cmake', 'python']
[1.441s] Level 1:colcon.colcon_core.package_identification:_identify(.) by extension 'cmake'
[1.441s] Level 1:colcon.colcon_core.package_identification:_identify(.) by extension 'python'
[1.441s] Level 1:colcon.colcon_core.package_identification:_identify(.) by extensions ['python_setup_py']
[1.441s] Level 1:colcon.colcon_core.package_identification:_identify(.) by extension 'python_setup_py'
[1.441s] Level 1:colcon.colcon_core.package_identification:_identify(basic_comms) by extensions ['ignore', 'ignore_ament_install']
[1.441s] Level 1:colcon.colcon_core.package_identification:_identify(basic_comms) by extension 'ignore'
[1.441s] Level 1:colcon.colcon_core.package_identification:_identify(basic_comms) by extension 'ignore_ament_install'
[1.441s] Level 1:colcon.colcon_core.package_identification:_identify(basic_comms) by extensions ['colcon_pkg']
[1.441s] Level 1:colcon.colcon_core.package_identification:_identify(basic_comms) by extension 'colcon_pkg'
[1.441s] Level 1:colcon.colcon_core.package_identification:_identify(basic_comms) by extensions ['colcon_meta']
[1.441s] Level 1:colcon.colcon_core.package_identification:_identify(basic_comms) by extension 'colcon_meta'
[1.441s] Level 1:colcon.colcon_core.package_identification:_identify(basic_comms) by extensions ['ros']
[1.441s] Level 1:colcon.colcon_core.package_identification:_identify(basic_comms) by extension 'ros'
[1.443s] DEBUG:colcon.colcon_core.package_identification:Package 'basic_comms' with type 'ros.ament_python' and name 'basic_comms'
[1.443s] Level 1:colcon.colcon_core.package_identification:_identify(build) by extensions ['ignore', 'ignore_ament_install']
[1.444s] Level 1:colcon.colcon_core.package_identification:_identify(build) by extension 'ignore'
[1.444s] Level 1:colcon.colcon_core.package_identification:_identify(build) ignored
[1.444s] Level 1:colcon.colcon_core.package_identification:_identify(course_works) by extensions ['ignore', 'ignore_ament_install']
[1.444s] Level 1:colcon.colcon_core.package_identification:_identify(course_works) by extension 'ignore'
[1.444s] Level 1:colcon.colcon_core.package_identification:_identify(course_works) by extension 'ignore_ament_install'
[1.444s] Level 1:colcon.colcon_core.package_identification:_identify(course_works) by extensions ['colcon_pkg']
[1.444s] Level 1:colcon.colcon_core.package_identification:_identify(course_works) by extension 'colcon_pkg'
[1.444s] Level 1:colcon.colcon_core.package_identification:_identify(course_works) by extensions ['colcon_meta']
[1.444s] Level 1:colcon.colcon_core.package_identification:_identify(course_works) by extension 'colcon_meta'
[1.444s] Level 1:colcon.colcon_core.package_identification:_identify(course_works) by extensions ['ros']
[1.444s] Level 1:colcon.colcon_core.package_identification:_identify(course_works) by extension 'ros'
[1.445s] DEBUG:colcon.colcon_core.package_identification:Package 'course_works' with type 'ros.ament_python' and name 'course_works'
[1.445s] Level 1:colcon.colcon_core.package_identification:_identify(install) by extensions ['ignore', 'ignore_ament_install']
[1.445s] Level 1:colcon.colcon_core.package_identification:_identify(install) by extension 'ignore'
[1.445s] Level 1:colcon.colcon_core.package_identification:_identify(install) ignored
[1.445s] Level 1:colcon.colcon_core.package_identification:_identify(log) by extensions ['ignore', 'ignore_ament_install']
[1.446s] Level 1:colcon.colcon_core.package_identification:_identify(log) by extension 'ignore'
[1.446s] Level 1:colcon.colcon_core.package_identification:_identify(log) ignored
[1.446s] Level 1:colcon.colcon_core.package_discovery:discover_packages(recursive) using defaults
[1.446s] Level 1:colcon.colcon_core.package_discovery:discover_packages(ignore) discover
[1.446s] Level 1:colcon.colcon_core.package_discovery:discover_packages(ignore) using defaults
[1.446s] Level 1:colcon.colcon_core.package_discovery:discover_packages(path) discover
[1.446s] Level 1:colcon.colcon_core.package_discovery:discover_packages(path) using defaults
[1.529s] Level 5:colcon.colcon_core.verb:set package 'basic_comms' build argument 'cmake_args' from command line to 'None'
[1.529s] Level 5:colcon.colcon_core.verb:set package 'basic_comms' build argument 'cmake_target' from command line to 'None'
[1.530s] Level 5:colcon.colcon_core.verb:set package 'basic_comms' build argument 'cmake_target_skip_unavailable' from command line to 'False'
[1.530s] Level 5:colcon.colcon_core.verb:set package 'basic_comms' build argument 'cmake_clean_cache' from command line to 'False'
[1.530s] Level 5:colcon.colcon_core.verb:set package 'basic_comms' build argument 'cmake_clean_first' from command line to 'False'
[1.530s] Level 5:colcon.colcon_core.verb:set package 'basic_comms' build argument 'cmake_force_configure' from command line to 'False'
[1.530s] Level 5:colcon.colcon_core.verb:set package 'basic_comms' build argument 'ament_cmake_args' from command line to 'None'
[1.530s] Level 5:colcon.colcon_core.verb:set package 'basic_comms' build argument 'catkin_cmake_args' from command line to 'None'
[1.530s] Level 5:colcon.colcon_core.verb:set package 'basic_comms' build argument 'catkin_skip_building_tests' from command line to 'False'
[1.530s] DEBUG:colcon.colcon_core.verb:Building package 'basic_comms' with the following arguments: {'ament_cmake_args': None, 'build_base': '/root/ros2_frws/src/build/basic_comms', 'catkin_cmake_args': None, 'catkin_skip_building_tests': False, 'cmake_args': None, 'cmake_clean_cache': False, 'cmake_clean_first': False, 'cmake_force_configure': False, 'cmake_target': None, 'cmake_target_skip_unavailable': False, 'install_base': '/root/ros2_frws/src/install/basic_comms', 'merge_install': False, 'path': '/root/ros2_frws/src/basic_comms', 'symlink_install': False, 'test_result_base': None}
[1.541s] Level 5:colcon.colcon_core.verb:set package 'course_works' build argument 'cmake_args' from command line to 'None'
[1.541s] Level 5:colcon.colcon_core.verb:set package 'course_works' build argument 'cmake_target' from command line to 'None'
[1.541s] Level 5:colcon.colcon_core.verb:set package 'course_works' build argument 'cmake_target_skip_unavailable' from command line to 'False'
[1.542s] Level 5:colcon.colcon_core.verb:set package 'course_works' build argument 'cmake_clean_cache' from command line to 'False'
[1.542s] Level 5:colcon.colcon_core.verb:set package 'course_works' build argument 'cmake_clean_first' from command line to 'False'
[1.542s] Level 5:colcon.colcon_core.verb:set package 'course_works' build argument 'cmake_force_configure' from command line to 'False'
[1.542s] Level 5:colcon.colcon_core.verb:set package 'course_works' build argument 'ament_cmake_args' from command line to 'None'
[1.542s] Level 5:colcon.colcon_core.verb:set package 'course_works' build argument 'catkin_cmake_args' from command line to 'None'
[1.542s] Level 5:colcon.colcon_core.verb:set package 'course_works' build argument 'catkin_skip_building_tests' from command line to 'False'
[1.542s] DEBUG:colcon.colcon_core.verb:Building package 'course_works' with the following arguments: {'ament_cmake_args': None, 'build_base': '/root/ros2_frws/src/build/course_works', 'catkin_cmake_args': None, 'catkin_skip_building_tests': False, 'cmake_args': None, 'cmake_clean_cache': False, 'cmake_clean_first': False, 'cmake_force_configure': False, 'cmake_target': None, 'cmake_target_skip_unavailable': False, 'install_base': '/root/ros2_frws/src/install/course_works', 'merge_install': False, 'path': '/root/ros2_frws/src/course_works', 'symlink_install': False, 'test_result_base': None}
[1.552s] INFO:colcon.colcon_core.executor:Executing jobs using 'parallel' executor
[1.565s] DEBUG:colcon.colcon_parallel_executor.executor.parallel:run_until_complete
[1.565s] INFO:colcon.colcon_ros.task.ament_python.build:Building ROS package in '/root/ros2_frws/src/basic_comms' with build type 'ament_python'
[1.566s] Level 1:colcon.colcon_core.shell:create_environment_hook('basic_comms', 'ament_prefix_path')
[1.580s] INFO:colcon.colcon_core.plugin_system:Skipping extension 'colcon_core.shell.bat': Not used on non-Windows systems
[1.581s] INFO:colcon.colcon_core.shell:Creating environment hook '/root/ros2_frws/src/install/basic_comms/share/basic_comms/hook/ament_prefix_path.ps1'
[1.581s] INFO:colcon.colcon_core.shell:Creating environment descriptor '/root/ros2_frws/src/install/basic_comms/share/basic_comms/hook/ament_prefix_path.dsv'
[1.582s] INFO:colcon.colcon_core.shell:Creating environment hook '/root/ros2_frws/src/install/basic_comms/share/basic_comms/hook/ament_prefix_path.sh'
[1.599s] INFO:colcon.colcon_core.shell:Skip shell extension 'powershell' for command environment: Not usable outside of PowerShell
[1.599s] DEBUG:colcon.colcon_core.shell:Skip shell extension 'dsv' for command environment
[1.652s] INFO:colcon.colcon_ros.task.ament_python.build:Building ROS package in '/root/ros2_frws/src/course_works' with build type 'ament_python'
[1.653s] Level 1:colcon.colcon_core.shell:create_environment_hook('course_works', 'ament_prefix_path')
[1.665s] INFO:colcon.colcon_core.shell:Creating environment hook '/root/ros2_frws/src/install/course_works/share/course_works/hook/ament_prefix_path.ps1'
[1.666s] INFO:colcon.colcon_core.shell:Creating environment descriptor '/root/ros2_frws/src/install/course_works/share/course_works/hook/ament_prefix_path.dsv'
[1.667s] INFO:colcon.colcon_core.shell:Creating environment hook '/root/ros2_frws/src/install/course_works/share/course_works/hook/ament_prefix_path.sh'
[1.685s] INFO:colcon.colcon_core.shell:Skip shell extension 'powershell' for command environment: Not usable outside of PowerShell
[1.686s] DEBUG:colcon.colcon_core.shell:Skip shell extension 'dsv' for command environment
[1.917s] INFO:colcon.colcon_core.task.python.build:Building Python package in '/root/ros2_frws/src/basic_comms'
[1.929s] INFO:colcon.colcon_core.shell:Skip shell extension 'powershell' for command environment: Not usable outside of PowerShell
[1.930s] DEBUG:colcon.colcon_core.shell:Skip shell extension 'dsv' for command environment
[2.187s] INFO:colcon.colcon_core.task.python.build:Building Python package in '/root/ros2_frws/src/course_works'
[2.200s] INFO:colcon.colcon_core.shell:Skip shell extension 'powershell' for command environment: Not usable outside of PowerShell
[2.200s] DEBUG:colcon.colcon_core.shell:Skip shell extension 'dsv' for command environment
[2.809s] DEBUG:colcon.colcon_core.event_handler.log_command:Invoking command in '/root/ros2_frws/src/course_works': PYTHONPATH=/root/ros2_frws/src/build/course_works/prefix_override:/root/ros2_frws/src/install/course_works/lib/python3.10/site-packages:${PYTHONPATH} /usr/bin/python3 setup.py egg_info --egg-base ../build/course_works build --build-base /root/ros2_frws/src/build/course_works/build install --record /root/ros2_frws/src/build/course_works/install.log --single-version-externally-managed
[2.821s] DEBUG:colcon.colcon_core.event_handler.log_command:Invoking command in '/root/ros2_frws/src/basic_comms': PYTHONPATH=/root/ros2_frws/src/build/basic_comms/prefix_override:/root/ros2_frws/src/install/basic_comms/lib/python3.10/site-packages:${PYTHONPATH} /usr/bin/python3 setup.py egg_info --egg-base ../build/basic_comms build --build-base /root/ros2_frws/src/build/basic_comms/build install --record /root/ros2_frws/src/build/basic_comms/install.log --single-version-externally-managed
[3.282s] DEBUG:colcon.colcon_core.event_handler.log_command:Invoked command in '/root/ros2_frws/src/course_works' returned '0': PYTHONPATH=/root/ros2_frws/src/build/course_works/prefix_override:/root/ros2_frws/src/install/course_works/lib/python3.10/site-packages:${PYTHONPATH} /usr/bin/python3 setup.py egg_info --egg-base ../build/course_works build --build-base /root/ros2_frws/src/build/course_works/build install --record /root/ros2_frws/src/build/course_works/install.log --single-version-externally-managed
[3.300s] Level 1:colcon.colcon_core.environment:checking '/root/ros2_frws/src/install/course_works' for CMake module files
[3.301s] Level 1:colcon.colcon_core.environment:checking '/root/ros2_frws/src/install/course_works' for CMake config files
[3.301s] Level 1:colcon.colcon_core.environment:checking '/root/ros2_frws/src/install/course_works/lib'
[3.301s] Level 1:colcon.colcon_core.environment:checking '/root/ros2_frws/src/install/course_works/bin'
[3.302s] Level 1:colcon.colcon_core.environment:checking '/root/ros2_frws/src/install/course_works/lib/pkgconfig/course_works.pc'
[3.302s] Level 1:colcon.colcon_core.environment:checking '/root/ros2_frws/src/install/course_works/lib/python3.10/site-packages'
[3.302s] Level 1:colcon.colcon_core.shell:create_environment_hook('course_works', 'pythonpath')
[3.315s] INFO:colcon.colcon_core.shell:Creating environment hook '/root/ros2_frws/src/install/course_works/share/course_works/hook/pythonpath.ps1'
[3.316s] INFO:colcon.colcon_core.shell:Creating environment descriptor '/root/ros2_frws/src/install/course_works/share/course_works/hook/pythonpath.dsv'
[3.316s] INFO:colcon.colcon_core.shell:Creating environment hook '/root/ros2_frws/src/install/course_works/share/course_works/hook/pythonpath.sh'
[3.317s] Level 1:colcon.colcon_core.environment:checking '/root/ros2_frws/src/install/course_works/bin'
[3.317s] Level 1:colcon.colcon_core.environment:create_environment_scripts_only(course_works)
[3.328s] INFO:colcon.colcon_core.shell:Creating package script '/root/ros2_frws/src/install/course_works/share/course_works/package.ps1'
[3.329s] INFO:colcon.colcon_core.shell:Creating package descriptor '/root/ros2_frws/src/install/course_works/share/course_works/package.dsv'
[3.330s] INFO:colcon.colcon_core.shell:Creating package script '/root/ros2_frws/src/install/course_works/share/course_works/package.sh'
[3.330s] INFO:colcon.colcon_core.shell:Creating package script '/root/ros2_frws/src/install/course_works/share/course_works/package.bash'
[3.331s] INFO:colcon.colcon_core.shell:Creating package script '/root/ros2_frws/src/install/course_works/share/course_works/package.zsh'
[3.332s] Level 1:colcon.colcon_core.environment:create_file_with_runtime_dependencies(/root/ros2_frws/src/install/course_works/share/colcon-core/packages/course_works)
[3.334s] DEBUG:colcon.colcon_core.event_handler.log_command:Invoked command in '/root/ros2_frws/src/basic_comms' returned '0': PYTHONPATH=/root/ros2_frws/src/build/basic_comms/prefix_override:/root/ros2_frws/src/install/basic_comms/lib/python3.10/site-packages:${PYTHONPATH} /usr/bin/python3 setup.py egg_info --egg-base ../build/basic_comms build --build-base /root/ros2_frws/src/build/basic_comms/build install --record /root/ros2_frws/src/build/basic_comms/install.log --single-version-externally-managed
[3.349s] Level 1:colcon.colcon_core.environment:checking '/root/ros2_frws/src/install/basic_comms' for CMake module files
[3.349s] Level 1:colcon.colcon_core.environment:checking '/root/ros2_frws/src/install/basic_comms' for CMake config files
[3.350s] Level 1:colcon.colcon_core.environment:checking '/root/ros2_frws/src/install/basic_comms/lib'
[3.350s] Level 1:colcon.colcon_core.environment:checking '/root/ros2_frws/src/install/basic_comms/bin'
[3.350s] Level 1:colcon.colcon_core.environment:checking '/root/ros2_frws/src/install/basic_comms/lib/pkgconfig/basic_comms.pc'
[3.351s] Level 1:colcon.colcon_core.environment:checking '/root/ros2_frws/src/install/basic_comms/lib/python3.10/site-packages'
[3.351s] Level 1:colcon.colcon_core.shell:create_environment_hook('basic_comms', 'pythonpath')
[3.365s] INFO:colcon.colcon_core.shell:Creating environment hook '/root/ros2_frws/src/install/basic_comms/share/basic_comms/hook/pythonpath.ps1'
[3.365s] INFO:colcon.colcon_core.shell:Creating environment descriptor '/root/ros2_frws/src/install/basic_comms/share/basic_comms/hook/pythonpath.dsv'
[3.366s] INFO:colcon.colcon_core.shell:Creating environment hook '/root/ros2_frws/src/install/basic_comms/share/basic_comms/hook/pythonpath.sh'
[3.366s] Level 1:colcon.colcon_core.environment:checking '/root/ros2_frws/src/install/basic_comms/bin'
[3.366s] Level 1:colcon.colcon_core.environment:create_environment_scripts_only(basic_comms)
[3.379s] INFO:colcon.colcon_core.shell:Creating package script '/root/ros2_frws/src/install/basic_comms/share/basic_comms/package.ps1'
[3.380s] INFO:colcon.colcon_core.shell:Creating package descriptor '/root/ros2_frws/src/install/basic_comms/share/basic_comms/package.dsv'
[3.380s] INFO:colcon.colcon_core.shell:Creating package script '/root/ros2_frws/src/install/basic_comms/share/basic_comms/package.sh'
[3.381s] INFO:colcon.colcon_core.shell:Creating package script '/root/ros2_frws/src/install/basic_comms/share/basic_comms/package.bash'
[3.381s] INFO:colcon.colcon_core.shell:Creating package script '/root/ros2_frws/src/install/basic_comms/share/basic_comms/package.zsh'
[3.382s] Level 1:colcon.colcon_core.environment:create_file_with_runtime_dependencies(/root/ros2_frws/src/install/basic_comms/share/colcon-core/packages/basic_comms)
[3.382s] DEBUG:colcon.colcon_parallel_executor.executor.parallel:closing loop
[3.383s] DEBUG:colcon.colcon_parallel_executor.executor.parallel:loop closed
[3.383s] DEBUG:colcon.colcon_parallel_executor.executor.parallel:run_until_complete finished with '0'
[3.383s] DEBUG:colcon.colcon_core.event_reactor:joining thread
[3.404s] INFO:colcon.colcon_core.plugin_system:Skipping extension 'colcon_notification.desktop_notification.notify_send': Could not find 'notify-send'
[3.404s] INFO:colcon.colcon_core.plugin_system:Skipping extension 'colcon_notification.desktop_notification.terminal_notifier': Not used on non-Darwin systems
[3.404s] INFO:colcon.colcon_core.plugin_system:Skipping extension 'colcon_notification.desktop_notification.win32': Not used on non-Windows systems
[3.404s] INFO:colcon.colcon_notification.desktop_notification:Sending desktop notification using 'notify2'
[3.406s] DEBUG:colcon.colcon_notification.desktop_notification.notify2:Failed to initialize notify2: org.freedesktop.DBus.Error.Spawn.ExecFailed: /usr/bin/dbus-launch terminated abnormally without any error message
[3.406s] DEBUG:colcon.colcon_core.event_reactor:joined thread
[3.420s] INFO:colcon.colcon_core.shell:Creating prefix script '/root/ros2_frws/src/install/local_setup.ps1'
[3.421s] INFO:colcon.colcon_core.shell:Creating prefix util module '/root/ros2_frws/src/install/_local_setup_util_ps1.py'
[3.422s] INFO:colcon.colcon_core.shell:Creating prefix chain script '/root/ros2_frws/src/install/setup.ps1'
[3.435s] INFO:colcon.colcon_core.shell:Creating prefix script '/root/ros2_frws/src/install/local_setup.sh'
[3.435s] INFO:colcon.colcon_core.shell:Creating prefix util module '/root/ros2_frws/src/install/_local_setup_util_sh.py'
[3.435s] INFO:colcon.colcon_core.shell:Creating prefix chain script '/root/ros2_frws/src/install/setup.sh'
[3.449s] INFO:colcon.colcon_core.shell:Creating prefix script '/root/ros2_frws/src/install/local_setup.bash'
[3.449s] INFO:colcon.colcon_core.shell:Creating prefix chain script '/root/ros2_frws/src/install/setup.bash'
[3.462s] INFO:colcon.colcon_core.shell:Creating prefix script '/root/ros2_frws/src/install/local_setup.zsh'
[3.462s] INFO:colcon.colcon_core.shell:Creating prefix chain script '/root/ros2_frws/src/install/setup.zsh'
