[0.061s] Invoking command in '/root/ros2_frws/src/build/xarm_api': AMENT_PREFIX_PATH=/root/ros2_frws/src/install/xarm_sdk:/root/ros2_frws/src/install/xarm_msgs:/root/ros2_frws/src/install/xarm_description:${AMENT_PREFIX_PATH} CMAKE_PREFIX_PATH=/root/ros2_frws/src/install/xarm_sdk:/root/ros2_frws/src/install/xarm_msgs:/root/ros2_frws/src/install/xarm_description:/root/ros2_frws/install/xarm_planner:/root/ros2_frws/install/xarm_moveit_servo:/root/ros2_frws/install/xarm_moveit_config:/root/ros2_frws/install/xarm_gazebo:/root/ros2_frws/install/xarm_controller:/root/ros2_frws/install/xarm_api:/root/ros2_frws/install/xarm_sdk:/root/ros2_frws/install/xarm_msgs:/root/ros2_frws/install/xarm_description:/root/ros2_frws/install/tutorial_interfaces:/root/ros2_frws/install/realsense_gazebo_plugin:/root/ros2_frws/install/my_msg_interfaces:/root/ros2_frws/install/moveit_resources_prbt_support:/root/ros2_frws/install/moveit_resources:/root/ros2_frws/install/moveit_resources_pr2_description:/root/ros2_frws/install/moveit_resources_panda_moveit_config:/root/ros2_frws/install/moveit_resources_panda_description:/root/ros2_frws/install/moveit_resources_fanuc_moveit_config:/root/ros2_frws/install/moveit_resources_fanuc_description:/root/ros2_frws/install/moveit_common:/root/ros2_frws/install/challenge_2:/root/ros2_frws/install/moveit_configs_utils:/root/ros2_frws/install/course_works:/root/ros2_frws/install/basic_comms_params:/root/ros2_frws/install/basic_comms_param:/root/ros2_frws/install/basic_comms:/opt/ros/humble LD_LIBRARY_PATH=/root/ros2_frws/src/install/xarm_sdk/lib:/root/ros2_frws/src/install/xarm_msgs/lib:${LD_LIBRARY_PATH} PYTHONPATH=/root/ros2_frws/src/install/xarm_msgs/local/lib/python3.10/dist-packages:${PYTHONPATH} /usr/bin/cmake --build /root/ros2_frws/src/build/xarm_api -- -j16 -l16
[0.084s] -- Found ament_cmake: 1.3.8 (/opt/ros/humble/share/ament_cmake/cmake)
[0.191s] -- Found ament_lint_auto: 0.12.10 (/opt/ros/humble/share/ament_lint_auto/cmake)
[0.253s] -- Found rclcpp: 16.0.8 (/opt/ros/humble/share/rclcpp/cmake)
[0.285s] -- Found rosidl_generator_c: 3.1.5 (/opt/ros/humble/share/rosidl_generator_c/cmake)
[0.286s] -- Found rosidl_adapter: 3.1.5 (/opt/ros/humble/share/rosidl_adapter/cmake)
[0.291s] -- Found rosidl_generator_cpp: 3.1.5 (/opt/ros/humble/share/rosidl_generator_cpp/cmake)
[0.301s] -- Using all available rosidl_typesupport_c: rosidl_typesupport_fastrtps_c;rosidl_typesupport_introspection_c
[0.312s] -- Using all available rosidl_typesupport_cpp: rosidl_typesupport_fastrtps_cpp;rosidl_typesupport_introspection_cpp
[0.371s] -- Found rmw_implementation_cmake: 6.1.1 (/opt/ros/humble/share/rmw_implementation_cmake/cmake)
[0.374s] -- Found rmw_fastrtps_cpp: 6.2.6 (/opt/ros/humble/share/rmw_fastrtps_cpp/cmake)
[0.525s] -- Using RMW implementation 'rmw_fastrtps_cpp' as default
[0.655s] -- Found rclcpp_action: 16.0.8 (/opt/ros/humble/share/rclcpp_action/cmake)
[0.736s] -- Found sensor_msgs: 4.2.3 (/opt/ros/humble/share/sensor_msgs/cmake)
[0.834s] -- Found control_msgs: 4.4.0 (/opt/ros/humble/share/control_msgs/cmake)
[1.037s] -- Found xarm_msgs: 0.0.0 (/root/ros2_frws/src/install/xarm_msgs/share/xarm_msgs/cmake)
[1.083s] -- Found xarm_sdk: 0.0.0 (/root/ros2_frws/src/install/xarm_sdk/share/xarm_sdk/cmake)
[1.110s] -- Added test 'copyright' to check source files copyright and LICENSE
[1.111s] -- Added test 'cppcheck' to perform static code analysis on C / C++ code
[1.111s] -- Configured cppcheck include dirs: /root/ros2_frws/src/xarm_ros2/xarm_api/include
[1.111s] -- Configured cppcheck exclude dirs and/or files: 
[1.112s] -- Added test 'cpplint' to check C / C++ code against the Google style
[1.112s] -- Configured cpplint exclude dirs and/or files: 
[1.112s] -- Added test 'flake8' to check Python code syntax and style conventions
[1.112s] -- Added test 'lint_cmake' to check CMake code style
[1.113s] -- Added test 'pep257' to check Python code against some of the docstring style conventions in PEP 257
[1.114s] -- Added test 'uncrustify' to check C / C++ code style
[1.114s] -- Configured uncrustify additional arguments: 
[1.114s] -- Added test 'xmllint' to check XML markup files
[1.117s] -- Configuring done
[1.151s] -- Generating done
[1.153s] -- Build files have been written to: /root/ros2_frws/src/build/xarm_api
[1.178s] [35m[1mConsolidate compiler generated dependencies of target xarm_ros_client[0m
[1.178s] [35m[1mConsolidate compiler generated dependencies of target test_robot_states[0m
[1.179s] [35m[1mConsolidate compiler generated dependencies of target xarm_ros_driver[0m
[1.194s] [  7%] [32mBuilding CXX object CMakeFiles/xarm_ros_client.dir/src/xarm_ros_client.cpp.o[0m
[1.194s] [ 15%] [32mBuilding CXX object CMakeFiles/test_robot_states.dir/test/test_robot_states.cpp.o[0m
[1.199s] [ 23%] [32mBuilding CXX object CMakeFiles/xarm_ros_driver.dir/src/xarm_driver.cpp.o[0m
[1.199s] [ 30%] [32mBuilding CXX object CMakeFiles/xarm_ros_driver.dir/src/xarm_driver_service.cpp.o[0m
[16.149s] [ 38%] [32m[1mLinking CXX executable test_robot_states[0m
[16.857s] [ 38%] Built target test_robot_states
[26.281s] [ 46%] [32m[1mLinking CXX shared library libxarm_ros_client.so[0m
[27.484s] [ 46%] Built target xarm_ros_client
[27.497s] [35m[1mConsolidate compiler generated dependencies of target test_xarm_velo_move[0m
[27.497s] [35m[1mConsolidate compiler generated dependencies of target test_xarm_ros_client[0m
[27.525s] [ 53%] [32mBuilding CXX object CMakeFiles/test_xarm_velo_move.dir/test/test_xarm_velo_move.cpp.o[0m
[27.527s] [ 61%] [32mBuilding CXX object CMakeFiles/test_xarm_ros_client.dir/test/test_xarm_ros_client.cpp.o[0m
[30.986s] [ 69%] [32m[1mLinking CXX shared library libxarm_ros_driver.so[0m
[33.017s] [ 76%] [32m[1mLinking CXX executable test_xarm_velo_move[0m
[33.068s] [ 84%] [32m[1mLinking CXX executable test_xarm_ros_client[0m
[33.083s] [ 84%] Built target xarm_ros_driver
[33.097s] [35m[1mConsolidate compiler generated dependencies of target xarm_driver_node[0m
[33.123s] [ 92%] [32mBuilding CXX object CMakeFiles/xarm_driver_node.dir/src/xarm_driver_node.cpp.o[0m
[33.663s] [ 92%] Built target test_xarm_velo_move
[33.710s] [ 92%] Built target test_xarm_ros_client
[37.254s] [100%] [32m[1mLinking CXX executable xarm_driver_node[0m
[37.923s] [100%] Built target xarm_driver_node
[37.941s] Invoked command in '/root/ros2_frws/src/build/xarm_api' returned '0': AMENT_PREFIX_PATH=/root/ros2_frws/src/install/xarm_sdk:/root/ros2_frws/src/install/xarm_msgs:/root/ros2_frws/src/install/xarm_description:${AMENT_PREFIX_PATH} CMAKE_PREFIX_PATH=/root/ros2_frws/src/install/xarm_sdk:/root/ros2_frws/src/install/xarm_msgs:/root/ros2_frws/src/install/xarm_description:/root/ros2_frws/install/xarm_planner:/root/ros2_frws/install/xarm_moveit_servo:/root/ros2_frws/install/xarm_moveit_config:/root/ros2_frws/install/xarm_gazebo:/root/ros2_frws/install/xarm_controller:/root/ros2_frws/install/xarm_api:/root/ros2_frws/install/xarm_sdk:/root/ros2_frws/install/xarm_msgs:/root/ros2_frws/install/xarm_description:/root/ros2_frws/install/tutorial_interfaces:/root/ros2_frws/install/realsense_gazebo_plugin:/root/ros2_frws/install/my_msg_interfaces:/root/ros2_frws/install/moveit_resources_prbt_support:/root/ros2_frws/install/moveit_resources:/root/ros2_frws/install/moveit_resources_pr2_description:/root/ros2_frws/install/moveit_resources_panda_moveit_config:/root/ros2_frws/install/moveit_resources_panda_description:/root/ros2_frws/install/moveit_resources_fanuc_moveit_config:/root/ros2_frws/install/moveit_resources_fanuc_description:/root/ros2_frws/install/moveit_common:/root/ros2_frws/install/challenge_2:/root/ros2_frws/install/moveit_configs_utils:/root/ros2_frws/install/course_works:/root/ros2_frws/install/basic_comms_params:/root/ros2_frws/install/basic_comms_param:/root/ros2_frws/install/basic_comms:/opt/ros/humble LD_LIBRARY_PATH=/root/ros2_frws/src/install/xarm_sdk/lib:/root/ros2_frws/src/install/xarm_msgs/lib:${LD_LIBRARY_PATH} PYTHONPATH=/root/ros2_frws/src/install/xarm_msgs/local/lib/python3.10/dist-packages:${PYTHONPATH} /usr/bin/cmake --build /root/ros2_frws/src/build/xarm_api -- -j16 -l16
[37.990s] Invoking command in '/root/ros2_frws/src/build/xarm_api': AMENT_PREFIX_PATH=/root/ros2_frws/src/install/xarm_sdk:/root/ros2_frws/src/install/xarm_msgs:/root/ros2_frws/src/install/xarm_description:${AMENT_PREFIX_PATH} CMAKE_PREFIX_PATH=/root/ros2_frws/src/install/xarm_sdk:/root/ros2_frws/src/install/xarm_msgs:/root/ros2_frws/src/install/xarm_description:/root/ros2_frws/install/xarm_planner:/root/ros2_frws/install/xarm_moveit_servo:/root/ros2_frws/install/xarm_moveit_config:/root/ros2_frws/install/xarm_gazebo:/root/ros2_frws/install/xarm_controller:/root/ros2_frws/install/xarm_api:/root/ros2_frws/install/xarm_sdk:/root/ros2_frws/install/xarm_msgs:/root/ros2_frws/install/xarm_description:/root/ros2_frws/install/tutorial_interfaces:/root/ros2_frws/install/realsense_gazebo_plugin:/root/ros2_frws/install/my_msg_interfaces:/root/ros2_frws/install/moveit_resources_prbt_support:/root/ros2_frws/install/moveit_resources:/root/ros2_frws/install/moveit_resources_pr2_description:/root/ros2_frws/install/moveit_resources_panda_moveit_config:/root/ros2_frws/install/moveit_resources_panda_description:/root/ros2_frws/install/moveit_resources_fanuc_moveit_config:/root/ros2_frws/install/moveit_resources_fanuc_description:/root/ros2_frws/install/moveit_common:/root/ros2_frws/install/challenge_2:/root/ros2_frws/install/moveit_configs_utils:/root/ros2_frws/install/course_works:/root/ros2_frws/install/basic_comms_params:/root/ros2_frws/install/basic_comms_param:/root/ros2_frws/install/basic_comms:/opt/ros/humble LD_LIBRARY_PATH=/root/ros2_frws/src/install/xarm_sdk/lib:/root/ros2_frws/src/install/xarm_msgs/lib:${LD_LIBRARY_PATH} PYTHONPATH=/root/ros2_frws/src/install/xarm_msgs/local/lib/python3.10/dist-packages:${PYTHONPATH} /usr/bin/cmake --install /root/ros2_frws/src/build/xarm_api
[37.996s] -- Install configuration: ""
[37.996s] -- Up-to-date: /root/ros2_frws/src/install/xarm_api/share/xarm_api/environment/library_path.sh
[37.996s] -- Installing: /root/ros2_frws/src/install/xarm_api/share/xarm_api/environment/library_path.dsv
[37.997s] -- Up-to-date: /root/ros2_frws/src/install/xarm_api/include
[37.997s] -- Up-to-date: /root/ros2_frws/src/install/xarm_api/include/xarm_api
[37.997s] -- Installing: /root/ros2_frws/src/install/xarm_api/include/xarm_api/visibility_control.h
[37.997s] -- Installing: /root/ros2_frws/src/install/xarm_api/include/xarm_api/xarm_driver.h
[37.997s] -- Installing: /root/ros2_frws/src/install/xarm_api/include/xarm_api/xarm_msgs.h
[37.997s] -- Installing: /root/ros2_frws/src/install/xarm_api/include/xarm_api/xarm_ros_client.h
[37.998s] -- Installing: /root/ros2_frws/src/install/xarm_api/lib/libxarm_ros_driver.so
[38.025s] -- Set runtime path of "/root/ros2_frws/src/install/xarm_api/lib/libxarm_ros_driver.so" to ""
[38.027s] -- Installing: /root/ros2_frws/src/install/xarm_api/lib/libxarm_ros_client.so
[38.048s] -- Set runtime path of "/root/ros2_frws/src/install/xarm_api/lib/libxarm_ros_client.so" to ""
[38.050s] -- Installing: /root/ros2_frws/src/install/xarm_api/lib/xarm_api/xarm_driver_node
[38.051s] -- Set runtime path of "/root/ros2_frws/src/install/xarm_api/lib/xarm_api/xarm_driver_node" to ""
[38.052s] -- Installing: /root/ros2_frws/src/install/xarm_api/lib/xarm_api/test_xarm_ros_client
[38.052s] -- Set runtime path of "/root/ros2_frws/src/install/xarm_api/lib/xarm_api/test_xarm_ros_client" to ""
[38.053s] -- Installing: /root/ros2_frws/src/install/xarm_api/lib/xarm_api/test_xarm_velo_move
[38.054s] -- Set runtime path of "/root/ros2_frws/src/install/xarm_api/lib/xarm_api/test_xarm_velo_move" to ""
[38.055s] -- Installing: /root/ros2_frws/src/install/xarm_api/lib/xarm_api/test_robot_states
[38.061s] -- Set runtime path of "/root/ros2_frws/src/install/xarm_api/lib/xarm_api/test_robot_states" to ""
[38.061s] -- Up-to-date: /root/ros2_frws/src/install/xarm_api/share/xarm_api//launch
[38.061s] -- Installing: /root/ros2_frws/src/install/xarm_api/share/xarm_api//launch/_robot_driver.launch.py
[38.062s] -- Up-to-date: /root/ros2_frws/src/install/xarm_api/share/xarm_api//launch/lib
[38.062s] -- Installing: /root/ros2_frws/src/install/xarm_api/share/xarm_api//launch/lib/robot_api_lib.py
[38.062s] -- Installing: /root/ros2_frws/src/install/xarm_api/share/xarm_api//launch/uf850_driver.launch.py
[38.062s] -- Installing: /root/ros2_frws/src/install/xarm_api/share/xarm_api//launch/xarm6_driver.launch.py
[38.062s] -- Installing: /root/ros2_frws/src/install/xarm_api/share/xarm_api//launch/lite6_driver.launch.py
[38.062s] -- Installing: /root/ros2_frws/src/install/xarm_api/share/xarm_api//launch/xarm7_driver.launch.py
[38.063s] -- Installing: /root/ros2_frws/src/install/xarm_api/share/xarm_api//launch/xarm5_driver.launch.py
[38.063s] -- Up-to-date: /root/ros2_frws/src/install/xarm_api/share/xarm_api//config
[38.063s] -- Installing: /root/ros2_frws/src/install/xarm_api/share/xarm_api//config/xarm_params.yaml
[38.064s] -- Up-to-date: /root/ros2_frws/src/install/xarm_api/share/ament_index/resource_index/package_run_dependencies/xarm_api
[38.064s] -- Installing: /root/ros2_frws/src/install/xarm_api/share/ament_index/resource_index/parent_prefix_path/xarm_api
[38.065s] -- Up-to-date: /root/ros2_frws/src/install/xarm_api/share/xarm_api/environment/ament_prefix_path.sh
[38.065s] -- Installing: /root/ros2_frws/src/install/xarm_api/share/xarm_api/environment/ament_prefix_path.dsv
[38.066s] -- Up-to-date: /root/ros2_frws/src/install/xarm_api/share/xarm_api/environment/path.sh
[38.066s] -- Installing: /root/ros2_frws/src/install/xarm_api/share/xarm_api/environment/path.dsv
[38.066s] -- Up-to-date: /root/ros2_frws/src/install/xarm_api/share/xarm_api/local_setup.bash
[38.066s] -- Up-to-date: /root/ros2_frws/src/install/xarm_api/share/xarm_api/local_setup.sh
[38.066s] -- Up-to-date: /root/ros2_frws/src/install/xarm_api/share/xarm_api/local_setup.zsh
[38.067s] -- Installing: /root/ros2_frws/src/install/xarm_api/share/xarm_api/local_setup.dsv
[38.067s] -- Installing: /root/ros2_frws/src/install/xarm_api/share/xarm_api/package.dsv
[38.067s] -- Up-to-date: /root/ros2_frws/src/install/xarm_api/share/ament_index/resource_index/packages/xarm_api
[38.067s] -- Up-to-date: /root/ros2_frws/src/install/xarm_api/share/xarm_api/cmake/ament_cmake_export_libraries-extras.cmake
[38.067s] -- Up-to-date: /root/ros2_frws/src/install/xarm_api/share/xarm_api/cmake/ament_cmake_export_include_directories-extras.cmake
[38.068s] -- Up-to-date: /root/ros2_frws/src/install/xarm_api/share/xarm_api/cmake/xarm_apiConfig.cmake
[38.068s] -- Up-to-date: /root/ros2_frws/src/install/xarm_api/share/xarm_api/cmake/xarm_apiConfig-version.cmake
[38.068s] -- Installing: /root/ros2_frws/src/install/xarm_api/share/xarm_api/package.xml
[38.071s] Invoked command in '/root/ros2_frws/src/build/xarm_api' returned '0': AMENT_PREFIX_PATH=/root/ros2_frws/src/install/xarm_sdk:/root/ros2_frws/src/install/xarm_msgs:/root/ros2_frws/src/install/xarm_description:${AMENT_PREFIX_PATH} CMAKE_PREFIX_PATH=/root/ros2_frws/src/install/xarm_sdk:/root/ros2_frws/src/install/xarm_msgs:/root/ros2_frws/src/install/xarm_description:/root/ros2_frws/install/xarm_planner:/root/ros2_frws/install/xarm_moveit_servo:/root/ros2_frws/install/xarm_moveit_config:/root/ros2_frws/install/xarm_gazebo:/root/ros2_frws/install/xarm_controller:/root/ros2_frws/install/xarm_api:/root/ros2_frws/install/xarm_sdk:/root/ros2_frws/install/xarm_msgs:/root/ros2_frws/install/xarm_description:/root/ros2_frws/install/tutorial_interfaces:/root/ros2_frws/install/realsense_gazebo_plugin:/root/ros2_frws/install/my_msg_interfaces:/root/ros2_frws/install/moveit_resources_prbt_support:/root/ros2_frws/install/moveit_resources:/root/ros2_frws/install/moveit_resources_pr2_description:/root/ros2_frws/install/moveit_resources_panda_moveit_config:/root/ros2_frws/install/moveit_resources_panda_description:/root/ros2_frws/install/moveit_resources_fanuc_moveit_config:/root/ros2_frws/install/moveit_resources_fanuc_description:/root/ros2_frws/install/moveit_common:/root/ros2_frws/install/challenge_2:/root/ros2_frws/install/moveit_configs_utils:/root/ros2_frws/install/course_works:/root/ros2_frws/install/basic_comms_params:/root/ros2_frws/install/basic_comms_param:/root/ros2_frws/install/basic_comms:/opt/ros/humble LD_LIBRARY_PATH=/root/ros2_frws/src/install/xarm_sdk/lib:/root/ros2_frws/src/install/xarm_msgs/lib:${LD_LIBRARY_PATH} PYTHONPATH=/root/ros2_frws/src/install/xarm_msgs/local/lib/python3.10/dist-packages:${PYTHONPATH} /usr/bin/cmake --install /root/ros2_frws/src/build/xarm_api
