[2.440s] Invoking command in '/root/ros2_frws/src/course_works': PYTHONPATH=/root/ros2_frws/src/build/course_works/prefix_override:/root/ros2_frws/src/install/course_works/lib/python3.10/site-packages:${PYTHONPATH} /usr/bin/python3 setup.py egg_info --egg-base ../build/course_works build --build-base /root/ros2_frws/src/build/course_works/build install --record /root/ros2_frws/src/build/course_works/install.log --single-version-externally-managed
[3.019s] running egg_info
[3.040s] writing ../build/course_works/course_works.egg-info/PKG-INFO
[3.044s] writing dependency_links to ../build/course_works/course_works.egg-info/dependency_links.txt
[3.046s] writing entry points to ../build/course_works/course_works.egg-info/entry_points.txt
[3.046s] writing requirements to ../build/course_works/course_works.egg-info/requires.txt
[3.047s] writing top-level names to ../build/course_works/course_works.egg-info/top_level.txt
[3.112s] reading manifest file '../build/course_works/course_works.egg-info/SOURCES.txt'
[3.114s] adding license file 'LICENSE'
[3.115s] writing manifest file '../build/course_works/course_works.egg-info/SOURCES.txt'
[3.116s] running build
[3.116s] running build_py
[3.117s] copying course_works/signal_generator.py -> /root/ros2_frws/src/build/course_works/build/lib/course_works
[3.118s] copying course_works/process_node.py -> /root/ros2_frws/src/build/course_works/build/lib/course_works
[3.119s] running install
[3.119s] /root/.local/lib/python3.10/site-packages/setuptools/_distutils/cmd.py:66: SetuptoolsDeprecationWarning: setup.py install is deprecated.
[3.119s] !!
[3.120s] 
[3.120s]         ********************************************************************************
[3.120s]         Please avoid running ``setup.py`` directly.
[3.120s]         Instead, use pypa/build, pypa/installer or other
[3.120s]         standards-based tools.
[3.121s] 
[3.121s]         See https://blog.ganssle.io/articles/2021/10/setup-py-deprecated.html for details.
[3.121s]         ********************************************************************************
[3.121s] 
[3.121s] !!
[3.121s]   self.initialize_options()
[3.131s] running install_lib
[3.176s] copying /root/ros2_frws/src/build/course_works/build/lib/course_works/signal_generator.py -> /root/ros2_frws/src/install/course_works/lib/python3.10/site-packages/course_works
[3.176s] copying /root/ros2_frws/src/build/course_works/build/lib/course_works/process_node.py -> /root/ros2_frws/src/install/course_works/lib/python3.10/site-packages/course_works
[3.177s] byte-compiling /root/ros2_frws/src/install/course_works/lib/python3.10/site-packages/course_works/signal_generator.py to signal_generator.cpython-310.pyc
[3.179s] byte-compiling /root/ros2_frws/src/install/course_works/lib/python3.10/site-packages/course_works/process_node.py to process_node.cpython-310.pyc
[3.180s] running install_data
[3.222s] running install_egg_info
[3.265s] removing '/root/ros2_frws/src/install/course_works/lib/python3.10/site-packages/course_works-0.0.0-py3.10.egg-info' (and everything under it)
[3.267s] Copying ../build/course_works/course_works.egg-info to /root/ros2_frws/src/install/course_works/lib/python3.10/site-packages/course_works-0.0.0-py3.10.egg-info
[3.300s] running install_scripts
[3.670s] Installing process_node script to /root/ros2_frws/src/install/course_works/lib/course_works
[3.670s] Installing signal_generator script to /root/ros2_frws/src/install/course_works/lib/course_works
[3.670s] writing list of installed files to '/root/ros2_frws/src/build/course_works/install.log'
[3.934s] Invoked command in '/root/ros2_frws/src/course_works' returned '0': PYTHONPATH=/root/ros2_frws/src/build/course_works/prefix_override:/root/ros2_frws/src/install/course_works/lib/python3.10/site-packages:${PYTHONPATH} /usr/bin/python3 setup.py egg_info --egg-base ../build/course_works build --build-base /root/ros2_frws/src/build/course_works/build install --record /root/ros2_frws/src/build/course_works/install.log --single-version-externally-managed
