[2.531s] Invoking command in '/root/ros2_frws/src/basic_comms': PYTHONPATH=/root/ros2_frws/src/build/basic_comms/prefix_override:/root/ros2_frws/src/install/basic_comms/lib/python3.10/site-packages:${PYTHONPATH} /usr/bin/python3 setup.py egg_info --egg-base ../build/basic_comms build --build-base /root/ros2_frws/src/build/basic_comms/build install --record /root/ros2_frws/src/build/basic_comms/install.log --single-version-externally-managed
[3.257s] running egg_info
[3.304s] writing ../build/basic_comms/basic_comms.egg-info/PKG-INFO
[3.311s] writing dependency_links to ../build/basic_comms/basic_comms.egg-info/dependency_links.txt
[3.313s] writing entry points to ../build/basic_comms/basic_comms.egg-info/entry_points.txt
[3.323s] writing requirements to ../build/basic_comms/basic_comms.egg-info/requires.txt
[3.323s] writing top-level names to ../build/basic_comms/basic_comms.egg-info/top_level.txt
[3.453s] reading manifest file '../build/basic_comms/basic_comms.egg-info/SOURCES.txt'
[3.476s] writing manifest file '../build/basic_comms/basic_comms.egg-info/SOURCES.txt'
[3.476s] running build
[3.476s] running build_py
[3.477s] running install
[3.477s] /root/.local/lib/python3.10/site-packages/setuptools/_distutils/cmd.py:66: SetuptoolsDeprecationWarning: setup.py install is deprecated.
[3.477s] !!
[3.477s] 
[3.477s]         ********************************************************************************
[3.478s]         Please avoid running ``setup.py`` directly.
[3.478s]         Instead, use pypa/build, pypa/installer or other
[3.478s]         standards-based tools.
[3.478s] 
[3.478s]         See https://blog.ganssle.io/articles/2021/10/setup-py-deprecated.html for details.
[3.478s]         ********************************************************************************
[3.478s] 
[3.478s] !!
[3.478s]   self.initialize_options()
[3.487s] running install_lib
[3.523s] running install_data
[3.595s] copying package.xml -> /root/ros2_frws/src/install/basic_comms/share/basic_comms
[3.596s] creating /root/ros2_frws/src/install/basic_comms/share/basic_comms/launch
[3.596s] copying launch/chit_chat_group_launch.py -> /root/ros2_frws/src/install/basic_comms/share/basic_comms/launch
[3.597s] copying launch/chit_chat_launch.py -> /root/ros2_frws/src/install/basic_comms/share/basic_comms/launch
[3.598s] running install_egg_info
[3.671s] removing '/root/ros2_frws/src/install/basic_comms/lib/python3.10/site-packages/basic_comms-0.0.0-py3.10.egg-info' (and everything under it)
[3.675s] Copying ../build/basic_comms/basic_comms.egg-info to /root/ros2_frws/src/install/basic_comms/lib/python3.10/site-packages/basic_comms-0.0.0-py3.10.egg-info
[3.686s] running install_scripts
[4.077s] Installing subscriber script to /root/ros2_frws/src/install/basic_comms/lib/basic_comms
[4.078s] Installing talker script to /root/ros2_frws/src/install/basic_comms/lib/basic_comms
[4.078s] writing list of installed files to '/root/ros2_frws/src/build/basic_comms/install.log'
[4.313s] Invoked command in '/root/ros2_frws/src/basic_comms' returned '0': PYTHONPATH=/root/ros2_frws/src/build/basic_comms/prefix_override:/root/ros2_frws/src/install/basic_comms/lib/python3.10/site-packages:${PYTHONPATH} /usr/bin/python3 setup.py egg_info --egg-base ../build/basic_comms build --build-base /root/ros2_frws/src/build/basic_comms/build install --record /root/ros2_frws/src/build/basic_comms/install.log --single-version-externally-managed
