[0.884s] Invoking command in '/root/ros2_frws/src/build/moveit_common': CMAKE_PREFIX_PATH=/opt/ros/humble /usr/bin/cmake /root/ros2_frws/src/moveit2/moveit_common -DCMAKE_INSTALL_PREFIX=/root/ros2_frws/src/install/moveit_common
[2.449s] -- Found ament_cmake: 1.3.8 (/opt/ros/humble/share/ament_cmake/cmake)
[2.450s] -- Found Python3: /usr/bin/python3 (found version "3.10.12") found components: Interpreter 
[2.450s] -- Found ament_lint_auto: 0.12.10 (/opt/ros/humble/share/ament_lint_auto/cmake)
[2.450s] -- Added test 'copyright' to check source files copyright and LICENSE
[2.450s] -- Added test 'lint_cmake' to check CMake code style
[2.450s] -- Added test 'xmllint' to check XML markup files
[2.450s] -- Configuring done
[2.450s] -- Generating done
[2.451s] -- Build files have been written to: /root/ros2_frws/src/build/moveit_common
[2.484s] Invoked command in '/root/ros2_frws/src/build/moveit_common' returned '0': CMAKE_PREFIX_PATH=/opt/ros/humble /usr/bin/cmake /root/ros2_frws/src/moveit2/moveit_common -DCMAKE_INSTALL_PREFIX=/root/ros2_frws/src/install/moveit_common
[2.485s] Invoking command in '/root/ros2_frws/src/build/moveit_common': CMAKE_PREFIX_PATH=/opt/ros/humble /usr/bin/cmake --build /root/ros2_frws/src/build/moveit_common -- -j16 -l16
[2.521s] Invoked command in '/root/ros2_frws/src/build/moveit_common' returned '0': CMAKE_PREFIX_PATH=/opt/ros/humble /usr/bin/cmake --build /root/ros2_frws/src/build/moveit_common -- -j16 -l16
[2.601s] Invoking command in '/root/ros2_frws/src/build/moveit_common': CMAKE_PREFIX_PATH=/opt/ros/humble /usr/bin/cmake --install /root/ros2_frws/src/build/moveit_common
[2.680s] -- Install configuration: ""
[2.680s] -- Installing: /root/ros2_frws/src/install/moveit_common/share/ament_index/resource_index/package_run_dependencies/moveit_common
[2.680s] -- Installing: /root/ros2_frws/src/install/moveit_common/share/ament_index/resource_index/parent_prefix_path/moveit_common
[2.681s] -- Installing: /root/ros2_frws/src/install/moveit_common/share/moveit_common/environment/ament_prefix_path.sh
[2.681s] -- Installing: /root/ros2_frws/src/install/moveit_common/share/moveit_common/environment/ament_prefix_path.dsv
[2.681s] -- Installing: /root/ros2_frws/src/install/moveit_common/share/moveit_common/environment/path.sh
[2.681s] -- Installing: /root/ros2_frws/src/install/moveit_common/share/moveit_common/environment/path.dsv
[2.681s] -- Installing: /root/ros2_frws/src/install/moveit_common/share/moveit_common/local_setup.bash
[2.683s] -- Installing: /root/ros2_frws/src/install/moveit_common/share/moveit_common/local_setup.sh
[2.684s] -- Installing: /root/ros2_frws/src/install/moveit_common/share/moveit_common/local_setup.zsh
[2.684s] -- Installing: /root/ros2_frws/src/install/moveit_common/share/moveit_common/local_setup.dsv
[2.684s] -- Installing: /root/ros2_frws/src/install/moveit_common/share/moveit_common/package.dsv
[2.684s] -- Installing: /root/ros2_frws/src/install/moveit_common/share/ament_index/resource_index/packages/moveit_common
[2.684s] -- Installing: /root/ros2_frws/src/install/moveit_common/share/moveit_common/cmake/moveit_common-extras.cmake
[2.684s] -- Installing: /root/ros2_frws/src/install/moveit_common/share/moveit_common/cmake/moveit_commonConfig.cmake
[2.684s] -- Installing: /root/ros2_frws/src/install/moveit_common/share/moveit_common/cmake/moveit_commonConfig-version.cmake
[2.684s] -- Installing: /root/ros2_frws/src/install/moveit_common/share/moveit_common/package.xml
[2.684s] -- Up-to-date: /root/ros2_frws/src/install/moveit_common/share/moveit_common/cmake
[2.685s] -- Installing: /root/ros2_frws/src/install/moveit_common/share/moveit_common/cmake/moveit_package.cmake
[2.700s] Invoked command in '/root/ros2_frws/src/build/moveit_common' returned '0': CMAKE_PREFIX_PATH=/opt/ros/humble /usr/bin/cmake --install /root/ros2_frws/src/build/moveit_common
