[0.069s] Invoking command in '/root/ros2_frws/src/build/xarm_api': AMENT_PREFIX_PATH=/root/ros2_frws/src/install/xarm_sdk:/root/ros2_frws/src/install/xarm_msgs:/root/ros2_frws/src/install/xarm_description:${AMENT_PREFIX_PATH} CMAKE_PREFIX_PATH=/root/ros2_frws/src/install/xarm_sdk:/root/ros2_frws/src/install/xarm_msgs:/root/ros2_frws/src/install/xarm_description:/opt/ros/humble LD_LIBRARY_PATH=/root/ros2_frws/src/install/xarm_sdk/lib:/root/ros2_frws/src/install/xarm_msgs/lib:${LD_LIBRARY_PATH} PYTHONPATH=/root/ros2_frws/src/install/xarm_msgs/local/lib/python3.10/dist-packages:${PYTHONPATH} /usr/bin/cmake --build /root/ros2_frws/src/build/xarm_api -- -j16 -l16
[0.131s] [ 30%] Built target xarm_ros_client
[0.131s] [ 30%] Built target test_robot_states
[0.139s] [ 53%] Built target xarm_ros_driver
[0.164s] [ 84%] Built target test_xarm_ros_client
[0.164s] [ 84%] Built target test_xarm_velo_move
[0.174s] [100%] Built target xarm_driver_node
[0.195s] Invoked command in '/root/ros2_frws/src/build/xarm_api' returned '0': AMENT_PREFIX_PATH=/root/ros2_frws/src/install/xarm_sdk:/root/ros2_frws/src/install/xarm_msgs:/root/ros2_frws/src/install/xarm_description:${AMENT_PREFIX_PATH} CMAKE_PREFIX_PATH=/root/ros2_frws/src/install/xarm_sdk:/root/ros2_frws/src/install/xarm_msgs:/root/ros2_frws/src/install/xarm_description:/opt/ros/humble LD_LIBRARY_PATH=/root/ros2_frws/src/install/xarm_sdk/lib:/root/ros2_frws/src/install/xarm_msgs/lib:${LD_LIBRARY_PATH} PYTHONPATH=/root/ros2_frws/src/install/xarm_msgs/local/lib/python3.10/dist-packages:${PYTHONPATH} /usr/bin/cmake --build /root/ros2_frws/src/build/xarm_api -- -j16 -l16
[0.345s] Invoking command in '/root/ros2_frws/src/build/xarm_api': AMENT_PREFIX_PATH=/root/ros2_frws/src/install/xarm_sdk:/root/ros2_frws/src/install/xarm_msgs:/root/ros2_frws/src/install/xarm_description:${AMENT_PREFIX_PATH} CMAKE_PREFIX_PATH=/root/ros2_frws/src/install/xarm_sdk:/root/ros2_frws/src/install/xarm_msgs:/root/ros2_frws/src/install/xarm_description:/opt/ros/humble LD_LIBRARY_PATH=/root/ros2_frws/src/install/xarm_sdk/lib:/root/ros2_frws/src/install/xarm_msgs/lib:${LD_LIBRARY_PATH} PYTHONPATH=/root/ros2_frws/src/install/xarm_msgs/local/lib/python3.10/dist-packages:${PYTHONPATH} /usr/bin/cmake --install /root/ros2_frws/src/build/xarm_api
[0.352s] -- Install configuration: ""
[0.352s] -- Up-to-date: /root/ros2_frws/src/install/xarm_api/share/xarm_api/environment/library_path.sh
[0.352s] -- Up-to-date: /root/ros2_frws/src/install/xarm_api/share/xarm_api/environment/library_path.dsv
[0.352s] -- Up-to-date: /root/ros2_frws/src/install/xarm_api/include
[0.352s] -- Up-to-date: /root/ros2_frws/src/install/xarm_api/include/xarm_api
[0.352s] -- Up-to-date: /root/ros2_frws/src/install/xarm_api/include/xarm_api/visibility_control.h
[0.352s] -- Up-to-date: /root/ros2_frws/src/install/xarm_api/include/xarm_api/xarm_driver.h
[0.352s] -- Up-to-date: /root/ros2_frws/src/install/xarm_api/include/xarm_api/xarm_msgs.h
[0.353s] -- Up-to-date: /root/ros2_frws/src/install/xarm_api/include/xarm_api/xarm_ros_client.h
[0.354s] -- Up-to-date: /root/ros2_frws/src/install/xarm_api/lib/libxarm_ros_driver.so
[0.354s] -- Up-to-date: /root/ros2_frws/src/install/xarm_api/lib/libxarm_ros_client.so
[0.355s] -- Up-to-date: /root/ros2_frws/src/install/xarm_api/lib/xarm_api/xarm_driver_node
[0.356s] -- Up-to-date: /root/ros2_frws/src/install/xarm_api/lib/xarm_api/test_xarm_ros_client
[0.356s] -- Up-to-date: /root/ros2_frws/src/install/xarm_api/lib/xarm_api/test_xarm_velo_move
[0.357s] -- Up-to-date: /root/ros2_frws/src/install/xarm_api/lib/xarm_api/test_robot_states
[0.357s] -- Up-to-date: /root/ros2_frws/src/install/xarm_api/share/xarm_api//launch
[0.358s] -- Up-to-date: /root/ros2_frws/src/install/xarm_api/share/xarm_api//launch/_robot_driver.launch.py
[0.358s] -- Up-to-date: /root/ros2_frws/src/install/xarm_api/share/xarm_api//launch/lib
[0.358s] -- Up-to-date: /root/ros2_frws/src/install/xarm_api/share/xarm_api//launch/lib/robot_api_lib.py
[0.358s] -- Up-to-date: /root/ros2_frws/src/install/xarm_api/share/xarm_api//launch/uf850_driver.launch.py
[0.359s] -- Up-to-date: /root/ros2_frws/src/install/xarm_api/share/xarm_api//launch/xarm6_driver.launch.py
[0.359s] -- Up-to-date: /root/ros2_frws/src/install/xarm_api/share/xarm_api//launch/lite6_driver.launch.py
[0.359s] -- Up-to-date: /root/ros2_frws/src/install/xarm_api/share/xarm_api//launch/xarm7_driver.launch.py
[0.359s] -- Up-to-date: /root/ros2_frws/src/install/xarm_api/share/xarm_api//launch/xarm5_driver.launch.py
[0.359s] -- Up-to-date: /root/ros2_frws/src/install/xarm_api/share/xarm_api//config
[0.359s] -- Up-to-date: /root/ros2_frws/src/install/xarm_api/share/xarm_api//config/xarm_params.yaml
[0.359s] -- Up-to-date: /root/ros2_frws/src/install/xarm_api/share/ament_index/resource_index/package_run_dependencies/xarm_api
[0.359s] -- Up-to-date: /root/ros2_frws/src/install/xarm_api/share/ament_index/resource_index/parent_prefix_path/xarm_api
[0.359s] -- Up-to-date: /root/ros2_frws/src/install/xarm_api/share/xarm_api/environment/ament_prefix_path.sh
[0.359s] -- Up-to-date: /root/ros2_frws/src/install/xarm_api/share/xarm_api/environment/ament_prefix_path.dsv
[0.359s] -- Up-to-date: /root/ros2_frws/src/install/xarm_api/share/xarm_api/environment/path.sh
[0.360s] -- Up-to-date: /root/ros2_frws/src/install/xarm_api/share/xarm_api/environment/path.dsv
[0.360s] -- Up-to-date: /root/ros2_frws/src/install/xarm_api/share/xarm_api/local_setup.bash
[0.360s] -- Up-to-date: /root/ros2_frws/src/install/xarm_api/share/xarm_api/local_setup.sh
[0.360s] -- Up-to-date: /root/ros2_frws/src/install/xarm_api/share/xarm_api/local_setup.zsh
[0.360s] -- Up-to-date: /root/ros2_frws/src/install/xarm_api/share/xarm_api/local_setup.dsv
[0.360s] -- Installing: /root/ros2_frws/src/install/xarm_api/share/xarm_api/package.dsv
[0.360s] -- Up-to-date: /root/ros2_frws/src/install/xarm_api/share/ament_index/resource_index/packages/xarm_api
[0.360s] -- Up-to-date: /root/ros2_frws/src/install/xarm_api/share/xarm_api/cmake/ament_cmake_export_libraries-extras.cmake
[0.360s] -- Up-to-date: /root/ros2_frws/src/install/xarm_api/share/xarm_api/cmake/ament_cmake_export_include_directories-extras.cmake
[0.360s] -- Up-to-date: /root/ros2_frws/src/install/xarm_api/share/xarm_api/cmake/xarm_apiConfig.cmake
[0.360s] -- Up-to-date: /root/ros2_frws/src/install/xarm_api/share/xarm_api/cmake/xarm_apiConfig-version.cmake
[0.360s] -- Up-to-date: /root/ros2_frws/src/install/xarm_api/share/xarm_api/package.xml
[0.362s] Invoked command in '/root/ros2_frws/src/build/xarm_api' returned '0': AMENT_PREFIX_PATH=/root/ros2_frws/src/install/xarm_sdk:/root/ros2_frws/src/install/xarm_msgs:/root/ros2_frws/src/install/xarm_description:${AMENT_PREFIX_PATH} CMAKE_PREFIX_PATH=/root/ros2_frws/src/install/xarm_sdk:/root/ros2_frws/src/install/xarm_msgs:/root/ros2_frws/src/install/xarm_description:/opt/ros/humble LD_LIBRARY_PATH=/root/ros2_frws/src/install/xarm_sdk/lib:/root/ros2_frws/src/install/xarm_msgs/lib:${LD_LIBRARY_PATH} PYTHONPATH=/root/ros2_frws/src/install/xarm_msgs/local/lib/python3.10/dist-packages:${PYTHONPATH} /usr/bin/cmake --install /root/ros2_frws/src/build/xarm_api
