[2.343s] Invoking command in '/root/ros2_frws/src/challenge_2': PYTHONPATH=/root/ros2_frws/src/build/challenge_2/prefix_override:/root/ros2_frws/src/install/challenge_2/lib/python3.10/site-packages:${PYTHONPATH} /usr/bin/python3 setup.py egg_info --egg-base ../build/challenge_2 build --build-base /root/ros2_frws/src/build/challenge_2/build install --record /root/ros2_frws/src/build/challenge_2/install.log --single-version-externally-managed
[3.025s] running egg_info
[3.026s] creating ../build/challenge_2/challenge_2.egg-info
[3.055s] writing ../build/challenge_2/challenge_2.egg-info/PKG-INFO
[3.057s] writing dependency_links to ../build/challenge_2/challenge_2.egg-info/dependency_links.txt
[3.058s] writing entry points to ../build/challenge_2/challenge_2.egg-info/entry_points.txt
[3.058s] writing requirements to ../build/challenge_2/challenge_2.egg-info/requires.txt
[3.060s] writing top-level names to ../build/challenge_2/challenge_2.egg-info/top_level.txt
[3.060s] writing manifest file '../build/challenge_2/challenge_2.egg-info/SOURCES.txt'
[3.159s] reading manifest file '../build/challenge_2/challenge_2.egg-info/SOURCES.txt'
[3.160s] adding license file 'LICENSE'
[3.162s] writing manifest file '../build/challenge_2/challenge_2.egg-info/SOURCES.txt'
[3.162s] running build
[3.162s] running build_py
[3.162s] creating /root/ros2_frws/src/build/challenge_2/build
[3.162s] creating /root/ros2_frws/src/build/challenge_2/build/lib
[3.163s] creating /root/ros2_frws/src/build/challenge_2/build/lib/challenge_2
[3.163s] copying challenge_2/signal_generator.py -> /root/ros2_frws/src/build/challenge_2/build/lib/challenge_2
[3.164s] copying challenge_2/__init__.py -> /root/ros2_frws/src/build/challenge_2/build/lib/challenge_2
[3.165s] running install
[3.173s] /root/.local/lib/python3.10/site-packages/setuptools/_distutils/cmd.py:66: SetuptoolsDeprecationWarning: setup.py install is deprecated.
[3.174s] !!
[3.174s] 
[3.175s]         ********************************************************************************
[3.175s]         Please avoid running ``setup.py`` directly.
[3.175s]         Instead, use pypa/build, pypa/installer or other
[3.175s]         standards-based tools.
[3.176s] 
[3.176s]         See https://blog.ganssle.io/articles/2021/10/setup-py-deprecated.html for details.
[3.176s]         ********************************************************************************
[3.176s] 
[3.177s] !!
[3.177s]   self.initialize_options()
[3.179s] running install_lib
[3.225s] creating /root/ros2_frws/src/install/challenge_2/lib/python3.10/site-packages/challenge_2
[3.225s] copying /root/ros2_frws/src/build/challenge_2/build/lib/challenge_2/signal_generator.py -> /root/ros2_frws/src/install/challenge_2/lib/python3.10/site-packages/challenge_2
[3.226s] copying /root/ros2_frws/src/build/challenge_2/build/lib/challenge_2/__init__.py -> /root/ros2_frws/src/install/challenge_2/lib/python3.10/site-packages/challenge_2
[3.226s] byte-compiling /root/ros2_frws/src/install/challenge_2/lib/python3.10/site-packages/challenge_2/signal_generator.py to signal_generator.cpython-310.pyc
[3.249s] byte-compiling /root/ros2_frws/src/install/challenge_2/lib/python3.10/site-packages/challenge_2/__init__.py to __init__.cpython-310.pyc
[3.250s] running install_data
[3.293s] creating /root/ros2_frws/src/install/challenge_2/share/ament_index
[3.294s] creating /root/ros2_frws/src/install/challenge_2/share/ament_index/resource_index
[3.294s] creating /root/ros2_frws/src/install/challenge_2/share/ament_index/resource_index/packages
[3.296s] copying resource/challenge_2 -> /root/ros2_frws/src/install/challenge_2/share/ament_index/resource_index/packages
[3.297s] copying package.xml -> /root/ros2_frws/src/install/challenge_2/share/challenge_2
[3.297s] running install_egg_info
[3.340s] Copying ../build/challenge_2/challenge_2.egg-info to /root/ros2_frws/src/install/challenge_2/lib/python3.10/site-packages/challenge_2-0.0.0-py3.10.egg-info
[3.345s] running install_scripts
[3.635s] Installing signal_generator script to /root/ros2_frws/src/install/challenge_2/lib/challenge_2
[3.637s] writing list of installed files to '/root/ros2_frws/src/build/challenge_2/install.log'
[3.874s] Invoked command in '/root/ros2_frws/src/challenge_2' returned '0': PYTHONPATH=/root/ros2_frws/src/build/challenge_2/prefix_override:/root/ros2_frws/src/install/challenge_2/lib/python3.10/site-packages:${PYTHONPATH} /usr/bin/python3 setup.py egg_info --egg-base ../build/challenge_2 build --build-base /root/ros2_frws/src/build/challenge_2/build install --record /root/ros2_frws/src/build/challenge_2/install.log --single-version-externally-managed
